[100%] Built target teleop_node
-- Install configuration: ""
-- Up-to-date: /home/kousei/2DRoboPrac_ws/ros2_ws/install/ign_template/share/ign_template//launch
-- Up-to-date: /home/kousei/2DRoboPrac_ws/ros2_ws/install/ign_template/share/ign_template//launch/basic_world1.launch.py
-- Up-to-date: /home/kousei/2DRoboPrac_ws/ros2_ws/install/ign_template/share/ign_template//launch/basic_world2.launch.py
-- Up-to-date: /home/kousei/2DRoboPrac_ws/ros2_ws/install/ign_template/share/ign_template//worlds
-- Up-to-date: /home/kousei/2DRoboPrac_ws/ros2_ws/install/ign_template/share/ign_template//worlds/basic_world1.sdf
-- Up-to-date: /home/kousei/2DRoboPrac_ws/ros2_ws/install/ign_template/include
-- Up-to-date: /home/kousei/2DRoboPrac_ws/ros2_ws/install/ign_template/include/ign_template
-- Up-to-date: /home/kousei/2DRoboPrac_ws/ros2_ws/install/ign_template/lib/ign_template/teleop_node
-- Up-to-date: /home/kousei/2DRoboPrac_ws/ros2_ws/install/ign_template/share/ament_index/resource_index/package_run_dependencies/ign_template
-- Up-to-date: /home/kousei/2DRoboPrac_ws/ros2_ws/install/ign_template/share/ament_index/resource_index/parent_prefix_path/ign_template
-- Up-to-date: /home/kousei/2DRoboPrac_ws/ros2_ws/install/ign_template/share/ign_template/environment/ament_prefix_path.sh
-- Up-to-date: /home/kousei/2DRoboPrac_ws/ros2_ws/install/ign_template/share/ign_template/environment/ament_prefix_path.dsv
-- Up-to-date: /home/kousei/2DRoboPrac_ws/ros2_ws/install/ign_template/share/ign_template/environment/path.sh
-- Up-to-date: /home/kousei/2DRoboPrac_ws/ros2_ws/install/ign_template/share/ign_template/environment/path.dsv
-- Up-to-date: /home/kousei/2DRoboPrac_ws/ros2_ws/install/ign_template/share/ign_template/local_setup.bash
-- Up-to-date: /home/kousei/2DRoboPrac_ws/ros2_ws/install/ign_template/share/ign_template/local_setup.sh
-- Up-to-date: /home/kousei/2DRoboPrac_ws/ros2_ws/install/ign_template/share/ign_template/local_setup.zsh
-- Up-to-date: /home/kousei/2DRoboPrac_ws/ros2_ws/install/ign_template/share/ign_template/local_setup.dsv
-- Installing: /home/kousei/2DRoboPrac_ws/ros2_ws/install/ign_template/share/ign_template/package.dsv
-- Up-to-date: /home/kousei/2DRoboPrac_ws/ros2_ws/install/ign_template/share/ament_index/resource_index/packages/ign_template
-- Up-to-date: /home/kousei/2DRoboPrac_ws/ros2_ws/install/ign_template/share/ign_template/cmake/ament_cmake_export_dependencies-extras.cmake
-- Up-to-date: /home/kousei/2DRoboPrac_ws/ros2_ws/install/ign_template/share/ign_template/cmake/ament_cmake_export_include_directories-extras.cmake
-- Up-to-date: /home/kousei/2DRoboPrac_ws/ros2_ws/install/ign_template/share/ign_template/cmake/ign_templateConfig.cmake
-- Up-to-date: /home/kousei/2DRoboPrac_ws/ros2_ws/install/ign_template/share/ign_template/cmake/ign_templateConfig-version.cmake
-- Up-to-date: /home/kousei/2DRoboPrac_ws/ros2_ws/install/ign_template/share/ign_template/package.xml
