[0.061s] Invoking command in '/home/kousei/2DRoboPrac_ws/ros2_ws/build/ign_template': CMAKE_PREFIX_PATH=/home/kousei/2DRoboPrac_ws/ros2_ws/install/key_event_nodes:/home/kousei/2DRoboPrac_ws/ros2_ws/install/key_event_msgs:/home/kousei/2DRoboPrac_ws/ros2_ws/install/urdf_tutorial:/home/kousei/2DRoboPrac_ws/ros2_ws/install/rviz_test:/home/kousei/2DRoboPrac_ws/ros2_ws/install/nav_dev:/home/kousei/2DRoboPrac_ws/ros2_ws/install/ign_template:/home/kousei/2DRoboPrac_ws/install/urdf_tutorial:/home/kousei/2DRoboPrac_ws/install/rviz_test:/home/kousei/2DRoboPrac_ws/install/nav_dev:/home/kousei/2DRoboPrac_ws/install/ign_template:/home/kousei/2DRoboPrac_ws/install/key_event_nodes:/home/kousei/2DRoboPrac_ws/install/key_event_msgs:/opt/ros/humble /usr/bin/cmake --build /home/kousei/2DRoboPrac_ws/ros2_ws/build/ign_template -- -j16 -l16
[0.093s] [100%] Built target teleop_node
[0.100s] Invoked command in '/home/kousei/2DRoboPrac_ws/ros2_ws/build/ign_template' returned '0': CMAKE_PREFIX_PATH=/home/kousei/2DRoboPrac_ws/ros2_ws/install/key_event_nodes:/home/kousei/2DRoboPrac_ws/ros2_ws/install/key_event_msgs:/home/kousei/2DRoboPrac_ws/ros2_ws/install/urdf_tutorial:/home/kousei/2DRoboPrac_ws/ros2_ws/install/rviz_test:/home/kousei/2DRoboPrac_ws/ros2_ws/install/nav_dev:/home/kousei/2DRoboPrac_ws/ros2_ws/install/ign_template:/home/kousei/2DRoboPrac_ws/install/urdf_tutorial:/home/kousei/2DRoboPrac_ws/install/rviz_test:/home/kousei/2DRoboPrac_ws/install/nav_dev:/home/kousei/2DRoboPrac_ws/install/ign_template:/home/kousei/2DRoboPrac_ws/install/key_event_nodes:/home/kousei/2DRoboPrac_ws/install/key_event_msgs:/opt/ros/humble /usr/bin/cmake --build /home/kousei/2DRoboPrac_ws/ros2_ws/build/ign_template -- -j16 -l16
[0.137s] Invoking command in '/home/kousei/2DRoboPrac_ws/ros2_ws/build/ign_template': CMAKE_PREFIX_PATH=/home/kousei/2DRoboPrac_ws/ros2_ws/install/key_event_nodes:/home/kousei/2DRoboPrac_ws/ros2_ws/install/key_event_msgs:/home/kousei/2DRoboPrac_ws/ros2_ws/install/urdf_tutorial:/home/kousei/2DRoboPrac_ws/ros2_ws/install/rviz_test:/home/kousei/2DRoboPrac_ws/ros2_ws/install/nav_dev:/home/kousei/2DRoboPrac_ws/ros2_ws/install/ign_template:/home/kousei/2DRoboPrac_ws/install/urdf_tutorial:/home/kousei/2DRoboPrac_ws/install/rviz_test:/home/kousei/2DRoboPrac_ws/install/nav_dev:/home/kousei/2DRoboPrac_ws/install/ign_template:/home/kousei/2DRoboPrac_ws/install/key_event_nodes:/home/kousei/2DRoboPrac_ws/install/key_event_msgs:/opt/ros/humble /usr/bin/cmake --install /home/kousei/2DRoboPrac_ws/ros2_ws/build/ign_template
[0.141s] -- Install configuration: ""
[0.142s] -- Up-to-date: /home/kousei/2DRoboPrac_ws/ros2_ws/install/ign_template/share/ign_template//launch
[0.142s] -- Up-to-date: /home/kousei/2DRoboPrac_ws/ros2_ws/install/ign_template/share/ign_template//launch/basic_world1.launch.py
[0.142s] -- Up-to-date: /home/kousei/2DRoboPrac_ws/ros2_ws/install/ign_template/share/ign_template//launch/basic_world2.launch.py
[0.142s] -- Up-to-date: /home/kousei/2DRoboPrac_ws/ros2_ws/install/ign_template/share/ign_template//worlds
[0.142s] -- Up-to-date: /home/kousei/2DRoboPrac_ws/ros2_ws/install/ign_template/share/ign_template//worlds/basic_world1.sdf
[0.142s] -- Up-to-date: /home/kousei/2DRoboPrac_ws/ros2_ws/install/ign_template/include
[0.143s] -- Up-to-date: /home/kousei/2DRoboPrac_ws/ros2_ws/install/ign_template/include/ign_template
[0.143s] -- Up-to-date: /home/kousei/2DRoboPrac_ws/ros2_ws/install/ign_template/lib/ign_template/teleop_node
[0.143s] -- Up-to-date: /home/kousei/2DRoboPrac_ws/ros2_ws/install/ign_template/share/ament_index/resource_index/package_run_dependencies/ign_template
[0.143s] -- Up-to-date: /home/kousei/2DRoboPrac_ws/ros2_ws/install/ign_template/share/ament_index/resource_index/parent_prefix_path/ign_template
[0.143s] -- Up-to-date: /home/kousei/2DRoboPrac_ws/ros2_ws/install/ign_template/share/ign_template/environment/ament_prefix_path.sh
[0.144s] -- Up-to-date: /home/kousei/2DRoboPrac_ws/ros2_ws/install/ign_template/share/ign_template/environment/ament_prefix_path.dsv
[0.144s] -- Up-to-date: /home/kousei/2DRoboPrac_ws/ros2_ws/install/ign_template/share/ign_template/environment/path.sh
[0.144s] -- Up-to-date: /home/kousei/2DRoboPrac_ws/ros2_ws/install/ign_template/share/ign_template/environment/path.dsv
[0.144s] -- Up-to-date: /home/kousei/2DRoboPrac_ws/ros2_ws/install/ign_template/share/ign_template/local_setup.bash
[0.144s] -- Up-to-date: /home/kousei/2DRoboPrac_ws/ros2_ws/install/ign_template/share/ign_template/local_setup.sh
[0.144s] -- Up-to-date: /home/kousei/2DRoboPrac_ws/ros2_ws/install/ign_template/share/ign_template/local_setup.zsh
[0.144s] -- Up-to-date: /home/kousei/2DRoboPrac_ws/ros2_ws/install/ign_template/share/ign_template/local_setup.dsv
[0.145s] -- Installing: /home/kousei/2DRoboPrac_ws/ros2_ws/install/ign_template/share/ign_template/package.dsv
[0.145s] -- Up-to-date: /home/kousei/2DRoboPrac_ws/ros2_ws/install/ign_template/share/ament_index/resource_index/packages/ign_template
[0.145s] -- Up-to-date: /home/kousei/2DRoboPrac_ws/ros2_ws/install/ign_template/share/ign_template/cmake/ament_cmake_export_dependencies-extras.cmake
[0.145s] -- Up-to-date: /home/kousei/2DRoboPrac_ws/ros2_ws/install/ign_template/share/ign_template/cmake/ament_cmake_export_include_directories-extras.cmake
[0.145s] -- Up-to-date: /home/kousei/2DRoboPrac_ws/ros2_ws/install/ign_template/share/ign_template/cmake/ign_templateConfig.cmake
[0.145s] -- Up-to-date: /home/kousei/2DRoboPrac_ws/ros2_ws/install/ign_template/share/ign_template/cmake/ign_templateConfig-version.cmake
[0.145s] -- Up-to-date: /home/kousei/2DRoboPrac_ws/ros2_ws/install/ign_template/share/ign_template/package.xml
[0.145s] Invoked command in '/home/kousei/2DRoboPrac_ws/ros2_ws/build/ign_template' returned '0': CMAKE_PREFIX_PATH=/home/kousei/2DRoboPrac_ws/ros2_ws/install/key_event_nodes:/home/kousei/2DRoboPrac_ws/ros2_ws/install/key_event_msgs:/home/kousei/2DRoboPrac_ws/ros2_ws/install/urdf_tutorial:/home/kousei/2DRoboPrac_ws/ros2_ws/install/rviz_test:/home/kousei/2DRoboPrac_ws/ros2_ws/install/nav_dev:/home/kousei/2DRoboPrac_ws/ros2_ws/install/ign_template:/home/kousei/2DRoboPrac_ws/install/urdf_tutorial:/home/kousei/2DRoboPrac_ws/install/rviz_test:/home/kousei/2DRoboPrac_ws/install/nav_dev:/home/kousei/2DRoboPrac_ws/install/ign_template:/home/kousei/2DRoboPrac_ws/install/key_event_nodes:/home/kousei/2DRoboPrac_ws/install/key_event_msgs:/opt/ros/humble /usr/bin/cmake --install /home/kousei/2DRoboPrac_ws/ros2_ws/build/ign_template
