[0.471s] DEBUG:colcon:Command line arguments: ['/usr/bin/colcon', 'build']
[0.471s] DEBUG:colcon:Parsed command line arguments: Namespace(log_base=None, log_level=None, verb_name='build', build_base='build', install_base='install', merge_install=False, symlink_install=False, test_result_base=None, continue_on_error=False, executor='parallel', parallel_workers=16, event_handlers=None, ignore_user_meta=False, metas=['./colcon.meta'], base_paths=['.'], packages_ignore=None, packages_ignore_regex=None, paths=None, packages_up_to=None, packages_up_to_regex=None, packages_above=None, packages_above_and_dependencies=None, packages_above_depth=None, packages_select_by_dep=None, packages_skip_by_dep=None, packages_skip_up_to=None, packages_select_build_failed=False, packages_skip_build_finished=False, packages_select_test_failures=False, packages_skip_test_passed=False, packages_select=None, packages_skip=None, packages_select_regex=None, packages_skip_regex=None, packages_start=None, packages_end=None, allow_overriding=[], cmake_args=None, cmake_target=None, cmake_target_skip_unavailable=False, cmake_clean_cache=False, cmake_clean_first=False, cmake_force_configure=False, ament_cmake_args=None, catkin_cmake_args=None, catkin_skip_building_tests=False, verb_parser=<colcon_defaults.argument_parser.defaults.DefaultArgumentsDecorator object at 0x7fd221f58a00>, verb_extension=<colcon_core.verb.build.BuildVerb object at 0x7fd2223c7e80>, main=<bound method BuildVerb.main of <colcon_core.verb.build.BuildVerb object at 0x7fd2223c7e80>>)
[0.495s] Level 1:colcon.colcon_core.package_discovery:discover_packages(colcon_meta) check parameters
[0.495s] Level 1:colcon.colcon_core.package_discovery:discover_packages(recursive) check parameters
[0.495s] Level 1:colcon.colcon_core.package_discovery:discover_packages(ignore) check parameters
[0.495s] Level 1:colcon.colcon_core.package_discovery:discover_packages(path) check parameters
[0.495s] Level 1:colcon.colcon_core.package_discovery:discover_packages(colcon_meta) discover
[0.495s] Level 1:colcon.colcon_core.package_discovery:discover_packages(recursive) discover
[0.495s] INFO:colcon.colcon_core.package_discovery:Crawling recursively for packages in '/home/kousei/2DRoboPrac_ws/ros2_ws'
[0.495s] Level 1:colcon.colcon_core.package_identification:_identify(.) by extensions ['ignore', 'ignore_ament_install']
[0.495s] Level 1:colcon.colcon_core.package_identification:_identify(.) by extension 'ignore'
[0.495s] Level 1:colcon.colcon_core.package_identification:_identify(.) by extension 'ignore_ament_install'
[0.495s] Level 1:colcon.colcon_core.package_identification:_identify(.) by extensions ['colcon_pkg']
[0.495s] Level 1:colcon.colcon_core.package_identification:_identify(.) by extension 'colcon_pkg'
[0.495s] Level 1:colcon.colcon_core.package_identification:_identify(.) by extensions ['colcon_meta']
[0.495s] Level 1:colcon.colcon_core.package_identification:_identify(.) by extension 'colcon_meta'
[0.495s] Level 1:colcon.colcon_core.package_identification:_identify(.) by extensions ['ros']
[0.495s] Level 1:colcon.colcon_core.package_identification:_identify(.) by extension 'ros'
[0.502s] Level 1:colcon.colcon_core.package_identification:_identify(.) by extensions ['cmake', 'python']
[0.502s] Level 1:colcon.colcon_core.package_identification:_identify(.) by extension 'cmake'
[0.502s] Level 1:colcon.colcon_core.package_identification:_identify(.) by extension 'python'
[0.502s] Level 1:colcon.colcon_core.package_identification:_identify(.) by extensions ['python_setup_py']
[0.502s] Level 1:colcon.colcon_core.package_identification:_identify(.) by extension 'python_setup_py'
[0.502s] Level 1:colcon.colcon_core.package_identification:_identify(build) by extensions ['ignore', 'ignore_ament_install']
[0.502s] Level 1:colcon.colcon_core.package_identification:_identify(build) by extension 'ignore'
[0.502s] Level 1:colcon.colcon_core.package_identification:_identify(build) ignored
[0.502s] Level 1:colcon.colcon_core.package_identification:_identify(install) by extensions ['ignore', 'ignore_ament_install']
[0.502s] Level 1:colcon.colcon_core.package_identification:_identify(install) by extension 'ignore'
[0.502s] Level 1:colcon.colcon_core.package_identification:_identify(install) ignored
[0.502s] Level 1:colcon.colcon_core.package_identification:_identify(log) by extensions ['ignore', 'ignore_ament_install']
[0.502s] Level 1:colcon.colcon_core.package_identification:_identify(log) by extension 'ignore'
[0.503s] Level 1:colcon.colcon_core.package_identification:_identify(log) ignored
[0.503s] Level 1:colcon.colcon_core.package_identification:_identify(src) by extensions ['ignore', 'ignore_ament_install']
[0.503s] Level 1:colcon.colcon_core.package_identification:_identify(src) by extension 'ignore'
[0.503s] Level 1:colcon.colcon_core.package_identification:_identify(src) by extension 'ignore_ament_install'
[0.503s] Level 1:colcon.colcon_core.package_identification:_identify(src) by extensions ['colcon_pkg']
[0.503s] Level 1:colcon.colcon_core.package_identification:_identify(src) by extension 'colcon_pkg'
[0.503s] Level 1:colcon.colcon_core.package_identification:_identify(src) by extensions ['colcon_meta']
[0.503s] Level 1:colcon.colcon_core.package_identification:_identify(src) by extension 'colcon_meta'
[0.503s] Level 1:colcon.colcon_core.package_identification:_identify(src) by extensions ['ros']
[0.503s] Level 1:colcon.colcon_core.package_identification:_identify(src) by extension 'ros'
[0.503s] Level 1:colcon.colcon_core.package_identification:_identify(src) by extensions ['cmake', 'python']
[0.503s] Level 1:colcon.colcon_core.package_identification:_identify(src) by extension 'cmake'
[0.503s] Level 1:colcon.colcon_core.package_identification:_identify(src) by extension 'python'
[0.503s] Level 1:colcon.colcon_core.package_identification:_identify(src) by extensions ['python_setup_py']
[0.503s] Level 1:colcon.colcon_core.package_identification:_identify(src) by extension 'python_setup_py'
[0.503s] Level 1:colcon.colcon_core.package_identification:_identify(src/drive_msgs) by extensions ['ignore', 'ignore_ament_install']
[0.503s] Level 1:colcon.colcon_core.package_identification:_identify(src/drive_msgs) by extension 'ignore'
[0.503s] Level 1:colcon.colcon_core.package_identification:_identify(src/drive_msgs) by extension 'ignore_ament_install'
[0.503s] Level 1:colcon.colcon_core.package_identification:_identify(src/drive_msgs) by extensions ['colcon_pkg']
[0.503s] Level 1:colcon.colcon_core.package_identification:_identify(src/drive_msgs) by extension 'colcon_pkg'
[0.503s] Level 1:colcon.colcon_core.package_identification:_identify(src/drive_msgs) by extensions ['colcon_meta']
[0.503s] Level 1:colcon.colcon_core.package_identification:_identify(src/drive_msgs) by extension 'colcon_meta'
[0.503s] Level 1:colcon.colcon_core.package_identification:_identify(src/drive_msgs) by extensions ['ros']
[0.503s] Level 1:colcon.colcon_core.package_identification:_identify(src/drive_msgs) by extension 'ros'
[0.505s] DEBUG:colcon.colcon_core.package_identification:Package 'src/drive_msgs' with type 'ros.ament_cmake' and name 'drive_msgs'
[0.505s] Level 1:colcon.colcon_core.package_identification:_identify(src/key_event_msgs) by extensions ['ignore', 'ignore_ament_install']
[0.505s] Level 1:colcon.colcon_core.package_identification:_identify(src/key_event_msgs) by extension 'ignore'
[0.505s] Level 1:colcon.colcon_core.package_identification:_identify(src/key_event_msgs) by extension 'ignore_ament_install'
[0.505s] Level 1:colcon.colcon_core.package_identification:_identify(src/key_event_msgs) by extensions ['colcon_pkg']
[0.505s] Level 1:colcon.colcon_core.package_identification:_identify(src/key_event_msgs) by extension 'colcon_pkg'
[0.505s] Level 1:colcon.colcon_core.package_identification:_identify(src/key_event_msgs) by extensions ['colcon_meta']
[0.505s] Level 1:colcon.colcon_core.package_identification:_identify(src/key_event_msgs) by extension 'colcon_meta'
[0.505s] Level 1:colcon.colcon_core.package_identification:_identify(src/key_event_msgs) by extensions ['ros']
[0.505s] Level 1:colcon.colcon_core.package_identification:_identify(src/key_event_msgs) by extension 'ros'
[0.505s] DEBUG:colcon.colcon_core.package_identification:Package 'src/key_event_msgs' with type 'ros.ament_cmake' and name 'key_event_msgs'
[0.505s] Level 1:colcon.colcon_core.package_identification:_identify(src/key_event_nodes) by extensions ['ignore', 'ignore_ament_install']
[0.505s] Level 1:colcon.colcon_core.package_identification:_identify(src/key_event_nodes) by extension 'ignore'
[0.505s] Level 1:colcon.colcon_core.package_identification:_identify(src/key_event_nodes) by extension 'ignore_ament_install'
[0.505s] Level 1:colcon.colcon_core.package_identification:_identify(src/key_event_nodes) by extensions ['colcon_pkg']
[0.505s] Level 1:colcon.colcon_core.package_identification:_identify(src/key_event_nodes) by extension 'colcon_pkg'
[0.505s] Level 1:colcon.colcon_core.package_identification:_identify(src/key_event_nodes) by extensions ['colcon_meta']
[0.505s] Level 1:colcon.colcon_core.package_identification:_identify(src/key_event_nodes) by extension 'colcon_meta'
[0.505s] Level 1:colcon.colcon_core.package_identification:_identify(src/key_event_nodes) by extensions ['ros']
[0.505s] Level 1:colcon.colcon_core.package_identification:_identify(src/key_event_nodes) by extension 'ros'
[0.506s] DEBUG:colcon.colcon_core.package_identification:Package 'src/key_event_nodes' with type 'ros.ament_cmake' and name 'key_event_nodes'
[0.506s] Level 1:colcon.colcon_core.package_identification:_identify(src/nav_dev) by extensions ['ignore', 'ignore_ament_install']
[0.506s] Level 1:colcon.colcon_core.package_identification:_identify(src/nav_dev) by extension 'ignore'
[0.506s] Level 1:colcon.colcon_core.package_identification:_identify(src/nav_dev) by extension 'ignore_ament_install'
[0.506s] Level 1:colcon.colcon_core.package_identification:_identify(src/nav_dev) by extensions ['colcon_pkg']
[0.506s] Level 1:colcon.colcon_core.package_identification:_identify(src/nav_dev) by extension 'colcon_pkg'
[0.506s] Level 1:colcon.colcon_core.package_identification:_identify(src/nav_dev) by extensions ['colcon_meta']
[0.506s] Level 1:colcon.colcon_core.package_identification:_identify(src/nav_dev) by extension 'colcon_meta'
[0.506s] Level 1:colcon.colcon_core.package_identification:_identify(src/nav_dev) by extensions ['ros']
[0.506s] Level 1:colcon.colcon_core.package_identification:_identify(src/nav_dev) by extension 'ros'
[0.507s] DEBUG:colcon.colcon_core.package_identification:Package 'src/nav_dev' with type 'ros.ament_cmake' and name 'nav_dev'
[0.507s] Level 1:colcon.colcon_core.package_identification:_identify(src/nav_real) by extensions ['ignore', 'ignore_ament_install']
[0.507s] Level 1:colcon.colcon_core.package_identification:_identify(src/nav_real) by extension 'ignore'
[0.507s] Level 1:colcon.colcon_core.package_identification:_identify(src/nav_real) by extension 'ignore_ament_install'
[0.507s] Level 1:colcon.colcon_core.package_identification:_identify(src/nav_real) by extensions ['colcon_pkg']
[0.507s] Level 1:colcon.colcon_core.package_identification:_identify(src/nav_real) by extension 'colcon_pkg'
[0.507s] Level 1:colcon.colcon_core.package_identification:_identify(src/nav_real) by extensions ['colcon_meta']
[0.507s] Level 1:colcon.colcon_core.package_identification:_identify(src/nav_real) by extension 'colcon_meta'
[0.507s] Level 1:colcon.colcon_core.package_identification:_identify(src/nav_real) by extensions ['ros']
[0.507s] Level 1:colcon.colcon_core.package_identification:_identify(src/nav_real) by extension 'ros'
[0.507s] DEBUG:colcon.colcon_core.package_identification:Package 'src/nav_real' with type 'ros.ament_cmake' and name 'nav_real'
[0.508s] Level 1:colcon.colcon_core.package_identification:_identify(src/urg_node2) by extensions ['ignore', 'ignore_ament_install']
[0.508s] Level 1:colcon.colcon_core.package_identification:_identify(src/urg_node2) by extension 'ignore'
[0.508s] Level 1:colcon.colcon_core.package_identification:_identify(src/urg_node2) by extension 'ignore_ament_install'
[0.508s] Level 1:colcon.colcon_core.package_identification:_identify(src/urg_node2) by extensions ['colcon_pkg']
[0.508s] Level 1:colcon.colcon_core.package_identification:_identify(src/urg_node2) by extension 'colcon_pkg'
[0.508s] Level 1:colcon.colcon_core.package_identification:_identify(src/urg_node2) by extensions ['colcon_meta']
[0.508s] Level 1:colcon.colcon_core.package_identification:_identify(src/urg_node2) by extension 'colcon_meta'
[0.508s] Level 1:colcon.colcon_core.package_identification:_identify(src/urg_node2) by extensions ['ros']
[0.508s] Level 1:colcon.colcon_core.package_identification:_identify(src/urg_node2) by extension 'ros'
[0.508s] DEBUG:colcon.colcon_core.package_identification:Package 'src/urg_node2' with type 'ros.ament_cmake' and name 'urg_node2'
[0.508s] Level 1:colcon.colcon_core.package_discovery:discover_packages(recursive) using defaults
[0.508s] Level 1:colcon.colcon_core.package_discovery:discover_packages(ignore) discover
[0.508s] Level 1:colcon.colcon_core.package_discovery:discover_packages(ignore) using defaults
[0.508s] Level 1:colcon.colcon_core.package_discovery:discover_packages(path) discover
[0.508s] Level 1:colcon.colcon_core.package_discovery:discover_packages(path) using defaults
[0.554s] Level 1:colcon.colcon_core.package_discovery:discover_packages(prefix_path) check parameters
[0.554s] Level 1:colcon.colcon_core.package_discovery:discover_packages(prefix_path) discover
[0.562s] WARNING:colcon.colcon_ros.prefix_path.ament:The path '/home/kousei/2DRoboPrac_ws/ros2_ws/install/drive_pkg' in the environment variable AMENT_PREFIX_PATH doesn't exist
[0.562s] WARNING:colcon.colcon_ros.prefix_path.ament:The path '/home/kousei/2DRoboPrac_ws/ros2_ws/install/cpp_topic_pubsub' in the environment variable AMENT_PREFIX_PATH doesn't exist
[0.562s] WARNING:colcon.colcon_ros.prefix_path.catkin:The path '/home/kousei/2DRoboPrac_ws/ros2_ws/install/drive_pkg' in the environment variable CMAKE_PREFIX_PATH doesn't exist
[0.562s] WARNING:colcon.colcon_ros.prefix_path.catkin:The path '/home/kousei/2DRoboPrac_ws/ros2_ws/install/cpp_topic_pubsub' in the environment variable CMAKE_PREFIX_PATH doesn't exist
[0.569s] DEBUG:colcon.colcon_installed_package_information.package_discovery:Found 6 installed packages in /home/kousei/2DRoboPrac_ws/ros2_ws/install
[0.577s] DEBUG:colcon.colcon_installed_package_information.package_discovery:Found 412 installed packages in /opt/ros/humble
[0.579s] Level 1:colcon.colcon_core.package_discovery:discover_packages(prefix_path) using defaults
[0.660s] Level 5:colcon.colcon_core.verb:set package 'drive_msgs' build argument 'cmake_args' from command line to 'None'
[0.660s] Level 5:colcon.colcon_core.verb:set package 'drive_msgs' build argument 'cmake_target' from command line to 'None'
[0.660s] Level 5:colcon.colcon_core.verb:set package 'drive_msgs' build argument 'cmake_target_skip_unavailable' from command line to 'False'
[0.660s] Level 5:colcon.colcon_core.verb:set package 'drive_msgs' build argument 'cmake_clean_cache' from command line to 'False'
[0.660s] Level 5:colcon.colcon_core.verb:set package 'drive_msgs' build argument 'cmake_clean_first' from command line to 'False'
[0.660s] Level 5:colcon.colcon_core.verb:set package 'drive_msgs' build argument 'cmake_force_configure' from command line to 'False'
[0.660s] Level 5:colcon.colcon_core.verb:set package 'drive_msgs' build argument 'ament_cmake_args' from command line to 'None'
[0.660s] Level 5:colcon.colcon_core.verb:set package 'drive_msgs' build argument 'catkin_cmake_args' from command line to 'None'
[0.660s] Level 5:colcon.colcon_core.verb:set package 'drive_msgs' build argument 'catkin_skip_building_tests' from command line to 'False'
[0.660s] DEBUG:colcon.colcon_core.verb:Building package 'drive_msgs' with the following arguments: {'ament_cmake_args': None, 'build_base': '/home/kousei/2DRoboPrac_ws/ros2_ws/build/drive_msgs', 'catkin_cmake_args': None, 'catkin_skip_building_tests': False, 'cmake_args': None, 'cmake_clean_cache': False, 'cmake_clean_first': False, 'cmake_force_configure': False, 'cmake_target': None, 'cmake_target_skip_unavailable': False, 'install_base': '/home/kousei/2DRoboPrac_ws/ros2_ws/install/drive_msgs', 'merge_install': False, 'path': '/home/kousei/2DRoboPrac_ws/ros2_ws/src/drive_msgs', 'symlink_install': False, 'test_result_base': None}
[0.668s] Level 5:colcon.colcon_core.verb:set package 'key_event_msgs' build argument 'cmake_args' from command line to 'None'
[0.668s] Level 5:colcon.colcon_core.verb:set package 'key_event_msgs' build argument 'cmake_target' from command line to 'None'
[0.668s] Level 5:colcon.colcon_core.verb:set package 'key_event_msgs' build argument 'cmake_target_skip_unavailable' from command line to 'False'
[0.668s] Level 5:colcon.colcon_core.verb:set package 'key_event_msgs' build argument 'cmake_clean_cache' from command line to 'False'
[0.668s] Level 5:colcon.colcon_core.verb:set package 'key_event_msgs' build argument 'cmake_clean_first' from command line to 'False'
[0.668s] Level 5:colcon.colcon_core.verb:set package 'key_event_msgs' build argument 'cmake_force_configure' from command line to 'False'
[0.668s] Level 5:colcon.colcon_core.verb:set package 'key_event_msgs' build argument 'ament_cmake_args' from command line to 'None'
[0.668s] Level 5:colcon.colcon_core.verb:set package 'key_event_msgs' build argument 'catkin_cmake_args' from command line to 'None'
[0.668s] Level 5:colcon.colcon_core.verb:set package 'key_event_msgs' build argument 'catkin_skip_building_tests' from command line to 'False'
[0.668s] DEBUG:colcon.colcon_core.verb:Building package 'key_event_msgs' with the following arguments: {'ament_cmake_args': None, 'build_base': '/home/kousei/2DRoboPrac_ws/ros2_ws/build/key_event_msgs', 'catkin_cmake_args': None, 'catkin_skip_building_tests': False, 'cmake_args': None, 'cmake_clean_cache': False, 'cmake_clean_first': False, 'cmake_force_configure': False, 'cmake_target': None, 'cmake_target_skip_unavailable': False, 'install_base': '/home/kousei/2DRoboPrac_ws/ros2_ws/install/key_event_msgs', 'merge_install': False, 'path': '/home/kousei/2DRoboPrac_ws/ros2_ws/src/key_event_msgs', 'symlink_install': False, 'test_result_base': None}
[0.675s] Level 5:colcon.colcon_core.verb:set package 'urg_node2' build argument 'cmake_args' from command line to 'None'
[0.675s] Level 5:colcon.colcon_core.verb:set package 'urg_node2' build argument 'cmake_target' from command line to 'None'
[0.675s] Level 5:colcon.colcon_core.verb:set package 'urg_node2' build argument 'cmake_target_skip_unavailable' from command line to 'False'
[0.675s] Level 5:colcon.colcon_core.verb:set package 'urg_node2' build argument 'cmake_clean_cache' from command line to 'False'
[0.675s] Level 5:colcon.colcon_core.verb:set package 'urg_node2' build argument 'cmake_clean_first' from command line to 'False'
[0.675s] Level 5:colcon.colcon_core.verb:set package 'urg_node2' build argument 'cmake_force_configure' from command line to 'False'
[0.675s] Level 5:colcon.colcon_core.verb:set package 'urg_node2' build argument 'ament_cmake_args' from command line to 'None'
[0.675s] Level 5:colcon.colcon_core.verb:set package 'urg_node2' build argument 'catkin_cmake_args' from command line to 'None'
[0.675s] Level 5:colcon.colcon_core.verb:set package 'urg_node2' build argument 'catkin_skip_building_tests' from command line to 'False'
[0.675s] DEBUG:colcon.colcon_core.verb:Building package 'urg_node2' with the following arguments: {'ament_cmake_args': None, 'build_base': '/home/kousei/2DRoboPrac_ws/ros2_ws/build/urg_node2', 'catkin_cmake_args': None, 'catkin_skip_building_tests': False, 'cmake_args': None, 'cmake_clean_cache': False, 'cmake_clean_first': False, 'cmake_force_configure': False, 'cmake_target': None, 'cmake_target_skip_unavailable': False, 'install_base': '/home/kousei/2DRoboPrac_ws/ros2_ws/install/urg_node2', 'merge_install': False, 'path': '/home/kousei/2DRoboPrac_ws/ros2_ws/src/urg_node2', 'symlink_install': False, 'test_result_base': None}
[0.682s] Level 5:colcon.colcon_core.verb:set package 'key_event_nodes' build argument 'cmake_args' from command line to 'None'
[0.682s] Level 5:colcon.colcon_core.verb:set package 'key_event_nodes' build argument 'cmake_target' from command line to 'None'
[0.682s] Level 5:colcon.colcon_core.verb:set package 'key_event_nodes' build argument 'cmake_target_skip_unavailable' from command line to 'False'
[0.682s] Level 5:colcon.colcon_core.verb:set package 'key_event_nodes' build argument 'cmake_clean_cache' from command line to 'False'
[0.682s] Level 5:colcon.colcon_core.verb:set package 'key_event_nodes' build argument 'cmake_clean_first' from command line to 'False'
[0.682s] Level 5:colcon.colcon_core.verb:set package 'key_event_nodes' build argument 'cmake_force_configure' from command line to 'False'
[0.682s] Level 5:colcon.colcon_core.verb:set package 'key_event_nodes' build argument 'ament_cmake_args' from command line to 'None'
[0.682s] Level 5:colcon.colcon_core.verb:set package 'key_event_nodes' build argument 'catkin_cmake_args' from command line to 'None'
[0.682s] Level 5:colcon.colcon_core.verb:set package 'key_event_nodes' build argument 'catkin_skip_building_tests' from command line to 'False'
[0.682s] DEBUG:colcon.colcon_core.verb:Building package 'key_event_nodes' with the following arguments: {'ament_cmake_args': None, 'build_base': '/home/kousei/2DRoboPrac_ws/ros2_ws/build/key_event_nodes', 'catkin_cmake_args': None, 'catkin_skip_building_tests': False, 'cmake_args': None, 'cmake_clean_cache': False, 'cmake_clean_first': False, 'cmake_force_configure': False, 'cmake_target': None, 'cmake_target_skip_unavailable': False, 'install_base': '/home/kousei/2DRoboPrac_ws/ros2_ws/install/key_event_nodes', 'merge_install': False, 'path': '/home/kousei/2DRoboPrac_ws/ros2_ws/src/key_event_nodes', 'symlink_install': False, 'test_result_base': None}
[0.689s] Level 5:colcon.colcon_core.verb:set package 'nav_dev' build argument 'cmake_args' from command line to 'None'
[0.689s] Level 5:colcon.colcon_core.verb:set package 'nav_dev' build argument 'cmake_target' from command line to 'None'
[0.689s] Level 5:colcon.colcon_core.verb:set package 'nav_dev' build argument 'cmake_target_skip_unavailable' from command line to 'False'
[0.689s] Level 5:colcon.colcon_core.verb:set package 'nav_dev' build argument 'cmake_clean_cache' from command line to 'False'
[0.689s] Level 5:colcon.colcon_core.verb:set package 'nav_dev' build argument 'cmake_clean_first' from command line to 'False'
[0.689s] Level 5:colcon.colcon_core.verb:set package 'nav_dev' build argument 'cmake_force_configure' from command line to 'False'
[0.689s] Level 5:colcon.colcon_core.verb:set package 'nav_dev' build argument 'ament_cmake_args' from command line to 'None'
[0.689s] Level 5:colcon.colcon_core.verb:set package 'nav_dev' build argument 'catkin_cmake_args' from command line to 'None'
[0.689s] Level 5:colcon.colcon_core.verb:set package 'nav_dev' build argument 'catkin_skip_building_tests' from command line to 'False'
[0.689s] DEBUG:colcon.colcon_core.verb:Building package 'nav_dev' with the following arguments: {'ament_cmake_args': None, 'build_base': '/home/kousei/2DRoboPrac_ws/ros2_ws/build/nav_dev', 'catkin_cmake_args': None, 'catkin_skip_building_tests': False, 'cmake_args': None, 'cmake_clean_cache': False, 'cmake_clean_first': False, 'cmake_force_configure': False, 'cmake_target': None, 'cmake_target_skip_unavailable': False, 'install_base': '/home/kousei/2DRoboPrac_ws/ros2_ws/install/nav_dev', 'merge_install': False, 'path': '/home/kousei/2DRoboPrac_ws/ros2_ws/src/nav_dev', 'symlink_install': False, 'test_result_base': None}
[0.697s] Level 5:colcon.colcon_core.verb:set package 'nav_real' build argument 'cmake_args' from command line to 'None'
[0.697s] Level 5:colcon.colcon_core.verb:set package 'nav_real' build argument 'cmake_target' from command line to 'None'
[0.697s] Level 5:colcon.colcon_core.verb:set package 'nav_real' build argument 'cmake_target_skip_unavailable' from command line to 'False'
[0.697s] Level 5:colcon.colcon_core.verb:set package 'nav_real' build argument 'cmake_clean_cache' from command line to 'False'
[0.697s] Level 5:colcon.colcon_core.verb:set package 'nav_real' build argument 'cmake_clean_first' from command line to 'False'
[0.697s] Level 5:colcon.colcon_core.verb:set package 'nav_real' build argument 'cmake_force_configure' from command line to 'False'
[0.697s] Level 5:colcon.colcon_core.verb:set package 'nav_real' build argument 'ament_cmake_args' from command line to 'None'
[0.697s] Level 5:colcon.colcon_core.verb:set package 'nav_real' build argument 'catkin_cmake_args' from command line to 'None'
[0.697s] Level 5:colcon.colcon_core.verb:set package 'nav_real' build argument 'catkin_skip_building_tests' from command line to 'False'
[0.697s] DEBUG:colcon.colcon_core.verb:Building package 'nav_real' with the following arguments: {'ament_cmake_args': None, 'build_base': '/home/kousei/2DRoboPrac_ws/ros2_ws/build/nav_real', 'catkin_cmake_args': None, 'catkin_skip_building_tests': False, 'cmake_args': None, 'cmake_clean_cache': False, 'cmake_clean_first': False, 'cmake_force_configure': False, 'cmake_target': None, 'cmake_target_skip_unavailable': False, 'install_base': '/home/kousei/2DRoboPrac_ws/ros2_ws/install/nav_real', 'merge_install': False, 'path': '/home/kousei/2DRoboPrac_ws/ros2_ws/src/nav_real', 'symlink_install': False, 'test_result_base': None}
[0.704s] INFO:colcon.colcon_core.executor:Executing jobs using 'parallel' executor
[0.711s] DEBUG:colcon.colcon_parallel_executor.executor.parallel:run_until_complete
[0.711s] INFO:colcon.colcon_ros.task.ament_cmake.build:Building ROS package in '/home/kousei/2DRoboPrac_ws/ros2_ws/src/key_event_msgs' with build type 'ament_cmake'
[0.712s] INFO:colcon.colcon_cmake.task.cmake.build:Building CMake package in '/home/kousei/2DRoboPrac_ws/ros2_ws/src/key_event_msgs'
[0.720s] INFO:colcon.colcon_core.plugin_system:Skipping extension 'colcon_core.shell.bat': Not used on non-Windows systems
[0.721s] INFO:colcon.colcon_core.shell:Skip shell extension 'powershell' for command environment: Not usable outside of PowerShell
[0.721s] DEBUG:colcon.colcon_core.shell:Skip shell extension 'dsv' for command environment
[0.744s] INFO:colcon.colcon_ros.task.ament_cmake.build:Building ROS package in '/home/kousei/2DRoboPrac_ws/ros2_ws/src/drive_msgs' with build type 'ament_cmake'
[0.744s] INFO:colcon.colcon_cmake.task.cmake.build:Building CMake package in '/home/kousei/2DRoboPrac_ws/ros2_ws/src/drive_msgs'
[0.752s] INFO:colcon.colcon_core.shell:Skip shell extension 'powershell' for command environment: Not usable outside of PowerShell
[0.752s] DEBUG:colcon.colcon_core.shell:Skip shell extension 'dsv' for command environment
[0.776s] INFO:colcon.colcon_ros.task.ament_cmake.build:Building ROS package in '/home/kousei/2DRoboPrac_ws/ros2_ws/src/urg_node2' with build type 'ament_cmake'
[0.776s] INFO:colcon.colcon_cmake.task.cmake.build:Building CMake package in '/home/kousei/2DRoboPrac_ws/ros2_ws/src/urg_node2'
[0.787s] INFO:colcon.colcon_core.shell:Skip shell extension 'powershell' for command environment: Not usable outside of PowerShell
[0.787s] DEBUG:colcon.colcon_core.shell:Skip shell extension 'dsv' for command environment
[0.813s] DEBUG:colcon.colcon_core.event_handler.log_command:Invoking command in '/home/kousei/2DRoboPrac_ws/ros2_ws/build/key_event_msgs': CMAKE_PREFIX_PATH=${CMAKE_PREFIX_PATH}:/opt/ros/humble /usr/bin/cmake --build /home/kousei/2DRoboPrac_ws/ros2_ws/build/key_event_msgs -- -j16 -l16
[0.819s] DEBUG:colcon.colcon_core.event_handler.log_command:Invoking command in '/home/kousei/2DRoboPrac_ws/ros2_ws/build/drive_msgs': CMAKE_PREFIX_PATH=${CMAKE_PREFIX_PATH}:/opt/ros/humble /usr/bin/cmake --build /home/kousei/2DRoboPrac_ws/ros2_ws/build/drive_msgs -- -j16 -l16
[0.822s] DEBUG:colcon.colcon_core.event_handler.log_command:Invoking command in '/home/kousei/2DRoboPrac_ws/ros2_ws/build/urg_node2': CMAKE_PREFIX_PATH=${CMAKE_PREFIX_PATH}:/opt/ros/humble /usr/bin/cmake --build /home/kousei/2DRoboPrac_ws/ros2_ws/build/urg_node2 -- -j16 -l16
[0.920s] DEBUG:colcon.colcon_core.event_handler.log_command:Invoked command in '/home/kousei/2DRoboPrac_ws/ros2_ws/build/urg_node2' returned '0': CMAKE_PREFIX_PATH=${CMAKE_PREFIX_PATH}:/opt/ros/humble /usr/bin/cmake --build /home/kousei/2DRoboPrac_ws/ros2_ws/build/urg_node2 -- -j16 -l16
[0.976s] DEBUG:colcon.colcon_core.event_handler.log_command:Invoking command in '/home/kousei/2DRoboPrac_ws/ros2_ws/build/urg_node2': CMAKE_PREFIX_PATH=${CMAKE_PREFIX_PATH}:/opt/ros/humble /usr/bin/cmake --install /home/kousei/2DRoboPrac_ws/ros2_ws/build/urg_node2
[0.985s] Level 1:colcon.colcon_core.environment:create_environment_scripts_only(urg_node2)
[0.987s] DEBUG:colcon.colcon_core.event_handler.log_command:Invoked command in '/home/kousei/2DRoboPrac_ws/ros2_ws/build/urg_node2' returned '0': CMAKE_PREFIX_PATH=${CMAKE_PREFIX_PATH}:/opt/ros/humble /usr/bin/cmake --install /home/kousei/2DRoboPrac_ws/ros2_ws/build/urg_node2
[1.001s] Level 1:colcon.colcon_core.environment:checking '/home/kousei/2DRoboPrac_ws/ros2_ws/install/urg_node2' for CMake module files
[1.001s] Level 1:colcon.colcon_core.environment:checking '/home/kousei/2DRoboPrac_ws/ros2_ws/install/urg_node2' for CMake config files
[1.002s] Level 1:colcon.colcon_core.shell:create_environment_hook('urg_node2', 'cmake_prefix_path')
[1.010s] INFO:colcon.colcon_core.shell:Creating environment hook '/home/kousei/2DRoboPrac_ws/ros2_ws/install/urg_node2/share/urg_node2/hook/cmake_prefix_path.ps1'
[1.010s] INFO:colcon.colcon_core.shell:Creating environment descriptor '/home/kousei/2DRoboPrac_ws/ros2_ws/install/urg_node2/share/urg_node2/hook/cmake_prefix_path.dsv'
[1.011s] INFO:colcon.colcon_core.shell:Creating environment hook '/home/kousei/2DRoboPrac_ws/ros2_ws/install/urg_node2/share/urg_node2/hook/cmake_prefix_path.sh'
[1.011s] Level 1:colcon.colcon_core.environment:checking '/home/kousei/2DRoboPrac_ws/ros2_ws/install/urg_node2/lib'
[1.011s] Level 1:colcon.colcon_core.shell:create_environment_hook('urg_node2', 'ld_library_path_lib')
[1.019s] INFO:colcon.colcon_core.shell:Creating environment hook '/home/kousei/2DRoboPrac_ws/ros2_ws/install/urg_node2/share/urg_node2/hook/ld_library_path_lib.ps1'
[1.020s] INFO:colcon.colcon_core.shell:Creating environment descriptor '/home/kousei/2DRoboPrac_ws/ros2_ws/install/urg_node2/share/urg_node2/hook/ld_library_path_lib.dsv'
[1.020s] INFO:colcon.colcon_core.shell:Creating environment hook '/home/kousei/2DRoboPrac_ws/ros2_ws/install/urg_node2/share/urg_node2/hook/ld_library_path_lib.sh'
[1.020s] Level 1:colcon.colcon_core.environment:checking '/home/kousei/2DRoboPrac_ws/ros2_ws/install/urg_node2/bin'
[1.020s] Level 1:colcon.colcon_core.environment:checking '/home/kousei/2DRoboPrac_ws/ros2_ws/install/urg_node2/lib/pkgconfig/urg_node2.pc'
[1.020s] Level 1:colcon.colcon_core.environment:checking '/home/kousei/2DRoboPrac_ws/ros2_ws/install/urg_node2/lib/python3.10/site-packages'
[1.021s] Level 1:colcon.colcon_core.environment:checking '/home/kousei/2DRoboPrac_ws/ros2_ws/install/urg_node2/bin'
[1.029s] INFO:colcon.colcon_core.shell:Creating package script '/home/kousei/2DRoboPrac_ws/ros2_ws/install/urg_node2/share/urg_node2/package.ps1'
[1.030s] INFO:colcon.colcon_core.shell:Creating package descriptor '/home/kousei/2DRoboPrac_ws/ros2_ws/install/urg_node2/share/urg_node2/package.dsv'
[1.030s] INFO:colcon.colcon_core.shell:Creating package script '/home/kousei/2DRoboPrac_ws/ros2_ws/install/urg_node2/share/urg_node2/package.sh'
[1.031s] INFO:colcon.colcon_core.shell:Creating package script '/home/kousei/2DRoboPrac_ws/ros2_ws/install/urg_node2/share/urg_node2/package.bash'
[1.031s] INFO:colcon.colcon_core.shell:Creating package script '/home/kousei/2DRoboPrac_ws/ros2_ws/install/urg_node2/share/urg_node2/package.zsh'
[1.031s] Level 1:colcon.colcon_core.environment:create_file_with_runtime_dependencies(/home/kousei/2DRoboPrac_ws/ros2_ws/install/urg_node2/share/colcon-core/packages/urg_node2)
[1.081s] Level 1:colcon.colcon_core.environment:create_environment_scripts_only(urg_node2)
[1.088s] Level 1:colcon.colcon_core.environment:checking '/home/kousei/2DRoboPrac_ws/ros2_ws/install/urg_node2' for CMake module files
[1.088s] Level 1:colcon.colcon_core.environment:checking '/home/kousei/2DRoboPrac_ws/ros2_ws/install/urg_node2' for CMake config files
[1.088s] Level 1:colcon.colcon_core.shell:create_environment_hook('urg_node2', 'cmake_prefix_path')
[1.095s] INFO:colcon.colcon_core.shell:Creating environment hook '/home/kousei/2DRoboPrac_ws/ros2_ws/install/urg_node2/share/urg_node2/hook/cmake_prefix_path.ps1'
[1.095s] INFO:colcon.colcon_core.shell:Creating environment descriptor '/home/kousei/2DRoboPrac_ws/ros2_ws/install/urg_node2/share/urg_node2/hook/cmake_prefix_path.dsv'
[1.095s] INFO:colcon.colcon_core.shell:Creating environment hook '/home/kousei/2DRoboPrac_ws/ros2_ws/install/urg_node2/share/urg_node2/hook/cmake_prefix_path.sh'
[1.096s] Level 1:colcon.colcon_core.environment:checking '/home/kousei/2DRoboPrac_ws/ros2_ws/install/urg_node2/lib'
[1.096s] Level 1:colcon.colcon_core.shell:create_environment_hook('urg_node2', 'ld_library_path_lib')
[1.103s] INFO:colcon.colcon_core.shell:Creating environment hook '/home/kousei/2DRoboPrac_ws/ros2_ws/install/urg_node2/share/urg_node2/hook/ld_library_path_lib.ps1'
[1.103s] INFO:colcon.colcon_core.shell:Creating environment descriptor '/home/kousei/2DRoboPrac_ws/ros2_ws/install/urg_node2/share/urg_node2/hook/ld_library_path_lib.dsv'
[1.103s] INFO:colcon.colcon_core.shell:Creating environment hook '/home/kousei/2DRoboPrac_ws/ros2_ws/install/urg_node2/share/urg_node2/hook/ld_library_path_lib.sh'
[1.103s] Level 1:colcon.colcon_core.environment:checking '/home/kousei/2DRoboPrac_ws/ros2_ws/install/urg_node2/bin'
[1.103s] Level 1:colcon.colcon_core.environment:checking '/home/kousei/2DRoboPrac_ws/ros2_ws/install/urg_node2/lib/pkgconfig/urg_node2.pc'
[1.103s] Level 1:colcon.colcon_core.environment:checking '/home/kousei/2DRoboPrac_ws/ros2_ws/install/urg_node2/lib/python3.10/site-packages'
[1.104s] Level 1:colcon.colcon_core.environment:checking '/home/kousei/2DRoboPrac_ws/ros2_ws/install/urg_node2/bin'
[1.111s] INFO:colcon.colcon_core.shell:Creating package script '/home/kousei/2DRoboPrac_ws/ros2_ws/install/urg_node2/share/urg_node2/package.ps1'
[1.111s] INFO:colcon.colcon_core.shell:Creating package descriptor '/home/kousei/2DRoboPrac_ws/ros2_ws/install/urg_node2/share/urg_node2/package.dsv'
[1.111s] INFO:colcon.colcon_core.shell:Creating package script '/home/kousei/2DRoboPrac_ws/ros2_ws/install/urg_node2/share/urg_node2/package.sh'
[1.112s] INFO:colcon.colcon_core.shell:Creating package script '/home/kousei/2DRoboPrac_ws/ros2_ws/install/urg_node2/share/urg_node2/package.bash'
[1.112s] INFO:colcon.colcon_core.shell:Creating package script '/home/kousei/2DRoboPrac_ws/ros2_ws/install/urg_node2/share/urg_node2/package.zsh'
[1.112s] Level 1:colcon.colcon_core.environment:create_file_with_runtime_dependencies(/home/kousei/2DRoboPrac_ws/ros2_ws/install/urg_node2/share/colcon-core/packages/urg_node2)
[1.115s] DEBUG:colcon.colcon_core.event_handler.log_command:Invoked command in '/home/kousei/2DRoboPrac_ws/ros2_ws/build/drive_msgs' returned '0': CMAKE_PREFIX_PATH=${CMAKE_PREFIX_PATH}:/opt/ros/humble /usr/bin/cmake --build /home/kousei/2DRoboPrac_ws/ros2_ws/build/drive_msgs -- -j16 -l16
[1.115s] DEBUG:colcon.colcon_core.event_handler.log_command:Invoked command in '/home/kousei/2DRoboPrac_ws/ros2_ws/build/key_event_msgs' returned '0': CMAKE_PREFIX_PATH=${CMAKE_PREFIX_PATH}:/opt/ros/humble /usr/bin/cmake --build /home/kousei/2DRoboPrac_ws/ros2_ws/build/key_event_msgs -- -j16 -l16
[1.150s] DEBUG:colcon.colcon_core.event_handler.log_command:Invoking command in '/home/kousei/2DRoboPrac_ws/ros2_ws/build/drive_msgs': CMAKE_PREFIX_PATH=${CMAKE_PREFIX_PATH}:/opt/ros/humble /usr/bin/cmake --install /home/kousei/2DRoboPrac_ws/ros2_ws/build/drive_msgs
[1.151s] DEBUG:colcon.colcon_core.event_handler.log_command:Invoking command in '/home/kousei/2DRoboPrac_ws/ros2_ws/build/key_event_msgs': CMAKE_PREFIX_PATH=${CMAKE_PREFIX_PATH}:/opt/ros/humble /usr/bin/cmake --install /home/kousei/2DRoboPrac_ws/ros2_ws/build/key_event_msgs
[1.190s] Level 1:colcon.colcon_core.environment:create_environment_scripts_only(drive_msgs)
[1.193s] DEBUG:colcon.colcon_core.event_handler.log_command:Invoked command in '/home/kousei/2DRoboPrac_ws/ros2_ws/build/drive_msgs' returned '0': CMAKE_PREFIX_PATH=${CMAKE_PREFIX_PATH}:/opt/ros/humble /usr/bin/cmake --install /home/kousei/2DRoboPrac_ws/ros2_ws/build/drive_msgs
[1.201s] Level 1:colcon.colcon_core.environment:checking '/home/kousei/2DRoboPrac_ws/ros2_ws/install/drive_msgs' for CMake module files
[1.202s] Level 1:colcon.colcon_core.environment:checking '/home/kousei/2DRoboPrac_ws/ros2_ws/install/drive_msgs' for CMake config files
[1.202s] Level 1:colcon.colcon_core.shell:create_environment_hook('drive_msgs', 'cmake_prefix_path')
[1.210s] INFO:colcon.colcon_core.shell:Creating environment hook '/home/kousei/2DRoboPrac_ws/ros2_ws/install/drive_msgs/share/drive_msgs/hook/cmake_prefix_path.ps1'
[1.210s] INFO:colcon.colcon_core.shell:Creating environment descriptor '/home/kousei/2DRoboPrac_ws/ros2_ws/install/drive_msgs/share/drive_msgs/hook/cmake_prefix_path.dsv'
[1.211s] INFO:colcon.colcon_core.shell:Creating environment hook '/home/kousei/2DRoboPrac_ws/ros2_ws/install/drive_msgs/share/drive_msgs/hook/cmake_prefix_path.sh'
[1.211s] Level 1:colcon.colcon_core.environment:checking '/home/kousei/2DRoboPrac_ws/ros2_ws/install/drive_msgs/lib'
[1.211s] Level 1:colcon.colcon_core.shell:create_environment_hook('drive_msgs', 'ld_library_path_lib')
[1.218s] INFO:colcon.colcon_core.shell:Creating environment hook '/home/kousei/2DRoboPrac_ws/ros2_ws/install/drive_msgs/share/drive_msgs/hook/ld_library_path_lib.ps1'
[1.218s] INFO:colcon.colcon_core.shell:Creating environment descriptor '/home/kousei/2DRoboPrac_ws/ros2_ws/install/drive_msgs/share/drive_msgs/hook/ld_library_path_lib.dsv'
[1.219s] INFO:colcon.colcon_core.shell:Creating environment hook '/home/kousei/2DRoboPrac_ws/ros2_ws/install/drive_msgs/share/drive_msgs/hook/ld_library_path_lib.sh'
[1.219s] Level 1:colcon.colcon_core.environment:checking '/home/kousei/2DRoboPrac_ws/ros2_ws/install/drive_msgs/bin'
[1.219s] Level 1:colcon.colcon_core.environment:checking '/home/kousei/2DRoboPrac_ws/ros2_ws/install/drive_msgs/lib/pkgconfig/drive_msgs.pc'
[1.219s] Level 1:colcon.colcon_core.environment:checking '/home/kousei/2DRoboPrac_ws/ros2_ws/install/drive_msgs/lib/python3.10/site-packages'
[1.219s] Level 1:colcon.colcon_core.environment:checking '/home/kousei/2DRoboPrac_ws/ros2_ws/install/drive_msgs/bin'
[1.226s] INFO:colcon.colcon_core.shell:Creating package script '/home/kousei/2DRoboPrac_ws/ros2_ws/install/drive_msgs/share/drive_msgs/package.ps1'
[1.227s] INFO:colcon.colcon_core.shell:Creating package descriptor '/home/kousei/2DRoboPrac_ws/ros2_ws/install/drive_msgs/share/drive_msgs/package.dsv'
[1.227s] INFO:colcon.colcon_core.shell:Creating package script '/home/kousei/2DRoboPrac_ws/ros2_ws/install/drive_msgs/share/drive_msgs/package.sh'
[1.227s] INFO:colcon.colcon_core.shell:Creating package script '/home/kousei/2DRoboPrac_ws/ros2_ws/install/drive_msgs/share/drive_msgs/package.bash'
[1.227s] INFO:colcon.colcon_core.shell:Creating package script '/home/kousei/2DRoboPrac_ws/ros2_ws/install/drive_msgs/share/drive_msgs/package.zsh'
[1.227s] Level 1:colcon.colcon_core.environment:create_file_with_runtime_dependencies(/home/kousei/2DRoboPrac_ws/ros2_ws/install/drive_msgs/share/colcon-core/packages/drive_msgs)
[1.228s] Level 1:colcon.colcon_core.environment:create_environment_scripts_only(key_event_msgs)
[1.229s] DEBUG:colcon.colcon_core.event_handler.log_command:Invoked command in '/home/kousei/2DRoboPrac_ws/ros2_ws/build/key_event_msgs' returned '0': CMAKE_PREFIX_PATH=${CMAKE_PREFIX_PATH}:/opt/ros/humble /usr/bin/cmake --install /home/kousei/2DRoboPrac_ws/ros2_ws/build/key_event_msgs
[1.237s] Level 1:colcon.colcon_core.environment:checking '/home/kousei/2DRoboPrac_ws/ros2_ws/install/key_event_msgs' for CMake module files
[1.238s] Level 1:colcon.colcon_core.environment:checking '/home/kousei/2DRoboPrac_ws/ros2_ws/install/key_event_msgs' for CMake config files
[1.238s] Level 1:colcon.colcon_core.shell:create_environment_hook('key_event_msgs', 'cmake_prefix_path')
[1.246s] INFO:colcon.colcon_core.shell:Creating environment hook '/home/kousei/2DRoboPrac_ws/ros2_ws/install/key_event_msgs/share/key_event_msgs/hook/cmake_prefix_path.ps1'
[1.246s] INFO:colcon.colcon_core.shell:Creating environment descriptor '/home/kousei/2DRoboPrac_ws/ros2_ws/install/key_event_msgs/share/key_event_msgs/hook/cmake_prefix_path.dsv'
[1.246s] INFO:colcon.colcon_core.shell:Creating environment hook '/home/kousei/2DRoboPrac_ws/ros2_ws/install/key_event_msgs/share/key_event_msgs/hook/cmake_prefix_path.sh'
[1.247s] Level 1:colcon.colcon_core.environment:checking '/home/kousei/2DRoboPrac_ws/ros2_ws/install/key_event_msgs/lib'
[1.247s] Level 1:colcon.colcon_core.shell:create_environment_hook('key_event_msgs', 'ld_library_path_lib')
[1.255s] INFO:colcon.colcon_core.shell:Creating environment hook '/home/kousei/2DRoboPrac_ws/ros2_ws/install/key_event_msgs/share/key_event_msgs/hook/ld_library_path_lib.ps1'
[1.255s] INFO:colcon.colcon_core.shell:Creating environment descriptor '/home/kousei/2DRoboPrac_ws/ros2_ws/install/key_event_msgs/share/key_event_msgs/hook/ld_library_path_lib.dsv'
[1.255s] INFO:colcon.colcon_core.shell:Creating environment hook '/home/kousei/2DRoboPrac_ws/ros2_ws/install/key_event_msgs/share/key_event_msgs/hook/ld_library_path_lib.sh'
[1.256s] Level 1:colcon.colcon_core.environment:checking '/home/kousei/2DRoboPrac_ws/ros2_ws/install/key_event_msgs/bin'
[1.256s] Level 1:colcon.colcon_core.environment:checking '/home/kousei/2DRoboPrac_ws/ros2_ws/install/key_event_msgs/lib/pkgconfig/key_event_msgs.pc'
[1.256s] Level 1:colcon.colcon_core.environment:checking '/home/kousei/2DRoboPrac_ws/ros2_ws/install/key_event_msgs/lib/python3.10/site-packages'
[1.256s] Level 1:colcon.colcon_core.environment:checking '/home/kousei/2DRoboPrac_ws/ros2_ws/install/key_event_msgs/bin'
[1.264s] INFO:colcon.colcon_core.shell:Creating package script '/home/kousei/2DRoboPrac_ws/ros2_ws/install/key_event_msgs/share/key_event_msgs/package.ps1'
[1.264s] INFO:colcon.colcon_core.shell:Creating package descriptor '/home/kousei/2DRoboPrac_ws/ros2_ws/install/key_event_msgs/share/key_event_msgs/package.dsv'
[1.264s] INFO:colcon.colcon_core.shell:Creating package script '/home/kousei/2DRoboPrac_ws/ros2_ws/install/key_event_msgs/share/key_event_msgs/package.sh'
[1.265s] INFO:colcon.colcon_core.shell:Creating package script '/home/kousei/2DRoboPrac_ws/ros2_ws/install/key_event_msgs/share/key_event_msgs/package.bash'
[1.265s] INFO:colcon.colcon_core.shell:Creating package script '/home/kousei/2DRoboPrac_ws/ros2_ws/install/key_event_msgs/share/key_event_msgs/package.zsh'
[1.265s] Level 1:colcon.colcon_core.environment:create_file_with_runtime_dependencies(/home/kousei/2DRoboPrac_ws/ros2_ws/install/key_event_msgs/share/colcon-core/packages/key_event_msgs)
[1.275s] Level 1:colcon.colcon_core.environment:create_environment_scripts_only(drive_msgs)
[1.283s] Level 1:colcon.colcon_core.environment:checking '/home/kousei/2DRoboPrac_ws/ros2_ws/install/drive_msgs' for CMake module files
[1.283s] Level 1:colcon.colcon_core.environment:checking '/home/kousei/2DRoboPrac_ws/ros2_ws/install/drive_msgs' for CMake config files
[1.283s] Level 1:colcon.colcon_core.shell:create_environment_hook('drive_msgs', 'cmake_prefix_path')
[1.291s] INFO:colcon.colcon_core.shell:Creating environment hook '/home/kousei/2DRoboPrac_ws/ros2_ws/install/drive_msgs/share/drive_msgs/hook/cmake_prefix_path.ps1'
[1.292s] INFO:colcon.colcon_core.shell:Creating environment descriptor '/home/kousei/2DRoboPrac_ws/ros2_ws/install/drive_msgs/share/drive_msgs/hook/cmake_prefix_path.dsv'
[1.292s] INFO:colcon.colcon_core.shell:Creating environment hook '/home/kousei/2DRoboPrac_ws/ros2_ws/install/drive_msgs/share/drive_msgs/hook/cmake_prefix_path.sh'
[1.292s] Level 1:colcon.colcon_core.environment:checking '/home/kousei/2DRoboPrac_ws/ros2_ws/install/drive_msgs/lib'
[1.292s] Level 1:colcon.colcon_core.shell:create_environment_hook('drive_msgs', 'ld_library_path_lib')
[1.300s] INFO:colcon.colcon_core.shell:Creating environment hook '/home/kousei/2DRoboPrac_ws/ros2_ws/install/drive_msgs/share/drive_msgs/hook/ld_library_path_lib.ps1'
[1.300s] INFO:colcon.colcon_core.shell:Creating environment descriptor '/home/kousei/2DRoboPrac_ws/ros2_ws/install/drive_msgs/share/drive_msgs/hook/ld_library_path_lib.dsv'
[1.301s] INFO:colcon.colcon_core.shell:Creating environment hook '/home/kousei/2DRoboPrac_ws/ros2_ws/install/drive_msgs/share/drive_msgs/hook/ld_library_path_lib.sh'
[1.301s] Level 1:colcon.colcon_core.environment:checking '/home/kousei/2DRoboPrac_ws/ros2_ws/install/drive_msgs/bin'
[1.301s] Level 1:colcon.colcon_core.environment:checking '/home/kousei/2DRoboPrac_ws/ros2_ws/install/drive_msgs/lib/pkgconfig/drive_msgs.pc'
[1.301s] Level 1:colcon.colcon_core.environment:checking '/home/kousei/2DRoboPrac_ws/ros2_ws/install/drive_msgs/lib/python3.10/site-packages'
[1.301s] Level 1:colcon.colcon_core.environment:checking '/home/kousei/2DRoboPrac_ws/ros2_ws/install/drive_msgs/bin'
[1.309s] INFO:colcon.colcon_core.shell:Creating package script '/home/kousei/2DRoboPrac_ws/ros2_ws/install/drive_msgs/share/drive_msgs/package.ps1'
[1.309s] INFO:colcon.colcon_core.shell:Creating package descriptor '/home/kousei/2DRoboPrac_ws/ros2_ws/install/drive_msgs/share/drive_msgs/package.dsv'
[1.309s] INFO:colcon.colcon_core.shell:Creating package script '/home/kousei/2DRoboPrac_ws/ros2_ws/install/drive_msgs/share/drive_msgs/package.sh'
[1.310s] INFO:colcon.colcon_core.shell:Creating package script '/home/kousei/2DRoboPrac_ws/ros2_ws/install/drive_msgs/share/drive_msgs/package.bash'
[1.310s] INFO:colcon.colcon_core.shell:Creating package script '/home/kousei/2DRoboPrac_ws/ros2_ws/install/drive_msgs/share/drive_msgs/package.zsh'
[1.310s] Level 1:colcon.colcon_core.environment:create_file_with_runtime_dependencies(/home/kousei/2DRoboPrac_ws/ros2_ws/install/drive_msgs/share/colcon-core/packages/drive_msgs)
[1.318s] Level 1:colcon.colcon_core.environment:create_environment_scripts_only(key_event_msgs)
[1.326s] Level 1:colcon.colcon_core.environment:checking '/home/kousei/2DRoboPrac_ws/ros2_ws/install/key_event_msgs' for CMake module files
[1.326s] Level 1:colcon.colcon_core.environment:checking '/home/kousei/2DRoboPrac_ws/ros2_ws/install/key_event_msgs' for CMake config files
[1.327s] Level 1:colcon.colcon_core.shell:create_environment_hook('key_event_msgs', 'cmake_prefix_path')
[1.334s] INFO:colcon.colcon_core.shell:Creating environment hook '/home/kousei/2DRoboPrac_ws/ros2_ws/install/key_event_msgs/share/key_event_msgs/hook/cmake_prefix_path.ps1'
[1.334s] INFO:colcon.colcon_core.shell:Creating environment descriptor '/home/kousei/2DRoboPrac_ws/ros2_ws/install/key_event_msgs/share/key_event_msgs/hook/cmake_prefix_path.dsv'
[1.334s] INFO:colcon.colcon_core.shell:Creating environment hook '/home/kousei/2DRoboPrac_ws/ros2_ws/install/key_event_msgs/share/key_event_msgs/hook/cmake_prefix_path.sh'
[1.334s] Level 1:colcon.colcon_core.environment:checking '/home/kousei/2DRoboPrac_ws/ros2_ws/install/key_event_msgs/lib'
[1.334s] Level 1:colcon.colcon_core.shell:create_environment_hook('key_event_msgs', 'ld_library_path_lib')
[1.342s] INFO:colcon.colcon_core.shell:Creating environment hook '/home/kousei/2DRoboPrac_ws/ros2_ws/install/key_event_msgs/share/key_event_msgs/hook/ld_library_path_lib.ps1'
[1.342s] INFO:colcon.colcon_core.shell:Creating environment descriptor '/home/kousei/2DRoboPrac_ws/ros2_ws/install/key_event_msgs/share/key_event_msgs/hook/ld_library_path_lib.dsv'
[1.342s] INFO:colcon.colcon_core.shell:Creating environment hook '/home/kousei/2DRoboPrac_ws/ros2_ws/install/key_event_msgs/share/key_event_msgs/hook/ld_library_path_lib.sh'
[1.343s] Level 1:colcon.colcon_core.environment:checking '/home/kousei/2DRoboPrac_ws/ros2_ws/install/key_event_msgs/bin'
[1.343s] Level 1:colcon.colcon_core.environment:checking '/home/kousei/2DRoboPrac_ws/ros2_ws/install/key_event_msgs/lib/pkgconfig/key_event_msgs.pc'
[1.343s] Level 1:colcon.colcon_core.environment:checking '/home/kousei/2DRoboPrac_ws/ros2_ws/install/key_event_msgs/lib/python3.10/site-packages'
[1.343s] Level 1:colcon.colcon_core.environment:checking '/home/kousei/2DRoboPrac_ws/ros2_ws/install/key_event_msgs/bin'
[1.350s] INFO:colcon.colcon_core.shell:Creating package script '/home/kousei/2DRoboPrac_ws/ros2_ws/install/key_event_msgs/share/key_event_msgs/package.ps1'
[1.351s] INFO:colcon.colcon_core.shell:Creating package descriptor '/home/kousei/2DRoboPrac_ws/ros2_ws/install/key_event_msgs/share/key_event_msgs/package.dsv'
[1.351s] INFO:colcon.colcon_core.shell:Creating package script '/home/kousei/2DRoboPrac_ws/ros2_ws/install/key_event_msgs/share/key_event_msgs/package.sh'
[1.351s] INFO:colcon.colcon_core.shell:Creating package script '/home/kousei/2DRoboPrac_ws/ros2_ws/install/key_event_msgs/share/key_event_msgs/package.bash'
[1.352s] INFO:colcon.colcon_core.shell:Creating package script '/home/kousei/2DRoboPrac_ws/ros2_ws/install/key_event_msgs/share/key_event_msgs/package.zsh'
[1.352s] Level 1:colcon.colcon_core.environment:create_file_with_runtime_dependencies(/home/kousei/2DRoboPrac_ws/ros2_ws/install/key_event_msgs/share/colcon-core/packages/key_event_msgs)
[1.352s] INFO:colcon.colcon_ros.task.ament_cmake.build:Building ROS package in '/home/kousei/2DRoboPrac_ws/ros2_ws/src/key_event_nodes' with build type 'ament_cmake'
[1.352s] INFO:colcon.colcon_cmake.task.cmake.build:Building CMake package in '/home/kousei/2DRoboPrac_ws/ros2_ws/src/key_event_nodes'
[1.361s] INFO:colcon.colcon_core.shell:Skip shell extension 'powershell' for command environment: Not usable outside of PowerShell
[1.361s] DEBUG:colcon.colcon_core.shell:Skip shell extension 'dsv' for command environment
[1.401s] DEBUG:colcon.colcon_core.event_handler.log_command:Invoking command in '/home/kousei/2DRoboPrac_ws/ros2_ws/build/key_event_nodes': CMAKE_PREFIX_PATH=/home/kousei/2DRoboPrac_ws/ros2_ws/install/key_event_msgs:/home/kousei/2DRoboPrac_ws/ros2_ws/install/drive_msgs:/home/kousei/2DRoboPrac_ws/ros2_ws/install/urg_node2:/home/kousei/2DRoboPrac_ws/ros2_ws/install/nav_real:/home/kousei/2DRoboPrac_ws/ros2_ws/install/nav_dev:/home/kousei/2DRoboPrac_ws/ros2_ws/install/key_event_nodes:/home/kousei/2DRoboPrac_ws/ros2_ws/install/drive_pkg:/home/kousei/2DRoboPrac_ws/ros2_ws/install/cpp_topic_pubsub:/opt/ros/humble LD_LIBRARY_PATH=/home/kousei/2DRoboPrac_ws/ros2_ws/install/key_event_msgs/lib:/home/kousei/2DRoboPrac_ws/ros2_ws/install/drive_msgs/lib:/home/kousei/2DRoboPrac_ws/ros2_ws/install/urg_node2/lib:/home/kousei/2DRoboPrac_ws/ros2_ws/install/key_event_nodes/lib:/home/kousei/2DRoboPrac_ws/ros2_ws/install/drive_pkg/lib:/home/kousei/2DRoboPrac_ws/ros2_ws/install/cpp_topic_pubsub/lib:/usr/lib/x86_64-linux-gnu/gazebo-11/plugins:/opt/ros/humble/opt/rviz_ogre_vendor/lib:/opt/ros/humble/lib/x86_64-linux-gnu:/opt/ros/humble/lib /usr/bin/cmake --build /home/kousei/2DRoboPrac_ws/ros2_ws/build/key_event_nodes -- -j16 -l16
[1.444s] DEBUG:colcon.colcon_core.event_handler.log_command:Invoked command in '/home/kousei/2DRoboPrac_ws/ros2_ws/build/key_event_nodes' returned '0': CMAKE_PREFIX_PATH=/home/kousei/2DRoboPrac_ws/ros2_ws/install/key_event_msgs:/home/kousei/2DRoboPrac_ws/ros2_ws/install/drive_msgs:/home/kousei/2DRoboPrac_ws/ros2_ws/install/urg_node2:/home/kousei/2DRoboPrac_ws/ros2_ws/install/nav_real:/home/kousei/2DRoboPrac_ws/ros2_ws/install/nav_dev:/home/kousei/2DRoboPrac_ws/ros2_ws/install/key_event_nodes:/home/kousei/2DRoboPrac_ws/ros2_ws/install/drive_pkg:/home/kousei/2DRoboPrac_ws/ros2_ws/install/cpp_topic_pubsub:/opt/ros/humble LD_LIBRARY_PATH=/home/kousei/2DRoboPrac_ws/ros2_ws/install/key_event_msgs/lib:/home/kousei/2DRoboPrac_ws/ros2_ws/install/drive_msgs/lib:/home/kousei/2DRoboPrac_ws/ros2_ws/install/urg_node2/lib:/home/kousei/2DRoboPrac_ws/ros2_ws/install/key_event_nodes/lib:/home/kousei/2DRoboPrac_ws/ros2_ws/install/drive_pkg/lib:/home/kousei/2DRoboPrac_ws/ros2_ws/install/cpp_topic_pubsub/lib:/usr/lib/x86_64-linux-gnu/gazebo-11/plugins:/opt/ros/humble/opt/rviz_ogre_vendor/lib:/opt/ros/humble/lib/x86_64-linux-gnu:/opt/ros/humble/lib /usr/bin/cmake --build /home/kousei/2DRoboPrac_ws/ros2_ws/build/key_event_nodes -- -j16 -l16
[1.460s] DEBUG:colcon.colcon_core.event_handler.log_command:Invoking command in '/home/kousei/2DRoboPrac_ws/ros2_ws/build/key_event_nodes': CMAKE_PREFIX_PATH=/home/kousei/2DRoboPrac_ws/ros2_ws/install/key_event_msgs:/home/kousei/2DRoboPrac_ws/ros2_ws/install/drive_msgs:/home/kousei/2DRoboPrac_ws/ros2_ws/install/urg_node2:/home/kousei/2DRoboPrac_ws/ros2_ws/install/nav_real:/home/kousei/2DRoboPrac_ws/ros2_ws/install/nav_dev:/home/kousei/2DRoboPrac_ws/ros2_ws/install/key_event_nodes:/home/kousei/2DRoboPrac_ws/ros2_ws/install/drive_pkg:/home/kousei/2DRoboPrac_ws/ros2_ws/install/cpp_topic_pubsub:/opt/ros/humble LD_LIBRARY_PATH=/home/kousei/2DRoboPrac_ws/ros2_ws/install/key_event_msgs/lib:/home/kousei/2DRoboPrac_ws/ros2_ws/install/drive_msgs/lib:/home/kousei/2DRoboPrac_ws/ros2_ws/install/urg_node2/lib:/home/kousei/2DRoboPrac_ws/ros2_ws/install/key_event_nodes/lib:/home/kousei/2DRoboPrac_ws/ros2_ws/install/drive_pkg/lib:/home/kousei/2DRoboPrac_ws/ros2_ws/install/cpp_topic_pubsub/lib:/usr/lib/x86_64-linux-gnu/gazebo-11/plugins:/opt/ros/humble/opt/rviz_ogre_vendor/lib:/opt/ros/humble/lib/x86_64-linux-gnu:/opt/ros/humble/lib /usr/bin/cmake --install /home/kousei/2DRoboPrac_ws/ros2_ws/build/key_event_nodes
[1.468s] Level 1:colcon.colcon_core.environment:create_environment_scripts_only(key_event_nodes)
[1.470s] DEBUG:colcon.colcon_core.event_handler.log_command:Invoked command in '/home/kousei/2DRoboPrac_ws/ros2_ws/build/key_event_nodes' returned '0': CMAKE_PREFIX_PATH=/home/kousei/2DRoboPrac_ws/ros2_ws/install/key_event_msgs:/home/kousei/2DRoboPrac_ws/ros2_ws/install/drive_msgs:/home/kousei/2DRoboPrac_ws/ros2_ws/install/urg_node2:/home/kousei/2DRoboPrac_ws/ros2_ws/install/nav_real:/home/kousei/2DRoboPrac_ws/ros2_ws/install/nav_dev:/home/kousei/2DRoboPrac_ws/ros2_ws/install/key_event_nodes:/home/kousei/2DRoboPrac_ws/ros2_ws/install/drive_pkg:/home/kousei/2DRoboPrac_ws/ros2_ws/install/cpp_topic_pubsub:/opt/ros/humble LD_LIBRARY_PATH=/home/kousei/2DRoboPrac_ws/ros2_ws/install/key_event_msgs/lib:/home/kousei/2DRoboPrac_ws/ros2_ws/install/drive_msgs/lib:/home/kousei/2DRoboPrac_ws/ros2_ws/install/urg_node2/lib:/home/kousei/2DRoboPrac_ws/ros2_ws/install/key_event_nodes/lib:/home/kousei/2DRoboPrac_ws/ros2_ws/install/drive_pkg/lib:/home/kousei/2DRoboPrac_ws/ros2_ws/install/cpp_topic_pubsub/lib:/usr/lib/x86_64-linux-gnu/gazebo-11/plugins:/opt/ros/humble/opt/rviz_ogre_vendor/lib:/opt/ros/humble/lib/x86_64-linux-gnu:/opt/ros/humble/lib /usr/bin/cmake --install /home/kousei/2DRoboPrac_ws/ros2_ws/build/key_event_nodes
[1.479s] Level 1:colcon.colcon_core.environment:checking '/home/kousei/2DRoboPrac_ws/ros2_ws/install/key_event_nodes' for CMake module files
[1.480s] Level 1:colcon.colcon_core.environment:checking '/home/kousei/2DRoboPrac_ws/ros2_ws/install/key_event_nodes' for CMake config files
[1.480s] Level 1:colcon.colcon_core.shell:create_environment_hook('key_event_nodes', 'cmake_prefix_path')
[1.488s] INFO:colcon.colcon_core.shell:Creating environment hook '/home/kousei/2DRoboPrac_ws/ros2_ws/install/key_event_nodes/share/key_event_nodes/hook/cmake_prefix_path.ps1'
[1.489s] INFO:colcon.colcon_core.shell:Creating environment descriptor '/home/kousei/2DRoboPrac_ws/ros2_ws/install/key_event_nodes/share/key_event_nodes/hook/cmake_prefix_path.dsv'
[1.489s] INFO:colcon.colcon_core.shell:Creating environment hook '/home/kousei/2DRoboPrac_ws/ros2_ws/install/key_event_nodes/share/key_event_nodes/hook/cmake_prefix_path.sh'
[1.489s] Level 1:colcon.colcon_core.environment:checking '/home/kousei/2DRoboPrac_ws/ros2_ws/install/key_event_nodes/lib'
[1.489s] Level 1:colcon.colcon_core.shell:create_environment_hook('key_event_nodes', 'ld_library_path_lib')
[1.496s] INFO:colcon.colcon_core.shell:Creating environment hook '/home/kousei/2DRoboPrac_ws/ros2_ws/install/key_event_nodes/share/key_event_nodes/hook/ld_library_path_lib.ps1'
[1.496s] INFO:colcon.colcon_core.shell:Creating environment descriptor '/home/kousei/2DRoboPrac_ws/ros2_ws/install/key_event_nodes/share/key_event_nodes/hook/ld_library_path_lib.dsv'
[1.497s] INFO:colcon.colcon_core.shell:Creating environment hook '/home/kousei/2DRoboPrac_ws/ros2_ws/install/key_event_nodes/share/key_event_nodes/hook/ld_library_path_lib.sh'
[1.497s] Level 1:colcon.colcon_core.environment:checking '/home/kousei/2DRoboPrac_ws/ros2_ws/install/key_event_nodes/bin'
[1.497s] Level 1:colcon.colcon_core.environment:checking '/home/kousei/2DRoboPrac_ws/ros2_ws/install/key_event_nodes/lib/pkgconfig/key_event_nodes.pc'
[1.497s] Level 1:colcon.colcon_core.environment:checking '/home/kousei/2DRoboPrac_ws/ros2_ws/install/key_event_nodes/lib/python3.10/site-packages'
[1.497s] Level 1:colcon.colcon_core.environment:checking '/home/kousei/2DRoboPrac_ws/ros2_ws/install/key_event_nodes/bin'
[1.505s] INFO:colcon.colcon_core.shell:Creating package script '/home/kousei/2DRoboPrac_ws/ros2_ws/install/key_event_nodes/share/key_event_nodes/package.ps1'
[1.506s] INFO:colcon.colcon_core.shell:Creating package descriptor '/home/kousei/2DRoboPrac_ws/ros2_ws/install/key_event_nodes/share/key_event_nodes/package.dsv'
[1.506s] INFO:colcon.colcon_core.shell:Creating package script '/home/kousei/2DRoboPrac_ws/ros2_ws/install/key_event_nodes/share/key_event_nodes/package.sh'
[1.506s] INFO:colcon.colcon_core.shell:Creating package script '/home/kousei/2DRoboPrac_ws/ros2_ws/install/key_event_nodes/share/key_event_nodes/package.bash'
[1.506s] INFO:colcon.colcon_core.shell:Creating package script '/home/kousei/2DRoboPrac_ws/ros2_ws/install/key_event_nodes/share/key_event_nodes/package.zsh'
[1.506s] Level 1:colcon.colcon_core.environment:create_file_with_runtime_dependencies(/home/kousei/2DRoboPrac_ws/ros2_ws/install/key_event_nodes/share/colcon-core/packages/key_event_nodes)
[1.534s] Level 1:colcon.colcon_core.environment:create_environment_scripts_only(key_event_nodes)
[1.541s] Level 1:colcon.colcon_core.environment:checking '/home/kousei/2DRoboPrac_ws/ros2_ws/install/key_event_nodes' for CMake module files
[1.541s] Level 1:colcon.colcon_core.environment:checking '/home/kousei/2DRoboPrac_ws/ros2_ws/install/key_event_nodes' for CMake config files
[1.541s] Level 1:colcon.colcon_core.shell:create_environment_hook('key_event_nodes', 'cmake_prefix_path')
[1.548s] INFO:colcon.colcon_core.shell:Creating environment hook '/home/kousei/2DRoboPrac_ws/ros2_ws/install/key_event_nodes/share/key_event_nodes/hook/cmake_prefix_path.ps1'
[1.548s] INFO:colcon.colcon_core.shell:Creating environment descriptor '/home/kousei/2DRoboPrac_ws/ros2_ws/install/key_event_nodes/share/key_event_nodes/hook/cmake_prefix_path.dsv'
[1.548s] INFO:colcon.colcon_core.shell:Creating environment hook '/home/kousei/2DRoboPrac_ws/ros2_ws/install/key_event_nodes/share/key_event_nodes/hook/cmake_prefix_path.sh'
[1.548s] Level 1:colcon.colcon_core.environment:checking '/home/kousei/2DRoboPrac_ws/ros2_ws/install/key_event_nodes/lib'
[1.549s] Level 1:colcon.colcon_core.shell:create_environment_hook('key_event_nodes', 'ld_library_path_lib')
[1.556s] INFO:colcon.colcon_core.shell:Creating environment hook '/home/kousei/2DRoboPrac_ws/ros2_ws/install/key_event_nodes/share/key_event_nodes/hook/ld_library_path_lib.ps1'
[1.556s] INFO:colcon.colcon_core.shell:Creating environment descriptor '/home/kousei/2DRoboPrac_ws/ros2_ws/install/key_event_nodes/share/key_event_nodes/hook/ld_library_path_lib.dsv'
[1.556s] INFO:colcon.colcon_core.shell:Creating environment hook '/home/kousei/2DRoboPrac_ws/ros2_ws/install/key_event_nodes/share/key_event_nodes/hook/ld_library_path_lib.sh'
[1.556s] Level 1:colcon.colcon_core.environment:checking '/home/kousei/2DRoboPrac_ws/ros2_ws/install/key_event_nodes/bin'
[1.556s] Level 1:colcon.colcon_core.environment:checking '/home/kousei/2DRoboPrac_ws/ros2_ws/install/key_event_nodes/lib/pkgconfig/key_event_nodes.pc'
[1.556s] Level 1:colcon.colcon_core.environment:checking '/home/kousei/2DRoboPrac_ws/ros2_ws/install/key_event_nodes/lib/python3.10/site-packages'
[1.557s] Level 1:colcon.colcon_core.environment:checking '/home/kousei/2DRoboPrac_ws/ros2_ws/install/key_event_nodes/bin'
[1.563s] INFO:colcon.colcon_core.shell:Creating package script '/home/kousei/2DRoboPrac_ws/ros2_ws/install/key_event_nodes/share/key_event_nodes/package.ps1'
[1.563s] INFO:colcon.colcon_core.shell:Creating package descriptor '/home/kousei/2DRoboPrac_ws/ros2_ws/install/key_event_nodes/share/key_event_nodes/package.dsv'
[1.564s] INFO:colcon.colcon_core.shell:Creating package script '/home/kousei/2DRoboPrac_ws/ros2_ws/install/key_event_nodes/share/key_event_nodes/package.sh'
[1.564s] INFO:colcon.colcon_core.shell:Creating package script '/home/kousei/2DRoboPrac_ws/ros2_ws/install/key_event_nodes/share/key_event_nodes/package.bash'
[1.564s] INFO:colcon.colcon_core.shell:Creating package script '/home/kousei/2DRoboPrac_ws/ros2_ws/install/key_event_nodes/share/key_event_nodes/package.zsh'
[1.564s] Level 1:colcon.colcon_core.environment:create_file_with_runtime_dependencies(/home/kousei/2DRoboPrac_ws/ros2_ws/install/key_event_nodes/share/colcon-core/packages/key_event_nodes)
[1.564s] INFO:colcon.colcon_ros.task.ament_cmake.build:Building ROS package in '/home/kousei/2DRoboPrac_ws/ros2_ws/src/nav_dev' with build type 'ament_cmake'
[1.565s] INFO:colcon.colcon_cmake.task.cmake.build:Building CMake package in '/home/kousei/2DRoboPrac_ws/ros2_ws/src/nav_dev'
[1.572s] INFO:colcon.colcon_core.shell:Skip shell extension 'powershell' for command environment: Not usable outside of PowerShell
[1.573s] DEBUG:colcon.colcon_core.shell:Skip shell extension 'dsv' for command environment
[1.596s] INFO:colcon.colcon_ros.task.ament_cmake.build:Building ROS package in '/home/kousei/2DRoboPrac_ws/ros2_ws/src/nav_real' with build type 'ament_cmake'
[1.596s] INFO:colcon.colcon_cmake.task.cmake.build:Building CMake package in '/home/kousei/2DRoboPrac_ws/ros2_ws/src/nav_real'
[1.605s] INFO:colcon.colcon_core.shell:Skip shell extension 'powershell' for command environment: Not usable outside of PowerShell
[1.605s] DEBUG:colcon.colcon_core.shell:Skip shell extension 'dsv' for command environment
[1.633s] DEBUG:colcon.colcon_core.event_handler.log_command:Invoking command in '/home/kousei/2DRoboPrac_ws/ros2_ws/build/nav_dev': CMAKE_PREFIX_PATH=/home/kousei/2DRoboPrac_ws/ros2_ws/install/key_event_nodes:/home/kousei/2DRoboPrac_ws/ros2_ws/install/key_event_msgs:/home/kousei/2DRoboPrac_ws/ros2_ws/install/drive_msgs:/home/kousei/2DRoboPrac_ws/ros2_ws/install/urg_node2:/home/kousei/2DRoboPrac_ws/ros2_ws/install/nav_real:/home/kousei/2DRoboPrac_ws/ros2_ws/install/nav_dev:/home/kousei/2DRoboPrac_ws/ros2_ws/install/drive_pkg:/home/kousei/2DRoboPrac_ws/ros2_ws/install/cpp_topic_pubsub:/opt/ros/humble LD_LIBRARY_PATH=/home/kousei/2DRoboPrac_ws/ros2_ws/install/key_event_nodes/lib:/home/kousei/2DRoboPrac_ws/ros2_ws/install/key_event_msgs/lib:/home/kousei/2DRoboPrac_ws/ros2_ws/install/drive_msgs/lib:/home/kousei/2DRoboPrac_ws/ros2_ws/install/urg_node2/lib:/home/kousei/2DRoboPrac_ws/ros2_ws/install/drive_pkg/lib:/home/kousei/2DRoboPrac_ws/ros2_ws/install/cpp_topic_pubsub/lib:/usr/lib/x86_64-linux-gnu/gazebo-11/plugins:/opt/ros/humble/opt/rviz_ogre_vendor/lib:/opt/ros/humble/lib/x86_64-linux-gnu:/opt/ros/humble/lib /usr/bin/cmake --build /home/kousei/2DRoboPrac_ws/ros2_ws/build/nav_dev -- -j16 -l16
[1.640s] DEBUG:colcon.colcon_core.event_handler.log_command:Invoking command in '/home/kousei/2DRoboPrac_ws/ros2_ws/build/nav_real': CMAKE_PREFIX_PATH=/home/kousei/2DRoboPrac_ws/ros2_ws/install/key_event_nodes:/home/kousei/2DRoboPrac_ws/ros2_ws/install/key_event_msgs:/home/kousei/2DRoboPrac_ws/ros2_ws/install/drive_msgs:/home/kousei/2DRoboPrac_ws/ros2_ws/install/urg_node2:/home/kousei/2DRoboPrac_ws/ros2_ws/install/nav_real:/home/kousei/2DRoboPrac_ws/ros2_ws/install/nav_dev:/home/kousei/2DRoboPrac_ws/ros2_ws/install/drive_pkg:/home/kousei/2DRoboPrac_ws/ros2_ws/install/cpp_topic_pubsub:/opt/ros/humble LD_LIBRARY_PATH=/home/kousei/2DRoboPrac_ws/ros2_ws/install/key_event_nodes/lib:/home/kousei/2DRoboPrac_ws/ros2_ws/install/key_event_msgs/lib:/home/kousei/2DRoboPrac_ws/ros2_ws/install/drive_msgs/lib:/home/kousei/2DRoboPrac_ws/ros2_ws/install/urg_node2/lib:/home/kousei/2DRoboPrac_ws/ros2_ws/install/drive_pkg/lib:/home/kousei/2DRoboPrac_ws/ros2_ws/install/cpp_topic_pubsub/lib:/usr/lib/x86_64-linux-gnu/gazebo-11/plugins:/opt/ros/humble/opt/rviz_ogre_vendor/lib:/opt/ros/humble/lib/x86_64-linux-gnu:/opt/ros/humble/lib /usr/bin/cmake --build /home/kousei/2DRoboPrac_ws/ros2_ws/build/nav_real -- -j16 -l16
[1.682s] DEBUG:colcon.colcon_core.event_handler.log_command:Invoked command in '/home/kousei/2DRoboPrac_ws/ros2_ws/build/nav_dev' returned '0': CMAKE_PREFIX_PATH=/home/kousei/2DRoboPrac_ws/ros2_ws/install/key_event_nodes:/home/kousei/2DRoboPrac_ws/ros2_ws/install/key_event_msgs:/home/kousei/2DRoboPrac_ws/ros2_ws/install/drive_msgs:/home/kousei/2DRoboPrac_ws/ros2_ws/install/urg_node2:/home/kousei/2DRoboPrac_ws/ros2_ws/install/nav_real:/home/kousei/2DRoboPrac_ws/ros2_ws/install/nav_dev:/home/kousei/2DRoboPrac_ws/ros2_ws/install/drive_pkg:/home/kousei/2DRoboPrac_ws/ros2_ws/install/cpp_topic_pubsub:/opt/ros/humble LD_LIBRARY_PATH=/home/kousei/2DRoboPrac_ws/ros2_ws/install/key_event_nodes/lib:/home/kousei/2DRoboPrac_ws/ros2_ws/install/key_event_msgs/lib:/home/kousei/2DRoboPrac_ws/ros2_ws/install/drive_msgs/lib:/home/kousei/2DRoboPrac_ws/ros2_ws/install/urg_node2/lib:/home/kousei/2DRoboPrac_ws/ros2_ws/install/drive_pkg/lib:/home/kousei/2DRoboPrac_ws/ros2_ws/install/cpp_topic_pubsub/lib:/usr/lib/x86_64-linux-gnu/gazebo-11/plugins:/opt/ros/humble/opt/rviz_ogre_vendor/lib:/opt/ros/humble/lib/x86_64-linux-gnu:/opt/ros/humble/lib /usr/bin/cmake --build /home/kousei/2DRoboPrac_ws/ros2_ws/build/nav_dev -- -j16 -l16
[1.695s] DEBUG:colcon.colcon_core.event_handler.log_command:Invoked command in '/home/kousei/2DRoboPrac_ws/ros2_ws/build/nav_real' returned '0': CMAKE_PREFIX_PATH=/home/kousei/2DRoboPrac_ws/ros2_ws/install/key_event_nodes:/home/kousei/2DRoboPrac_ws/ros2_ws/install/key_event_msgs:/home/kousei/2DRoboPrac_ws/ros2_ws/install/drive_msgs:/home/kousei/2DRoboPrac_ws/ros2_ws/install/urg_node2:/home/kousei/2DRoboPrac_ws/ros2_ws/install/nav_real:/home/kousei/2DRoboPrac_ws/ros2_ws/install/nav_dev:/home/kousei/2DRoboPrac_ws/ros2_ws/install/drive_pkg:/home/kousei/2DRoboPrac_ws/ros2_ws/install/cpp_topic_pubsub:/opt/ros/humble LD_LIBRARY_PATH=/home/kousei/2DRoboPrac_ws/ros2_ws/install/key_event_nodes/lib:/home/kousei/2DRoboPrac_ws/ros2_ws/install/key_event_msgs/lib:/home/kousei/2DRoboPrac_ws/ros2_ws/install/drive_msgs/lib:/home/kousei/2DRoboPrac_ws/ros2_ws/install/urg_node2/lib:/home/kousei/2DRoboPrac_ws/ros2_ws/install/drive_pkg/lib:/home/kousei/2DRoboPrac_ws/ros2_ws/install/cpp_topic_pubsub/lib:/usr/lib/x86_64-linux-gnu/gazebo-11/plugins:/opt/ros/humble/opt/rviz_ogre_vendor/lib:/opt/ros/humble/lib/x86_64-linux-gnu:/opt/ros/humble/lib /usr/bin/cmake --build /home/kousei/2DRoboPrac_ws/ros2_ws/build/nav_real -- -j16 -l16
[1.704s] DEBUG:colcon.colcon_core.event_handler.log_command:Invoking command in '/home/kousei/2DRoboPrac_ws/ros2_ws/build/nav_dev': CMAKE_PREFIX_PATH=/home/kousei/2DRoboPrac_ws/ros2_ws/install/key_event_nodes:/home/kousei/2DRoboPrac_ws/ros2_ws/install/key_event_msgs:/home/kousei/2DRoboPrac_ws/ros2_ws/install/drive_msgs:/home/kousei/2DRoboPrac_ws/ros2_ws/install/urg_node2:/home/kousei/2DRoboPrac_ws/ros2_ws/install/nav_real:/home/kousei/2DRoboPrac_ws/ros2_ws/install/nav_dev:/home/kousei/2DRoboPrac_ws/ros2_ws/install/drive_pkg:/home/kousei/2DRoboPrac_ws/ros2_ws/install/cpp_topic_pubsub:/opt/ros/humble LD_LIBRARY_PATH=/home/kousei/2DRoboPrac_ws/ros2_ws/install/key_event_nodes/lib:/home/kousei/2DRoboPrac_ws/ros2_ws/install/key_event_msgs/lib:/home/kousei/2DRoboPrac_ws/ros2_ws/install/drive_msgs/lib:/home/kousei/2DRoboPrac_ws/ros2_ws/install/urg_node2/lib:/home/kousei/2DRoboPrac_ws/ros2_ws/install/drive_pkg/lib:/home/kousei/2DRoboPrac_ws/ros2_ws/install/cpp_topic_pubsub/lib:/usr/lib/x86_64-linux-gnu/gazebo-11/plugins:/opt/ros/humble/opt/rviz_ogre_vendor/lib:/opt/ros/humble/lib/x86_64-linux-gnu:/opt/ros/humble/lib /usr/bin/cmake --install /home/kousei/2DRoboPrac_ws/ros2_ws/build/nav_dev
[1.712s] Level 1:colcon.colcon_core.environment:create_environment_scripts_only(nav_dev)
[1.726s] DEBUG:colcon.colcon_core.event_handler.log_command:Invoked command in '/home/kousei/2DRoboPrac_ws/ros2_ws/build/nav_dev' returned '0': CMAKE_PREFIX_PATH=/home/kousei/2DRoboPrac_ws/ros2_ws/install/key_event_nodes:/home/kousei/2DRoboPrac_ws/ros2_ws/install/key_event_msgs:/home/kousei/2DRoboPrac_ws/ros2_ws/install/drive_msgs:/home/kousei/2DRoboPrac_ws/ros2_ws/install/urg_node2:/home/kousei/2DRoboPrac_ws/ros2_ws/install/nav_real:/home/kousei/2DRoboPrac_ws/ros2_ws/install/nav_dev:/home/kousei/2DRoboPrac_ws/ros2_ws/install/drive_pkg:/home/kousei/2DRoboPrac_ws/ros2_ws/install/cpp_topic_pubsub:/opt/ros/humble LD_LIBRARY_PATH=/home/kousei/2DRoboPrac_ws/ros2_ws/install/key_event_nodes/lib:/home/kousei/2DRoboPrac_ws/ros2_ws/install/key_event_msgs/lib:/home/kousei/2DRoboPrac_ws/ros2_ws/install/drive_msgs/lib:/home/kousei/2DRoboPrac_ws/ros2_ws/install/urg_node2/lib:/home/kousei/2DRoboPrac_ws/ros2_ws/install/drive_pkg/lib:/home/kousei/2DRoboPrac_ws/ros2_ws/install/cpp_topic_pubsub/lib:/usr/lib/x86_64-linux-gnu/gazebo-11/plugins:/opt/ros/humble/opt/rviz_ogre_vendor/lib:/opt/ros/humble/lib/x86_64-linux-gnu:/opt/ros/humble/lib /usr/bin/cmake --install /home/kousei/2DRoboPrac_ws/ros2_ws/build/nav_dev
[1.730s] Level 1:colcon.colcon_core.environment:checking '/home/kousei/2DRoboPrac_ws/ros2_ws/install/nav_dev' for CMake module files
[1.731s] Level 1:colcon.colcon_core.environment:checking '/home/kousei/2DRoboPrac_ws/ros2_ws/install/nav_dev' for CMake config files
[1.731s] Level 1:colcon.colcon_core.shell:create_environment_hook('nav_dev', 'cmake_prefix_path')
[1.739s] INFO:colcon.colcon_core.shell:Creating environment hook '/home/kousei/2DRoboPrac_ws/ros2_ws/install/nav_dev/share/nav_dev/hook/cmake_prefix_path.ps1'
[1.740s] INFO:colcon.colcon_core.shell:Creating environment descriptor '/home/kousei/2DRoboPrac_ws/ros2_ws/install/nav_dev/share/nav_dev/hook/cmake_prefix_path.dsv'
[1.740s] INFO:colcon.colcon_core.shell:Creating environment hook '/home/kousei/2DRoboPrac_ws/ros2_ws/install/nav_dev/share/nav_dev/hook/cmake_prefix_path.sh'
[1.740s] Level 1:colcon.colcon_core.environment:checking '/home/kousei/2DRoboPrac_ws/ros2_ws/install/nav_dev/lib'
[1.740s] Level 1:colcon.colcon_core.environment:checking '/home/kousei/2DRoboPrac_ws/ros2_ws/install/nav_dev/bin'
[1.740s] Level 1:colcon.colcon_core.environment:checking '/home/kousei/2DRoboPrac_ws/ros2_ws/install/nav_dev/lib/pkgconfig/nav_dev.pc'
[1.740s] Level 1:colcon.colcon_core.environment:checking '/home/kousei/2DRoboPrac_ws/ros2_ws/install/nav_dev/lib/python3.10/site-packages'
[1.741s] Level 1:colcon.colcon_core.environment:checking '/home/kousei/2DRoboPrac_ws/ros2_ws/install/nav_dev/bin'
[1.748s] INFO:colcon.colcon_core.shell:Creating package script '/home/kousei/2DRoboPrac_ws/ros2_ws/install/nav_dev/share/nav_dev/package.ps1'
[1.749s] INFO:colcon.colcon_core.shell:Creating package descriptor '/home/kousei/2DRoboPrac_ws/ros2_ws/install/nav_dev/share/nav_dev/package.dsv'
[1.749s] INFO:colcon.colcon_core.shell:Creating package script '/home/kousei/2DRoboPrac_ws/ros2_ws/install/nav_dev/share/nav_dev/package.sh'
[1.749s] INFO:colcon.colcon_core.shell:Creating package script '/home/kousei/2DRoboPrac_ws/ros2_ws/install/nav_dev/share/nav_dev/package.bash'
[1.749s] INFO:colcon.colcon_core.shell:Creating package script '/home/kousei/2DRoboPrac_ws/ros2_ws/install/nav_dev/share/nav_dev/package.zsh'
[1.749s] Level 1:colcon.colcon_core.environment:create_file_with_runtime_dependencies(/home/kousei/2DRoboPrac_ws/ros2_ws/install/nav_dev/share/colcon-core/packages/nav_dev)
[1.752s] DEBUG:colcon.colcon_core.event_handler.log_command:Invoking command in '/home/kousei/2DRoboPrac_ws/ros2_ws/build/nav_real': CMAKE_PREFIX_PATH=/home/kousei/2DRoboPrac_ws/ros2_ws/install/key_event_nodes:/home/kousei/2DRoboPrac_ws/ros2_ws/install/key_event_msgs:/home/kousei/2DRoboPrac_ws/ros2_ws/install/drive_msgs:/home/kousei/2DRoboPrac_ws/ros2_ws/install/urg_node2:/home/kousei/2DRoboPrac_ws/ros2_ws/install/nav_real:/home/kousei/2DRoboPrac_ws/ros2_ws/install/nav_dev:/home/kousei/2DRoboPrac_ws/ros2_ws/install/drive_pkg:/home/kousei/2DRoboPrac_ws/ros2_ws/install/cpp_topic_pubsub:/opt/ros/humble LD_LIBRARY_PATH=/home/kousei/2DRoboPrac_ws/ros2_ws/install/key_event_nodes/lib:/home/kousei/2DRoboPrac_ws/ros2_ws/install/key_event_msgs/lib:/home/kousei/2DRoboPrac_ws/ros2_ws/install/drive_msgs/lib:/home/kousei/2DRoboPrac_ws/ros2_ws/install/urg_node2/lib:/home/kousei/2DRoboPrac_ws/ros2_ws/install/drive_pkg/lib:/home/kousei/2DRoboPrac_ws/ros2_ws/install/cpp_topic_pubsub/lib:/usr/lib/x86_64-linux-gnu/gazebo-11/plugins:/opt/ros/humble/opt/rviz_ogre_vendor/lib:/opt/ros/humble/lib/x86_64-linux-gnu:/opt/ros/humble/lib /usr/bin/cmake --install /home/kousei/2DRoboPrac_ws/ros2_ws/build/nav_real
[1.760s] Level 1:colcon.colcon_core.environment:create_environment_scripts_only(nav_real)
[1.761s] DEBUG:colcon.colcon_core.event_handler.log_command:Invoked command in '/home/kousei/2DRoboPrac_ws/ros2_ws/build/nav_real' returned '0': CMAKE_PREFIX_PATH=/home/kousei/2DRoboPrac_ws/ros2_ws/install/key_event_nodes:/home/kousei/2DRoboPrac_ws/ros2_ws/install/key_event_msgs:/home/kousei/2DRoboPrac_ws/ros2_ws/install/drive_msgs:/home/kousei/2DRoboPrac_ws/ros2_ws/install/urg_node2:/home/kousei/2DRoboPrac_ws/ros2_ws/install/nav_real:/home/kousei/2DRoboPrac_ws/ros2_ws/install/nav_dev:/home/kousei/2DRoboPrac_ws/ros2_ws/install/drive_pkg:/home/kousei/2DRoboPrac_ws/ros2_ws/install/cpp_topic_pubsub:/opt/ros/humble LD_LIBRARY_PATH=/home/kousei/2DRoboPrac_ws/ros2_ws/install/key_event_nodes/lib:/home/kousei/2DRoboPrac_ws/ros2_ws/install/key_event_msgs/lib:/home/kousei/2DRoboPrac_ws/ros2_ws/install/drive_msgs/lib:/home/kousei/2DRoboPrac_ws/ros2_ws/install/urg_node2/lib:/home/kousei/2DRoboPrac_ws/ros2_ws/install/drive_pkg/lib:/home/kousei/2DRoboPrac_ws/ros2_ws/install/cpp_topic_pubsub/lib:/usr/lib/x86_64-linux-gnu/gazebo-11/plugins:/opt/ros/humble/opt/rviz_ogre_vendor/lib:/opt/ros/humble/lib/x86_64-linux-gnu:/opt/ros/humble/lib /usr/bin/cmake --install /home/kousei/2DRoboPrac_ws/ros2_ws/build/nav_real
[1.773s] Level 1:colcon.colcon_core.environment:checking '/home/kousei/2DRoboPrac_ws/ros2_ws/install/nav_real' for CMake module files
[1.774s] Level 1:colcon.colcon_core.environment:checking '/home/kousei/2DRoboPrac_ws/ros2_ws/install/nav_real' for CMake config files
[1.774s] Level 1:colcon.colcon_core.shell:create_environment_hook('nav_real', 'cmake_prefix_path')
[1.782s] INFO:colcon.colcon_core.shell:Creating environment hook '/home/kousei/2DRoboPrac_ws/ros2_ws/install/nav_real/share/nav_real/hook/cmake_prefix_path.ps1'
[1.782s] INFO:colcon.colcon_core.shell:Creating environment descriptor '/home/kousei/2DRoboPrac_ws/ros2_ws/install/nav_real/share/nav_real/hook/cmake_prefix_path.dsv'
[1.783s] INFO:colcon.colcon_core.shell:Creating environment hook '/home/kousei/2DRoboPrac_ws/ros2_ws/install/nav_real/share/nav_real/hook/cmake_prefix_path.sh'
[1.783s] Level 1:colcon.colcon_core.environment:checking '/home/kousei/2DRoboPrac_ws/ros2_ws/install/nav_real/lib'
[1.783s] Level 1:colcon.colcon_core.environment:checking '/home/kousei/2DRoboPrac_ws/ros2_ws/install/nav_real/bin'
[1.783s] Level 1:colcon.colcon_core.environment:checking '/home/kousei/2DRoboPrac_ws/ros2_ws/install/nav_real/lib/pkgconfig/nav_real.pc'
[1.783s] Level 1:colcon.colcon_core.environment:checking '/home/kousei/2DRoboPrac_ws/ros2_ws/install/nav_real/lib/python3.10/site-packages'
[1.783s] Level 1:colcon.colcon_core.environment:checking '/home/kousei/2DRoboPrac_ws/ros2_ws/install/nav_real/bin'
[1.792s] INFO:colcon.colcon_core.shell:Creating package script '/home/kousei/2DRoboPrac_ws/ros2_ws/install/nav_real/share/nav_real/package.ps1'
[1.792s] INFO:colcon.colcon_core.shell:Creating package descriptor '/home/kousei/2DRoboPrac_ws/ros2_ws/install/nav_real/share/nav_real/package.dsv'
[1.792s] INFO:colcon.colcon_core.shell:Creating package script '/home/kousei/2DRoboPrac_ws/ros2_ws/install/nav_real/share/nav_real/package.sh'
[1.792s] INFO:colcon.colcon_core.shell:Creating package script '/home/kousei/2DRoboPrac_ws/ros2_ws/install/nav_real/share/nav_real/package.bash'
[1.793s] INFO:colcon.colcon_core.shell:Creating package script '/home/kousei/2DRoboPrac_ws/ros2_ws/install/nav_real/share/nav_real/package.zsh'
[1.793s] Level 1:colcon.colcon_core.environment:create_file_with_runtime_dependencies(/home/kousei/2DRoboPrac_ws/ros2_ws/install/nav_real/share/colcon-core/packages/nav_real)
[1.802s] Level 1:colcon.colcon_core.environment:create_environment_scripts_only(nav_dev)
[1.810s] Level 1:colcon.colcon_core.environment:checking '/home/kousei/2DRoboPrac_ws/ros2_ws/install/nav_dev' for CMake module files
[1.811s] Level 1:colcon.colcon_core.environment:checking '/home/kousei/2DRoboPrac_ws/ros2_ws/install/nav_dev' for CMake config files
[1.811s] Level 1:colcon.colcon_core.shell:create_environment_hook('nav_dev', 'cmake_prefix_path')
[1.820s] INFO:colcon.colcon_core.shell:Creating environment hook '/home/kousei/2DRoboPrac_ws/ros2_ws/install/nav_dev/share/nav_dev/hook/cmake_prefix_path.ps1'
[1.820s] INFO:colcon.colcon_core.shell:Creating environment descriptor '/home/kousei/2DRoboPrac_ws/ros2_ws/install/nav_dev/share/nav_dev/hook/cmake_prefix_path.dsv'
[1.820s] INFO:colcon.colcon_core.shell:Creating environment hook '/home/kousei/2DRoboPrac_ws/ros2_ws/install/nav_dev/share/nav_dev/hook/cmake_prefix_path.sh'
[1.821s] Level 1:colcon.colcon_core.environment:checking '/home/kousei/2DRoboPrac_ws/ros2_ws/install/nav_dev/lib'
[1.821s] Level 1:colcon.colcon_core.environment:checking '/home/kousei/2DRoboPrac_ws/ros2_ws/install/nav_dev/bin'
[1.821s] Level 1:colcon.colcon_core.environment:checking '/home/kousei/2DRoboPrac_ws/ros2_ws/install/nav_dev/lib/pkgconfig/nav_dev.pc'
[1.821s] Level 1:colcon.colcon_core.environment:checking '/home/kousei/2DRoboPrac_ws/ros2_ws/install/nav_dev/lib/python3.10/site-packages'
[1.821s] Level 1:colcon.colcon_core.environment:checking '/home/kousei/2DRoboPrac_ws/ros2_ws/install/nav_dev/bin'
[1.829s] INFO:colcon.colcon_core.shell:Creating package script '/home/kousei/2DRoboPrac_ws/ros2_ws/install/nav_dev/share/nav_dev/package.ps1'
[1.829s] INFO:colcon.colcon_core.shell:Creating package descriptor '/home/kousei/2DRoboPrac_ws/ros2_ws/install/nav_dev/share/nav_dev/package.dsv'
[1.829s] INFO:colcon.colcon_core.shell:Creating package script '/home/kousei/2DRoboPrac_ws/ros2_ws/install/nav_dev/share/nav_dev/package.sh'
[1.829s] INFO:colcon.colcon_core.shell:Creating package script '/home/kousei/2DRoboPrac_ws/ros2_ws/install/nav_dev/share/nav_dev/package.bash'
[1.830s] INFO:colcon.colcon_core.shell:Creating package script '/home/kousei/2DRoboPrac_ws/ros2_ws/install/nav_dev/share/nav_dev/package.zsh'
[1.830s] Level 1:colcon.colcon_core.environment:create_file_with_runtime_dependencies(/home/kousei/2DRoboPrac_ws/ros2_ws/install/nav_dev/share/colcon-core/packages/nav_dev)
[1.839s] Level 1:colcon.colcon_core.environment:create_environment_scripts_only(nav_real)
[1.846s] Level 1:colcon.colcon_core.environment:checking '/home/kousei/2DRoboPrac_ws/ros2_ws/install/nav_real' for CMake module files
[1.847s] Level 1:colcon.colcon_core.environment:checking '/home/kousei/2DRoboPrac_ws/ros2_ws/install/nav_real' for CMake config files
[1.847s] Level 1:colcon.colcon_core.shell:create_environment_hook('nav_real', 'cmake_prefix_path')
[1.854s] INFO:colcon.colcon_core.shell:Creating environment hook '/home/kousei/2DRoboPrac_ws/ros2_ws/install/nav_real/share/nav_real/hook/cmake_prefix_path.ps1'
[1.855s] INFO:colcon.colcon_core.shell:Creating environment descriptor '/home/kousei/2DRoboPrac_ws/ros2_ws/install/nav_real/share/nav_real/hook/cmake_prefix_path.dsv'
[1.855s] INFO:colcon.colcon_core.shell:Creating environment hook '/home/kousei/2DRoboPrac_ws/ros2_ws/install/nav_real/share/nav_real/hook/cmake_prefix_path.sh'
[1.855s] Level 1:colcon.colcon_core.environment:checking '/home/kousei/2DRoboPrac_ws/ros2_ws/install/nav_real/lib'
[1.855s] Level 1:colcon.colcon_core.environment:checking '/home/kousei/2DRoboPrac_ws/ros2_ws/install/nav_real/bin'
[1.855s] Level 1:colcon.colcon_core.environment:checking '/home/kousei/2DRoboPrac_ws/ros2_ws/install/nav_real/lib/pkgconfig/nav_real.pc'
[1.856s] Level 1:colcon.colcon_core.environment:checking '/home/kousei/2DRoboPrac_ws/ros2_ws/install/nav_real/lib/python3.10/site-packages'
[1.856s] Level 1:colcon.colcon_core.environment:checking '/home/kousei/2DRoboPrac_ws/ros2_ws/install/nav_real/bin'
[1.863s] INFO:colcon.colcon_core.shell:Creating package script '/home/kousei/2DRoboPrac_ws/ros2_ws/install/nav_real/share/nav_real/package.ps1'
[1.863s] INFO:colcon.colcon_core.shell:Creating package descriptor '/home/kousei/2DRoboPrac_ws/ros2_ws/install/nav_real/share/nav_real/package.dsv'
[1.863s] INFO:colcon.colcon_core.shell:Creating package script '/home/kousei/2DRoboPrac_ws/ros2_ws/install/nav_real/share/nav_real/package.sh'
[1.864s] INFO:colcon.colcon_core.shell:Creating package script '/home/kousei/2DRoboPrac_ws/ros2_ws/install/nav_real/share/nav_real/package.bash'
[1.864s] INFO:colcon.colcon_core.shell:Creating package script '/home/kousei/2DRoboPrac_ws/ros2_ws/install/nav_real/share/nav_real/package.zsh'
[1.864s] Level 1:colcon.colcon_core.environment:create_file_with_runtime_dependencies(/home/kousei/2DRoboPrac_ws/ros2_ws/install/nav_real/share/colcon-core/packages/nav_real)
[1.864s] DEBUG:colcon.colcon_parallel_executor.executor.parallel:closing loop
[1.865s] DEBUG:colcon.colcon_parallel_executor.executor.parallel:loop closed
[1.865s] DEBUG:colcon.colcon_parallel_executor.executor.parallel:run_until_complete finished with '0'
[1.865s] DEBUG:colcon.colcon_core.event_reactor:joining thread
[1.877s] INFO:colcon.colcon_core.plugin_system:Skipping extension 'colcon_notification.desktop_notification.terminal_notifier': Not used on non-Darwin systems
[1.877s] INFO:colcon.colcon_core.plugin_system:Skipping extension 'colcon_notification.desktop_notification.win32': Not used on non-Windows systems
[1.877s] INFO:colcon.colcon_notification.desktop_notification:Sending desktop notification using 'notify2'
[1.889s] DEBUG:colcon.colcon_core.event_reactor:joined thread
[1.896s] INFO:colcon.colcon_core.shell:Creating prefix script '/home/kousei/2DRoboPrac_ws/ros2_ws/install/local_setup.ps1'
[1.896s] INFO:colcon.colcon_core.shell:Creating prefix util module '/home/kousei/2DRoboPrac_ws/ros2_ws/install/_local_setup_util_ps1.py'
[1.897s] INFO:colcon.colcon_core.shell:Creating prefix chain script '/home/kousei/2DRoboPrac_ws/ros2_ws/install/setup.ps1'
[1.905s] INFO:colcon.colcon_core.shell:Creating prefix script '/home/kousei/2DRoboPrac_ws/ros2_ws/install/local_setup.sh'
[1.905s] INFO:colcon.colcon_core.shell:Creating prefix util module '/home/kousei/2DRoboPrac_ws/ros2_ws/install/_local_setup_util_sh.py'
[1.905s] INFO:colcon.colcon_core.shell:Creating prefix chain script '/home/kousei/2DRoboPrac_ws/ros2_ws/install/setup.sh'
[1.914s] INFO:colcon.colcon_core.shell:Creating prefix script '/home/kousei/2DRoboPrac_ws/ros2_ws/install/local_setup.bash'
[1.915s] INFO:colcon.colcon_core.shell:Creating prefix chain script '/home/kousei/2DRoboPrac_ws/ros2_ws/install/setup.bash'
[1.924s] INFO:colcon.colcon_core.shell:Creating prefix script '/home/kousei/2DRoboPrac_ws/ros2_ws/install/local_setup.zsh'
[1.925s] INFO:colcon.colcon_core.shell:Creating prefix chain script '/home/kousei/2DRoboPrac_ws/ros2_ws/install/setup.zsh'
