[0.062s] Invoking command in '/home/kousei/2DRoboPrac_ws/uros_ws/build/micro_ros_msgs': CMAKE_PREFIX_PATH=${CMAKE_PREFIX_PATH}:/opt/ros/humble /usr/bin/cmake /home/kousei/2DRoboPrac_ws/uros_ws/src/uros/micro_ros_msgs -DCMAKE_INSTALL_PREFIX=/home/kousei/2DRoboPrac_ws/uros_ws/install/micro_ros_msgs
[0.072s] -- Found ament_cmake: 1.3.6 (/opt/ros/humble/share/ament_cmake/cmake)
[0.170s] -- Found rosidl_default_generators: 1.2.0 (/opt/ros/humble/share/rosidl_default_generators/cmake)
[0.171s] -- Using all available rosidl_typesupport_c: rosidl_typesupport_fastrtps_c;rosidl_typesupport_introspection_c
[0.173s] -- Found rosidl_adapter: 3.1.5 (/opt/ros/humble/share/rosidl_adapter/cmake)
[0.190s] -- Using all available rosidl_typesupport_cpp: rosidl_typesupport_fastrtps_cpp;rosidl_typesupport_introspection_cpp
[0.205s] -- Found ament_lint_auto: 0.12.9 (/opt/ros/humble/share/ament_lint_auto/cmake)
[0.367s] -- Found ament_cmake_ros: 0.10.0 (/opt/ros/humble/share/ament_cmake_ros/cmake)
[0.471s] -- Using all available rosidl_typesupport_c: rosidl_typesupport_fastrtps_c;rosidl_typesupport_introspection_c
[0.608s] -- Using all available rosidl_typesupport_cpp: rosidl_typesupport_fastrtps_cpp;rosidl_typesupport_introspection_cpp
[0.622s] -- Found python_cmake_module: 0.10.0 (/opt/ros/humble/share/python_cmake_module/cmake)
[0.635s] -- Using PYTHON_EXECUTABLE: /usr/bin/python3
[0.636s] -- Using PYTHON_INCLUDE_DIRS: /usr/include/python3.10
[0.636s] -- Using PYTHON_LIBRARIES: /usr/lib/x86_64-linux-gnu/libpython3.10.so
[0.643s] -- Added test 'copyright' to check source files copyright and LICENSE
[0.644s] -- Added test 'lint_cmake' to check CMake code style
[0.645s] -- Added test 'xmllint' to check XML markup files
[0.646s] -- Configuring done
[0.661s] -- Generating done
[0.662s] -- Build files have been written to: /home/kousei/2DRoboPrac_ws/uros_ws/build/micro_ros_msgs
[0.667s] Invoked command in '/home/kousei/2DRoboPrac_ws/uros_ws/build/micro_ros_msgs' returned '0': CMAKE_PREFIX_PATH=${CMAKE_PREFIX_PATH}:/opt/ros/humble /usr/bin/cmake /home/kousei/2DRoboPrac_ws/uros_ws/src/uros/micro_ros_msgs -DCMAKE_INSTALL_PREFIX=/home/kousei/2DRoboPrac_ws/uros_ws/install/micro_ros_msgs
[0.667s] Invoking command in '/home/kousei/2DRoboPrac_ws/uros_ws/build/micro_ros_msgs': CMAKE_PREFIX_PATH=${CMAKE_PREFIX_PATH}:/opt/ros/humble /usr/bin/cmake --build /home/kousei/2DRoboPrac_ws/uros_ws/build/micro_ros_msgs -- -j16 -l16
[0.692s] [35m[1mConsolidate compiler generated dependencies of target micro_ros_msgs__rosidl_generator_c[0m
[0.697s] [  2%] Built target micro_ros_msgs__cpp
[0.699s] [ 12%] Built target micro_ros_msgs__rosidl_generator_c
[0.704s] [ 12%] Built target ament_cmake_python_copy_micro_ros_msgs
[0.704s] [35m[1mConsolidate compiler generated dependencies of target micro_ros_msgs__rosidl_typesupport_cpp[0m
[0.705s] [35m[1mConsolidate compiler generated dependencies of target micro_ros_msgs__rosidl_typesupport_fastrtps_cpp[0m
[0.706s] [35m[1mConsolidate compiler generated dependencies of target micro_ros_msgs__rosidl_typesupport_fastrtps_c[0m
[0.708s] [35m[1mConsolidate compiler generated dependencies of target micro_ros_msgs__rosidl_typesupport_introspection_cpp[0m
[0.709s] [35m[1mConsolidate compiler generated dependencies of target micro_ros_msgs__rosidl_typesupport_c[0m
[0.709s] [35m[1mConsolidate compiler generated dependencies of target micro_ros_msgs__rosidl_typesupport_introspection_c[0m
[0.714s] [ 34%] Built target micro_ros_msgs__rosidl_typesupport_cpp
[0.714s] [ 34%] Built target micro_ros_msgs__rosidl_typesupport_fastrtps_cpp
[0.715s] [ 44%] Built target micro_ros_msgs__rosidl_typesupport_fastrtps_c
[0.717s] [ 55%] Built target micro_ros_msgs__rosidl_typesupport_c
[0.718s] [ 65%] Built target micro_ros_msgs__rosidl_typesupport_introspection_c
[0.719s] [ 76%] Built target micro_ros_msgs__rosidl_typesupport_introspection_cpp
[0.732s] [ 76%] Built target micro_ros_msgs
[0.746s] [ 78%] Built target micro_ros_msgs__py
[0.754s] [35m[1mConsolidate compiler generated dependencies of target micro_ros_msgs__rosidl_generator_py[0m
[0.763s] [ 87%] Built target micro_ros_msgs__rosidl_generator_py
[0.770s] [35m[1mConsolidate compiler generated dependencies of target micro_ros_msgs__rosidl_typesupport_introspection_c__pyext[0m
[0.770s] [35m[1mConsolidate compiler generated dependencies of target micro_ros_msgs__rosidl_typesupport_fastrtps_c__pyext[0m
[0.772s] [35m[1mConsolidate compiler generated dependencies of target micro_ros_msgs__rosidl_typesupport_c__pyext[0m
[0.779s] [ 91%] Built target micro_ros_msgs__rosidl_typesupport_fastrtps_c__pyext
[0.780s] [ 95%] Built target micro_ros_msgs__rosidl_typesupport_c__pyext
[0.780s] [100%] Built target micro_ros_msgs__rosidl_typesupport_introspection_c__pyext
[0.850s] running egg_info
[0.851s] writing micro_ros_msgs.egg-info/PKG-INFO
[0.851s] writing dependency_links to micro_ros_msgs.egg-info/dependency_links.txt
[0.851s] writing top-level names to micro_ros_msgs.egg-info/top_level.txt
[0.853s] reading manifest file 'micro_ros_msgs.egg-info/SOURCES.txt'
[0.853s] writing manifest file 'micro_ros_msgs.egg-info/SOURCES.txt'
[0.871s] [100%] Built target ament_cmake_python_build_micro_ros_msgs_egg
[0.879s] Invoked command in '/home/kousei/2DRoboPrac_ws/uros_ws/build/micro_ros_msgs' returned '0': CMAKE_PREFIX_PATH=${CMAKE_PREFIX_PATH}:/opt/ros/humble /usr/bin/cmake --build /home/kousei/2DRoboPrac_ws/uros_ws/build/micro_ros_msgs -- -j16 -l16
[0.938s] Invoking command in '/home/kousei/2DRoboPrac_ws/uros_ws/build/micro_ros_msgs': CMAKE_PREFIX_PATH=${CMAKE_PREFIX_PATH}:/opt/ros/humble /usr/bin/cmake --install /home/kousei/2DRoboPrac_ws/uros_ws/build/micro_ros_msgs
[0.943s] -- Install configuration: ""
[0.944s] -- Up-to-date: /home/kousei/2DRoboPrac_ws/uros_ws/install/micro_ros_msgs/share/ament_index/resource_index/rosidl_interfaces/micro_ros_msgs
[0.944s] -- Up-to-date: /home/kousei/2DRoboPrac_ws/uros_ws/install/micro_ros_msgs/include/micro_ros_msgs/micro_ros_msgs
[0.944s] -- Up-to-date: /home/kousei/2DRoboPrac_ws/uros_ws/install/micro_ros_msgs/include/micro_ros_msgs/micro_ros_msgs/msg
[0.944s] -- Up-to-date: /home/kousei/2DRoboPrac_ws/uros_ws/install/micro_ros_msgs/include/micro_ros_msgs/micro_ros_msgs/msg/rosidl_generator_c__visibility_control.h
[0.944s] -- Up-to-date: /home/kousei/2DRoboPrac_ws/uros_ws/install/micro_ros_msgs/include/micro_ros_msgs/micro_ros_msgs/msg/entity.h
[0.944s] -- Up-to-date: /home/kousei/2DRoboPrac_ws/uros_ws/install/micro_ros_msgs/include/micro_ros_msgs/micro_ros_msgs/msg/graph.h
[0.944s] -- Up-to-date: /home/kousei/2DRoboPrac_ws/uros_ws/install/micro_ros_msgs/include/micro_ros_msgs/micro_ros_msgs/msg/detail
[0.944s] -- Up-to-date: /home/kousei/2DRoboPrac_ws/uros_ws/install/micro_ros_msgs/include/micro_ros_msgs/micro_ros_msgs/msg/detail/node__type_support.h
[0.944s] -- Up-to-date: /home/kousei/2DRoboPrac_ws/uros_ws/install/micro_ros_msgs/include/micro_ros_msgs/micro_ros_msgs/msg/detail/graph__functions.h
[0.944s] -- Up-to-date: /home/kousei/2DRoboPrac_ws/uros_ws/install/micro_ros_msgs/include/micro_ros_msgs/micro_ros_msgs/msg/detail/entity__struct.h
[0.945s] -- Up-to-date: /home/kousei/2DRoboPrac_ws/uros_ws/install/micro_ros_msgs/include/micro_ros_msgs/micro_ros_msgs/msg/detail/node__functions.c
[0.945s] -- Up-to-date: /home/kousei/2DRoboPrac_ws/uros_ws/install/micro_ros_msgs/include/micro_ros_msgs/micro_ros_msgs/msg/detail/entity__functions.c
[0.945s] -- Up-to-date: /home/kousei/2DRoboPrac_ws/uros_ws/install/micro_ros_msgs/include/micro_ros_msgs/micro_ros_msgs/msg/detail/entity__functions.h
[0.945s] -- Up-to-date: /home/kousei/2DRoboPrac_ws/uros_ws/install/micro_ros_msgs/include/micro_ros_msgs/micro_ros_msgs/msg/detail/node__functions.h
[0.945s] -- Up-to-date: /home/kousei/2DRoboPrac_ws/uros_ws/install/micro_ros_msgs/include/micro_ros_msgs/micro_ros_msgs/msg/detail/graph__functions.c
[0.945s] -- Up-to-date: /home/kousei/2DRoboPrac_ws/uros_ws/install/micro_ros_msgs/include/micro_ros_msgs/micro_ros_msgs/msg/detail/entity__type_support.h
[0.945s] -- Up-to-date: /home/kousei/2DRoboPrac_ws/uros_ws/install/micro_ros_msgs/include/micro_ros_msgs/micro_ros_msgs/msg/detail/node__struct.h
[0.945s] -- Up-to-date: /home/kousei/2DRoboPrac_ws/uros_ws/install/micro_ros_msgs/include/micro_ros_msgs/micro_ros_msgs/msg/detail/graph__type_support.h
[0.945s] -- Up-to-date: /home/kousei/2DRoboPrac_ws/uros_ws/install/micro_ros_msgs/include/micro_ros_msgs/micro_ros_msgs/msg/detail/graph__struct.h
[0.945s] -- Up-to-date: /home/kousei/2DRoboPrac_ws/uros_ws/install/micro_ros_msgs/include/micro_ros_msgs/micro_ros_msgs/msg/node.h
[0.945s] -- Up-to-date: /home/kousei/2DRoboPrac_ws/uros_ws/install/micro_ros_msgs/share/micro_ros_msgs/environment/library_path.sh
[0.945s] -- Installing: /home/kousei/2DRoboPrac_ws/uros_ws/install/micro_ros_msgs/share/micro_ros_msgs/environment/library_path.dsv
[0.945s] -- Up-to-date: /home/kousei/2DRoboPrac_ws/uros_ws/install/micro_ros_msgs/lib/libmicro_ros_msgs__rosidl_generator_c.so
[0.945s] -- Up-to-date: /home/kousei/2DRoboPrac_ws/uros_ws/install/micro_ros_msgs/include/micro_ros_msgs/micro_ros_msgs
[0.945s] -- Up-to-date: /home/kousei/2DRoboPrac_ws/uros_ws/install/micro_ros_msgs/include/micro_ros_msgs/micro_ros_msgs/msg
[0.945s] -- Up-to-date: /home/kousei/2DRoboPrac_ws/uros_ws/install/micro_ros_msgs/include/micro_ros_msgs/micro_ros_msgs/msg/detail
[0.945s] -- Up-to-date: /home/kousei/2DRoboPrac_ws/uros_ws/install/micro_ros_msgs/include/micro_ros_msgs/micro_ros_msgs/msg/detail/graph__rosidl_typesupport_fastrtps_c.h
[0.945s] -- Up-to-date: /home/kousei/2DRoboPrac_ws/uros_ws/install/micro_ros_msgs/include/micro_ros_msgs/micro_ros_msgs/msg/detail/entity__rosidl_typesupport_fastrtps_c.h
[0.945s] -- Up-to-date: /home/kousei/2DRoboPrac_ws/uros_ws/install/micro_ros_msgs/include/micro_ros_msgs/micro_ros_msgs/msg/detail/node__rosidl_typesupport_fastrtps_c.h
[0.945s] -- Up-to-date: /home/kousei/2DRoboPrac_ws/uros_ws/install/micro_ros_msgs/include/micro_ros_msgs/micro_ros_msgs/msg/rosidl_typesupport_fastrtps_c__visibility_control.h
[0.945s] -- Up-to-date: /home/kousei/2DRoboPrac_ws/uros_ws/install/micro_ros_msgs/lib/libmicro_ros_msgs__rosidl_typesupport_fastrtps_c.so
[0.945s] -- Up-to-date: /home/kousei/2DRoboPrac_ws/uros_ws/install/micro_ros_msgs/include/micro_ros_msgs/micro_ros_msgs
[0.945s] -- Up-to-date: /home/kousei/2DRoboPrac_ws/uros_ws/install/micro_ros_msgs/include/micro_ros_msgs/micro_ros_msgs/msg
[0.945s] -- Up-to-date: /home/kousei/2DRoboPrac_ws/uros_ws/install/micro_ros_msgs/include/micro_ros_msgs/micro_ros_msgs/msg/detail
[0.945s] -- Up-to-date: /home/kousei/2DRoboPrac_ws/uros_ws/install/micro_ros_msgs/include/micro_ros_msgs/micro_ros_msgs/msg/detail/node__rosidl_typesupport_introspection_c.h
[0.945s] -- Up-to-date: /home/kousei/2DRoboPrac_ws/uros_ws/install/micro_ros_msgs/include/micro_ros_msgs/micro_ros_msgs/msg/detail/node__type_support.c
[0.945s] -- Up-to-date: /home/kousei/2DRoboPrac_ws/uros_ws/install/micro_ros_msgs/include/micro_ros_msgs/micro_ros_msgs/msg/detail/entity__type_support.c
[0.945s] -- Up-to-date: /home/kousei/2DRoboPrac_ws/uros_ws/install/micro_ros_msgs/include/micro_ros_msgs/micro_ros_msgs/msg/detail/graph__type_support.c
[0.945s] -- Up-to-date: /home/kousei/2DRoboPrac_ws/uros_ws/install/micro_ros_msgs/include/micro_ros_msgs/micro_ros_msgs/msg/detail/entity__rosidl_typesupport_introspection_c.h
[0.945s] -- Up-to-date: /home/kousei/2DRoboPrac_ws/uros_ws/install/micro_ros_msgs/include/micro_ros_msgs/micro_ros_msgs/msg/detail/graph__rosidl_typesupport_introspection_c.h
[0.945s] -- Up-to-date: /home/kousei/2DRoboPrac_ws/uros_ws/install/micro_ros_msgs/include/micro_ros_msgs/micro_ros_msgs/msg/rosidl_typesupport_introspection_c__visibility_control.h
[0.946s] -- Up-to-date: /home/kousei/2DRoboPrac_ws/uros_ws/install/micro_ros_msgs/lib/libmicro_ros_msgs__rosidl_typesupport_introspection_c.so
[0.946s] -- Up-to-date: /home/kousei/2DRoboPrac_ws/uros_ws/install/micro_ros_msgs/lib/libmicro_ros_msgs__rosidl_typesupport_c.so
[0.946s] -- Up-to-date: /home/kousei/2DRoboPrac_ws/uros_ws/install/micro_ros_msgs/include/micro_ros_msgs/micro_ros_msgs
[0.946s] -- Up-to-date: /home/kousei/2DRoboPrac_ws/uros_ws/install/micro_ros_msgs/include/micro_ros_msgs/micro_ros_msgs/msg
[0.946s] -- Up-to-date: /home/kousei/2DRoboPrac_ws/uros_ws/install/micro_ros_msgs/include/micro_ros_msgs/micro_ros_msgs/msg/graph.hpp
[0.946s] -- Up-to-date: /home/kousei/2DRoboPrac_ws/uros_ws/install/micro_ros_msgs/include/micro_ros_msgs/micro_ros_msgs/msg/node.hpp
[0.946s] -- Up-to-date: /home/kousei/2DRoboPrac_ws/uros_ws/install/micro_ros_msgs/include/micro_ros_msgs/micro_ros_msgs/msg/detail
[0.946s] -- Up-to-date: /home/kousei/2DRoboPrac_ws/uros_ws/install/micro_ros_msgs/include/micro_ros_msgs/micro_ros_msgs/msg/detail/node__builder.hpp
[0.946s] -- Up-to-date: /home/kousei/2DRoboPrac_ws/uros_ws/install/micro_ros_msgs/include/micro_ros_msgs/micro_ros_msgs/msg/detail/graph__traits.hpp
[0.946s] -- Up-to-date: /home/kousei/2DRoboPrac_ws/uros_ws/install/micro_ros_msgs/include/micro_ros_msgs/micro_ros_msgs/msg/detail/entity__builder.hpp
[0.946s] -- Up-to-date: /home/kousei/2DRoboPrac_ws/uros_ws/install/micro_ros_msgs/include/micro_ros_msgs/micro_ros_msgs/msg/detail/graph__struct.hpp
[0.946s] -- Up-to-date: /home/kousei/2DRoboPrac_ws/uros_ws/install/micro_ros_msgs/include/micro_ros_msgs/micro_ros_msgs/msg/detail/entity__traits.hpp
[0.946s] -- Up-to-date: /home/kousei/2DRoboPrac_ws/uros_ws/install/micro_ros_msgs/include/micro_ros_msgs/micro_ros_msgs/msg/detail/node__struct.hpp
[0.946s] -- Up-to-date: /home/kousei/2DRoboPrac_ws/uros_ws/install/micro_ros_msgs/include/micro_ros_msgs/micro_ros_msgs/msg/detail/entity__struct.hpp
[0.946s] -- Up-to-date: /home/kousei/2DRoboPrac_ws/uros_ws/install/micro_ros_msgs/include/micro_ros_msgs/micro_ros_msgs/msg/detail/graph__builder.hpp
[0.946s] -- Up-to-date: /home/kousei/2DRoboPrac_ws/uros_ws/install/micro_ros_msgs/include/micro_ros_msgs/micro_ros_msgs/msg/detail/node__traits.hpp
[0.946s] -- Up-to-date: /home/kousei/2DRoboPrac_ws/uros_ws/install/micro_ros_msgs/include/micro_ros_msgs/micro_ros_msgs/msg/entity.hpp
[0.946s] -- Up-to-date: /home/kousei/2DRoboPrac_ws/uros_ws/install/micro_ros_msgs/include/micro_ros_msgs/micro_ros_msgs
[0.946s] -- Up-to-date: /home/kousei/2DRoboPrac_ws/uros_ws/install/micro_ros_msgs/include/micro_ros_msgs/micro_ros_msgs/msg
[0.946s] -- Up-to-date: /home/kousei/2DRoboPrac_ws/uros_ws/install/micro_ros_msgs/include/micro_ros_msgs/micro_ros_msgs/msg/detail
[0.946s] -- Up-to-date: /home/kousei/2DRoboPrac_ws/uros_ws/install/micro_ros_msgs/include/micro_ros_msgs/micro_ros_msgs/msg/detail/node__rosidl_typesupport_fastrtps_cpp.hpp
[0.946s] -- Up-to-date: /home/kousei/2DRoboPrac_ws/uros_ws/install/micro_ros_msgs/include/micro_ros_msgs/micro_ros_msgs/msg/detail/entity__rosidl_typesupport_fastrtps_cpp.hpp
[0.946s] -- Up-to-date: /home/kousei/2DRoboPrac_ws/uros_ws/install/micro_ros_msgs/include/micro_ros_msgs/micro_ros_msgs/msg/detail/dds_fastrtps
[0.946s] -- Up-to-date: /home/kousei/2DRoboPrac_ws/uros_ws/install/micro_ros_msgs/include/micro_ros_msgs/micro_ros_msgs/msg/detail/graph__rosidl_typesupport_fastrtps_cpp.hpp
[0.946s] -- Up-to-date: /home/kousei/2DRoboPrac_ws/uros_ws/install/micro_ros_msgs/include/micro_ros_msgs/micro_ros_msgs/msg/rosidl_typesupport_fastrtps_cpp__visibility_control.h
[0.946s] -- Up-to-date: /home/kousei/2DRoboPrac_ws/uros_ws/install/micro_ros_msgs/lib/libmicro_ros_msgs__rosidl_typesupport_fastrtps_cpp.so
[0.946s] -- Up-to-date: /home/kousei/2DRoboPrac_ws/uros_ws/install/micro_ros_msgs/include/micro_ros_msgs/micro_ros_msgs
[0.946s] -- Up-to-date: /home/kousei/2DRoboPrac_ws/uros_ws/install/micro_ros_msgs/include/micro_ros_msgs/micro_ros_msgs/msg
[0.946s] -- Up-to-date: /home/kousei/2DRoboPrac_ws/uros_ws/install/micro_ros_msgs/include/micro_ros_msgs/micro_ros_msgs/msg/detail
[0.947s] -- Up-to-date: /home/kousei/2DRoboPrac_ws/uros_ws/install/micro_ros_msgs/include/micro_ros_msgs/micro_ros_msgs/msg/detail/node__rosidl_typesupport_introspection_cpp.hpp
[0.947s] -- Up-to-date: /home/kousei/2DRoboPrac_ws/uros_ws/install/micro_ros_msgs/include/micro_ros_msgs/micro_ros_msgs/msg/detail/node__type_support.cpp
[0.947s] -- Up-to-date: /home/kousei/2DRoboPrac_ws/uros_ws/install/micro_ros_msgs/include/micro_ros_msgs/micro_ros_msgs/msg/detail/graph__type_support.cpp
[0.947s] -- Up-to-date: /home/kousei/2DRoboPrac_ws/uros_ws/install/micro_ros_msgs/include/micro_ros_msgs/micro_ros_msgs/msg/detail/entity__rosidl_typesupport_introspection_cpp.hpp
[0.947s] -- Up-to-date: /home/kousei/2DRoboPrac_ws/uros_ws/install/micro_ros_msgs/include/micro_ros_msgs/micro_ros_msgs/msg/detail/entity__type_support.cpp
[0.947s] -- Up-to-date: /home/kousei/2DRoboPrac_ws/uros_ws/install/micro_ros_msgs/include/micro_ros_msgs/micro_ros_msgs/msg/detail/graph__rosidl_typesupport_introspection_cpp.hpp
[0.947s] -- Up-to-date: /home/kousei/2DRoboPrac_ws/uros_ws/install/micro_ros_msgs/lib/libmicro_ros_msgs__rosidl_typesupport_introspection_cpp.so
[0.947s] -- Up-to-date: /home/kousei/2DRoboPrac_ws/uros_ws/install/micro_ros_msgs/lib/libmicro_ros_msgs__rosidl_typesupport_cpp.so
[0.947s] -- Up-to-date: /home/kousei/2DRoboPrac_ws/uros_ws/install/micro_ros_msgs/share/micro_ros_msgs/environment/pythonpath.sh
[0.947s] -- Installing: /home/kousei/2DRoboPrac_ws/uros_ws/install/micro_ros_msgs/share/micro_ros_msgs/environment/pythonpath.dsv
[0.947s] -- Up-to-date: /home/kousei/2DRoboPrac_ws/uros_ws/install/micro_ros_msgs/local/lib/python3.10/dist-packages/micro_ros_msgs-3.0.0-py3.10.egg-info
[0.947s] -- Installing: /home/kousei/2DRoboPrac_ws/uros_ws/install/micro_ros_msgs/local/lib/python3.10/dist-packages/micro_ros_msgs-3.0.0-py3.10.egg-info/dependency_links.txt
[0.947s] -- Installing: /home/kousei/2DRoboPrac_ws/uros_ws/install/micro_ros_msgs/local/lib/python3.10/dist-packages/micro_ros_msgs-3.0.0-py3.10.egg-info/SOURCES.txt
[0.947s] -- Installing: /home/kousei/2DRoboPrac_ws/uros_ws/install/micro_ros_msgs/local/lib/python3.10/dist-packages/micro_ros_msgs-3.0.0-py3.10.egg-info/top_level.txt
[0.947s] -- Installing: /home/kousei/2DRoboPrac_ws/uros_ws/install/micro_ros_msgs/local/lib/python3.10/dist-packages/micro_ros_msgs-3.0.0-py3.10.egg-info/PKG-INFO
[0.947s] -- Up-to-date: /home/kousei/2DRoboPrac_ws/uros_ws/install/micro_ros_msgs/local/lib/python3.10/dist-packages/micro_ros_msgs
[0.947s] -- Installing: /home/kousei/2DRoboPrac_ws/uros_ws/install/micro_ros_msgs/local/lib/python3.10/dist-packages/micro_ros_msgs/__init__.py
[0.947s] -- Up-to-date: /home/kousei/2DRoboPrac_ws/uros_ws/install/micro_ros_msgs/local/lib/python3.10/dist-packages/micro_ros_msgs/micro_ros_msgs_s__rosidl_typesupport_introspection_c.cpython-310-x86_64-linux-gnu.so
[0.947s] -- Up-to-date: /home/kousei/2DRoboPrac_ws/uros_ws/install/micro_ros_msgs/local/lib/python3.10/dist-packages/micro_ros_msgs/_micro_ros_msgs_s.ep.rosidl_typesupport_fastrtps_c.c
[0.947s] -- Up-to-date: /home/kousei/2DRoboPrac_ws/uros_ws/install/micro_ros_msgs/local/lib/python3.10/dist-packages/micro_ros_msgs/msg
[0.947s] -- Up-to-date: /home/kousei/2DRoboPrac_ws/uros_ws/install/micro_ros_msgs/local/lib/python3.10/dist-packages/micro_ros_msgs/msg/__init__.py
[0.947s] -- Up-to-date: /home/kousei/2DRoboPrac_ws/uros_ws/install/micro_ros_msgs/local/lib/python3.10/dist-packages/micro_ros_msgs/msg/_graph.py
[0.947s] -- Up-to-date: /home/kousei/2DRoboPrac_ws/uros_ws/install/micro_ros_msgs/local/lib/python3.10/dist-packages/micro_ros_msgs/msg/_entity_s.c
[0.947s] -- Up-to-date: /home/kousei/2DRoboPrac_ws/uros_ws/install/micro_ros_msgs/local/lib/python3.10/dist-packages/micro_ros_msgs/msg/_node.py
[0.947s] -- Up-to-date: /home/kousei/2DRoboPrac_ws/uros_ws/install/micro_ros_msgs/local/lib/python3.10/dist-packages/micro_ros_msgs/msg/_graph_s.c
[0.947s] -- Up-to-date: /home/kousei/2DRoboPrac_ws/uros_ws/install/micro_ros_msgs/local/lib/python3.10/dist-packages/micro_ros_msgs/msg/_entity.py
[0.947s] -- Up-to-date: /home/kousei/2DRoboPrac_ws/uros_ws/install/micro_ros_msgs/local/lib/python3.10/dist-packages/micro_ros_msgs/msg/_node_s.c
[0.947s] -- Up-to-date: /home/kousei/2DRoboPrac_ws/uros_ws/install/micro_ros_msgs/local/lib/python3.10/dist-packages/micro_ros_msgs/_micro_ros_msgs_s.ep.rosidl_typesupport_c.c
[0.947s] -- Up-to-date: /home/kousei/2DRoboPrac_ws/uros_ws/install/micro_ros_msgs/local/lib/python3.10/dist-packages/micro_ros_msgs/_micro_ros_msgs_s.ep.rosidl_typesupport_introspection_c.c
[0.947s] -- Up-to-date: /home/kousei/2DRoboPrac_ws/uros_ws/install/micro_ros_msgs/local/lib/python3.10/dist-packages/micro_ros_msgs/micro_ros_msgs_s__rosidl_typesupport_fastrtps_c.cpython-310-x86_64-linux-gnu.so
[0.947s] -- Up-to-date: /home/kousei/2DRoboPrac_ws/uros_ws/install/micro_ros_msgs/local/lib/python3.10/dist-packages/micro_ros_msgs/micro_ros_msgs_s__rosidl_typesupport_c.cpython-310-x86_64-linux-gnu.so
[0.947s] -- Up-to-date: /home/kousei/2DRoboPrac_ws/uros_ws/install/micro_ros_msgs/local/lib/python3.10/dist-packages/micro_ros_msgs/libmicro_ros_msgs__rosidl_generator_py.so
[0.967s] Listing '/home/kousei/2DRoboPrac_ws/uros_ws/install/micro_ros_msgs/local/lib/python3.10/dist-packages/micro_ros_msgs'...
[0.967s] Compiling '/home/kousei/2DRoboPrac_ws/uros_ws/install/micro_ros_msgs/local/lib/python3.10/dist-packages/micro_ros_msgs/__init__.py'...
[0.967s] Listing '/home/kousei/2DRoboPrac_ws/uros_ws/install/micro_ros_msgs/local/lib/python3.10/dist-packages/micro_ros_msgs/msg'...
[0.970s] -- Up-to-date: /home/kousei/2DRoboPrac_ws/uros_ws/install/micro_ros_msgs/local/lib/python3.10/dist-packages/micro_ros_msgs/micro_ros_msgs_s__rosidl_typesupport_fastrtps_c.cpython-310-x86_64-linux-gnu.so
[0.970s] -- Up-to-date: /home/kousei/2DRoboPrac_ws/uros_ws/install/micro_ros_msgs/local/lib/python3.10/dist-packages/micro_ros_msgs/micro_ros_msgs_s__rosidl_typesupport_introspection_c.cpython-310-x86_64-linux-gnu.so
[0.970s] -- Up-to-date: /home/kousei/2DRoboPrac_ws/uros_ws/install/micro_ros_msgs/local/lib/python3.10/dist-packages/micro_ros_msgs/micro_ros_msgs_s__rosidl_typesupport_c.cpython-310-x86_64-linux-gnu.so
[0.970s] -- Up-to-date: /home/kousei/2DRoboPrac_ws/uros_ws/install/micro_ros_msgs/lib/libmicro_ros_msgs__rosidl_generator_py.so
[0.970s] -- Up-to-date: /home/kousei/2DRoboPrac_ws/uros_ws/install/micro_ros_msgs/share/micro_ros_msgs/msg/Graph.idl
[0.970s] -- Up-to-date: /home/kousei/2DRoboPrac_ws/uros_ws/install/micro_ros_msgs/share/micro_ros_msgs/msg/Node.idl
[0.970s] -- Up-to-date: /home/kousei/2DRoboPrac_ws/uros_ws/install/micro_ros_msgs/share/micro_ros_msgs/msg/Entity.idl
[0.971s] -- Up-to-date: /home/kousei/2DRoboPrac_ws/uros_ws/install/micro_ros_msgs/share/micro_ros_msgs/msg/Graph.msg
[0.971s] -- Up-to-date: /home/kousei/2DRoboPrac_ws/uros_ws/install/micro_ros_msgs/share/micro_ros_msgs/msg/Node.msg
[0.971s] -- Up-to-date: /home/kousei/2DRoboPrac_ws/uros_ws/install/micro_ros_msgs/share/micro_ros_msgs/msg/Entity.msg
[0.971s] -- Up-to-date: /home/kousei/2DRoboPrac_ws/uros_ws/install/micro_ros_msgs/share/ament_index/resource_index/package_run_dependencies/micro_ros_msgs
[0.971s] -- Installing: /home/kousei/2DRoboPrac_ws/uros_ws/install/micro_ros_msgs/share/ament_index/resource_index/parent_prefix_path/micro_ros_msgs
[0.971s] -- Up-to-date: /home/kousei/2DRoboPrac_ws/uros_ws/install/micro_ros_msgs/share/micro_ros_msgs/environment/ament_prefix_path.sh
[0.971s] -- Installing: /home/kousei/2DRoboPrac_ws/uros_ws/install/micro_ros_msgs/share/micro_ros_msgs/environment/ament_prefix_path.dsv
[0.971s] -- Up-to-date: /home/kousei/2DRoboPrac_ws/uros_ws/install/micro_ros_msgs/share/micro_ros_msgs/environment/path.sh
[0.971s] -- Installing: /home/kousei/2DRoboPrac_ws/uros_ws/install/micro_ros_msgs/share/micro_ros_msgs/environment/path.dsv
[0.971s] -- Up-to-date: /home/kousei/2DRoboPrac_ws/uros_ws/install/micro_ros_msgs/share/micro_ros_msgs/local_setup.bash
[0.971s] -- Up-to-date: /home/kousei/2DRoboPrac_ws/uros_ws/install/micro_ros_msgs/share/micro_ros_msgs/local_setup.sh
[0.971s] -- Up-to-date: /home/kousei/2DRoboPrac_ws/uros_ws/install/micro_ros_msgs/share/micro_ros_msgs/local_setup.zsh
[0.971s] -- Installing: /home/kousei/2DRoboPrac_ws/uros_ws/install/micro_ros_msgs/share/micro_ros_msgs/local_setup.dsv
[0.972s] -- Installing: /home/kousei/2DRoboPrac_ws/uros_ws/install/micro_ros_msgs/share/micro_ros_msgs/package.dsv
[0.972s] -- Up-to-date: /home/kousei/2DRoboPrac_ws/uros_ws/install/micro_ros_msgs/share/ament_index/resource_index/packages/micro_ros_msgs
[0.972s] -- Up-to-date: /home/kousei/2DRoboPrac_ws/uros_ws/install/micro_ros_msgs/share/micro_ros_msgs/cmake/export_micro_ros_msgs__rosidl_generator_cExport.cmake
[0.972s] -- Up-to-date: /home/kousei/2DRoboPrac_ws/uros_ws/install/micro_ros_msgs/share/micro_ros_msgs/cmake/export_micro_ros_msgs__rosidl_generator_cExport-noconfig.cmake
[0.972s] -- Up-to-date: /home/kousei/2DRoboPrac_ws/uros_ws/install/micro_ros_msgs/share/micro_ros_msgs/cmake/export_micro_ros_msgs__rosidl_typesupport_fastrtps_cExport.cmake
[0.972s] -- Up-to-date: /home/kousei/2DRoboPrac_ws/uros_ws/install/micro_ros_msgs/share/micro_ros_msgs/cmake/export_micro_ros_msgs__rosidl_typesupport_fastrtps_cExport-noconfig.cmake
[0.972s] -- Up-to-date: /home/kousei/2DRoboPrac_ws/uros_ws/install/micro_ros_msgs/share/micro_ros_msgs/cmake/micro_ros_msgs__rosidl_typesupport_introspection_cExport.cmake
[0.972s] -- Up-to-date: /home/kousei/2DRoboPrac_ws/uros_ws/install/micro_ros_msgs/share/micro_ros_msgs/cmake/micro_ros_msgs__rosidl_typesupport_introspection_cExport-noconfig.cmake
[0.972s] -- Up-to-date: /home/kousei/2DRoboPrac_ws/uros_ws/install/micro_ros_msgs/share/micro_ros_msgs/cmake/micro_ros_msgs__rosidl_typesupport_cExport.cmake
[0.972s] -- Up-to-date: /home/kousei/2DRoboPrac_ws/uros_ws/install/micro_ros_msgs/share/micro_ros_msgs/cmake/micro_ros_msgs__rosidl_typesupport_cExport-noconfig.cmake
[0.972s] -- Up-to-date: /home/kousei/2DRoboPrac_ws/uros_ws/install/micro_ros_msgs/share/micro_ros_msgs/cmake/export_micro_ros_msgs__rosidl_generator_cppExport.cmake
[0.972s] -- Up-to-date: /home/kousei/2DRoboPrac_ws/uros_ws/install/micro_ros_msgs/share/micro_ros_msgs/cmake/export_micro_ros_msgs__rosidl_typesupport_fastrtps_cppExport.cmake
[0.972s] -- Up-to-date: /home/kousei/2DRoboPrac_ws/uros_ws/install/micro_ros_msgs/share/micro_ros_msgs/cmake/export_micro_ros_msgs__rosidl_typesupport_fastrtps_cppExport-noconfig.cmake
[0.972s] -- Up-to-date: /home/kousei/2DRoboPrac_ws/uros_ws/install/micro_ros_msgs/share/micro_ros_msgs/cmake/micro_ros_msgs__rosidl_typesupport_introspection_cppExport.cmake
[0.972s] -- Up-to-date: /home/kousei/2DRoboPrac_ws/uros_ws/install/micro_ros_msgs/share/micro_ros_msgs/cmake/micro_ros_msgs__rosidl_typesupport_introspection_cppExport-noconfig.cmake
[0.972s] -- Up-to-date: /home/kousei/2DRoboPrac_ws/uros_ws/install/micro_ros_msgs/share/micro_ros_msgs/cmake/micro_ros_msgs__rosidl_typesupport_cppExport.cmake
[0.972s] -- Up-to-date: /home/kousei/2DRoboPrac_ws/uros_ws/install/micro_ros_msgs/share/micro_ros_msgs/cmake/micro_ros_msgs__rosidl_typesupport_cppExport-noconfig.cmake
[0.972s] -- Up-to-date: /home/kousei/2DRoboPrac_ws/uros_ws/install/micro_ros_msgs/share/micro_ros_msgs/cmake/export_micro_ros_msgs__rosidl_generator_pyExport.cmake
[0.972s] -- Up-to-date: /home/kousei/2DRoboPrac_ws/uros_ws/install/micro_ros_msgs/share/micro_ros_msgs/cmake/export_micro_ros_msgs__rosidl_generator_pyExport-noconfig.cmake
[0.972s] -- Up-to-date: /home/kousei/2DRoboPrac_ws/uros_ws/install/micro_ros_msgs/share/micro_ros_msgs/cmake/rosidl_cmake-extras.cmake
[0.972s] -- Up-to-date: /home/kousei/2DRoboPrac_ws/uros_ws/install/micro_ros_msgs/share/micro_ros_msgs/cmake/ament_cmake_export_include_directories-extras.cmake
[0.972s] -- Up-to-date: /home/kousei/2DRoboPrac_ws/uros_ws/install/micro_ros_msgs/share/micro_ros_msgs/cmake/ament_cmake_export_libraries-extras.cmake
[0.972s] -- Up-to-date: /home/kousei/2DRoboPrac_ws/uros_ws/install/micro_ros_msgs/share/micro_ros_msgs/cmake/ament_cmake_export_targets-extras.cmake
[0.972s] -- Up-to-date: /home/kousei/2DRoboPrac_ws/uros_ws/install/micro_ros_msgs/share/micro_ros_msgs/cmake/rosidl_cmake_export_typesupport_targets-extras.cmake
[0.972s] -- Up-to-date: /home/kousei/2DRoboPrac_ws/uros_ws/install/micro_ros_msgs/share/micro_ros_msgs/cmake/ament_cmake_export_dependencies-extras.cmake
[0.972s] -- Up-to-date: /home/kousei/2DRoboPrac_ws/uros_ws/install/micro_ros_msgs/share/micro_ros_msgs/cmake/rosidl_cmake_export_typesupport_libraries-extras.cmake
[0.972s] -- Up-to-date: /home/kousei/2DRoboPrac_ws/uros_ws/install/micro_ros_msgs/share/micro_ros_msgs/cmake/micro_ros_msgsConfig.cmake
[0.972s] -- Up-to-date: /home/kousei/2DRoboPrac_ws/uros_ws/install/micro_ros_msgs/share/micro_ros_msgs/cmake/micro_ros_msgsConfig-version.cmake
[0.972s] -- Up-to-date: /home/kousei/2DRoboPrac_ws/uros_ws/install/micro_ros_msgs/share/micro_ros_msgs/package.xml
[0.973s] Invoked command in '/home/kousei/2DRoboPrac_ws/uros_ws/build/micro_ros_msgs' returned '0': CMAKE_PREFIX_PATH=${CMAKE_PREFIX_PATH}:/opt/ros/humble /usr/bin/cmake --install /home/kousei/2DRoboPrac_ws/uros_ws/build/micro_ros_msgs
