[35m[1mConsolidate compiler generated dependencies of target diff_drive_node[0m
[ 16%] Built target counter_node
[ 33%] Built target test_pub_node
[ 50%] Built target joy_transrate_node
[ 66%] Built target simple_dd_node
[ 83%] Built target raspi_node
[ 91%] [32mBuilding CXX object CMakeFiles/diff_drive_node.dir/src/diff_drive_node.cpp.o[0m
[100%] [32m[1mLinking CXX executable diff_drive_node[0m
[100%] Built target diff_drive_node
-- Install configuration: ""
-- Up-to-date: /home/kousei/2DRoboPrac_ws/ros2_ws/install/nav_real/include
-- Up-to-date: /home/kousei/2DRoboPrac_ws/ros2_ws/install/nav_real/include/nav_real
-- Up-to-date: /home/kousei/2DRoboPrac_ws/ros2_ws/install/nav_real/lib/nav_real/counter_node
-- Up-to-date: /home/kousei/2DRoboPrac_ws/ros2_ws/install/nav_real/lib/nav_real/test_pub_node
-- Up-to-date: /home/kousei/2DRoboPrac_ws/ros2_ws/install/nav_real/lib/nav_real/raspi_node
-- Up-to-date: /home/kousei/2DRoboPrac_ws/ros2_ws/install/nav_real/lib/nav_real/joy_transrate_node
-- Installing: /home/kousei/2DRoboPrac_ws/ros2_ws/install/nav_real/lib/nav_real/diff_drive_node
-- Set runtime path of "/home/kousei/2DRoboPrac_ws/ros2_ws/install/nav_real/lib/nav_real/diff_drive_node" to ""
-- Up-to-date: /home/kousei/2DRoboPrac_ws/ros2_ws/install/nav_real/lib/nav_real/simple_dd_node
-- Up-to-date: /home/kousei/2DRoboPrac_ws/ros2_ws/install/nav_real/share/nav_real/config
-- Up-to-date: /home/kousei/2DRoboPrac_ws/ros2_ws/install/nav_real/share/nav_real/config/params.yaml
-- Up-to-date: /home/kousei/2DRoboPrac_ws/ros2_ws/install/nav_real/share/nav_real/launch
-- Up-to-date: /home/kousei/2DRoboPrac_ws/ros2_ws/install/nav_real/share/nav_real/launch/diff_drive.launch.py
-- Up-to-date: /home/kousei/2DRoboPrac_ws/ros2_ws/install/nav_real/share/ament_index/resource_index/package_run_dependencies/nav_real
-- Up-to-date: /home/kousei/2DRoboPrac_ws/ros2_ws/install/nav_real/share/ament_index/resource_index/parent_prefix_path/nav_real
-- Up-to-date: /home/kousei/2DRoboPrac_ws/ros2_ws/install/nav_real/share/nav_real/environment/ament_prefix_path.sh
-- Up-to-date: /home/kousei/2DRoboPrac_ws/ros2_ws/install/nav_real/share/nav_real/environment/ament_prefix_path.dsv
-- Up-to-date: /home/kousei/2DRoboPrac_ws/ros2_ws/install/nav_real/share/nav_real/environment/path.sh
-- Up-to-date: /home/kousei/2DRoboPrac_ws/ros2_ws/install/nav_real/share/nav_real/environment/path.dsv
-- Up-to-date: /home/kousei/2DRoboPrac_ws/ros2_ws/install/nav_real/share/nav_real/local_setup.bash
-- Up-to-date: /home/kousei/2DRoboPrac_ws/ros2_ws/install/nav_real/share/nav_real/local_setup.sh
-- Up-to-date: /home/kousei/2DRoboPrac_ws/ros2_ws/install/nav_real/share/nav_real/local_setup.zsh
-- Up-to-date: /home/kousei/2DRoboPrac_ws/ros2_ws/install/nav_real/share/nav_real/local_setup.dsv
-- Installing: /home/kousei/2DRoboPrac_ws/ros2_ws/install/nav_real/share/nav_real/package.dsv
-- Up-to-date: /home/kousei/2DRoboPrac_ws/ros2_ws/install/nav_real/share/ament_index/resource_index/packages/nav_real
-- Up-to-date: /home/kousei/2DRoboPrac_ws/ros2_ws/install/nav_real/share/nav_real/cmake/ament_cmake_export_dependencies-extras.cmake
-- Up-to-date: /home/kousei/2DRoboPrac_ws/ros2_ws/install/nav_real/share/nav_real/cmake/ament_cmake_export_include_directories-extras.cmake
-- Up-to-date: /home/kousei/2DRoboPrac_ws/ros2_ws/install/nav_real/share/nav_real/cmake/nav_realConfig.cmake
-- Up-to-date: /home/kousei/2DRoboPrac_ws/ros2_ws/install/nav_real/share/nav_real/cmake/nav_realConfig-version.cmake
-- Up-to-date: /home/kousei/2DRoboPrac_ws/ros2_ws/install/nav_real/share/nav_real/package.xml
