[0.101s] Invoking command in '/home/kousei/2DRoboPrac_ws/ros2_ws/build/key_event_msgs': CMAKE_PREFIX_PATH=${CMAKE_PREFIX_PATH}:/opt/ros/humble /usr/bin/cmake /home/kousei/2DRoboPrac_ws/ros2_ws/src/key_event_msgs -DCMAKE_INSTALL_PREFIX=/home/kousei/2DRoboPrac_ws/ros2_ws/install/key_event_msgs
[0.171s] -- The C compiler identification is GNU 11.4.0
[0.206s] -- The CXX compiler identification is GNU 11.4.0
[0.211s] -- Detecting C compiler ABI info
[0.257s] -- Detecting C compiler ABI info - done
[0.263s] -- Check for working C compiler: /usr/bin/cc - skipped
[0.263s] -- Detecting C compile features
[0.264s] -- Detecting C compile features - done
[0.266s] -- Detecting CXX compiler ABI info
[0.319s] -- Detecting CXX compiler ABI info - done
[0.324s] -- Check for working CXX compiler: /usr/bin/c++ - skipped
[0.325s] -- Detecting CXX compile features
[0.325s] -- Detecting CXX compile features - done
[0.327s] -- Found ament_cmake: 1.3.6 (/opt/ros/humble/share/ament_cmake/cmake)
[0.444s] -- Found Python3: /usr/bin/python3.10 (found version "3.10.12") found components: Interpreter 
[0.501s] -- Found rosidl_default_generators: 1.2.0 (/opt/ros/humble/share/rosidl_default_generators/cmake)
[0.503s] -- Using all available rosidl_typesupport_c: rosidl_typesupport_fastrtps_c;rosidl_typesupport_introspection_c
[0.507s] -- Found rosidl_adapter: 3.1.5 (/opt/ros/humble/share/rosidl_adapter/cmake)
[0.535s] -- Using all available rosidl_typesupport_cpp: rosidl_typesupport_fastrtps_cpp;rosidl_typesupport_introspection_cpp
[0.716s] -- Found ament_cmake_ros: 0.10.0 (/opt/ros/humble/share/ament_cmake_ros/cmake)
[0.847s] -- Using all available rosidl_typesupport_c: rosidl_typesupport_fastrtps_c;rosidl_typesupport_introspection_c
[1.001s] -- Using all available rosidl_typesupport_cpp: rosidl_typesupport_fastrtps_cpp;rosidl_typesupport_introspection_cpp
[1.015s] -- Found PythonInterp: /usr/bin/python3 (found suitable version "3.10.12", minimum required is "3.6") 
[1.016s] -- Found python_cmake_module: 0.10.0 (/opt/ros/humble/share/python_cmake_module/cmake)
[1.034s] -- Found PythonLibs: /usr/lib/x86_64-linux-gnu/libpython3.10.so (found suitable version "3.10.12", minimum required is "3.5") 
[1.034s] -- Using PYTHON_EXECUTABLE: /usr/bin/python3
[1.034s] -- Using PYTHON_INCLUDE_DIRS: /usr/include/python3.10
[1.035s] -- Using PYTHON_LIBRARIES: /usr/lib/x86_64-linux-gnu/libpython3.10.so
[1.048s] -- Found PythonExtra: .so  
[1.070s] -- Found ament_lint_auto: 0.12.9 (/opt/ros/humble/share/ament_lint_auto/cmake)
[1.082s] -- Added test 'copyright' to check source files copyright and LICENSE
[1.083s] -- Added test 'lint_cmake' to check CMake code style
[1.083s] -- Added test 'xmllint' to check XML markup files
[1.085s] -- Configuring done
[1.102s] -- Generating done
[1.104s] -- Build files have been written to: /home/kousei/2DRoboPrac_ws/ros2_ws/build/key_event_msgs
[1.108s] Invoked command in '/home/kousei/2DRoboPrac_ws/ros2_ws/build/key_event_msgs' returned '0': CMAKE_PREFIX_PATH=${CMAKE_PREFIX_PATH}:/opt/ros/humble /usr/bin/cmake /home/kousei/2DRoboPrac_ws/ros2_ws/src/key_event_msgs -DCMAKE_INSTALL_PREFIX=/home/kousei/2DRoboPrac_ws/ros2_ws/install/key_event_msgs
[1.110s] Invoking command in '/home/kousei/2DRoboPrac_ws/ros2_ws/build/key_event_msgs': CMAKE_PREFIX_PATH=${CMAKE_PREFIX_PATH}:/opt/ros/humble /usr/bin/cmake --build /home/kousei/2DRoboPrac_ws/ros2_ws/build/key_event_msgs -- -j16 -l16
[1.138s] [  3%] [34m[1mGenerating C code for ROS interfaces[0m
[1.145s] [  6%] [34m[1mGenerating C++ code for ROS interfaces[0m
[1.157s] [  6%] Built target ament_cmake_python_copy_key_event_msgs
[1.309s] [  9%] [32mBuilding C object CMakeFiles/key_event_msgs__rosidl_generator_c.dir/rosidl_generator_c/key_event_msgs/msg/detail/key_event__functions.c.o[0m
[1.315s] [  9%] Built target key_event_msgs__cpp
[1.324s] running egg_info
[1.326s] [ 12%] [34m[1mGenerating C++ type support dispatch for ROS interfaces[0m
[1.326s] creating key_event_msgs.egg-info
[1.326s] writing key_event_msgs.egg-info/PKG-INFO
[1.326s] writing dependency_links to key_event_msgs.egg-info/dependency_links.txt
[1.326s] writing top-level names to key_event_msgs.egg-info/top_level.txt
[1.327s] writing manifest file 'key_event_msgs.egg-info/SOURCES.txt'
[1.330s] reading manifest file 'key_event_msgs.egg-info/SOURCES.txt'
[1.330s] writing manifest file 'key_event_msgs.egg-info/SOURCES.txt'
[1.349s] [ 16%] [34m[1mGenerating C++ introspection for ROS interfaces[0m
[1.356s] [ 19%] [34m[1mGenerating C++ type support for eProsima Fast-RTPS[0m
[1.362s] [ 19%] Built target ament_cmake_python_build_key_event_msgs_egg
[1.370s] [ 22%] [32m[1mLinking C shared library libkey_event_msgs__rosidl_generator_c.so[0m
[1.400s] [ 22%] Built target key_event_msgs__rosidl_generator_c
[1.408s] [ 25%] [34m[1mGenerating C type support for eProsima Fast-RTPS[0m
[1.412s] [ 32%] [34m[1mGenerating C type support dispatch for ROS interfaces[0m
[1.413s] [ 32%] [34m[1mGenerating C introspection for ROS interfaces[0m
[1.560s] [ 35%] [32mBuilding CXX object CMakeFiles/key_event_msgs__rosidl_typesupport_fastrtps_cpp.dir/rosidl_typesupport_fastrtps_cpp/key_event_msgs/msg/detail/dds_fastrtps/key_event__type_support.cpp.o[0m
[1.620s] [ 38%] [32mBuilding CXX object CMakeFiles/key_event_msgs__rosidl_typesupport_fastrtps_c.dir/rosidl_typesupport_fastrtps_c/key_event_msgs/msg/detail/key_event__type_support_c.cpp.o[0m
[1.622s] [ 41%] [32mBuilding CXX object CMakeFiles/key_event_msgs__rosidl_typesupport_cpp.dir/rosidl_typesupport_cpp/key_event_msgs/msg/key_event__type_support.cpp.o[0m
[1.669s] [ 45%] [32mBuilding CXX object CMakeFiles/key_event_msgs__rosidl_typesupport_introspection_cpp.dir/rosidl_typesupport_introspection_cpp/key_event_msgs/msg/detail/key_event__type_support.cpp.o[0m
[1.698s] [ 48%] [32mBuilding CXX object CMakeFiles/key_event_msgs__rosidl_typesupport_c.dir/rosidl_typesupport_c/key_event_msgs/msg/key_event__type_support.cpp.o[0m
[1.726s] [ 51%] [32m[1mLinking CXX shared library libkey_event_msgs__rosidl_typesupport_c.so[0m
[1.728s] [ 54%] [32mBuilding C object CMakeFiles/key_event_msgs__rosidl_typesupport_introspection_c.dir/rosidl_typesupport_introspection_c/key_event_msgs/msg/detail/key_event__type_support.c.o[0m
[1.768s] [ 58%] [32m[1mLinking C shared library libkey_event_msgs__rosidl_typesupport_introspection_c.so[0m
[1.778s] [ 58%] Built target key_event_msgs__rosidl_typesupport_c
[1.807s] [ 58%] Built target key_event_msgs__rosidl_typesupport_introspection_c
[1.875s] [ 61%] [32m[1mLinking CXX shared library libkey_event_msgs__rosidl_typesupport_fastrtps_cpp.so[0m
[1.883s] [ 64%] [32m[1mLinking CXX shared library libkey_event_msgs__rosidl_typesupport_cpp.so[0m
[1.919s] [ 64%] Built target key_event_msgs__rosidl_typesupport_cpp
[1.944s] [ 64%] Built target key_event_msgs__rosidl_typesupport_fastrtps_cpp
[2.059s] [ 67%] [32m[1mLinking CXX shared library libkey_event_msgs__rosidl_typesupport_fastrtps_c.so[0m
[2.132s] [ 67%] Built target key_event_msgs__rosidl_typesupport_fastrtps_c
[2.153s] [ 70%] [32m[1mLinking CXX shared library libkey_event_msgs__rosidl_typesupport_introspection_cpp.so[0m
[2.190s] [ 70%] Built target key_event_msgs__rosidl_typesupport_introspection_cpp
[2.213s] [ 70%] Built target key_event_msgs
[2.233s] [ 74%] [34m[1mGenerating Python code for ROS interfaces[0m
[2.431s] [ 74%] Built target key_event_msgs__py
[2.447s] [ 77%] [32mBuilding C object CMakeFiles/key_event_msgs__rosidl_generator_py.dir/rosidl_generator_py/key_event_msgs/msg/_key_event_s.c.o[0m
[2.520s] [ 80%] [32m[1mLinking C shared library rosidl_generator_py/key_event_msgs/libkey_event_msgs__rosidl_generator_py.so[0m
[2.550s] [ 80%] Built target key_event_msgs__rosidl_generator_py
[2.566s] [ 83%] [32mBuilding C object CMakeFiles/key_event_msgs__rosidl_typesupport_introspection_c__pyext.dir/rosidl_generator_py/key_event_msgs/_key_event_msgs_s.ep.rosidl_typesupport_introspection_c.c.o[0m
[2.573s] [ 90%] [32mBuilding C object CMakeFiles/key_event_msgs__rosidl_typesupport_c__pyext.dir/rosidl_generator_py/key_event_msgs/_key_event_msgs_s.ep.rosidl_typesupport_c.c.o[0m
[2.573s] [ 90%] [32mBuilding C object CMakeFiles/key_event_msgs__rosidl_typesupport_fastrtps_c__pyext.dir/rosidl_generator_py/key_event_msgs/_key_event_msgs_s.ep.rosidl_typesupport_fastrtps_c.c.o[0m
[2.637s] [ 93%] [32m[1mLinking C shared library rosidl_generator_py/key_event_msgs/key_event_msgs_s__rosidl_typesupport_introspection_c.cpython-310-x86_64-linux-gnu.so[0m
[2.667s] [ 93%] Built target key_event_msgs__rosidl_typesupport_introspection_c__pyext
[2.680s] [ 96%] [32m[1mLinking C shared library rosidl_generator_py/key_event_msgs/key_event_msgs_s__rosidl_typesupport_c.cpython-310-x86_64-linux-gnu.so[0m
[2.692s] [100%] [32m[1mLinking C shared library rosidl_generator_py/key_event_msgs/key_event_msgs_s__rosidl_typesupport_fastrtps_c.cpython-310-x86_64-linux-gnu.so[0m
[2.719s] [100%] Built target key_event_msgs__rosidl_typesupport_c__pyext
[2.731s] [100%] Built target key_event_msgs__rosidl_typesupport_fastrtps_c__pyext
[2.741s] Invoked command in '/home/kousei/2DRoboPrac_ws/ros2_ws/build/key_event_msgs' returned '0': CMAKE_PREFIX_PATH=${CMAKE_PREFIX_PATH}:/opt/ros/humble /usr/bin/cmake --build /home/kousei/2DRoboPrac_ws/ros2_ws/build/key_event_msgs -- -j16 -l16
[2.794s] Invoking command in '/home/kousei/2DRoboPrac_ws/ros2_ws/build/key_event_msgs': CMAKE_PREFIX_PATH=${CMAKE_PREFIX_PATH}:/opt/ros/humble /usr/bin/cmake --install /home/kousei/2DRoboPrac_ws/ros2_ws/build/key_event_msgs
[2.803s] -- Install configuration: ""
[2.803s] -- Installing: /home/kousei/2DRoboPrac_ws/ros2_ws/install/key_event_msgs/share/ament_index/resource_index/rosidl_interfaces/key_event_msgs
[2.803s] -- Installing: /home/kousei/2DRoboPrac_ws/ros2_ws/install/key_event_msgs/include/key_event_msgs/key_event_msgs
[2.803s] -- Installing: /home/kousei/2DRoboPrac_ws/ros2_ws/install/key_event_msgs/include/key_event_msgs/key_event_msgs/msg
[2.803s] -- Installing: /home/kousei/2DRoboPrac_ws/ros2_ws/install/key_event_msgs/include/key_event_msgs/key_event_msgs/msg/key_event.h
[2.803s] -- Installing: /home/kousei/2DRoboPrac_ws/ros2_ws/install/key_event_msgs/include/key_event_msgs/key_event_msgs/msg/rosidl_generator_c__visibility_control.h
[2.804s] -- Installing: /home/kousei/2DRoboPrac_ws/ros2_ws/install/key_event_msgs/include/key_event_msgs/key_event_msgs/msg/detail
[2.804s] -- Installing: /home/kousei/2DRoboPrac_ws/ros2_ws/install/key_event_msgs/include/key_event_msgs/key_event_msgs/msg/detail/key_event__struct.h
[2.804s] -- Installing: /home/kousei/2DRoboPrac_ws/ros2_ws/install/key_event_msgs/include/key_event_msgs/key_event_msgs/msg/detail/key_event__functions.h
[2.804s] -- Installing: /home/kousei/2DRoboPrac_ws/ros2_ws/install/key_event_msgs/include/key_event_msgs/key_event_msgs/msg/detail/key_event__functions.c
[2.804s] -- Installing: /home/kousei/2DRoboPrac_ws/ros2_ws/install/key_event_msgs/include/key_event_msgs/key_event_msgs/msg/detail/key_event__type_support.h
[2.804s] -- Installing: /home/kousei/2DRoboPrac_ws/ros2_ws/install/key_event_msgs/share/key_event_msgs/environment/library_path.sh
[2.805s] -- Installing: /home/kousei/2DRoboPrac_ws/ros2_ws/install/key_event_msgs/share/key_event_msgs/environment/library_path.dsv
[2.805s] -- Installing: /home/kousei/2DRoboPrac_ws/ros2_ws/install/key_event_msgs/lib/libkey_event_msgs__rosidl_generator_c.so
[2.805s] -- Set runtime path of "/home/kousei/2DRoboPrac_ws/ros2_ws/install/key_event_msgs/lib/libkey_event_msgs__rosidl_generator_c.so" to ""
[2.806s] -- Up-to-date: /home/kousei/2DRoboPrac_ws/ros2_ws/install/key_event_msgs/include/key_event_msgs/key_event_msgs
[2.806s] -- Up-to-date: /home/kousei/2DRoboPrac_ws/ros2_ws/install/key_event_msgs/include/key_event_msgs/key_event_msgs/msg
[2.806s] -- Up-to-date: /home/kousei/2DRoboPrac_ws/ros2_ws/install/key_event_msgs/include/key_event_msgs/key_event_msgs/msg/detail
[2.806s] -- Installing: /home/kousei/2DRoboPrac_ws/ros2_ws/install/key_event_msgs/include/key_event_msgs/key_event_msgs/msg/detail/key_event__rosidl_typesupport_fastrtps_c.h
[2.806s] -- Installing: /home/kousei/2DRoboPrac_ws/ros2_ws/install/key_event_msgs/include/key_event_msgs/key_event_msgs/msg/rosidl_typesupport_fastrtps_c__visibility_control.h
[2.806s] -- Installing: /home/kousei/2DRoboPrac_ws/ros2_ws/install/key_event_msgs/lib/libkey_event_msgs__rosidl_typesupport_fastrtps_c.so
[2.806s] -- Set runtime path of "/home/kousei/2DRoboPrac_ws/ros2_ws/install/key_event_msgs/lib/libkey_event_msgs__rosidl_typesupport_fastrtps_c.so" to ""
[2.807s] -- Up-to-date: /home/kousei/2DRoboPrac_ws/ros2_ws/install/key_event_msgs/include/key_event_msgs/key_event_msgs
[2.807s] -- Up-to-date: /home/kousei/2DRoboPrac_ws/ros2_ws/install/key_event_msgs/include/key_event_msgs/key_event_msgs/msg
[2.807s] -- Up-to-date: /home/kousei/2DRoboPrac_ws/ros2_ws/install/key_event_msgs/include/key_event_msgs/key_event_msgs/msg/detail
[2.807s] -- Installing: /home/kousei/2DRoboPrac_ws/ros2_ws/install/key_event_msgs/include/key_event_msgs/key_event_msgs/msg/detail/key_event__type_support.c
[2.807s] -- Installing: /home/kousei/2DRoboPrac_ws/ros2_ws/install/key_event_msgs/include/key_event_msgs/key_event_msgs/msg/detail/key_event__rosidl_typesupport_introspection_c.h
[2.807s] -- Installing: /home/kousei/2DRoboPrac_ws/ros2_ws/install/key_event_msgs/include/key_event_msgs/key_event_msgs/msg/rosidl_typesupport_introspection_c__visibility_control.h
[2.807s] -- Installing: /home/kousei/2DRoboPrac_ws/ros2_ws/install/key_event_msgs/lib/libkey_event_msgs__rosidl_typesupport_introspection_c.so
[2.808s] -- Set runtime path of "/home/kousei/2DRoboPrac_ws/ros2_ws/install/key_event_msgs/lib/libkey_event_msgs__rosidl_typesupport_introspection_c.so" to ""
[2.808s] -- Installing: /home/kousei/2DRoboPrac_ws/ros2_ws/install/key_event_msgs/lib/libkey_event_msgs__rosidl_typesupport_c.so
[2.808s] -- Set runtime path of "/home/kousei/2DRoboPrac_ws/ros2_ws/install/key_event_msgs/lib/libkey_event_msgs__rosidl_typesupport_c.so" to ""
[2.808s] -- Up-to-date: /home/kousei/2DRoboPrac_ws/ros2_ws/install/key_event_msgs/include/key_event_msgs/key_event_msgs
[2.808s] -- Up-to-date: /home/kousei/2DRoboPrac_ws/ros2_ws/install/key_event_msgs/include/key_event_msgs/key_event_msgs/msg
[2.808s] -- Installing: /home/kousei/2DRoboPrac_ws/ros2_ws/install/key_event_msgs/include/key_event_msgs/key_event_msgs/msg/key_event.hpp
[2.808s] -- Up-to-date: /home/kousei/2DRoboPrac_ws/ros2_ws/install/key_event_msgs/include/key_event_msgs/key_event_msgs/msg/detail
[2.809s] -- Installing: /home/kousei/2DRoboPrac_ws/ros2_ws/install/key_event_msgs/include/key_event_msgs/key_event_msgs/msg/detail/key_event__traits.hpp
[2.809s] -- Installing: /home/kousei/2DRoboPrac_ws/ros2_ws/install/key_event_msgs/include/key_event_msgs/key_event_msgs/msg/detail/key_event__struct.hpp
[2.809s] -- Installing: /home/kousei/2DRoboPrac_ws/ros2_ws/install/key_event_msgs/include/key_event_msgs/key_event_msgs/msg/detail/key_event__builder.hpp
[2.809s] -- Up-to-date: /home/kousei/2DRoboPrac_ws/ros2_ws/install/key_event_msgs/include/key_event_msgs/key_event_msgs
[2.809s] -- Up-to-date: /home/kousei/2DRoboPrac_ws/ros2_ws/install/key_event_msgs/include/key_event_msgs/key_event_msgs/msg
[2.809s] -- Up-to-date: /home/kousei/2DRoboPrac_ws/ros2_ws/install/key_event_msgs/include/key_event_msgs/key_event_msgs/msg/detail
[2.809s] -- Installing: /home/kousei/2DRoboPrac_ws/ros2_ws/install/key_event_msgs/include/key_event_msgs/key_event_msgs/msg/detail/dds_fastrtps
[2.809s] -- Installing: /home/kousei/2DRoboPrac_ws/ros2_ws/install/key_event_msgs/include/key_event_msgs/key_event_msgs/msg/detail/key_event__rosidl_typesupport_fastrtps_cpp.hpp
[2.809s] -- Installing: /home/kousei/2DRoboPrac_ws/ros2_ws/install/key_event_msgs/include/key_event_msgs/key_event_msgs/msg/rosidl_typesupport_fastrtps_cpp__visibility_control.h
[2.810s] -- Installing: /home/kousei/2DRoboPrac_ws/ros2_ws/install/key_event_msgs/lib/libkey_event_msgs__rosidl_typesupport_fastrtps_cpp.so
[2.810s] -- Set runtime path of "/home/kousei/2DRoboPrac_ws/ros2_ws/install/key_event_msgs/lib/libkey_event_msgs__rosidl_typesupport_fastrtps_cpp.so" to ""
[2.810s] -- Up-to-date: /home/kousei/2DRoboPrac_ws/ros2_ws/install/key_event_msgs/include/key_event_msgs/key_event_msgs
[2.810s] -- Up-to-date: /home/kousei/2DRoboPrac_ws/ros2_ws/install/key_event_msgs/include/key_event_msgs/key_event_msgs/msg
[2.810s] -- Up-to-date: /home/kousei/2DRoboPrac_ws/ros2_ws/install/key_event_msgs/include/key_event_msgs/key_event_msgs/msg/detail
[2.810s] -- Installing: /home/kousei/2DRoboPrac_ws/ros2_ws/install/key_event_msgs/include/key_event_msgs/key_event_msgs/msg/detail/key_event__rosidl_typesupport_introspection_cpp.hpp
[2.810s] -- Installing: /home/kousei/2DRoboPrac_ws/ros2_ws/install/key_event_msgs/include/key_event_msgs/key_event_msgs/msg/detail/key_event__type_support.cpp
[2.811s] -- Installing: /home/kousei/2DRoboPrac_ws/ros2_ws/install/key_event_msgs/lib/libkey_event_msgs__rosidl_typesupport_introspection_cpp.so
[2.811s] -- Set runtime path of "/home/kousei/2DRoboPrac_ws/ros2_ws/install/key_event_msgs/lib/libkey_event_msgs__rosidl_typesupport_introspection_cpp.so" to ""
[2.811s] -- Installing: /home/kousei/2DRoboPrac_ws/ros2_ws/install/key_event_msgs/lib/libkey_event_msgs__rosidl_typesupport_cpp.so
[2.811s] -- Set runtime path of "/home/kousei/2DRoboPrac_ws/ros2_ws/install/key_event_msgs/lib/libkey_event_msgs__rosidl_typesupport_cpp.so" to ""
[2.812s] -- Installing: /home/kousei/2DRoboPrac_ws/ros2_ws/install/key_event_msgs/share/key_event_msgs/environment/pythonpath.sh
[2.812s] -- Installing: /home/kousei/2DRoboPrac_ws/ros2_ws/install/key_event_msgs/share/key_event_msgs/environment/pythonpath.dsv
[2.812s] -- Installing: /home/kousei/2DRoboPrac_ws/ros2_ws/install/key_event_msgs/local/lib/python3.10/dist-packages/key_event_msgs-0.0.0-py3.10.egg-info
[2.812s] -- Installing: /home/kousei/2DRoboPrac_ws/ros2_ws/install/key_event_msgs/local/lib/python3.10/dist-packages/key_event_msgs-0.0.0-py3.10.egg-info/dependency_links.txt
[2.812s] -- Installing: /home/kousei/2DRoboPrac_ws/ros2_ws/install/key_event_msgs/local/lib/python3.10/dist-packages/key_event_msgs-0.0.0-py3.10.egg-info/SOURCES.txt
[2.812s] -- Installing: /home/kousei/2DRoboPrac_ws/ros2_ws/install/key_event_msgs/local/lib/python3.10/dist-packages/key_event_msgs-0.0.0-py3.10.egg-info/top_level.txt
[2.813s] -- Installing: /home/kousei/2DRoboPrac_ws/ros2_ws/install/key_event_msgs/local/lib/python3.10/dist-packages/key_event_msgs-0.0.0-py3.10.egg-info/PKG-INFO
[2.813s] -- Installing: /home/kousei/2DRoboPrac_ws/ros2_ws/install/key_event_msgs/local/lib/python3.10/dist-packages/key_event_msgs
[2.813s] -- Installing: /home/kousei/2DRoboPrac_ws/ros2_ws/install/key_event_msgs/local/lib/python3.10/dist-packages/key_event_msgs/_key_event_msgs_s.ep.rosidl_typesupport_introspection_c.c
[2.813s] -- Installing: /home/kousei/2DRoboPrac_ws/ros2_ws/install/key_event_msgs/local/lib/python3.10/dist-packages/key_event_msgs/__init__.py
[2.813s] -- Installing: /home/kousei/2DRoboPrac_ws/ros2_ws/install/key_event_msgs/local/lib/python3.10/dist-packages/key_event_msgs/key_event_msgs_s__rosidl_typesupport_c.cpython-310-x86_64-linux-gnu.so
[2.814s] -- Installing: /home/kousei/2DRoboPrac_ws/ros2_ws/install/key_event_msgs/local/lib/python3.10/dist-packages/key_event_msgs/_key_event_msgs_s.ep.rosidl_typesupport_c.c
[2.814s] -- Installing: /home/kousei/2DRoboPrac_ws/ros2_ws/install/key_event_msgs/local/lib/python3.10/dist-packages/key_event_msgs/key_event_msgs_s__rosidl_typesupport_introspection_c.cpython-310-x86_64-linux-gnu.so
[2.814s] -- Installing: /home/kousei/2DRoboPrac_ws/ros2_ws/install/key_event_msgs/local/lib/python3.10/dist-packages/key_event_msgs/_key_event_msgs_s.ep.rosidl_typesupport_fastrtps_c.c
[2.814s] -- Installing: /home/kousei/2DRoboPrac_ws/ros2_ws/install/key_event_msgs/local/lib/python3.10/dist-packages/key_event_msgs/msg
[2.814s] -- Installing: /home/kousei/2DRoboPrac_ws/ros2_ws/install/key_event_msgs/local/lib/python3.10/dist-packages/key_event_msgs/msg/__init__.py
[2.814s] -- Installing: /home/kousei/2DRoboPrac_ws/ros2_ws/install/key_event_msgs/local/lib/python3.10/dist-packages/key_event_msgs/msg/_key_event_s.c
[2.815s] -- Installing: /home/kousei/2DRoboPrac_ws/ros2_ws/install/key_event_msgs/local/lib/python3.10/dist-packages/key_event_msgs/msg/_key_event.py
[2.815s] -- Installing: /home/kousei/2DRoboPrac_ws/ros2_ws/install/key_event_msgs/local/lib/python3.10/dist-packages/key_event_msgs/key_event_msgs_s__rosidl_typesupport_fastrtps_c.cpython-310-x86_64-linux-gnu.so
[2.815s] -- Installing: /home/kousei/2DRoboPrac_ws/ros2_ws/install/key_event_msgs/local/lib/python3.10/dist-packages/key_event_msgs/libkey_event_msgs__rosidl_generator_py.so
[2.859s] Listing '/home/kousei/2DRoboPrac_ws/ros2_ws/install/key_event_msgs/local/lib/python3.10/dist-packages/key_event_msgs'...
[2.859s] Compiling '/home/kousei/2DRoboPrac_ws/ros2_ws/install/key_event_msgs/local/lib/python3.10/dist-packages/key_event_msgs/__init__.py'...
[2.859s] Listing '/home/kousei/2DRoboPrac_ws/ros2_ws/install/key_event_msgs/local/lib/python3.10/dist-packages/key_event_msgs/msg'...
[2.859s] Compiling '/home/kousei/2DRoboPrac_ws/ros2_ws/install/key_event_msgs/local/lib/python3.10/dist-packages/key_event_msgs/msg/__init__.py'...
[2.859s] Compiling '/home/kousei/2DRoboPrac_ws/ros2_ws/install/key_event_msgs/local/lib/python3.10/dist-packages/key_event_msgs/msg/_key_event.py'...
[2.866s] -- Installing: /home/kousei/2DRoboPrac_ws/ros2_ws/install/key_event_msgs/local/lib/python3.10/dist-packages/key_event_msgs/key_event_msgs_s__rosidl_typesupport_fastrtps_c.cpython-310-x86_64-linux-gnu.so
[2.866s] -- Set runtime path of "/home/kousei/2DRoboPrac_ws/ros2_ws/install/key_event_msgs/local/lib/python3.10/dist-packages/key_event_msgs/key_event_msgs_s__rosidl_typesupport_fastrtps_c.cpython-310-x86_64-linux-gnu.so" to ""
[2.866s] -- Installing: /home/kousei/2DRoboPrac_ws/ros2_ws/install/key_event_msgs/local/lib/python3.10/dist-packages/key_event_msgs/key_event_msgs_s__rosidl_typesupport_introspection_c.cpython-310-x86_64-linux-gnu.so
[2.867s] -- Set runtime path of "/home/kousei/2DRoboPrac_ws/ros2_ws/install/key_event_msgs/local/lib/python3.10/dist-packages/key_event_msgs/key_event_msgs_s__rosidl_typesupport_introspection_c.cpython-310-x86_64-linux-gnu.so" to ""
[2.867s] -- Installing: /home/kousei/2DRoboPrac_ws/ros2_ws/install/key_event_msgs/local/lib/python3.10/dist-packages/key_event_msgs/key_event_msgs_s__rosidl_typesupport_c.cpython-310-x86_64-linux-gnu.so
[2.867s] -- Set runtime path of "/home/kousei/2DRoboPrac_ws/ros2_ws/install/key_event_msgs/local/lib/python3.10/dist-packages/key_event_msgs/key_event_msgs_s__rosidl_typesupport_c.cpython-310-x86_64-linux-gnu.so" to ""
[2.868s] -- Installing: /home/kousei/2DRoboPrac_ws/ros2_ws/install/key_event_msgs/lib/libkey_event_msgs__rosidl_generator_py.so
[2.868s] -- Set runtime path of "/home/kousei/2DRoboPrac_ws/ros2_ws/install/key_event_msgs/lib/libkey_event_msgs__rosidl_generator_py.so" to ""
[2.868s] -- Installing: /home/kousei/2DRoboPrac_ws/ros2_ws/install/key_event_msgs/share/key_event_msgs/msg/KeyEvent.idl
[2.868s] -- Installing: /home/kousei/2DRoboPrac_ws/ros2_ws/install/key_event_msgs/share/key_event_msgs/msg/KeyEvent.msg
[2.869s] -- Installing: /home/kousei/2DRoboPrac_ws/ros2_ws/install/key_event_msgs/share/ament_index/resource_index/package_run_dependencies/key_event_msgs
[2.869s] -- Installing: /home/kousei/2DRoboPrac_ws/ros2_ws/install/key_event_msgs/share/ament_index/resource_index/parent_prefix_path/key_event_msgs
[2.869s] -- Installing: /home/kousei/2DRoboPrac_ws/ros2_ws/install/key_event_msgs/share/key_event_msgs/environment/ament_prefix_path.sh
[2.869s] -- Installing: /home/kousei/2DRoboPrac_ws/ros2_ws/install/key_event_msgs/share/key_event_msgs/environment/ament_prefix_path.dsv
[2.869s] -- Installing: /home/kousei/2DRoboPrac_ws/ros2_ws/install/key_event_msgs/share/key_event_msgs/environment/path.sh
[2.870s] -- Installing: /home/kousei/2DRoboPrac_ws/ros2_ws/install/key_event_msgs/share/key_event_msgs/environment/path.dsv
[2.870s] -- Installing: /home/kousei/2DRoboPrac_ws/ros2_ws/install/key_event_msgs/share/key_event_msgs/local_setup.bash
[2.870s] -- Installing: /home/kousei/2DRoboPrac_ws/ros2_ws/install/key_event_msgs/share/key_event_msgs/local_setup.sh
[2.870s] -- Installing: /home/kousei/2DRoboPrac_ws/ros2_ws/install/key_event_msgs/share/key_event_msgs/local_setup.zsh
[2.870s] -- Installing: /home/kousei/2DRoboPrac_ws/ros2_ws/install/key_event_msgs/share/key_event_msgs/local_setup.dsv
[2.871s] -- Installing: /home/kousei/2DRoboPrac_ws/ros2_ws/install/key_event_msgs/share/key_event_msgs/package.dsv
[2.871s] -- Installing: /home/kousei/2DRoboPrac_ws/ros2_ws/install/key_event_msgs/share/ament_index/resource_index/packages/key_event_msgs
[2.871s] -- Installing: /home/kousei/2DRoboPrac_ws/ros2_ws/install/key_event_msgs/share/key_event_msgs/cmake/export_key_event_msgs__rosidl_generator_cExport.cmake
[2.871s] -- Installing: /home/kousei/2DRoboPrac_ws/ros2_ws/install/key_event_msgs/share/key_event_msgs/cmake/export_key_event_msgs__rosidl_generator_cExport-noconfig.cmake
[2.871s] -- Installing: /home/kousei/2DRoboPrac_ws/ros2_ws/install/key_event_msgs/share/key_event_msgs/cmake/export_key_event_msgs__rosidl_typesupport_fastrtps_cExport.cmake
[2.872s] -- Installing: /home/kousei/2DRoboPrac_ws/ros2_ws/install/key_event_msgs/share/key_event_msgs/cmake/export_key_event_msgs__rosidl_typesupport_fastrtps_cExport-noconfig.cmake
[2.872s] -- Installing: /home/kousei/2DRoboPrac_ws/ros2_ws/install/key_event_msgs/share/key_event_msgs/cmake/key_event_msgs__rosidl_typesupport_introspection_cExport.cmake
[2.872s] -- Installing: /home/kousei/2DRoboPrac_ws/ros2_ws/install/key_event_msgs/share/key_event_msgs/cmake/key_event_msgs__rosidl_typesupport_introspection_cExport-noconfig.cmake
[2.872s] -- Installing: /home/kousei/2DRoboPrac_ws/ros2_ws/install/key_event_msgs/share/key_event_msgs/cmake/key_event_msgs__rosidl_typesupport_cExport.cmake
[2.873s] -- Installing: /home/kousei/2DRoboPrac_ws/ros2_ws/install/key_event_msgs/share/key_event_msgs/cmake/key_event_msgs__rosidl_typesupport_cExport-noconfig.cmake
[2.873s] -- Installing: /home/kousei/2DRoboPrac_ws/ros2_ws/install/key_event_msgs/share/key_event_msgs/cmake/export_key_event_msgs__rosidl_generator_cppExport.cmake
[2.873s] -- Installing: /home/kousei/2DRoboPrac_ws/ros2_ws/install/key_event_msgs/share/key_event_msgs/cmake/export_key_event_msgs__rosidl_typesupport_fastrtps_cppExport.cmake
[2.873s] -- Installing: /home/kousei/2DRoboPrac_ws/ros2_ws/install/key_event_msgs/share/key_event_msgs/cmake/export_key_event_msgs__rosidl_typesupport_fastrtps_cppExport-noconfig.cmake
[2.873s] -- Installing: /home/kousei/2DRoboPrac_ws/ros2_ws/install/key_event_msgs/share/key_event_msgs/cmake/key_event_msgs__rosidl_typesupport_introspection_cppExport.cmake
[2.874s] -- Installing: /home/kousei/2DRoboPrac_ws/ros2_ws/install/key_event_msgs/share/key_event_msgs/cmake/key_event_msgs__rosidl_typesupport_introspection_cppExport-noconfig.cmake
[2.874s] -- Installing: /home/kousei/2DRoboPrac_ws/ros2_ws/install/key_event_msgs/share/key_event_msgs/cmake/key_event_msgs__rosidl_typesupport_cppExport.cmake
[2.874s] -- Installing: /home/kousei/2DRoboPrac_ws/ros2_ws/install/key_event_msgs/share/key_event_msgs/cmake/key_event_msgs__rosidl_typesupport_cppExport-noconfig.cmake
[2.874s] -- Installing: /home/kousei/2DRoboPrac_ws/ros2_ws/install/key_event_msgs/share/key_event_msgs/cmake/export_key_event_msgs__rosidl_generator_pyExport.cmake
[2.874s] -- Installing: /home/kousei/2DRoboPrac_ws/ros2_ws/install/key_event_msgs/share/key_event_msgs/cmake/export_key_event_msgs__rosidl_generator_pyExport-noconfig.cmake
[2.875s] -- Installing: /home/kousei/2DRoboPrac_ws/ros2_ws/install/key_event_msgs/share/key_event_msgs/cmake/rosidl_cmake-extras.cmake
[2.875s] -- Installing: /home/kousei/2DRoboPrac_ws/ros2_ws/install/key_event_msgs/share/key_event_msgs/cmake/ament_cmake_export_include_directories-extras.cmake
[2.875s] -- Installing: /home/kousei/2DRoboPrac_ws/ros2_ws/install/key_event_msgs/share/key_event_msgs/cmake/ament_cmake_export_libraries-extras.cmake
[2.875s] -- Installing: /home/kousei/2DRoboPrac_ws/ros2_ws/install/key_event_msgs/share/key_event_msgs/cmake/ament_cmake_export_targets-extras.cmake
[2.875s] -- Installing: /home/kousei/2DRoboPrac_ws/ros2_ws/install/key_event_msgs/share/key_event_msgs/cmake/rosidl_cmake_export_typesupport_targets-extras.cmake
[2.875s] -- Installing: /home/kousei/2DRoboPrac_ws/ros2_ws/install/key_event_msgs/share/key_event_msgs/cmake/ament_cmake_export_dependencies-extras.cmake
[2.876s] -- Installing: /home/kousei/2DRoboPrac_ws/ros2_ws/install/key_event_msgs/share/key_event_msgs/cmake/rosidl_cmake_export_typesupport_libraries-extras.cmake
[2.876s] -- Installing: /home/kousei/2DRoboPrac_ws/ros2_ws/install/key_event_msgs/share/key_event_msgs/cmake/key_event_msgsConfig.cmake
[2.876s] -- Installing: /home/kousei/2DRoboPrac_ws/ros2_ws/install/key_event_msgs/share/key_event_msgs/cmake/key_event_msgsConfig-version.cmake
[2.876s] -- Installing: /home/kousei/2DRoboPrac_ws/ros2_ws/install/key_event_msgs/share/key_event_msgs/package.xml
[2.879s] Invoked command in '/home/kousei/2DRoboPrac_ws/ros2_ws/build/key_event_msgs' returned '0': CMAKE_PREFIX_PATH=${CMAKE_PREFIX_PATH}:/opt/ros/humble /usr/bin/cmake --install /home/kousei/2DRoboPrac_ws/ros2_ws/build/key_event_msgs
