[0.096s] Invoking command in '/home/kousei/2DRoboPrac_ws/ros2_ws/build/key_event_msgs': CMAKE_PREFIX_PATH=${CMAKE_PREFIX_PATH}:/opt/ros/humble /usr/bin/cmake /home/kousei/2DRoboPrac_ws/ros2_ws/src/key_event_msgs -DCMAKE_INSTALL_PREFIX=/home/kousei/2DRoboPrac_ws/ros2_ws/install/key_event_msgs
[0.160s] -- The C compiler identification is GNU 11.4.0
[0.194s] -- The CXX compiler identification is GNU 11.4.0
[0.198s] -- Detecting C compiler ABI info
[0.239s] -- Detecting C compiler ABI info - done
[0.245s] -- Check for working C compiler: /usr/bin/cc - skipped
[0.245s] -- Detecting C compile features
[0.245s] -- Detecting C compile features - done
[0.247s] -- Detecting CXX compiler ABI info
[0.296s] -- Detecting CXX compiler ABI info - done
[0.303s] -- Check for working CXX compiler: /usr/bin/c++ - skipped
[0.303s] -- Detecting CXX compile features
[0.304s] -- Detecting CXX compile features - done
[0.306s] -- Found ament_cmake: 1.3.6 (/opt/ros/humble/share/ament_cmake/cmake)
[0.421s] -- Found Python3: /usr/bin/python3.10 (found version "3.10.12") found components: Interpreter 
[0.481s] -- Found rosidl_default_generators: 1.2.0 (/opt/ros/humble/share/rosidl_default_generators/cmake)
[0.484s] -- Using all available rosidl_typesupport_c: rosidl_typesupport_fastrtps_c;rosidl_typesupport_introspection_c
[0.489s] -- Found rosidl_adapter: 3.1.5 (/opt/ros/humble/share/rosidl_adapter/cmake)
[0.517s] -- Using all available rosidl_typesupport_cpp: rosidl_typesupport_fastrtps_cpp;rosidl_typesupport_introspection_cpp
[0.690s] -- Found ament_cmake_ros: 0.10.0 (/opt/ros/humble/share/ament_cmake_ros/cmake)
[0.798s] -- Using all available rosidl_typesupport_c: rosidl_typesupport_fastrtps_c;rosidl_typesupport_introspection_c
[0.928s] -- Using all available rosidl_typesupport_cpp: rosidl_typesupport_fastrtps_cpp;rosidl_typesupport_introspection_cpp
[0.942s] -- Found PythonInterp: /usr/bin/python3 (found suitable version "3.10.12", minimum required is "3.6") 
[0.942s] -- Found python_cmake_module: 0.10.0 (/opt/ros/humble/share/python_cmake_module/cmake)
[0.958s] -- Found PythonLibs: /usr/lib/x86_64-linux-gnu/libpython3.10.so (found suitable version "3.10.12", minimum required is "3.5") 
[0.958s] -- Using PYTHON_EXECUTABLE: /usr/bin/python3
[0.958s] -- Using PYTHON_INCLUDE_DIRS: /usr/include/python3.10
[0.958s] -- Using PYTHON_LIBRARIES: /usr/lib/x86_64-linux-gnu/libpython3.10.so
[0.970s] -- Found PythonExtra: .so  
[0.990s] -- Found ament_lint_auto: 0.12.9 (/opt/ros/humble/share/ament_lint_auto/cmake)
[1.001s] -- Added test 'copyright' to check source files copyright and LICENSE
[1.002s] -- Added test 'lint_cmake' to check CMake code style
[1.003s] -- Added test 'xmllint' to check XML markup files
[1.004s] -- Configuring done
[1.017s] -- Generating done
[1.019s] -- Build files have been written to: /home/kousei/2DRoboPrac_ws/ros2_ws/build/key_event_msgs
[1.023s] Invoked command in '/home/kousei/2DRoboPrac_ws/ros2_ws/build/key_event_msgs' returned '0': CMAKE_PREFIX_PATH=${CMAKE_PREFIX_PATH}:/opt/ros/humble /usr/bin/cmake /home/kousei/2DRoboPrac_ws/ros2_ws/src/key_event_msgs -DCMAKE_INSTALL_PREFIX=/home/kousei/2DRoboPrac_ws/ros2_ws/install/key_event_msgs
[1.024s] Invoking command in '/home/kousei/2DRoboPrac_ws/ros2_ws/build/key_event_msgs': CMAKE_PREFIX_PATH=${CMAKE_PREFIX_PATH}:/opt/ros/humble /usr/bin/cmake --build /home/kousei/2DRoboPrac_ws/ros2_ws/build/key_event_msgs -- -j16 -l16
[1.048s] [  3%] [34m[1mGenerating C code for ROS interfaces[0m
[1.055s] [  6%] [34m[1mGenerating C++ code for ROS interfaces[0m
[1.059s] [  6%] Built target ament_cmake_python_copy_key_event_msgs
[1.192s] [  6%] Built target key_event_msgs__cpp
[1.197s] [  9%] [32mBuilding C object CMakeFiles/key_event_msgs__rosidl_generator_c.dir/rosidl_generator_c/key_event_msgs/msg/detail/key_event__functions.c.o[0m
[1.198s] [ 12%] [34m[1mGenerating C++ type support dispatch for ROS interfaces[0m
[1.199s] [ 16%] [34m[1mGenerating C++ introspection for ROS interfaces[0m
[1.200s] running egg_info
[1.200s] creating key_event_msgs.egg-info
[1.200s] writing key_event_msgs.egg-info/PKG-INFO
[1.200s] writing dependency_links to key_event_msgs.egg-info/dependency_links.txt
[1.201s] writing top-level names to key_event_msgs.egg-info/top_level.txt
[1.201s] [ 19%] [34m[1mGenerating C++ type support for eProsima Fast-RTPS[0m
[1.201s] writing manifest file 'key_event_msgs.egg-info/SOURCES.txt'
[1.202s] reading manifest file 'key_event_msgs.egg-info/SOURCES.txt'
[1.202s] writing manifest file 'key_event_msgs.egg-info/SOURCES.txt'
[1.223s] [ 19%] Built target ament_cmake_python_build_key_event_msgs_egg
[1.226s] [ 22%] [32m[1mLinking C shared library libkey_event_msgs__rosidl_generator_c.so[0m
[1.251s] [ 22%] Built target key_event_msgs__rosidl_generator_c
[1.258s] [ 25%] [34m[1mGenerating C type support for eProsima Fast-RTPS[0m
[1.260s] [ 32%] [34m[1mGenerating C type support dispatch for ROS interfaces[0m
[1.260s] [ 32%] [34m[1mGenerating C introspection for ROS interfaces[0m
[1.335s] [ 35%] [32mBuilding CXX object CMakeFiles/key_event_msgs__rosidl_typesupport_cpp.dir/rosidl_typesupport_cpp/key_event_msgs/msg/key_event__type_support.cpp.o[0m
[1.345s] [ 38%] [32mBuilding CXX object CMakeFiles/key_event_msgs__rosidl_typesupport_introspection_cpp.dir/rosidl_typesupport_introspection_cpp/key_event_msgs/msg/detail/key_event__type_support.cpp.o[0m
[1.356s] [ 41%] [32mBuilding CXX object CMakeFiles/key_event_msgs__rosidl_typesupport_fastrtps_cpp.dir/rosidl_typesupport_fastrtps_cpp/key_event_msgs/msg/detail/dds_fastrtps/key_event__type_support.cpp.o[0m
[1.409s] [ 45%] [32mBuilding CXX object CMakeFiles/key_event_msgs__rosidl_typesupport_fastrtps_c.dir/rosidl_typesupport_fastrtps_c/key_event_msgs/msg/detail/key_event__type_support_c.cpp.o[0m
[1.480s] [ 48%] [32mBuilding CXX object CMakeFiles/key_event_msgs__rosidl_typesupport_c.dir/rosidl_typesupport_c/key_event_msgs/msg/key_event__type_support.cpp.o[0m
[1.491s] [ 51%] [32m[1mLinking CXX shared library libkey_event_msgs__rosidl_typesupport_cpp.so[0m
[1.497s] [ 54%] [32mBuilding C object CMakeFiles/key_event_msgs__rosidl_typesupport_introspection_c.dir/rosidl_typesupport_introspection_c/key_event_msgs/msg/detail/key_event__type_support.c.o[0m
[1.500s] [ 58%] [32m[1mLinking CXX shared library libkey_event_msgs__rosidl_typesupport_c.so[0m
[1.520s] [ 61%] [32m[1mLinking C shared library libkey_event_msgs__rosidl_typesupport_introspection_c.so[0m
[1.521s] [ 61%] Built target key_event_msgs__rosidl_typesupport_cpp
[1.533s] [ 61%] Built target key_event_msgs__rosidl_typesupport_c
[1.539s] [ 61%] Built target key_event_msgs__rosidl_typesupport_introspection_c
[1.562s] [ 64%] [32m[1mLinking CXX shared library libkey_event_msgs__rosidl_typesupport_introspection_cpp.so[0m
[1.580s] [ 67%] [32m[1mLinking CXX shared library libkey_event_msgs__rosidl_typesupport_fastrtps_cpp.so[0m
[1.587s] [ 67%] Built target key_event_msgs__rosidl_typesupport_introspection_cpp
[1.623s] [ 67%] Built target key_event_msgs__rosidl_typesupport_fastrtps_cpp
[1.627s] [ 70%] [32m[1mLinking CXX shared library libkey_event_msgs__rosidl_typesupport_fastrtps_c.so[0m
[1.668s] [ 70%] Built target key_event_msgs__rosidl_typesupport_fastrtps_c
[1.680s] [ 70%] Built target key_event_msgs
[1.691s] [ 74%] [34m[1mGenerating Python code for ROS interfaces[0m
[1.842s] [ 74%] Built target key_event_msgs__py
[1.853s] [ 77%] [32mBuilding C object CMakeFiles/key_event_msgs__rosidl_generator_py.dir/rosidl_generator_py/key_event_msgs/msg/_key_event_s.c.o[0m
[1.902s] [ 80%] [32m[1mLinking C shared library rosidl_generator_py/key_event_msgs/libkey_event_msgs__rosidl_generator_py.so[0m
[1.925s] [ 80%] Built target key_event_msgs__rosidl_generator_py
[1.938s] [ 87%] [32mBuilding C object CMakeFiles/key_event_msgs__rosidl_typesupport_introspection_c__pyext.dir/rosidl_generator_py/key_event_msgs/_key_event_msgs_s.ep.rosidl_typesupport_introspection_c.c.o[0m
[1.938s] [ 87%] [32mBuilding C object CMakeFiles/key_event_msgs__rosidl_typesupport_fastrtps_c__pyext.dir/rosidl_generator_py/key_event_msgs/_key_event_msgs_s.ep.rosidl_typesupport_fastrtps_c.c.o[0m
[1.938s] [ 90%] [32mBuilding C object CMakeFiles/key_event_msgs__rosidl_typesupport_c__pyext.dir/rosidl_generator_py/key_event_msgs/_key_event_msgs_s.ep.rosidl_typesupport_c.c.o[0m
[1.988s] [ 93%] [32m[1mLinking C shared library rosidl_generator_py/key_event_msgs/key_event_msgs_s__rosidl_typesupport_c.cpython-310-x86_64-linux-gnu.so[0m
[1.990s] [ 96%] [32m[1mLinking C shared library rosidl_generator_py/key_event_msgs/key_event_msgs_s__rosidl_typesupport_fastrtps_c.cpython-310-x86_64-linux-gnu.so[0m
[1.993s] [100%] [32m[1mLinking C shared library rosidl_generator_py/key_event_msgs/key_event_msgs_s__rosidl_typesupport_introspection_c.cpython-310-x86_64-linux-gnu.so[0m
[2.009s] [100%] Built target key_event_msgs__rosidl_typesupport_c__pyext
[2.010s] [100%] Built target key_event_msgs__rosidl_typesupport_fastrtps_c__pyext
[2.014s] [100%] Built target key_event_msgs__rosidl_typesupport_introspection_c__pyext
[2.021s] Invoked command in '/home/kousei/2DRoboPrac_ws/ros2_ws/build/key_event_msgs' returned '0': CMAKE_PREFIX_PATH=${CMAKE_PREFIX_PATH}:/opt/ros/humble /usr/bin/cmake --build /home/kousei/2DRoboPrac_ws/ros2_ws/build/key_event_msgs -- -j16 -l16
[2.061s] Invoking command in '/home/kousei/2DRoboPrac_ws/ros2_ws/build/key_event_msgs': CMAKE_PREFIX_PATH=${CMAKE_PREFIX_PATH}:/opt/ros/humble /usr/bin/cmake --install /home/kousei/2DRoboPrac_ws/ros2_ws/build/key_event_msgs
[2.067s] -- Install configuration: ""
[2.067s] -- Installing: /home/kousei/2DRoboPrac_ws/ros2_ws/install/key_event_msgs/share/ament_index/resource_index/rosidl_interfaces/key_event_msgs
[2.067s] -- Installing: /home/kousei/2DRoboPrac_ws/ros2_ws/install/key_event_msgs/include/key_event_msgs/key_event_msgs
[2.067s] -- Installing: /home/kousei/2DRoboPrac_ws/ros2_ws/install/key_event_msgs/include/key_event_msgs/key_event_msgs/msg
[2.067s] -- Installing: /home/kousei/2DRoboPrac_ws/ros2_ws/install/key_event_msgs/include/key_event_msgs/key_event_msgs/msg/key_event.h
[2.067s] -- Installing: /home/kousei/2DRoboPrac_ws/ros2_ws/install/key_event_msgs/include/key_event_msgs/key_event_msgs/msg/rosidl_generator_c__visibility_control.h
[2.067s] -- Installing: /home/kousei/2DRoboPrac_ws/ros2_ws/install/key_event_msgs/include/key_event_msgs/key_event_msgs/msg/detail
[2.067s] -- Installing: /home/kousei/2DRoboPrac_ws/ros2_ws/install/key_event_msgs/include/key_event_msgs/key_event_msgs/msg/detail/key_event__struct.h
[2.067s] -- Installing: /home/kousei/2DRoboPrac_ws/ros2_ws/install/key_event_msgs/include/key_event_msgs/key_event_msgs/msg/detail/key_event__functions.h
[2.067s] -- Installing: /home/kousei/2DRoboPrac_ws/ros2_ws/install/key_event_msgs/include/key_event_msgs/key_event_msgs/msg/detail/key_event__functions.c
[2.068s] -- Installing: /home/kousei/2DRoboPrac_ws/ros2_ws/install/key_event_msgs/include/key_event_msgs/key_event_msgs/msg/detail/key_event__type_support.h
[2.068s] -- Installing: /home/kousei/2DRoboPrac_ws/ros2_ws/install/key_event_msgs/share/key_event_msgs/environment/library_path.sh
[2.068s] -- Installing: /home/kousei/2DRoboPrac_ws/ros2_ws/install/key_event_msgs/share/key_event_msgs/environment/library_path.dsv
[2.068s] -- Installing: /home/kousei/2DRoboPrac_ws/ros2_ws/install/key_event_msgs/lib/libkey_event_msgs__rosidl_generator_c.so
[2.068s] -- Set runtime path of "/home/kousei/2DRoboPrac_ws/ros2_ws/install/key_event_msgs/lib/libkey_event_msgs__rosidl_generator_c.so" to ""
[2.068s] -- Up-to-date: /home/kousei/2DRoboPrac_ws/ros2_ws/install/key_event_msgs/include/key_event_msgs/key_event_msgs
[2.068s] -- Up-to-date: /home/kousei/2DRoboPrac_ws/ros2_ws/install/key_event_msgs/include/key_event_msgs/key_event_msgs/msg
[2.068s] -- Up-to-date: /home/kousei/2DRoboPrac_ws/ros2_ws/install/key_event_msgs/include/key_event_msgs/key_event_msgs/msg/detail
[2.068s] -- Installing: /home/kousei/2DRoboPrac_ws/ros2_ws/install/key_event_msgs/include/key_event_msgs/key_event_msgs/msg/detail/key_event__rosidl_typesupport_fastrtps_c.h
[2.068s] -- Installing: /home/kousei/2DRoboPrac_ws/ros2_ws/install/key_event_msgs/include/key_event_msgs/key_event_msgs/msg/rosidl_typesupport_fastrtps_c__visibility_control.h
[2.068s] -- Installing: /home/kousei/2DRoboPrac_ws/ros2_ws/install/key_event_msgs/lib/libkey_event_msgs__rosidl_typesupport_fastrtps_c.so
[2.068s] -- Set runtime path of "/home/kousei/2DRoboPrac_ws/ros2_ws/install/key_event_msgs/lib/libkey_event_msgs__rosidl_typesupport_fastrtps_c.so" to ""
[2.068s] -- Up-to-date: /home/kousei/2DRoboPrac_ws/ros2_ws/install/key_event_msgs/include/key_event_msgs/key_event_msgs
[2.068s] -- Up-to-date: /home/kousei/2DRoboPrac_ws/ros2_ws/install/key_event_msgs/include/key_event_msgs/key_event_msgs/msg
[2.069s] -- Up-to-date: /home/kousei/2DRoboPrac_ws/ros2_ws/install/key_event_msgs/include/key_event_msgs/key_event_msgs/msg/detail
[2.069s] -- Installing: /home/kousei/2DRoboPrac_ws/ros2_ws/install/key_event_msgs/include/key_event_msgs/key_event_msgs/msg/detail/key_event__type_support.c
[2.069s] -- Installing: /home/kousei/2DRoboPrac_ws/ros2_ws/install/key_event_msgs/include/key_event_msgs/key_event_msgs/msg/detail/key_event__rosidl_typesupport_introspection_c.h
[2.069s] -- Installing: /home/kousei/2DRoboPrac_ws/ros2_ws/install/key_event_msgs/include/key_event_msgs/key_event_msgs/msg/rosidl_typesupport_introspection_c__visibility_control.h
[2.069s] -- Installing: /home/kousei/2DRoboPrac_ws/ros2_ws/install/key_event_msgs/lib/libkey_event_msgs__rosidl_typesupport_introspection_c.so
[2.069s] -- Set runtime path of "/home/kousei/2DRoboPrac_ws/ros2_ws/install/key_event_msgs/lib/libkey_event_msgs__rosidl_typesupport_introspection_c.so" to ""
[2.069s] -- Installing: /home/kousei/2DRoboPrac_ws/ros2_ws/install/key_event_msgs/lib/libkey_event_msgs__rosidl_typesupport_c.so
[2.069s] -- Set runtime path of "/home/kousei/2DRoboPrac_ws/ros2_ws/install/key_event_msgs/lib/libkey_event_msgs__rosidl_typesupport_c.so" to ""
[2.069s] -- Up-to-date: /home/kousei/2DRoboPrac_ws/ros2_ws/install/key_event_msgs/include/key_event_msgs/key_event_msgs
[2.069s] -- Up-to-date: /home/kousei/2DRoboPrac_ws/ros2_ws/install/key_event_msgs/include/key_event_msgs/key_event_msgs/msg
[2.069s] -- Installing: /home/kousei/2DRoboPrac_ws/ros2_ws/install/key_event_msgs/include/key_event_msgs/key_event_msgs/msg/key_event.hpp
[2.069s] -- Up-to-date: /home/kousei/2DRoboPrac_ws/ros2_ws/install/key_event_msgs/include/key_event_msgs/key_event_msgs/msg/detail
[2.069s] -- Installing: /home/kousei/2DRoboPrac_ws/ros2_ws/install/key_event_msgs/include/key_event_msgs/key_event_msgs/msg/detail/key_event__traits.hpp
[2.069s] -- Installing: /home/kousei/2DRoboPrac_ws/ros2_ws/install/key_event_msgs/include/key_event_msgs/key_event_msgs/msg/detail/key_event__struct.hpp
[2.069s] -- Installing: /home/kousei/2DRoboPrac_ws/ros2_ws/install/key_event_msgs/include/key_event_msgs/key_event_msgs/msg/detail/key_event__builder.hpp
[2.070s] -- Up-to-date: /home/kousei/2DRoboPrac_ws/ros2_ws/install/key_event_msgs/include/key_event_msgs/key_event_msgs
[2.070s] -- Up-to-date: /home/kousei/2DRoboPrac_ws/ros2_ws/install/key_event_msgs/include/key_event_msgs/key_event_msgs/msg
[2.070s] -- Up-to-date: /home/kousei/2DRoboPrac_ws/ros2_ws/install/key_event_msgs/include/key_event_msgs/key_event_msgs/msg/detail
[2.070s] -- Installing: /home/kousei/2DRoboPrac_ws/ros2_ws/install/key_event_msgs/include/key_event_msgs/key_event_msgs/msg/detail/dds_fastrtps
[2.070s] -- Installing: /home/kousei/2DRoboPrac_ws/ros2_ws/install/key_event_msgs/include/key_event_msgs/key_event_msgs/msg/detail/key_event__rosidl_typesupport_fastrtps_cpp.hpp
[2.070s] -- Installing: /home/kousei/2DRoboPrac_ws/ros2_ws/install/key_event_msgs/include/key_event_msgs/key_event_msgs/msg/rosidl_typesupport_fastrtps_cpp__visibility_control.h
[2.070s] -- Installing: /home/kousei/2DRoboPrac_ws/ros2_ws/install/key_event_msgs/lib/libkey_event_msgs__rosidl_typesupport_fastrtps_cpp.so
[2.070s] -- Set runtime path of "/home/kousei/2DRoboPrac_ws/ros2_ws/install/key_event_msgs/lib/libkey_event_msgs__rosidl_typesupport_fastrtps_cpp.so" to ""
[2.070s] -- Up-to-date: /home/kousei/2DRoboPrac_ws/ros2_ws/install/key_event_msgs/include/key_event_msgs/key_event_msgs
[2.070s] -- Up-to-date: /home/kousei/2DRoboPrac_ws/ros2_ws/install/key_event_msgs/include/key_event_msgs/key_event_msgs/msg
[2.070s] -- Up-to-date: /home/kousei/2DRoboPrac_ws/ros2_ws/install/key_event_msgs/include/key_event_msgs/key_event_msgs/msg/detail
[2.070s] -- Installing: /home/kousei/2DRoboPrac_ws/ros2_ws/install/key_event_msgs/include/key_event_msgs/key_event_msgs/msg/detail/key_event__rosidl_typesupport_introspection_cpp.hpp
[2.070s] -- Installing: /home/kousei/2DRoboPrac_ws/ros2_ws/install/key_event_msgs/include/key_event_msgs/key_event_msgs/msg/detail/key_event__type_support.cpp
[2.070s] -- Installing: /home/kousei/2DRoboPrac_ws/ros2_ws/install/key_event_msgs/lib/libkey_event_msgs__rosidl_typesupport_introspection_cpp.so
[2.071s] -- Set runtime path of "/home/kousei/2DRoboPrac_ws/ros2_ws/install/key_event_msgs/lib/libkey_event_msgs__rosidl_typesupport_introspection_cpp.so" to ""
[2.071s] -- Installing: /home/kousei/2DRoboPrac_ws/ros2_ws/install/key_event_msgs/lib/libkey_event_msgs__rosidl_typesupport_cpp.so
[2.071s] -- Set runtime path of "/home/kousei/2DRoboPrac_ws/ros2_ws/install/key_event_msgs/lib/libkey_event_msgs__rosidl_typesupport_cpp.so" to ""
[2.071s] -- Installing: /home/kousei/2DRoboPrac_ws/ros2_ws/install/key_event_msgs/share/key_event_msgs/environment/pythonpath.sh
[2.071s] -- Installing: /home/kousei/2DRoboPrac_ws/ros2_ws/install/key_event_msgs/share/key_event_msgs/environment/pythonpath.dsv
[2.071s] -- Installing: /home/kousei/2DRoboPrac_ws/ros2_ws/install/key_event_msgs/local/lib/python3.10/dist-packages/key_event_msgs-0.0.0-py3.10.egg-info
[2.071s] -- Installing: /home/kousei/2DRoboPrac_ws/ros2_ws/install/key_event_msgs/local/lib/python3.10/dist-packages/key_event_msgs-0.0.0-py3.10.egg-info/dependency_links.txt
[2.071s] -- Installing: /home/kousei/2DRoboPrac_ws/ros2_ws/install/key_event_msgs/local/lib/python3.10/dist-packages/key_event_msgs-0.0.0-py3.10.egg-info/SOURCES.txt
[2.071s] -- Installing: /home/kousei/2DRoboPrac_ws/ros2_ws/install/key_event_msgs/local/lib/python3.10/dist-packages/key_event_msgs-0.0.0-py3.10.egg-info/top_level.txt
[2.071s] -- Installing: /home/kousei/2DRoboPrac_ws/ros2_ws/install/key_event_msgs/local/lib/python3.10/dist-packages/key_event_msgs-0.0.0-py3.10.egg-info/PKG-INFO
[2.071s] -- Installing: /home/kousei/2DRoboPrac_ws/ros2_ws/install/key_event_msgs/local/lib/python3.10/dist-packages/key_event_msgs
[2.071s] -- Installing: /home/kousei/2DRoboPrac_ws/ros2_ws/install/key_event_msgs/local/lib/python3.10/dist-packages/key_event_msgs/_key_event_msgs_s.ep.rosidl_typesupport_introspection_c.c
[2.071s] -- Installing: /home/kousei/2DRoboPrac_ws/ros2_ws/install/key_event_msgs/local/lib/python3.10/dist-packages/key_event_msgs/__init__.py
[2.071s] -- Installing: /home/kousei/2DRoboPrac_ws/ros2_ws/install/key_event_msgs/local/lib/python3.10/dist-packages/key_event_msgs/key_event_msgs_s__rosidl_typesupport_c.cpython-310-x86_64-linux-gnu.so
[2.071s] -- Installing: /home/kousei/2DRoboPrac_ws/ros2_ws/install/key_event_msgs/local/lib/python3.10/dist-packages/key_event_msgs/_key_event_msgs_s.ep.rosidl_typesupport_c.c
[2.071s] -- Installing: /home/kousei/2DRoboPrac_ws/ros2_ws/install/key_event_msgs/local/lib/python3.10/dist-packages/key_event_msgs/key_event_msgs_s__rosidl_typesupport_introspection_c.cpython-310-x86_64-linux-gnu.so
[2.071s] -- Installing: /home/kousei/2DRoboPrac_ws/ros2_ws/install/key_event_msgs/local/lib/python3.10/dist-packages/key_event_msgs/_key_event_msgs_s.ep.rosidl_typesupport_fastrtps_c.c
[2.072s] -- Installing: /home/kousei/2DRoboPrac_ws/ros2_ws/install/key_event_msgs/local/lib/python3.10/dist-packages/key_event_msgs/msg
[2.072s] -- Installing: /home/kousei/2DRoboPrac_ws/ros2_ws/install/key_event_msgs/local/lib/python3.10/dist-packages/key_event_msgs/msg/__init__.py
[2.072s] -- Installing: /home/kousei/2DRoboPrac_ws/ros2_ws/install/key_event_msgs/local/lib/python3.10/dist-packages/key_event_msgs/msg/_key_event_s.c
[2.072s] -- Installing: /home/kousei/2DRoboPrac_ws/ros2_ws/install/key_event_msgs/local/lib/python3.10/dist-packages/key_event_msgs/msg/_key_event.py
[2.072s] -- Installing: /home/kousei/2DRoboPrac_ws/ros2_ws/install/key_event_msgs/local/lib/python3.10/dist-packages/key_event_msgs/key_event_msgs_s__rosidl_typesupport_fastrtps_c.cpython-310-x86_64-linux-gnu.so
[2.072s] -- Installing: /home/kousei/2DRoboPrac_ws/ros2_ws/install/key_event_msgs/local/lib/python3.10/dist-packages/key_event_msgs/libkey_event_msgs__rosidl_generator_py.so
[2.089s] Listing '/home/kousei/2DRoboPrac_ws/ros2_ws/install/key_event_msgs/local/lib/python3.10/dist-packages/key_event_msgs'...
[2.089s] Compiling '/home/kousei/2DRoboPrac_ws/ros2_ws/install/key_event_msgs/local/lib/python3.10/dist-packages/key_event_msgs/__init__.py'...
[2.089s] Listing '/home/kousei/2DRoboPrac_ws/ros2_ws/install/key_event_msgs/local/lib/python3.10/dist-packages/key_event_msgs/msg'...
[2.089s] Compiling '/home/kousei/2DRoboPrac_ws/ros2_ws/install/key_event_msgs/local/lib/python3.10/dist-packages/key_event_msgs/msg/__init__.py'...
[2.089s] Compiling '/home/kousei/2DRoboPrac_ws/ros2_ws/install/key_event_msgs/local/lib/python3.10/dist-packages/key_event_msgs/msg/_key_event.py'...
[2.091s] -- Installing: /home/kousei/2DRoboPrac_ws/ros2_ws/install/key_event_msgs/local/lib/python3.10/dist-packages/key_event_msgs/key_event_msgs_s__rosidl_typesupport_fastrtps_c.cpython-310-x86_64-linux-gnu.so
[2.091s] -- Set runtime path of "/home/kousei/2DRoboPrac_ws/ros2_ws/install/key_event_msgs/local/lib/python3.10/dist-packages/key_event_msgs/key_event_msgs_s__rosidl_typesupport_fastrtps_c.cpython-310-x86_64-linux-gnu.so" to ""
[2.091s] -- Installing: /home/kousei/2DRoboPrac_ws/ros2_ws/install/key_event_msgs/local/lib/python3.10/dist-packages/key_event_msgs/key_event_msgs_s__rosidl_typesupport_introspection_c.cpython-310-x86_64-linux-gnu.so
[2.091s] -- Set runtime path of "/home/kousei/2DRoboPrac_ws/ros2_ws/install/key_event_msgs/local/lib/python3.10/dist-packages/key_event_msgs/key_event_msgs_s__rosidl_typesupport_introspection_c.cpython-310-x86_64-linux-gnu.so" to ""
[2.092s] -- Installing: /home/kousei/2DRoboPrac_ws/ros2_ws/install/key_event_msgs/local/lib/python3.10/dist-packages/key_event_msgs/key_event_msgs_s__rosidl_typesupport_c.cpython-310-x86_64-linux-gnu.so
[2.092s] -- Set runtime path of "/home/kousei/2DRoboPrac_ws/ros2_ws/install/key_event_msgs/local/lib/python3.10/dist-packages/key_event_msgs/key_event_msgs_s__rosidl_typesupport_c.cpython-310-x86_64-linux-gnu.so" to ""
[2.092s] -- Installing: /home/kousei/2DRoboPrac_ws/ros2_ws/install/key_event_msgs/lib/libkey_event_msgs__rosidl_generator_py.so
[2.092s] -- Set runtime path of "/home/kousei/2DRoboPrac_ws/ros2_ws/install/key_event_msgs/lib/libkey_event_msgs__rosidl_generator_py.so" to ""
[2.092s] -- Installing: /home/kousei/2DRoboPrac_ws/ros2_ws/install/key_event_msgs/share/key_event_msgs/msg/KeyEvent.idl
[2.092s] -- Installing: /home/kousei/2DRoboPrac_ws/ros2_ws/install/key_event_msgs/share/key_event_msgs/msg/KeyEvent.msg
[2.092s] -- Installing: /home/kousei/2DRoboPrac_ws/ros2_ws/install/key_event_msgs/share/ament_index/resource_index/package_run_dependencies/key_event_msgs
[2.092s] -- Installing: /home/kousei/2DRoboPrac_ws/ros2_ws/install/key_event_msgs/share/ament_index/resource_index/parent_prefix_path/key_event_msgs
[2.092s] -- Installing: /home/kousei/2DRoboPrac_ws/ros2_ws/install/key_event_msgs/share/key_event_msgs/environment/ament_prefix_path.sh
[2.092s] -- Installing: /home/kousei/2DRoboPrac_ws/ros2_ws/install/key_event_msgs/share/key_event_msgs/environment/ament_prefix_path.dsv
[2.092s] -- Installing: /home/kousei/2DRoboPrac_ws/ros2_ws/install/key_event_msgs/share/key_event_msgs/environment/path.sh
[2.092s] -- Installing: /home/kousei/2DRoboPrac_ws/ros2_ws/install/key_event_msgs/share/key_event_msgs/environment/path.dsv
[2.092s] -- Installing: /home/kousei/2DRoboPrac_ws/ros2_ws/install/key_event_msgs/share/key_event_msgs/local_setup.bash
[2.093s] -- Installing: /home/kousei/2DRoboPrac_ws/ros2_ws/install/key_event_msgs/share/key_event_msgs/local_setup.sh
[2.093s] -- Installing: /home/kousei/2DRoboPrac_ws/ros2_ws/install/key_event_msgs/share/key_event_msgs/local_setup.zsh
[2.093s] -- Installing: /home/kousei/2DRoboPrac_ws/ros2_ws/install/key_event_msgs/share/key_event_msgs/local_setup.dsv
[2.093s] -- Installing: /home/kousei/2DRoboPrac_ws/ros2_ws/install/key_event_msgs/share/key_event_msgs/package.dsv
[2.093s] -- Installing: /home/kousei/2DRoboPrac_ws/ros2_ws/install/key_event_msgs/share/ament_index/resource_index/packages/key_event_msgs
[2.093s] -- Installing: /home/kousei/2DRoboPrac_ws/ros2_ws/install/key_event_msgs/share/key_event_msgs/cmake/export_key_event_msgs__rosidl_generator_cExport.cmake
[2.093s] -- Installing: /home/kousei/2DRoboPrac_ws/ros2_ws/install/key_event_msgs/share/key_event_msgs/cmake/export_key_event_msgs__rosidl_generator_cExport-noconfig.cmake
[2.093s] -- Installing: /home/kousei/2DRoboPrac_ws/ros2_ws/install/key_event_msgs/share/key_event_msgs/cmake/export_key_event_msgs__rosidl_typesupport_fastrtps_cExport.cmake
[2.093s] -- Installing: /home/kousei/2DRoboPrac_ws/ros2_ws/install/key_event_msgs/share/key_event_msgs/cmake/export_key_event_msgs__rosidl_typesupport_fastrtps_cExport-noconfig.cmake
[2.093s] -- Installing: /home/kousei/2DRoboPrac_ws/ros2_ws/install/key_event_msgs/share/key_event_msgs/cmake/key_event_msgs__rosidl_typesupport_introspection_cExport.cmake
[2.093s] -- Installing: /home/kousei/2DRoboPrac_ws/ros2_ws/install/key_event_msgs/share/key_event_msgs/cmake/key_event_msgs__rosidl_typesupport_introspection_cExport-noconfig.cmake
[2.093s] -- Installing: /home/kousei/2DRoboPrac_ws/ros2_ws/install/key_event_msgs/share/key_event_msgs/cmake/key_event_msgs__rosidl_typesupport_cExport.cmake
[2.093s] -- Installing: /home/kousei/2DRoboPrac_ws/ros2_ws/install/key_event_msgs/share/key_event_msgs/cmake/key_event_msgs__rosidl_typesupport_cExport-noconfig.cmake
[2.093s] -- Installing: /home/kousei/2DRoboPrac_ws/ros2_ws/install/key_event_msgs/share/key_event_msgs/cmake/export_key_event_msgs__rosidl_generator_cppExport.cmake
[2.093s] -- Installing: /home/kousei/2DRoboPrac_ws/ros2_ws/install/key_event_msgs/share/key_event_msgs/cmake/export_key_event_msgs__rosidl_typesupport_fastrtps_cppExport.cmake
[2.093s] -- Installing: /home/kousei/2DRoboPrac_ws/ros2_ws/install/key_event_msgs/share/key_event_msgs/cmake/export_key_event_msgs__rosidl_typesupport_fastrtps_cppExport-noconfig.cmake
[2.094s] -- Installing: /home/kousei/2DRoboPrac_ws/ros2_ws/install/key_event_msgs/share/key_event_msgs/cmake/key_event_msgs__rosidl_typesupport_introspection_cppExport.cmake
[2.094s] -- Installing: /home/kousei/2DRoboPrac_ws/ros2_ws/install/key_event_msgs/share/key_event_msgs/cmake/key_event_msgs__rosidl_typesupport_introspection_cppExport-noconfig.cmake
[2.094s] -- Installing: /home/kousei/2DRoboPrac_ws/ros2_ws/install/key_event_msgs/share/key_event_msgs/cmake/key_event_msgs__rosidl_typesupport_cppExport.cmake
[2.094s] -- Installing: /home/kousei/2DRoboPrac_ws/ros2_ws/install/key_event_msgs/share/key_event_msgs/cmake/key_event_msgs__rosidl_typesupport_cppExport-noconfig.cmake
[2.094s] -- Installing: /home/kousei/2DRoboPrac_ws/ros2_ws/install/key_event_msgs/share/key_event_msgs/cmake/export_key_event_msgs__rosidl_generator_pyExport.cmake
[2.094s] -- Installing: /home/kousei/2DRoboPrac_ws/ros2_ws/install/key_event_msgs/share/key_event_msgs/cmake/export_key_event_msgs__rosidl_generator_pyExport-noconfig.cmake
[2.094s] -- Installing: /home/kousei/2DRoboPrac_ws/ros2_ws/install/key_event_msgs/share/key_event_msgs/cmake/rosidl_cmake-extras.cmake
[2.094s] -- Installing: /home/kousei/2DRoboPrac_ws/ros2_ws/install/key_event_msgs/share/key_event_msgs/cmake/ament_cmake_export_include_directories-extras.cmake
[2.094s] -- Installing: /home/kousei/2DRoboPrac_ws/ros2_ws/install/key_event_msgs/share/key_event_msgs/cmake/ament_cmake_export_libraries-extras.cmake
[2.094s] -- Installing: /home/kousei/2DRoboPrac_ws/ros2_ws/install/key_event_msgs/share/key_event_msgs/cmake/ament_cmake_export_targets-extras.cmake
[2.094s] -- Installing: /home/kousei/2DRoboPrac_ws/ros2_ws/install/key_event_msgs/share/key_event_msgs/cmake/rosidl_cmake_export_typesupport_targets-extras.cmake
[2.094s] -- Installing: /home/kousei/2DRoboPrac_ws/ros2_ws/install/key_event_msgs/share/key_event_msgs/cmake/ament_cmake_export_dependencies-extras.cmake
[2.094s] -- Installing: /home/kousei/2DRoboPrac_ws/ros2_ws/install/key_event_msgs/share/key_event_msgs/cmake/rosidl_cmake_export_typesupport_libraries-extras.cmake
[2.094s] -- Installing: /home/kousei/2DRoboPrac_ws/ros2_ws/install/key_event_msgs/share/key_event_msgs/cmake/key_event_msgsConfig.cmake
[2.094s] -- Installing: /home/kousei/2DRoboPrac_ws/ros2_ws/install/key_event_msgs/share/key_event_msgs/cmake/key_event_msgsConfig-version.cmake
[2.094s] -- Installing: /home/kousei/2DRoboPrac_ws/ros2_ws/install/key_event_msgs/share/key_event_msgs/package.xml
[2.096s] Invoked command in '/home/kousei/2DRoboPrac_ws/ros2_ws/build/key_event_msgs' returned '0': CMAKE_PREFIX_PATH=${CMAKE_PREFIX_PATH}:/opt/ros/humble /usr/bin/cmake --install /home/kousei/2DRoboPrac_ws/ros2_ws/build/key_event_msgs
