[0.041s] Invoking command in '/home/kousei/2DRoboPrac_ws/ros2_ws/build/urg_node2': CMAKE_PREFIX_PATH=${CMAKE_PREFIX_PATH}:/opt/ros/humble /usr/bin/cmake --build /home/kousei/2DRoboPrac_ws/ros2_ws/build/urg_node2 -- -j16 -l16
[0.083s] [ 10%] Built target gtest
[0.083s] [ 20%] Built target gtest_main
[0.086s] [ 65%] Built target urg_c
[0.087s] [ 75%] Built target urg_node2_node
[0.110s] [ 85%] Built target urg_node2
[0.115s] [100%] Built target urg_node2_test
[0.122s] Invoked command in '/home/kousei/2DRoboPrac_ws/ros2_ws/build/urg_node2' returned '0': CMAKE_PREFIX_PATH=${CMAKE_PREFIX_PATH}:/opt/ros/humble /usr/bin/cmake --build /home/kousei/2DRoboPrac_ws/ros2_ws/build/urg_node2 -- -j16 -l16
[0.172s] Invoking command in '/home/kousei/2DRoboPrac_ws/ros2_ws/build/urg_node2': CMAKE_PREFIX_PATH=${CMAKE_PREFIX_PATH}:/opt/ros/humble /usr/bin/cmake --install /home/kousei/2DRoboPrac_ws/ros2_ws/build/urg_node2
[0.176s] -- Install configuration: ""
[0.177s] -- Up-to-date: /home/kousei/2DRoboPrac_ws/ros2_ws/install/urg_node2/lib/urg_node2/urg_node2_node
[0.177s] -- Up-to-date: /home/kousei/2DRoboPrac_ws/ros2_ws/install/urg_node2/lib/liburg_node2.so
[0.177s] -- Up-to-date: /home/kousei/2DRoboPrac_ws/ros2_ws/install/urg_node2/lib/liburg_c.so
[0.177s] -- Up-to-date: /home/kousei/2DRoboPrac_ws/ros2_ws/install/urg_node2/share/urg_node2/launch
[0.177s] -- Up-to-date: /home/kousei/2DRoboPrac_ws/ros2_ws/install/urg_node2/share/urg_node2/launch/urg_node2.launch.py
[0.177s] -- Up-to-date: /home/kousei/2DRoboPrac_ws/ros2_ws/install/urg_node2/share/urg_node2/launch/urg_node2_component.launch.py
[0.177s] -- Up-to-date: /home/kousei/2DRoboPrac_ws/ros2_ws/install/urg_node2/share/urg_node2/launch/urg_node2_2lidar.launch.py
[0.177s] -- Up-to-date: /home/kousei/2DRoboPrac_ws/ros2_ws/install/urg_node2/share/urg_node2/config
[0.177s] -- Up-to-date: /home/kousei/2DRoboPrac_ws/ros2_ws/install/urg_node2/share/urg_node2/config/params_ether.yaml
[0.177s] -- Up-to-date: /home/kousei/2DRoboPrac_ws/ros2_ws/install/urg_node2/share/urg_node2/config/params_ether_2nd.yaml
[0.177s] -- Up-to-date: /home/kousei/2DRoboPrac_ws/ros2_ws/install/urg_node2/share/urg_node2/config/params_serial.yaml
[0.178s] -- Up-to-date: /home/kousei/2DRoboPrac_ws/ros2_ws/install/urg_node2/share/ament_index/resource_index/package_run_dependencies/urg_node2
[0.178s] -- Up-to-date: /home/kousei/2DRoboPrac_ws/ros2_ws/install/urg_node2/share/ament_index/resource_index/parent_prefix_path/urg_node2
[0.178s] -- Up-to-date: /home/kousei/2DRoboPrac_ws/ros2_ws/install/urg_node2/share/urg_node2/environment/ament_prefix_path.sh
[0.178s] -- Up-to-date: /home/kousei/2DRoboPrac_ws/ros2_ws/install/urg_node2/share/urg_node2/environment/ament_prefix_path.dsv
[0.178s] -- Up-to-date: /home/kousei/2DRoboPrac_ws/ros2_ws/install/urg_node2/share/urg_node2/environment/path.sh
[0.178s] -- Up-to-date: /home/kousei/2DRoboPrac_ws/ros2_ws/install/urg_node2/share/urg_node2/environment/path.dsv
[0.179s] -- Up-to-date: /home/kousei/2DRoboPrac_ws/ros2_ws/install/urg_node2/share/urg_node2/local_setup.bash
[0.179s] -- Up-to-date: /home/kousei/2DRoboPrac_ws/ros2_ws/install/urg_node2/share/urg_node2/local_setup.sh
[0.179s] -- Up-to-date: /home/kousei/2DRoboPrac_ws/ros2_ws/install/urg_node2/share/urg_node2/local_setup.zsh
[0.179s] -- Up-to-date: /home/kousei/2DRoboPrac_ws/ros2_ws/install/urg_node2/share/urg_node2/local_setup.dsv
[0.179s] -- Installing: /home/kousei/2DRoboPrac_ws/ros2_ws/install/urg_node2/share/urg_node2/package.dsv
[0.180s] -- Up-to-date: /home/kousei/2DRoboPrac_ws/ros2_ws/install/urg_node2/share/ament_index/resource_index/packages/urg_node2
[0.180s] -- Up-to-date: /home/kousei/2DRoboPrac_ws/ros2_ws/install/urg_node2/share/ament_index/resource_index/rclcpp_components/urg_node2
[0.180s] -- Up-to-date: /home/kousei/2DRoboPrac_ws/ros2_ws/install/urg_node2/share/urg_node2/cmake/urg_node2Config.cmake
[0.180s] -- Up-to-date: /home/kousei/2DRoboPrac_ws/ros2_ws/install/urg_node2/share/urg_node2/cmake/urg_node2Config-version.cmake
[0.180s] -- Up-to-date: /home/kousei/2DRoboPrac_ws/ros2_ws/install/urg_node2/share/urg_node2/package.xml
[0.180s] Invoked command in '/home/kousei/2DRoboPrac_ws/ros2_ws/build/urg_node2' returned '0': CMAKE_PREFIX_PATH=${CMAKE_PREFIX_PATH}:/opt/ros/humble /usr/bin/cmake --install /home/kousei/2DRoboPrac_ws/ros2_ws/build/urg_node2
