[0.044s] Invoking command in '/home/kousei/2DRoboPrac_ws/ros2_ws/build/nav_real': AMENT_PREFIX_PATH=/home/kousei/2DRoboPrac_ws/ros2_ws/install/drive_msgs:${AMENT_PREFIX_PATH} CMAKE_PREFIX_PATH=/home/kousei/2DRoboPrac_ws/ros2_ws/install/key_event_nodes:/home/kousei/2DRoboPrac_ws/ros2_ws/install/key_event_msgs:/home/kousei/2DRoboPrac_ws/ros2_ws/install/drive_msgs:/home/kousei/2DRoboPrac_ws/ros2_ws/install/urg_node2:/home/kousei/2DRoboPrac_ws/ros2_ws/install/nav_real:/home/kousei/2DRoboPrac_ws/ros2_ws/install/nav_dev:/home/kousei/2DRoboPrac_ws/ros2_ws/install/drive_pkg:/home/kousei/2DRoboPrac_ws/ros2_ws/install/cpp_topic_pubsub:/opt/ros/humble LD_LIBRARY_PATH=/home/kousei/2DRoboPrac_ws/ros2_ws/install/key_event_nodes/lib:/home/kousei/2DRoboPrac_ws/ros2_ws/install/key_event_msgs/lib:/home/kousei/2DRoboPrac_ws/ros2_ws/install/drive_msgs/lib:/home/kousei/2DRoboPrac_ws/ros2_ws/install/urg_node2/lib:/home/kousei/2DRoboPrac_ws/ros2_ws/install/drive_pkg/lib:/home/kousei/2DRoboPrac_ws/ros2_ws/install/cpp_topic_pubsub/lib:/usr/lib/x86_64-linux-gnu/gazebo-11/plugins:/opt/ros/humble/opt/rviz_ogre_vendor/lib:/opt/ros/humble/lib/x86_64-linux-gnu:/opt/ros/humble/lib PYTHONPATH=/home/kousei/2DRoboPrac_ws/ros2_ws/install/drive_msgs/local/lib/python3.10/dist-packages:${PYTHONPATH} /usr/bin/cmake --build /home/kousei/2DRoboPrac_ws/ros2_ws/build/nav_real -- -j16 -l16
[0.059s] -- Found ament_cmake_auto: 1.3.6 (/opt/ros/humble/share/ament_cmake_auto/cmake)
[0.192s] -- Using all available rosidl_typesupport_c: rosidl_typesupport_fastrtps_c;rosidl_typesupport_introspection_c
[0.195s] -- Found rosidl_adapter: 3.1.5 (/opt/ros/humble/share/rosidl_adapter/cmake)
[0.219s] -- Using all available rosidl_typesupport_cpp: rosidl_typesupport_fastrtps_cpp;rosidl_typesupport_introspection_cpp
[0.273s] -- Found rmw_implementation_cmake: 6.1.1 (/opt/ros/humble/share/rmw_implementation_cmake/cmake)
[0.274s] -- Found rmw_fastrtps_cpp: 6.2.5 (/opt/ros/humble/share/rmw_fastrtps_cpp/cmake)
[0.345s] -- Using RMW implementation 'rmw_fastrtps_cpp' as default
[0.710s] -- Found ament_lint_auto: 0.12.9 (/opt/ros/humble/share/ament_lint_auto/cmake)
[0.746s] -- Added test 'cppcheck' to perform static code analysis on C / C++ code
[0.747s] -- Configured cppcheck include dirs: /home/kousei/2DRoboPrac_ws/ros2_ws/src/nav_real/include
[0.747s] -- Configured cppcheck exclude dirs and/or files: 
[0.747s] -- Added test 'flake8' to check Python code syntax and style conventions
[0.747s] -- Added test 'lint_cmake' to check CMake code style
[0.747s] -- Added test 'pep257' to check Python code against some of the docstring style conventions in PEP 257
[0.748s] -- Added test 'uncrustify' to check C / C++ code style
[0.748s] -- Configured uncrustify additional arguments: 
[0.748s] -- Added test 'xmllint' to check XML markup files
[0.749s] -- Configuring done
[0.770s] -- Generating done
[0.771s] -- Build files have been written to: /home/kousei/2DRoboPrac_ws/ros2_ws/build/nav_real
[0.788s] [35m[1mConsolidate compiler generated dependencies of target test_pub_node[0m
[0.789s] [35m[1mConsolidate compiler generated dependencies of target counter_node[0m
[0.789s] [35m[1mConsolidate compiler generated dependencies of target raspi_node[0m
[0.789s] [35m[1mConsolidate compiler generated dependencies of target joy_transrate_node[0m
[0.793s] [35m[1mConsolidate compiler generated dependencies of target simple_dd_node[0m
[0.793s] [35m[1mConsolidate compiler generated dependencies of target diff_drive_node[0m
[0.806s] [ 25%] Built target raspi_node
[0.806s] [ 33%] Built target test_pub_node
[0.807s] [ 50%] Built target joy_transrate_node
[0.811s] [ 66%] Built target counter_node
[0.814s] [100%] Built target simple_dd_node
[0.815s] [100%] Built target diff_drive_node
[0.822s] Invoked command in '/home/kousei/2DRoboPrac_ws/ros2_ws/build/nav_real' returned '0': AMENT_PREFIX_PATH=/home/kousei/2DRoboPrac_ws/ros2_ws/install/drive_msgs:${AMENT_PREFIX_PATH} CMAKE_PREFIX_PATH=/home/kousei/2DRoboPrac_ws/ros2_ws/install/key_event_nodes:/home/kousei/2DRoboPrac_ws/ros2_ws/install/key_event_msgs:/home/kousei/2DRoboPrac_ws/ros2_ws/install/drive_msgs:/home/kousei/2DRoboPrac_ws/ros2_ws/install/urg_node2:/home/kousei/2DRoboPrac_ws/ros2_ws/install/nav_real:/home/kousei/2DRoboPrac_ws/ros2_ws/install/nav_dev:/home/kousei/2DRoboPrac_ws/ros2_ws/install/drive_pkg:/home/kousei/2DRoboPrac_ws/ros2_ws/install/cpp_topic_pubsub:/opt/ros/humble LD_LIBRARY_PATH=/home/kousei/2DRoboPrac_ws/ros2_ws/install/key_event_nodes/lib:/home/kousei/2DRoboPrac_ws/ros2_ws/install/key_event_msgs/lib:/home/kousei/2DRoboPrac_ws/ros2_ws/install/drive_msgs/lib:/home/kousei/2DRoboPrac_ws/ros2_ws/install/urg_node2/lib:/home/kousei/2DRoboPrac_ws/ros2_ws/install/drive_pkg/lib:/home/kousei/2DRoboPrac_ws/ros2_ws/install/cpp_topic_pubsub/lib:/usr/lib/x86_64-linux-gnu/gazebo-11/plugins:/opt/ros/humble/opt/rviz_ogre_vendor/lib:/opt/ros/humble/lib/x86_64-linux-gnu:/opt/ros/humble/lib PYTHONPATH=/home/kousei/2DRoboPrac_ws/ros2_ws/install/drive_msgs/local/lib/python3.10/dist-packages:${PYTHONPATH} /usr/bin/cmake --build /home/kousei/2DRoboPrac_ws/ros2_ws/build/nav_real -- -j16 -l16
[0.844s] Invoking command in '/home/kousei/2DRoboPrac_ws/ros2_ws/build/nav_real': AMENT_PREFIX_PATH=/home/kousei/2DRoboPrac_ws/ros2_ws/install/drive_msgs:${AMENT_PREFIX_PATH} CMAKE_PREFIX_PATH=/home/kousei/2DRoboPrac_ws/ros2_ws/install/key_event_nodes:/home/kousei/2DRoboPrac_ws/ros2_ws/install/key_event_msgs:/home/kousei/2DRoboPrac_ws/ros2_ws/install/drive_msgs:/home/kousei/2DRoboPrac_ws/ros2_ws/install/urg_node2:/home/kousei/2DRoboPrac_ws/ros2_ws/install/nav_real:/home/kousei/2DRoboPrac_ws/ros2_ws/install/nav_dev:/home/kousei/2DRoboPrac_ws/ros2_ws/install/drive_pkg:/home/kousei/2DRoboPrac_ws/ros2_ws/install/cpp_topic_pubsub:/opt/ros/humble LD_LIBRARY_PATH=/home/kousei/2DRoboPrac_ws/ros2_ws/install/key_event_nodes/lib:/home/kousei/2DRoboPrac_ws/ros2_ws/install/key_event_msgs/lib:/home/kousei/2DRoboPrac_ws/ros2_ws/install/drive_msgs/lib:/home/kousei/2DRoboPrac_ws/ros2_ws/install/urg_node2/lib:/home/kousei/2DRoboPrac_ws/ros2_ws/install/drive_pkg/lib:/home/kousei/2DRoboPrac_ws/ros2_ws/install/cpp_topic_pubsub/lib:/usr/lib/x86_64-linux-gnu/gazebo-11/plugins:/opt/ros/humble/opt/rviz_ogre_vendor/lib:/opt/ros/humble/lib/x86_64-linux-gnu:/opt/ros/humble/lib PYTHONPATH=/home/kousei/2DRoboPrac_ws/ros2_ws/install/drive_msgs/local/lib/python3.10/dist-packages:${PYTHONPATH} /usr/bin/cmake --install /home/kousei/2DRoboPrac_ws/ros2_ws/build/nav_real
[0.849s] -- Install configuration: ""
[0.849s] -- Up-to-date: /home/kousei/2DRoboPrac_ws/ros2_ws/install/nav_real/include
[0.849s] -- Up-to-date: /home/kousei/2DRoboPrac_ws/ros2_ws/install/nav_real/include/nav_real
[0.849s] -- Up-to-date: /home/kousei/2DRoboPrac_ws/ros2_ws/install/nav_real/lib/nav_real/counter_node
[0.849s] -- Up-to-date: /home/kousei/2DRoboPrac_ws/ros2_ws/install/nav_real/lib/nav_real/test_pub_node
[0.850s] -- Up-to-date: /home/kousei/2DRoboPrac_ws/ros2_ws/install/nav_real/lib/nav_real/raspi_node
[0.850s] -- Up-to-date: /home/kousei/2DRoboPrac_ws/ros2_ws/install/nav_real/lib/nav_real/joy_transrate_node
[0.850s] -- Up-to-date: /home/kousei/2DRoboPrac_ws/ros2_ws/install/nav_real/lib/nav_real/diff_drive_node
[0.850s] -- Up-to-date: /home/kousei/2DRoboPrac_ws/ros2_ws/install/nav_real/lib/nav_real/simple_dd_node
[0.850s] -- Up-to-date: /home/kousei/2DRoboPrac_ws/ros2_ws/install/nav_real/share/nav_real/config
[0.850s] -- Up-to-date: /home/kousei/2DRoboPrac_ws/ros2_ws/install/nav_real/share/nav_real/config/params.yaml
[0.850s] -- Up-to-date: /home/kousei/2DRoboPrac_ws/ros2_ws/install/nav_real/share/nav_real/launch
[0.850s] -- Up-to-date: /home/kousei/2DRoboPrac_ws/ros2_ws/install/nav_real/share/nav_real/launch/diff_drive.launch.py
[0.850s] -- Up-to-date: /home/kousei/2DRoboPrac_ws/ros2_ws/install/nav_real/share/ament_index/resource_index/package_run_dependencies/nav_real
[0.850s] -- Up-to-date: /home/kousei/2DRoboPrac_ws/ros2_ws/install/nav_real/share/ament_index/resource_index/parent_prefix_path/nav_real
[0.850s] -- Up-to-date: /home/kousei/2DRoboPrac_ws/ros2_ws/install/nav_real/share/nav_real/environment/ament_prefix_path.sh
[0.850s] -- Installing: /home/kousei/2DRoboPrac_ws/ros2_ws/install/nav_real/share/nav_real/environment/ament_prefix_path.dsv
[0.850s] -- Up-to-date: /home/kousei/2DRoboPrac_ws/ros2_ws/install/nav_real/share/nav_real/environment/path.sh
[0.851s] -- Installing: /home/kousei/2DRoboPrac_ws/ros2_ws/install/nav_real/share/nav_real/environment/path.dsv
[0.851s] -- Up-to-date: /home/kousei/2DRoboPrac_ws/ros2_ws/install/nav_real/share/nav_real/local_setup.bash
[0.851s] -- Up-to-date: /home/kousei/2DRoboPrac_ws/ros2_ws/install/nav_real/share/nav_real/local_setup.sh
[0.851s] -- Up-to-date: /home/kousei/2DRoboPrac_ws/ros2_ws/install/nav_real/share/nav_real/local_setup.zsh
[0.851s] -- Installing: /home/kousei/2DRoboPrac_ws/ros2_ws/install/nav_real/share/nav_real/local_setup.dsv
[0.851s] -- Installing: /home/kousei/2DRoboPrac_ws/ros2_ws/install/nav_real/share/nav_real/package.dsv
[0.851s] -- Up-to-date: /home/kousei/2DRoboPrac_ws/ros2_ws/install/nav_real/share/ament_index/resource_index/packages/nav_real
[0.852s] -- Up-to-date: /home/kousei/2DRoboPrac_ws/ros2_ws/install/nav_real/share/nav_real/cmake/ament_cmake_export_dependencies-extras.cmake
[0.852s] -- Up-to-date: /home/kousei/2DRoboPrac_ws/ros2_ws/install/nav_real/share/nav_real/cmake/ament_cmake_export_include_directories-extras.cmake
[0.852s] -- Up-to-date: /home/kousei/2DRoboPrac_ws/ros2_ws/install/nav_real/share/nav_real/cmake/nav_realConfig.cmake
[0.852s] -- Up-to-date: /home/kousei/2DRoboPrac_ws/ros2_ws/install/nav_real/share/nav_real/cmake/nav_realConfig-version.cmake
[0.852s] -- Up-to-date: /home/kousei/2DRoboPrac_ws/ros2_ws/install/nav_real/share/nav_real/package.xml
[0.853s] Invoked command in '/home/kousei/2DRoboPrac_ws/ros2_ws/build/nav_real' returned '0': AMENT_PREFIX_PATH=/home/kousei/2DRoboPrac_ws/ros2_ws/install/drive_msgs:${AMENT_PREFIX_PATH} CMAKE_PREFIX_PATH=/home/kousei/2DRoboPrac_ws/ros2_ws/install/key_event_nodes:/home/kousei/2DRoboPrac_ws/ros2_ws/install/key_event_msgs:/home/kousei/2DRoboPrac_ws/ros2_ws/install/drive_msgs:/home/kousei/2DRoboPrac_ws/ros2_ws/install/urg_node2:/home/kousei/2DRoboPrac_ws/ros2_ws/install/nav_real:/home/kousei/2DRoboPrac_ws/ros2_ws/install/nav_dev:/home/kousei/2DRoboPrac_ws/ros2_ws/install/drive_pkg:/home/kousei/2DRoboPrac_ws/ros2_ws/install/cpp_topic_pubsub:/opt/ros/humble LD_LIBRARY_PATH=/home/kousei/2DRoboPrac_ws/ros2_ws/install/key_event_nodes/lib:/home/kousei/2DRoboPrac_ws/ros2_ws/install/key_event_msgs/lib:/home/kousei/2DRoboPrac_ws/ros2_ws/install/drive_msgs/lib:/home/kousei/2DRoboPrac_ws/ros2_ws/install/urg_node2/lib:/home/kousei/2DRoboPrac_ws/ros2_ws/install/drive_pkg/lib:/home/kousei/2DRoboPrac_ws/ros2_ws/install/cpp_topic_pubsub/lib:/usr/lib/x86_64-linux-gnu/gazebo-11/plugins:/opt/ros/humble/opt/rviz_ogre_vendor/lib:/opt/ros/humble/lib/x86_64-linux-gnu:/opt/ros/humble/lib PYTHONPATH=/home/kousei/2DRoboPrac_ws/ros2_ws/install/drive_msgs/local/lib/python3.10/dist-packages:${PYTHONPATH} /usr/bin/cmake --install /home/kousei/2DRoboPrac_ws/ros2_ws/build/nav_real
