[0.047s] Invoking command in '/home/kousei/2DRoboPrac_ws/ros2_ws/build/urg_node2': CMAKE_PREFIX_PATH=${CMAKE_PREFIX_PATH}:/opt/ros/humble /usr/bin/cmake /home/kousei/2DRoboPrac_ws/ros2_ws/src/urg_node2 -DCMAKE_INSTALL_PREFIX=/home/kousei/2DRoboPrac_ws/ros2_ws/install/urg_node2
[0.109s] -- The C compiler identification is GNU 11.4.0
[0.147s] -- The CXX compiler identification is GNU 11.4.0
[0.154s] -- Detecting C compiler ABI info
[0.199s] -- Detecting C compiler ABI info - done
[0.204s] -- Check for working C compiler: /usr/bin/cc - skipped
[0.204s] -- Detecting C compile features
[0.205s] -- Detecting C compile features - done
[0.207s] -- Detecting CXX compiler ABI info
[0.260s] -- Detecting CXX compiler ABI info - done
[0.265s] -- Check for working CXX compiler: /usr/bin/c++ - skipped
[0.265s] -- Detecting CXX compile features
[0.266s] -- Detecting CXX compile features - done
[0.268s] -- Found ament_cmake: 1.3.6 (/opt/ros/humble/share/ament_cmake/cmake)
[0.383s] -- Found Python3: /usr/bin/python3.10 (found version "3.10.12") found components: Interpreter 
[0.445s] -- Found rclcpp: 16.0.7 (/opt/ros/humble/share/rclcpp/cmake)
[0.477s] -- Found rosidl_generator_c: 3.1.5 (/opt/ros/humble/share/rosidl_generator_c/cmake)
[0.480s] -- Found rosidl_adapter: 3.1.5 (/opt/ros/humble/share/rosidl_adapter/cmake)
[0.486s] -- Found rosidl_generator_cpp: 3.1.5 (/opt/ros/humble/share/rosidl_generator_cpp/cmake)
[0.495s] -- Using all available rosidl_typesupport_c: rosidl_typesupport_fastrtps_c;rosidl_typesupport_introspection_c
[0.507s] -- Using all available rosidl_typesupport_cpp: rosidl_typesupport_fastrtps_cpp;rosidl_typesupport_introspection_cpp
[0.552s] -- Found rmw_implementation_cmake: 6.1.1 (/opt/ros/humble/share/rmw_implementation_cmake/cmake)
[0.554s] -- Found rmw_fastrtps_cpp: 6.2.5 (/opt/ros/humble/share/rmw_fastrtps_cpp/cmake)
[0.621s] -- Found OpenSSL: /usr/lib/x86_64-linux-gnu/libcrypto.so (found version "3.0.2")  
[0.640s] -- Found FastRTPS: /opt/ros/humble/include  
[0.674s] -- Using RMW implementation 'rmw_fastrtps_cpp' as default
[0.680s] -- Looking for pthread.h
[0.726s] -- Looking for pthread.h - found
[0.727s] -- Performing Test CMAKE_HAVE_LIBC_PTHREAD
[0.774s] -- Performing Test CMAKE_HAVE_LIBC_PTHREAD - Success
[0.775s] -- Found Threads: TRUE  
[0.880s] -- Found rclcpp_components: 16.0.7 (/opt/ros/humble/share/rclcpp_components/cmake)
[0.923s] -- Found rclcpp_lifecycle: 16.0.7 (/opt/ros/humble/share/rclcpp_lifecycle/cmake)
[0.950s] -- Found sensor_msgs: 4.2.3 (/opt/ros/humble/share/sensor_msgs/cmake)
[1.033s] -- Found diagnostic_updater: 3.1.2 (/opt/ros/humble/share/diagnostic_updater/cmake)
[1.084s] -- Found laser_proc: 1.0.2 (/opt/ros/humble/share/laser_proc/cmake)
[1.099s] -- Found ament_cmake_gtest: 1.3.6 (/opt/ros/humble/share/ament_cmake_gtest/cmake)
[1.101s] -- Found gtest sources under '/opt/ros/humble/src/gtest_vendor': C++ tests using 'Google Test' will be built
[1.156s] -- Configuring done
[1.183s] -- Generating done
[1.186s] -- Build files have been written to: /home/kousei/2DRoboPrac_ws/ros2_ws/build/urg_node2
[1.196s] Invoked command in '/home/kousei/2DRoboPrac_ws/ros2_ws/build/urg_node2' returned '0': CMAKE_PREFIX_PATH=${CMAKE_PREFIX_PATH}:/opt/ros/humble /usr/bin/cmake /home/kousei/2DRoboPrac_ws/ros2_ws/src/urg_node2 -DCMAKE_INSTALL_PREFIX=/home/kousei/2DRoboPrac_ws/ros2_ws/install/urg_node2
[1.198s] Invoking command in '/home/kousei/2DRoboPrac_ws/ros2_ws/build/urg_node2': CMAKE_PREFIX_PATH=${CMAKE_PREFIX_PATH}:/opt/ros/humble /usr/bin/cmake --build /home/kousei/2DRoboPrac_ws/ros2_ws/build/urg_node2 -- -j16 -l16
[1.234s] [  5%] [32mBuilding CXX object CMakeFiles/urg_node2_node.dir/rclcpp_components/node_main_urg_node2_node.cpp.o[0m
[1.238s] [ 10%] [32mBuilding C object CMakeFiles/urg_c.dir/urg_library/current/src/urg_sensor.c.o[0m
[1.240s] [ 15%] [32mBuilding C object CMakeFiles/urg_c.dir/urg_library/current/src/urg_utils.c.o[0m
[1.240s] [ 30%] [32mBuilding C object CMakeFiles/urg_c.dir/urg_library/current/src/urg_connection.c.o[0m
[1.240s] [ 30%] [32mBuilding C object CMakeFiles/urg_c.dir/urg_library/current/src/urg_debug.c.o[0m
[1.241s] [ 40%] [32mBuilding CXX object gtest/CMakeFiles/gtest.dir/src/gtest-all.cc.o[0m
[1.241s] [ 40%] [32mBuilding CXX object gtest/CMakeFiles/gtest_main.dir/src/gtest_main.cc.o[0m
[1.241s] [ 35%] [32mBuilding C object CMakeFiles/urg_c.dir/urg_library/current/src/urg_serial.c.o[0m
[1.241s] [ 45%] [32mBuilding C object CMakeFiles/urg_c.dir/urg_library/current/src/urg_ring_buffer.c.o[0m
[1.248s] [ 50%] [32mBuilding C object CMakeFiles/urg_c.dir/urg_library/current/src/urg_tcpclient.c.o[0m
[1.249s] [ 55%] [32mBuilding C object CMakeFiles/urg_c.dir/urg_library/current/src/urg_serial_utils.c.o[0m
[1.267s] [01m[K/home/kousei/2DRoboPrac_ws/ros2_ws/src/urg_node2/urg_library/current/src/urg_sensor.c:1349:8:[m[K [01;35m[Kwarning: [m[Ktype qualifiers ignored on function return type [[01;35m[K]8;;https://gcc.gnu.org/onlinedocs/gcc/Warning-Options.html#index-Wignored-qualifiers-Wignored-qualifiers]8;;[m[K]
[1.267s]  1349 | static [01;35m[Kconst[m[K int receive_II_command_response(urg_t *urg,
[1.267s]       |        [01;35m[K^~~~~[m[K
[1.268s] [01m[K/home/kousei/2DRoboPrac_ws/ros2_ws/src/urg_node2/urg_library/current/src/urg_utils.c:[m[K In function ‘[01m[Kurg_delay[m[K’:
[1.268s] [01m[K/home/kousei/2DRoboPrac_ws/ros2_ws/src/urg_node2/urg_library/current/src/urg_utils.c:224:5:[m[K [01;35m[Kwarning: [m[Kimplicit declaration of function ‘[01m[Kusleep[m[K’; did you mean ‘[01m[Kurg_sleep[m[K’? [[01;35m[K]8;;https://gcc.gnu.org/onlinedocs/gcc/Warning-Options.html#index-Wimplicit-function-declaration-Wimplicit-function-declaration]8;;[m[K]
[1.268s]   224 |     [01;35m[Kusleep[m[K(1000 * delay_msec);
[1.268s]       |     [01;35m[K^~~~~~[m[K
[1.268s]       |     [32m[Kurg_sleep[m[K
[1.359s] [ 60%] [32m[1mLinking C shared library liburg_c.so[0m
[1.406s] [ 60%] Built target urg_c
[1.433s] [ 65%] [32mBuilding CXX object CMakeFiles/urg_node2.dir/src/urg_node2.cpp.o[0m
[1.768s] [ 70%] [32m[1mLinking CXX static library libgtest_main.a[0m
[1.818s] [ 70%] Built target gtest_main
[3.798s] [ 75%] [32m[1mLinking CXX executable urg_node2_node[0m
[3.902s] [ 75%] Built target urg_node2_node
[4.446s] [ 80%] [32m[1mLinking CXX static library libgtest.a[0m
[4.512s] [ 80%] Built target gtest
[4.526s] [ 90%] [32mBuilding CXX object CMakeFiles/urg_node2_test.dir/src/urg_node2.cpp.o[0m
[4.526s] [ 90%] [32mBuilding CXX object CMakeFiles/urg_node2_test.dir/test/urg_node2_test.cpp.o[0m
[6.331s] [ 95%] [32m[1mLinking CXX shared library liburg_node2.so[0m
[6.527s] [ 95%] Built target urg_node2
[13.169s] [100%] [32m[1mLinking CXX executable urg_node2_test[0m
[14.232s] [100%] Built target urg_node2_test
[14.241s] Invoked command in '/home/kousei/2DRoboPrac_ws/ros2_ws/build/urg_node2' returned '0': CMAKE_PREFIX_PATH=${CMAKE_PREFIX_PATH}:/opt/ros/humble /usr/bin/cmake --build /home/kousei/2DRoboPrac_ws/ros2_ws/build/urg_node2 -- -j16 -l16
[14.281s] Invoking command in '/home/kousei/2DRoboPrac_ws/ros2_ws/build/urg_node2': CMAKE_PREFIX_PATH=${CMAKE_PREFIX_PATH}:/opt/ros/humble /usr/bin/cmake --install /home/kousei/2DRoboPrac_ws/ros2_ws/build/urg_node2
[14.287s] -- Install configuration: ""
[14.287s] -- Installing: /home/kousei/2DRoboPrac_ws/ros2_ws/install/urg_node2/lib/urg_node2/urg_node2_node
[14.287s] -- Set runtime path of "/home/kousei/2DRoboPrac_ws/ros2_ws/install/urg_node2/lib/urg_node2/urg_node2_node" to ""
[14.288s] -- Installing: /home/kousei/2DRoboPrac_ws/ros2_ws/install/urg_node2/lib/liburg_node2.so
[14.291s] -- Set runtime path of "/home/kousei/2DRoboPrac_ws/ros2_ws/install/urg_node2/lib/liburg_node2.so" to ""
[14.291s] -- Installing: /home/kousei/2DRoboPrac_ws/ros2_ws/install/urg_node2/lib/liburg_c.so
[14.291s] -- Installing: /home/kousei/2DRoboPrac_ws/ros2_ws/install/urg_node2/share/urg_node2/launch
[14.291s] -- Installing: /home/kousei/2DRoboPrac_ws/ros2_ws/install/urg_node2/share/urg_node2/launch/urg_node2.launch.py
[14.292s] -- Installing: /home/kousei/2DRoboPrac_ws/ros2_ws/install/urg_node2/share/urg_node2/launch/urg_node2_component.launch.py
[14.292s] -- Installing: /home/kousei/2DRoboPrac_ws/ros2_ws/install/urg_node2/share/urg_node2/launch/urg_node2_2lidar.launch.py
[14.292s] -- Installing: /home/kousei/2DRoboPrac_ws/ros2_ws/install/urg_node2/share/urg_node2/config
[14.292s] -- Installing: /home/kousei/2DRoboPrac_ws/ros2_ws/install/urg_node2/share/urg_node2/config/params_ether.yaml
[14.292s] -- Installing: /home/kousei/2DRoboPrac_ws/ros2_ws/install/urg_node2/share/urg_node2/config/params_ether_2nd.yaml
[14.292s] -- Installing: /home/kousei/2DRoboPrac_ws/ros2_ws/install/urg_node2/share/urg_node2/config/params_serial.yaml
[14.292s] -- Installing: /home/kousei/2DRoboPrac_ws/ros2_ws/install/urg_node2/share/ament_index/resource_index/package_run_dependencies/urg_node2
[14.292s] -- Installing: /home/kousei/2DRoboPrac_ws/ros2_ws/install/urg_node2/share/ament_index/resource_index/parent_prefix_path/urg_node2
[14.293s] -- Installing: /home/kousei/2DRoboPrac_ws/ros2_ws/install/urg_node2/share/urg_node2/environment/ament_prefix_path.sh
[14.293s] -- Installing: /home/kousei/2DRoboPrac_ws/ros2_ws/install/urg_node2/share/urg_node2/environment/ament_prefix_path.dsv
[14.293s] -- Installing: /home/kousei/2DRoboPrac_ws/ros2_ws/install/urg_node2/share/urg_node2/environment/path.sh
[14.293s] -- Installing: /home/kousei/2DRoboPrac_ws/ros2_ws/install/urg_node2/share/urg_node2/environment/path.dsv
[14.293s] -- Installing: /home/kousei/2DRoboPrac_ws/ros2_ws/install/urg_node2/share/urg_node2/local_setup.bash
[14.293s] -- Installing: /home/kousei/2DRoboPrac_ws/ros2_ws/install/urg_node2/share/urg_node2/local_setup.sh
[14.293s] -- Installing: /home/kousei/2DRoboPrac_ws/ros2_ws/install/urg_node2/share/urg_node2/local_setup.zsh
[14.293s] -- Installing: /home/kousei/2DRoboPrac_ws/ros2_ws/install/urg_node2/share/urg_node2/local_setup.dsv
[14.293s] -- Installing: /home/kousei/2DRoboPrac_ws/ros2_ws/install/urg_node2/share/urg_node2/package.dsv
[14.294s] -- Installing: /home/kousei/2DRoboPrac_ws/ros2_ws/install/urg_node2/share/ament_index/resource_index/packages/urg_node2
[14.294s] -- Installing: /home/kousei/2DRoboPrac_ws/ros2_ws/install/urg_node2/share/ament_index/resource_index/rclcpp_components/urg_node2
[14.294s] -- Installing: /home/kousei/2DRoboPrac_ws/ros2_ws/install/urg_node2/share/urg_node2/cmake/urg_node2Config.cmake
[14.294s] -- Installing: /home/kousei/2DRoboPrac_ws/ros2_ws/install/urg_node2/share/urg_node2/cmake/urg_node2Config-version.cmake
[14.294s] -- Installing: /home/kousei/2DRoboPrac_ws/ros2_ws/install/urg_node2/share/urg_node2/package.xml
[14.295s] Invoked command in '/home/kousei/2DRoboPrac_ws/ros2_ws/build/urg_node2' returned '0': CMAKE_PREFIX_PATH=${CMAKE_PREFIX_PATH}:/opt/ros/humble /usr/bin/cmake --install /home/kousei/2DRoboPrac_ws/ros2_ws/build/urg_node2
