[0.072s] Invoking command in '/home/kousei/2DRoboPrac_ws/ros2_ws/build/drive_msgs': CMAKE_PREFIX_PATH=${CMAKE_PREFIX_PATH}:/opt/ros/humble /usr/bin/cmake /home/kousei/2DRoboPrac_ws/ros2_ws/src/drive_msgs -DCMAKE_INSTALL_PREFIX=/home/kousei/2DRoboPrac_ws/ros2_ws/install/drive_msgs
[0.139s] -- The C compiler identification is GNU 11.4.0
[0.174s] -- The CXX compiler identification is GNU 11.4.0
[0.180s] -- Detecting C compiler ABI info
[0.226s] -- Detecting C compiler ABI info - done
[0.231s] -- Check for working C compiler: /usr/bin/cc - skipped
[0.231s] -- Detecting C compile features
[0.231s] -- Detecting C compile features - done
[0.233s] -- Detecting CXX compiler ABI info
[0.288s] -- Detecting CXX compiler ABI info - done
[0.293s] -- Check for working CXX compiler: /usr/bin/c++ - skipped
[0.293s] -- Detecting CXX compile features
[0.293s] -- Detecting CXX compile features - done
[0.295s] -- Found ament_cmake_auto: 1.3.6 (/opt/ros/humble/share/ament_cmake_auto/cmake)
[0.412s] -- Found Python3: /usr/bin/python3.10 (found version "3.10.12") found components: Interpreter 
[0.542s] -- Found rosidl_generator_c: 3.1.5 (/opt/ros/humble/share/rosidl_generator_c/cmake)
[0.545s] -- Found rosidl_adapter: 3.1.5 (/opt/ros/humble/share/rosidl_adapter/cmake)
[0.550s] -- Found rosidl_generator_cpp: 3.1.5 (/opt/ros/humble/share/rosidl_generator_cpp/cmake)
[0.559s] -- Using all available rosidl_typesupport_c: rosidl_typesupport_fastrtps_c;rosidl_typesupport_introspection_c
[0.571s] -- Using all available rosidl_typesupport_cpp: rosidl_typesupport_fastrtps_cpp;rosidl_typesupport_introspection_cpp
[0.618s] -- Found rmw_implementation_cmake: 6.1.1 (/opt/ros/humble/share/rmw_implementation_cmake/cmake)
[0.619s] -- Found rmw_fastrtps_cpp: 6.2.5 (/opt/ros/humble/share/rmw_fastrtps_cpp/cmake)
[0.683s] -- Found OpenSSL: /usr/lib/x86_64-linux-gnu/libcrypto.so (found version "3.0.2")  
[0.710s] -- Found FastRTPS: /opt/ros/humble/include  
[0.745s] -- Using RMW implementation 'rmw_fastrtps_cpp' as default
[0.752s] -- Looking for pthread.h
[0.799s] -- Looking for pthread.h - found
[0.799s] -- Performing Test CMAKE_HAVE_LIBC_PTHREAD
[0.848s] -- Performing Test CMAKE_HAVE_LIBC_PTHREAD - Success
[0.849s] -- Found Threads: TRUE  
[1.092s] -- Found ament_lint_auto: 0.12.9 (/opt/ros/humble/share/ament_lint_auto/cmake)
[1.384s] -- Found ament_cmake_ros: 0.10.0 (/opt/ros/humble/share/ament_cmake_ros/cmake)
[2.013s] -- Using all available rosidl_typesupport_c: rosidl_typesupport_fastrtps_c;rosidl_typesupport_introspection_c
[2.197s] -- Using all available rosidl_typesupport_cpp: rosidl_typesupport_fastrtps_cpp;rosidl_typesupport_introspection_cpp
[2.224s] -- Found PythonInterp: /usr/bin/python3 (found suitable version "3.10.12", minimum required is "3.6") 
[2.226s] -- Found python_cmake_module: 0.10.0 (/opt/ros/humble/share/python_cmake_module/cmake)
[2.255s] -- Found PythonLibs: /usr/lib/x86_64-linux-gnu/libpython3.10.so (found suitable version "3.10.12", minimum required is "3.5") 
[2.255s] -- Using PYTHON_EXECUTABLE: /usr/bin/python3
[2.255s] -- Using PYTHON_INCLUDE_DIRS: /usr/include/python3.10
[2.255s] -- Using PYTHON_LIBRARIES: /usr/lib/x86_64-linux-gnu/libpython3.10.so
[2.280s] -- Found PythonExtra: .so  
[2.389s] -- Added test 'lint_cmake' to check CMake code style
[2.391s] -- Added test 'xmllint' to check XML markup files
[2.398s] -- Configuring done
[2.451s] -- Generating done
[2.454s] -- Build files have been written to: /home/kousei/2DRoboPrac_ws/ros2_ws/build/drive_msgs
[2.466s] Invoked command in '/home/kousei/2DRoboPrac_ws/ros2_ws/build/drive_msgs' returned '0': CMAKE_PREFIX_PATH=${CMAKE_PREFIX_PATH}:/opt/ros/humble /usr/bin/cmake /home/kousei/2DRoboPrac_ws/ros2_ws/src/drive_msgs -DCMAKE_INSTALL_PREFIX=/home/kousei/2DRoboPrac_ws/ros2_ws/install/drive_msgs
[2.468s] Invoking command in '/home/kousei/2DRoboPrac_ws/ros2_ws/build/drive_msgs': CMAKE_PREFIX_PATH=${CMAKE_PREFIX_PATH}:/opt/ros/humble /usr/bin/cmake --build /home/kousei/2DRoboPrac_ws/ros2_ws/build/drive_msgs -- -j16 -l16
[2.514s] [  3%] [34m[1mGenerating C code for ROS interfaces[0m
[2.525s] [  6%] [34m[1mGenerating C++ code for ROS interfaces[0m
[2.534s] [  6%] Built target ament_cmake_python_copy_drive_msgs
[2.761s] [  6%] Built target drive_msgs__cpp
[2.769s] [  9%] [34m[1mGenerating C++ type support dispatch for ROS interfaces[0m
[2.770s] [ 12%] [34m[1mGenerating C++ introspection for ROS interfaces[0m
[2.773s] [ 16%] [34m[1mGenerating C++ type support for eProsima Fast-RTPS[0m
[2.858s] [ 19%] [32mBuilding C object CMakeFiles/drive_msgs__rosidl_generator_c.dir/rosidl_generator_c/drive_msgs/msg/detail/diff_drive__functions.c.o[0m
[2.883s] running egg_info
[2.885s] creating drive_msgs.egg-info
[2.886s] writing drive_msgs.egg-info/PKG-INFO
[2.886s] writing dependency_links to drive_msgs.egg-info/dependency_links.txt
[2.887s] writing top-level names to drive_msgs.egg-info/top_level.txt
[2.887s] writing manifest file 'drive_msgs.egg-info/SOURCES.txt'
[2.889s] reading manifest file 'drive_msgs.egg-info/SOURCES.txt'
[2.889s] writing manifest file 'drive_msgs.egg-info/SOURCES.txt'
[2.924s] [ 22%] [32m[1mLinking C shared library libdrive_msgs__rosidl_generator_c.so[0m
[2.924s] [ 22%] Built target ament_cmake_python_build_drive_msgs_egg
[2.967s] [ 25%] [32mBuilding CXX object CMakeFiles/drive_msgs__rosidl_typesupport_cpp.dir/rosidl_typesupport_cpp/drive_msgs/msg/diff_drive__type_support.cpp.o[0m
[2.972s] [ 25%] Built target drive_msgs__rosidl_generator_c
[2.976s] [ 29%] [32mBuilding CXX object CMakeFiles/drive_msgs__rosidl_typesupport_introspection_cpp.dir/rosidl_typesupport_introspection_cpp/drive_msgs/msg/detail/diff_drive__type_support.cpp.o[0m
[2.983s] [ 32%] [34m[1mGenerating C type support for eProsima Fast-RTPS[0m
[2.985s] [ 38%] [34m[1mGenerating C type support dispatch for ROS interfaces[0m
[2.985s] [ 38%] [34m[1mGenerating C introspection for ROS interfaces[0m
[3.101s] [ 41%] [32mBuilding CXX object CMakeFiles/drive_msgs__rosidl_typesupport_fastrtps_cpp.dir/rosidl_typesupport_fastrtps_cpp/drive_msgs/msg/detail/dds_fastrtps/diff_drive__type_support.cpp.o[0m
[3.187s] [ 45%] [32m[1mLinking CXX shared library libdrive_msgs__rosidl_typesupport_cpp.so[0m
[3.191s] [ 48%] [32mBuilding CXX object CMakeFiles/drive_msgs__rosidl_typesupport_fastrtps_c.dir/rosidl_typesupport_fastrtps_c/drive_msgs/msg/detail/diff_drive__type_support_c.cpp.o[0m
[3.223s] [ 48%] Built target drive_msgs__rosidl_typesupport_cpp
[3.271s] [ 51%] [32mBuilding CXX object CMakeFiles/drive_msgs__rosidl_typesupport_c.dir/rosidl_typesupport_c/drive_msgs/msg/diff_drive__type_support.cpp.o[0m
[3.297s] [ 54%] [32m[1mLinking CXX shared library libdrive_msgs__rosidl_typesupport_c.so[0m
[3.304s] [ 58%] [32mBuilding C object CMakeFiles/drive_msgs__rosidl_typesupport_introspection_c.dir/rosidl_typesupport_introspection_c/drive_msgs/msg/detail/diff_drive__type_support.c.o[0m
[3.334s] [ 58%] Built target drive_msgs__rosidl_typesupport_c
[3.343s] [ 61%] [32m[1mLinking C shared library libdrive_msgs__rosidl_typesupport_introspection_c.so[0m
[3.372s] [ 61%] Built target drive_msgs__rosidl_typesupport_introspection_c
[3.449s] [ 64%] [32m[1mLinking CXX shared library libdrive_msgs__rosidl_typesupport_fastrtps_c.so[0m
[3.504s] [ 67%] [32m[1mLinking CXX shared library libdrive_msgs__rosidl_typesupport_introspection_cpp.so[0m
[3.513s] [ 67%] Built target drive_msgs__rosidl_typesupport_fastrtps_c
[3.554s] [ 67%] Built target drive_msgs__rosidl_typesupport_introspection_cpp
[3.610s] [ 70%] [32m[1mLinking CXX shared library libdrive_msgs__rosidl_typesupport_fastrtps_cpp.so[0m
[3.685s] [ 70%] Built target drive_msgs__rosidl_typesupport_fastrtps_cpp
[3.701s] [ 70%] Built target drive_msgs
[3.718s] [ 74%] [34m[1mGenerating Python code for ROS interfaces[0m
[3.929s] [ 74%] Built target drive_msgs__py
[3.945s] [ 77%] [32mBuilding C object CMakeFiles/drive_msgs__rosidl_generator_py.dir/rosidl_generator_py/drive_msgs/msg/_diff_drive_s.c.o[0m
[4.018s] [ 80%] [32m[1mLinking C shared library rosidl_generator_py/drive_msgs/libdrive_msgs__rosidl_generator_py.so[0m
[4.049s] [ 80%] Built target drive_msgs__rosidl_generator_py
[4.064s] [ 87%] [32mBuilding C object CMakeFiles/drive_msgs__rosidl_typesupport_introspection_c__pyext.dir/rosidl_generator_py/drive_msgs/_drive_msgs_s.ep.rosidl_typesupport_introspection_c.c.o[0m
[4.064s] [ 87%] [32mBuilding C object CMakeFiles/drive_msgs__rosidl_typesupport_fastrtps_c__pyext.dir/rosidl_generator_py/drive_msgs/_drive_msgs_s.ep.rosidl_typesupport_fastrtps_c.c.o[0m
[4.070s] [ 90%] [32mBuilding C object CMakeFiles/drive_msgs__rosidl_typesupport_c__pyext.dir/rosidl_generator_py/drive_msgs/_drive_msgs_s.ep.rosidl_typesupport_c.c.o[0m
[4.139s] [ 96%] [32m[1mLinking C shared library rosidl_generator_py/drive_msgs/drive_msgs_s__rosidl_typesupport_introspection_c.cpython-310-x86_64-linux-gnu.so[0m
[4.139s] [ 96%] [32m[1mLinking C shared library rosidl_generator_py/drive_msgs/drive_msgs_s__rosidl_typesupport_fastrtps_c.cpython-310-x86_64-linux-gnu.so[0m
[4.178s] [ 96%] Built target drive_msgs__rosidl_typesupport_introspection_c__pyext
[4.187s] [100%] [32m[1mLinking C shared library rosidl_generator_py/drive_msgs/drive_msgs_s__rosidl_typesupport_c.cpython-310-x86_64-linux-gnu.so[0m
[4.196s] [100%] Built target drive_msgs__rosidl_typesupport_fastrtps_c__pyext
[4.225s] [100%] Built target drive_msgs__rosidl_typesupport_c__pyext
[4.233s] Invoked command in '/home/kousei/2DRoboPrac_ws/ros2_ws/build/drive_msgs' returned '0': CMAKE_PREFIX_PATH=${CMAKE_PREFIX_PATH}:/opt/ros/humble /usr/bin/cmake --build /home/kousei/2DRoboPrac_ws/ros2_ws/build/drive_msgs -- -j16 -l16
[4.272s] Invoking command in '/home/kousei/2DRoboPrac_ws/ros2_ws/build/drive_msgs': CMAKE_PREFIX_PATH=${CMAKE_PREFIX_PATH}:/opt/ros/humble /usr/bin/cmake --install /home/kousei/2DRoboPrac_ws/ros2_ws/build/drive_msgs
[4.278s] -- Install configuration: ""
[4.278s] -- Installing: /home/kousei/2DRoboPrac_ws/ros2_ws/install/drive_msgs/share/ament_index/resource_index/rosidl_interfaces/drive_msgs
[4.278s] -- Installing: /home/kousei/2DRoboPrac_ws/ros2_ws/install/drive_msgs/include/drive_msgs/drive_msgs
[4.279s] -- Installing: /home/kousei/2DRoboPrac_ws/ros2_ws/install/drive_msgs/include/drive_msgs/drive_msgs/msg
[4.279s] -- Installing: /home/kousei/2DRoboPrac_ws/ros2_ws/install/drive_msgs/include/drive_msgs/drive_msgs/msg/diff_drive.h
[4.279s] -- Installing: /home/kousei/2DRoboPrac_ws/ros2_ws/install/drive_msgs/include/drive_msgs/drive_msgs/msg/rosidl_generator_c__visibility_control.h
[4.279s] -- Installing: /home/kousei/2DRoboPrac_ws/ros2_ws/install/drive_msgs/include/drive_msgs/drive_msgs/msg/detail
[4.279s] -- Installing: /home/kousei/2DRoboPrac_ws/ros2_ws/install/drive_msgs/include/drive_msgs/drive_msgs/msg/detail/diff_drive__struct.h
[4.279s] -- Installing: /home/kousei/2DRoboPrac_ws/ros2_ws/install/drive_msgs/include/drive_msgs/drive_msgs/msg/detail/diff_drive__type_support.h
[4.279s] -- Installing: /home/kousei/2DRoboPrac_ws/ros2_ws/install/drive_msgs/include/drive_msgs/drive_msgs/msg/detail/diff_drive__functions.c
[4.279s] -- Installing: /home/kousei/2DRoboPrac_ws/ros2_ws/install/drive_msgs/include/drive_msgs/drive_msgs/msg/detail/diff_drive__functions.h
[4.279s] -- Installing: /home/kousei/2DRoboPrac_ws/ros2_ws/install/drive_msgs/share/drive_msgs/environment/library_path.sh
[4.279s] -- Installing: /home/kousei/2DRoboPrac_ws/ros2_ws/install/drive_msgs/share/drive_msgs/environment/library_path.dsv
[4.280s] -- Installing: /home/kousei/2DRoboPrac_ws/ros2_ws/install/drive_msgs/lib/libdrive_msgs__rosidl_generator_c.so
[4.280s] -- Set runtime path of "/home/kousei/2DRoboPrac_ws/ros2_ws/install/drive_msgs/lib/libdrive_msgs__rosidl_generator_c.so" to ""
[4.280s] -- Up-to-date: /home/kousei/2DRoboPrac_ws/ros2_ws/install/drive_msgs/include/drive_msgs/drive_msgs
[4.280s] -- Up-to-date: /home/kousei/2DRoboPrac_ws/ros2_ws/install/drive_msgs/include/drive_msgs/drive_msgs/msg
[4.280s] -- Up-to-date: /home/kousei/2DRoboPrac_ws/ros2_ws/install/drive_msgs/include/drive_msgs/drive_msgs/msg/detail
[4.280s] -- Installing: /home/kousei/2DRoboPrac_ws/ros2_ws/install/drive_msgs/include/drive_msgs/drive_msgs/msg/detail/diff_drive__rosidl_typesupport_fastrtps_c.h
[4.280s] -- Installing: /home/kousei/2DRoboPrac_ws/ros2_ws/install/drive_msgs/include/drive_msgs/drive_msgs/msg/rosidl_typesupport_fastrtps_c__visibility_control.h
[4.280s] -- Installing: /home/kousei/2DRoboPrac_ws/ros2_ws/install/drive_msgs/lib/libdrive_msgs__rosidl_typesupport_fastrtps_c.so
[4.280s] -- Set runtime path of "/home/kousei/2DRoboPrac_ws/ros2_ws/install/drive_msgs/lib/libdrive_msgs__rosidl_typesupport_fastrtps_c.so" to ""
[4.280s] -- Up-to-date: /home/kousei/2DRoboPrac_ws/ros2_ws/install/drive_msgs/include/drive_msgs/drive_msgs
[4.280s] -- Up-to-date: /home/kousei/2DRoboPrac_ws/ros2_ws/install/drive_msgs/include/drive_msgs/drive_msgs/msg
[4.281s] -- Installing: /home/kousei/2DRoboPrac_ws/ros2_ws/install/drive_msgs/include/drive_msgs/drive_msgs/msg/diff_drive.hpp
[4.281s] -- Up-to-date: /home/kousei/2DRoboPrac_ws/ros2_ws/install/drive_msgs/include/drive_msgs/drive_msgs/msg/detail
[4.281s] -- Installing: /home/kousei/2DRoboPrac_ws/ros2_ws/install/drive_msgs/include/drive_msgs/drive_msgs/msg/detail/diff_drive__builder.hpp
[4.281s] -- Installing: /home/kousei/2DRoboPrac_ws/ros2_ws/install/drive_msgs/include/drive_msgs/drive_msgs/msg/detail/diff_drive__struct.hpp
[4.281s] -- Installing: /home/kousei/2DRoboPrac_ws/ros2_ws/install/drive_msgs/include/drive_msgs/drive_msgs/msg/detail/diff_drive__traits.hpp
[4.281s] -- Up-to-date: /home/kousei/2DRoboPrac_ws/ros2_ws/install/drive_msgs/include/drive_msgs/drive_msgs
[4.281s] -- Up-to-date: /home/kousei/2DRoboPrac_ws/ros2_ws/install/drive_msgs/include/drive_msgs/drive_msgs/msg
[4.281s] -- Up-to-date: /home/kousei/2DRoboPrac_ws/ros2_ws/install/drive_msgs/include/drive_msgs/drive_msgs/msg/detail
[4.281s] -- Installing: /home/kousei/2DRoboPrac_ws/ros2_ws/install/drive_msgs/include/drive_msgs/drive_msgs/msg/detail/diff_drive__rosidl_typesupport_fastrtps_cpp.hpp
[4.281s] -- Installing: /home/kousei/2DRoboPrac_ws/ros2_ws/install/drive_msgs/include/drive_msgs/drive_msgs/msg/detail/dds_fastrtps
[4.281s] -- Installing: /home/kousei/2DRoboPrac_ws/ros2_ws/install/drive_msgs/include/drive_msgs/drive_msgs/msg/rosidl_typesupport_fastrtps_cpp__visibility_control.h
[4.282s] -- Installing: /home/kousei/2DRoboPrac_ws/ros2_ws/install/drive_msgs/lib/libdrive_msgs__rosidl_typesupport_fastrtps_cpp.so
[4.282s] -- Set runtime path of "/home/kousei/2DRoboPrac_ws/ros2_ws/install/drive_msgs/lib/libdrive_msgs__rosidl_typesupport_fastrtps_cpp.so" to ""
[4.282s] -- Up-to-date: /home/kousei/2DRoboPrac_ws/ros2_ws/install/drive_msgs/include/drive_msgs/drive_msgs
[4.282s] -- Up-to-date: /home/kousei/2DRoboPrac_ws/ros2_ws/install/drive_msgs/include/drive_msgs/drive_msgs/msg
[4.282s] -- Up-to-date: /home/kousei/2DRoboPrac_ws/ros2_ws/install/drive_msgs/include/drive_msgs/drive_msgs/msg/detail
[4.282s] -- Installing: /home/kousei/2DRoboPrac_ws/ros2_ws/install/drive_msgs/include/drive_msgs/drive_msgs/msg/detail/diff_drive__type_support.c
[4.282s] -- Installing: /home/kousei/2DRoboPrac_ws/ros2_ws/install/drive_msgs/include/drive_msgs/drive_msgs/msg/detail/diff_drive__rosidl_typesupport_introspection_c.h
[4.282s] -- Installing: /home/kousei/2DRoboPrac_ws/ros2_ws/install/drive_msgs/include/drive_msgs/drive_msgs/msg/rosidl_typesupport_introspection_c__visibility_control.h
[4.282s] -- Installing: /home/kousei/2DRoboPrac_ws/ros2_ws/install/drive_msgs/lib/libdrive_msgs__rosidl_typesupport_introspection_c.so
[4.282s] -- Set runtime path of "/home/kousei/2DRoboPrac_ws/ros2_ws/install/drive_msgs/lib/libdrive_msgs__rosidl_typesupport_introspection_c.so" to ""
[4.283s] -- Installing: /home/kousei/2DRoboPrac_ws/ros2_ws/install/drive_msgs/lib/libdrive_msgs__rosidl_typesupport_c.so
[4.283s] -- Set runtime path of "/home/kousei/2DRoboPrac_ws/ros2_ws/install/drive_msgs/lib/libdrive_msgs__rosidl_typesupport_c.so" to ""
[4.283s] -- Up-to-date: /home/kousei/2DRoboPrac_ws/ros2_ws/install/drive_msgs/include/drive_msgs/drive_msgs
[4.283s] -- Up-to-date: /home/kousei/2DRoboPrac_ws/ros2_ws/install/drive_msgs/include/drive_msgs/drive_msgs/msg
[4.283s] -- Up-to-date: /home/kousei/2DRoboPrac_ws/ros2_ws/install/drive_msgs/include/drive_msgs/drive_msgs/msg/detail
[4.283s] -- Installing: /home/kousei/2DRoboPrac_ws/ros2_ws/install/drive_msgs/include/drive_msgs/drive_msgs/msg/detail/diff_drive__type_support.cpp
[4.283s] -- Installing: /home/kousei/2DRoboPrac_ws/ros2_ws/install/drive_msgs/include/drive_msgs/drive_msgs/msg/detail/diff_drive__rosidl_typesupport_introspection_cpp.hpp
[4.283s] -- Installing: /home/kousei/2DRoboPrac_ws/ros2_ws/install/drive_msgs/lib/libdrive_msgs__rosidl_typesupport_introspection_cpp.so
[4.284s] -- Set runtime path of "/home/kousei/2DRoboPrac_ws/ros2_ws/install/drive_msgs/lib/libdrive_msgs__rosidl_typesupport_introspection_cpp.so" to ""
[4.284s] -- Installing: /home/kousei/2DRoboPrac_ws/ros2_ws/install/drive_msgs/lib/libdrive_msgs__rosidl_typesupport_cpp.so
[4.284s] -- Set runtime path of "/home/kousei/2DRoboPrac_ws/ros2_ws/install/drive_msgs/lib/libdrive_msgs__rosidl_typesupport_cpp.so" to ""
[4.284s] -- Installing: /home/kousei/2DRoboPrac_ws/ros2_ws/install/drive_msgs/share/drive_msgs/environment/pythonpath.sh
[4.284s] -- Installing: /home/kousei/2DRoboPrac_ws/ros2_ws/install/drive_msgs/share/drive_msgs/environment/pythonpath.dsv
[4.284s] -- Installing: /home/kousei/2DRoboPrac_ws/ros2_ws/install/drive_msgs/local/lib/python3.10/dist-packages/drive_msgs-0.0.0-py3.10.egg-info
[4.284s] -- Installing: /home/kousei/2DRoboPrac_ws/ros2_ws/install/drive_msgs/local/lib/python3.10/dist-packages/drive_msgs-0.0.0-py3.10.egg-info/dependency_links.txt
[4.284s] -- Installing: /home/kousei/2DRoboPrac_ws/ros2_ws/install/drive_msgs/local/lib/python3.10/dist-packages/drive_msgs-0.0.0-py3.10.egg-info/SOURCES.txt
[4.284s] -- Installing: /home/kousei/2DRoboPrac_ws/ros2_ws/install/drive_msgs/local/lib/python3.10/dist-packages/drive_msgs-0.0.0-py3.10.egg-info/top_level.txt
[4.284s] -- Installing: /home/kousei/2DRoboPrac_ws/ros2_ws/install/drive_msgs/local/lib/python3.10/dist-packages/drive_msgs-0.0.0-py3.10.egg-info/PKG-INFO
[4.284s] -- Installing: /home/kousei/2DRoboPrac_ws/ros2_ws/install/drive_msgs/local/lib/python3.10/dist-packages/drive_msgs
[4.284s] -- Installing: /home/kousei/2DRoboPrac_ws/ros2_ws/install/drive_msgs/local/lib/python3.10/dist-packages/drive_msgs/__init__.py
[4.285s] -- Installing: /home/kousei/2DRoboPrac_ws/ros2_ws/install/drive_msgs/local/lib/python3.10/dist-packages/drive_msgs/_drive_msgs_s.ep.rosidl_typesupport_fastrtps_c.c
[4.285s] -- Installing: /home/kousei/2DRoboPrac_ws/ros2_ws/install/drive_msgs/local/lib/python3.10/dist-packages/drive_msgs/drive_msgs_s__rosidl_typesupport_c.cpython-310-x86_64-linux-gnu.so
[4.285s] -- Installing: /home/kousei/2DRoboPrac_ws/ros2_ws/install/drive_msgs/local/lib/python3.10/dist-packages/drive_msgs/_drive_msgs_s.ep.rosidl_typesupport_introspection_c.c
[4.285s] -- Installing: /home/kousei/2DRoboPrac_ws/ros2_ws/install/drive_msgs/local/lib/python3.10/dist-packages/drive_msgs/drive_msgs_s__rosidl_typesupport_fastrtps_c.cpython-310-x86_64-linux-gnu.so
[4.285s] -- Installing: /home/kousei/2DRoboPrac_ws/ros2_ws/install/drive_msgs/local/lib/python3.10/dist-packages/drive_msgs/_drive_msgs_s.ep.rosidl_typesupport_c.c
[4.285s] -- Installing: /home/kousei/2DRoboPrac_ws/ros2_ws/install/drive_msgs/local/lib/python3.10/dist-packages/drive_msgs/msg
[4.285s] -- Installing: /home/kousei/2DRoboPrac_ws/ros2_ws/install/drive_msgs/local/lib/python3.10/dist-packages/drive_msgs/msg/__init__.py
[4.285s] -- Installing: /home/kousei/2DRoboPrac_ws/ros2_ws/install/drive_msgs/local/lib/python3.10/dist-packages/drive_msgs/msg/_diff_drive_s.c
[4.285s] -- Installing: /home/kousei/2DRoboPrac_ws/ros2_ws/install/drive_msgs/local/lib/python3.10/dist-packages/drive_msgs/msg/_diff_drive.py
[4.285s] -- Installing: /home/kousei/2DRoboPrac_ws/ros2_ws/install/drive_msgs/local/lib/python3.10/dist-packages/drive_msgs/libdrive_msgs__rosidl_generator_py.so
[4.285s] -- Installing: /home/kousei/2DRoboPrac_ws/ros2_ws/install/drive_msgs/local/lib/python3.10/dist-packages/drive_msgs/drive_msgs_s__rosidl_typesupport_introspection_c.cpython-310-x86_64-linux-gnu.so
[4.310s] Listing '/home/kousei/2DRoboPrac_ws/ros2_ws/install/drive_msgs/local/lib/python3.10/dist-packages/drive_msgs'...
[4.310s] Compiling '/home/kousei/2DRoboPrac_ws/ros2_ws/install/drive_msgs/local/lib/python3.10/dist-packages/drive_msgs/__init__.py'...
[4.310s] Listing '/home/kousei/2DRoboPrac_ws/ros2_ws/install/drive_msgs/local/lib/python3.10/dist-packages/drive_msgs/msg'...
[4.310s] Compiling '/home/kousei/2DRoboPrac_ws/ros2_ws/install/drive_msgs/local/lib/python3.10/dist-packages/drive_msgs/msg/__init__.py'...
[4.310s] Compiling '/home/kousei/2DRoboPrac_ws/ros2_ws/install/drive_msgs/local/lib/python3.10/dist-packages/drive_msgs/msg/_diff_drive.py'...
[4.313s] -- Installing: /home/kousei/2DRoboPrac_ws/ros2_ws/install/drive_msgs/local/lib/python3.10/dist-packages/drive_msgs/drive_msgs_s__rosidl_typesupport_fastrtps_c.cpython-310-x86_64-linux-gnu.so
[4.314s] -- Set runtime path of "/home/kousei/2DRoboPrac_ws/ros2_ws/install/drive_msgs/local/lib/python3.10/dist-packages/drive_msgs/drive_msgs_s__rosidl_typesupport_fastrtps_c.cpython-310-x86_64-linux-gnu.so" to ""
[4.314s] -- Installing: /home/kousei/2DRoboPrac_ws/ros2_ws/install/drive_msgs/local/lib/python3.10/dist-packages/drive_msgs/drive_msgs_s__rosidl_typesupport_introspection_c.cpython-310-x86_64-linux-gnu.so
[4.314s] -- Set runtime path of "/home/kousei/2DRoboPrac_ws/ros2_ws/install/drive_msgs/local/lib/python3.10/dist-packages/drive_msgs/drive_msgs_s__rosidl_typesupport_introspection_c.cpython-310-x86_64-linux-gnu.so" to ""
[4.315s] -- Installing: /home/kousei/2DRoboPrac_ws/ros2_ws/install/drive_msgs/local/lib/python3.10/dist-packages/drive_msgs/drive_msgs_s__rosidl_typesupport_c.cpython-310-x86_64-linux-gnu.so
[4.315s] -- Set runtime path of "/home/kousei/2DRoboPrac_ws/ros2_ws/install/drive_msgs/local/lib/python3.10/dist-packages/drive_msgs/drive_msgs_s__rosidl_typesupport_c.cpython-310-x86_64-linux-gnu.so" to ""
[4.315s] -- Installing: /home/kousei/2DRoboPrac_ws/ros2_ws/install/drive_msgs/lib/libdrive_msgs__rosidl_generator_py.so
[4.315s] -- Set runtime path of "/home/kousei/2DRoboPrac_ws/ros2_ws/install/drive_msgs/lib/libdrive_msgs__rosidl_generator_py.so" to ""
[4.315s] -- Installing: /home/kousei/2DRoboPrac_ws/ros2_ws/install/drive_msgs/share/drive_msgs/msg/DiffDrive.idl
[4.316s] -- Installing: /home/kousei/2DRoboPrac_ws/ros2_ws/install/drive_msgs/share/drive_msgs/msg/DiffDrive.msg
[4.316s] -- Up-to-date: /home/kousei/2DRoboPrac_ws/ros2_ws/install/drive_msgs/include
[4.316s] -- Up-to-date: /home/kousei/2DRoboPrac_ws/ros2_ws/install/drive_msgs/include/drive_msgs
[4.316s] -- Installing: /home/kousei/2DRoboPrac_ws/ros2_ws/install/drive_msgs/share/ament_index/resource_index/package_run_dependencies/drive_msgs
[4.316s] -- Installing: /home/kousei/2DRoboPrac_ws/ros2_ws/install/drive_msgs/share/ament_index/resource_index/parent_prefix_path/drive_msgs
[4.316s] -- Installing: /home/kousei/2DRoboPrac_ws/ros2_ws/install/drive_msgs/share/drive_msgs/environment/ament_prefix_path.sh
[4.316s] -- Installing: /home/kousei/2DRoboPrac_ws/ros2_ws/install/drive_msgs/share/drive_msgs/environment/ament_prefix_path.dsv
[4.316s] -- Installing: /home/kousei/2DRoboPrac_ws/ros2_ws/install/drive_msgs/share/drive_msgs/environment/path.sh
[4.317s] -- Installing: /home/kousei/2DRoboPrac_ws/ros2_ws/install/drive_msgs/share/drive_msgs/environment/path.dsv
[4.317s] -- Installing: /home/kousei/2DRoboPrac_ws/ros2_ws/install/drive_msgs/share/drive_msgs/local_setup.bash
[4.317s] -- Installing: /home/kousei/2DRoboPrac_ws/ros2_ws/install/drive_msgs/share/drive_msgs/local_setup.sh
[4.317s] -- Installing: /home/kousei/2DRoboPrac_ws/ros2_ws/install/drive_msgs/share/drive_msgs/local_setup.zsh
[4.317s] -- Installing: /home/kousei/2DRoboPrac_ws/ros2_ws/install/drive_msgs/share/drive_msgs/local_setup.dsv
[4.317s] -- Installing: /home/kousei/2DRoboPrac_ws/ros2_ws/install/drive_msgs/share/drive_msgs/package.dsv
[4.317s] -- Installing: /home/kousei/2DRoboPrac_ws/ros2_ws/install/drive_msgs/share/ament_index/resource_index/packages/drive_msgs
[4.318s] -- Installing: /home/kousei/2DRoboPrac_ws/ros2_ws/install/drive_msgs/share/drive_msgs/cmake/export_drive_msgs__rosidl_generator_cExport.cmake
[4.318s] -- Installing: /home/kousei/2DRoboPrac_ws/ros2_ws/install/drive_msgs/share/drive_msgs/cmake/export_drive_msgs__rosidl_generator_cExport-noconfig.cmake
[4.318s] -- Installing: /home/kousei/2DRoboPrac_ws/ros2_ws/install/drive_msgs/share/drive_msgs/cmake/export_drive_msgs__rosidl_typesupport_fastrtps_cExport.cmake
[4.318s] -- Installing: /home/kousei/2DRoboPrac_ws/ros2_ws/install/drive_msgs/share/drive_msgs/cmake/export_drive_msgs__rosidl_typesupport_fastrtps_cExport-noconfig.cmake
[4.318s] -- Installing: /home/kousei/2DRoboPrac_ws/ros2_ws/install/drive_msgs/share/drive_msgs/cmake/export_drive_msgs__rosidl_generator_cppExport.cmake
[4.319s] -- Installing: /home/kousei/2DRoboPrac_ws/ros2_ws/install/drive_msgs/share/drive_msgs/cmake/export_drive_msgs__rosidl_typesupport_fastrtps_cppExport.cmake
[4.319s] -- Installing: /home/kousei/2DRoboPrac_ws/ros2_ws/install/drive_msgs/share/drive_msgs/cmake/export_drive_msgs__rosidl_typesupport_fastrtps_cppExport-noconfig.cmake
[4.319s] -- Installing: /home/kousei/2DRoboPrac_ws/ros2_ws/install/drive_msgs/share/drive_msgs/cmake/drive_msgs__rosidl_typesupport_introspection_cExport.cmake
[4.319s] -- Installing: /home/kousei/2DRoboPrac_ws/ros2_ws/install/drive_msgs/share/drive_msgs/cmake/drive_msgs__rosidl_typesupport_introspection_cExport-noconfig.cmake
[4.319s] -- Installing: /home/kousei/2DRoboPrac_ws/ros2_ws/install/drive_msgs/share/drive_msgs/cmake/drive_msgs__rosidl_typesupport_cExport.cmake
[4.319s] -- Installing: /home/kousei/2DRoboPrac_ws/ros2_ws/install/drive_msgs/share/drive_msgs/cmake/drive_msgs__rosidl_typesupport_cExport-noconfig.cmake
[4.319s] -- Installing: /home/kousei/2DRoboPrac_ws/ros2_ws/install/drive_msgs/share/drive_msgs/cmake/drive_msgs__rosidl_typesupport_introspection_cppExport.cmake
[4.320s] -- Installing: /home/kousei/2DRoboPrac_ws/ros2_ws/install/drive_msgs/share/drive_msgs/cmake/drive_msgs__rosidl_typesupport_introspection_cppExport-noconfig.cmake
[4.320s] -- Installing: /home/kousei/2DRoboPrac_ws/ros2_ws/install/drive_msgs/share/drive_msgs/cmake/drive_msgs__rosidl_typesupport_cppExport.cmake
[4.320s] -- Installing: /home/kousei/2DRoboPrac_ws/ros2_ws/install/drive_msgs/share/drive_msgs/cmake/drive_msgs__rosidl_typesupport_cppExport-noconfig.cmake
[4.320s] -- Installing: /home/kousei/2DRoboPrac_ws/ros2_ws/install/drive_msgs/share/drive_msgs/cmake/export_drive_msgs__rosidl_generator_pyExport.cmake
[4.320s] -- Installing: /home/kousei/2DRoboPrac_ws/ros2_ws/install/drive_msgs/share/drive_msgs/cmake/export_drive_msgs__rosidl_generator_pyExport-noconfig.cmake
[4.320s] -- Installing: /home/kousei/2DRoboPrac_ws/ros2_ws/install/drive_msgs/share/drive_msgs/cmake/rosidl_cmake-extras.cmake
[4.321s] -- Installing: /home/kousei/2DRoboPrac_ws/ros2_ws/install/drive_msgs/share/drive_msgs/cmake/ament_cmake_export_dependencies-extras.cmake
[4.321s] -- Installing: /home/kousei/2DRoboPrac_ws/ros2_ws/install/drive_msgs/share/drive_msgs/cmake/ament_cmake_export_include_directories-extras.cmake
[4.321s] -- Installing: /home/kousei/2DRoboPrac_ws/ros2_ws/install/drive_msgs/share/drive_msgs/cmake/ament_cmake_export_libraries-extras.cmake
[4.321s] -- Installing: /home/kousei/2DRoboPrac_ws/ros2_ws/install/drive_msgs/share/drive_msgs/cmake/ament_cmake_export_targets-extras.cmake
[4.321s] -- Installing: /home/kousei/2DRoboPrac_ws/ros2_ws/install/drive_msgs/share/drive_msgs/cmake/rosidl_cmake_export_typesupport_targets-extras.cmake
[4.321s] -- Installing: /home/kousei/2DRoboPrac_ws/ros2_ws/install/drive_msgs/share/drive_msgs/cmake/rosidl_cmake_export_typesupport_libraries-extras.cmake
[4.321s] -- Installing: /home/kousei/2DRoboPrac_ws/ros2_ws/install/drive_msgs/share/drive_msgs/cmake/drive_msgsConfig.cmake
[4.322s] -- Installing: /home/kousei/2DRoboPrac_ws/ros2_ws/install/drive_msgs/share/drive_msgs/cmake/drive_msgsConfig-version.cmake
[4.322s] -- Installing: /home/kousei/2DRoboPrac_ws/ros2_ws/install/drive_msgs/share/drive_msgs/package.xml
[4.324s] Invoked command in '/home/kousei/2DRoboPrac_ws/ros2_ws/build/drive_msgs' returned '0': CMAKE_PREFIX_PATH=${CMAKE_PREFIX_PATH}:/opt/ros/humble /usr/bin/cmake --install /home/kousei/2DRoboPrac_ws/ros2_ws/build/drive_msgs
