[0.032s] Invoking command in '/home/kousei/2DRoboPrac_ws/build/key_event_nodes': AMENT_PREFIX_PATH=/home/kousei/2DRoboPrac_ws/install/key_event_msgs:${AMENT_PREFIX_PATH} CMAKE_PREFIX_PATH=/home/kousei/2DRoboPrac_ws/install/key_event_msgs:/opt/ros/humble LD_LIBRARY_PATH=/home/kousei/2DRoboPrac_ws/install/key_event_msgs/lib:${LD_LIBRARY_PATH} PYTHONPATH=/home/kousei/2DRoboPrac_ws/install/key_event_msgs/local/lib/python3.10/dist-packages:${PYTHONPATH} /usr/bin/cmake /home/kousei/2DRoboPrac_ws/ros2_ws/src/key_event_nodes -DCMAKE_INSTALL_PREFIX=/home/kousei/2DRoboPrac_ws/install/key_event_nodes
[0.068s] -- The C compiler identification is GNU 11.4.0
[0.103s] -- The CXX compiler identification is GNU 11.4.0
[0.107s] -- Detecting C compiler ABI info
[0.150s] -- Detecting C compiler ABI info - done
[0.155s] -- Check for working C compiler: /usr/bin/cc - skipped
[0.155s] -- Detecting C compile features
[0.155s] -- Detecting C compile features - done
[0.157s] -- Detecting CXX compiler ABI info
[0.205s] -- Detecting CXX compiler ABI info - done
[0.210s] -- Check for working CXX compiler: /usr/bin/c++ - skipped
[0.210s] -- Detecting CXX compile features
[0.210s] -- Detecting CXX compile features - done
[0.212s] -- Found ament_cmake: 1.3.6 (/opt/ros/humble/share/ament_cmake/cmake)
[0.325s] -- Found Python3: /usr/bin/python3.10 (found version "3.10.12") found components: Interpreter 
[0.384s] -- Found rclcpp: 16.0.7 (/opt/ros/humble/share/rclcpp/cmake)
[0.411s] -- Found rosidl_generator_c: 3.1.5 (/opt/ros/humble/share/rosidl_generator_c/cmake)
[0.414s] -- Found rosidl_adapter: 3.1.5 (/opt/ros/humble/share/rosidl_adapter/cmake)
[0.420s] -- Found rosidl_generator_cpp: 3.1.5 (/opt/ros/humble/share/rosidl_generator_cpp/cmake)
[0.429s] -- Using all available rosidl_typesupport_c: rosidl_typesupport_fastrtps_c;rosidl_typesupport_introspection_c
[0.442s] -- Using all available rosidl_typesupport_cpp: rosidl_typesupport_fastrtps_cpp;rosidl_typesupport_introspection_cpp
[0.489s] -- Found rmw_implementation_cmake: 6.1.1 (/opt/ros/humble/share/rmw_implementation_cmake/cmake)
[0.490s] -- Found rmw_fastrtps_cpp: 6.2.5 (/opt/ros/humble/share/rmw_fastrtps_cpp/cmake)
[0.556s] -- Found OpenSSL: /usr/lib/x86_64-linux-gnu/libcrypto.so (found version "3.0.2")  
[0.576s] -- Found FastRTPS: /opt/ros/humble/include  
[0.608s] -- Using RMW implementation 'rmw_fastrtps_cpp' as default
[0.615s] -- Looking for pthread.h
[0.659s] -- Looking for pthread.h - found
[0.659s] -- Performing Test CMAKE_HAVE_LIBC_PTHREAD
[0.705s] -- Performing Test CMAKE_HAVE_LIBC_PTHREAD - Success
[0.706s] -- Found Threads: TRUE  
[0.812s] -- Found rclcpp_components: 16.0.7 (/opt/ros/humble/share/rclcpp_components/cmake)
[0.858s] -- Found key_event_msgs: 0.0.0 (/home/kousei/2DRoboPrac_ws/install/key_event_msgs/share/key_event_msgs/cmake)
[0.871s] -- Found ament_lint_auto: 0.12.9 (/opt/ros/humble/share/ament_lint_auto/cmake)
[0.924s] -- Added test 'copyright' to check source files copyright and LICENSE
[0.925s] -- Added test 'cppcheck' to perform static code analysis on C / C++ code
[0.925s] -- Configured cppcheck include dirs: $<BUILD_INTERFACE:/home/kousei/2DRoboPrac_ws/ros2_ws/src/key_event_nodes/include>
[0.925s] -- Configured cppcheck exclude dirs and/or files: 
[0.926s] -- Added test 'cpplint' to check C / C++ code against the Google style
[0.926s] -- Configured cpplint exclude dirs and/or files: 
[0.926s] -- Added test 'lint_cmake' to check CMake code style
[0.927s] -- Added test 'uncrustify' to check C / C++ code style
[0.927s] -- Configured uncrustify additional arguments: 
[0.927s] -- Added test 'xmllint' to check XML markup files
[0.928s] -- Configuring done
[0.934s] -- Generating done
[0.935s] -- Build files have been written to: /home/kousei/2DRoboPrac_ws/build/key_event_nodes
[0.942s] Invoked command in '/home/kousei/2DRoboPrac_ws/build/key_event_nodes' returned '0': AMENT_PREFIX_PATH=/home/kousei/2DRoboPrac_ws/install/key_event_msgs:${AMENT_PREFIX_PATH} CMAKE_PREFIX_PATH=/home/kousei/2DRoboPrac_ws/install/key_event_msgs:/opt/ros/humble LD_LIBRARY_PATH=/home/kousei/2DRoboPrac_ws/install/key_event_msgs/lib:${LD_LIBRARY_PATH} PYTHONPATH=/home/kousei/2DRoboPrac_ws/install/key_event_msgs/local/lib/python3.10/dist-packages:${PYTHONPATH} /usr/bin/cmake /home/kousei/2DRoboPrac_ws/ros2_ws/src/key_event_nodes -DCMAKE_INSTALL_PREFIX=/home/kousei/2DRoboPrac_ws/install/key_event_nodes
[0.942s] Invoking command in '/home/kousei/2DRoboPrac_ws/build/key_event_nodes': AMENT_PREFIX_PATH=/home/kousei/2DRoboPrac_ws/install/key_event_msgs:${AMENT_PREFIX_PATH} CMAKE_PREFIX_PATH=/home/kousei/2DRoboPrac_ws/install/key_event_msgs:/opt/ros/humble LD_LIBRARY_PATH=/home/kousei/2DRoboPrac_ws/install/key_event_msgs/lib:${LD_LIBRARY_PATH} PYTHONPATH=/home/kousei/2DRoboPrac_ws/install/key_event_msgs/local/lib/python3.10/dist-packages:${PYTHONPATH} /usr/bin/cmake --build /home/kousei/2DRoboPrac_ws/build/key_event_nodes -- -j16 -l16
[0.977s] [ 50%] [32mBuilding CXX object CMakeFiles/key_hit_event_node.dir/src/key_hit_event_node.cpp.o[0m
[3.705s] [100%] [32m[1mLinking CXX shared library libkey_hit_event_node.so[0m
[3.833s] [100%] Built target key_hit_event_node
[3.840s] Invoked command in '/home/kousei/2DRoboPrac_ws/build/key_event_nodes' returned '0': AMENT_PREFIX_PATH=/home/kousei/2DRoboPrac_ws/install/key_event_msgs:${AMENT_PREFIX_PATH} CMAKE_PREFIX_PATH=/home/kousei/2DRoboPrac_ws/install/key_event_msgs:/opt/ros/humble LD_LIBRARY_PATH=/home/kousei/2DRoboPrac_ws/install/key_event_msgs/lib:${LD_LIBRARY_PATH} PYTHONPATH=/home/kousei/2DRoboPrac_ws/install/key_event_msgs/local/lib/python3.10/dist-packages:${PYTHONPATH} /usr/bin/cmake --build /home/kousei/2DRoboPrac_ws/build/key_event_nodes -- -j16 -l16
[3.856s] Invoking command in '/home/kousei/2DRoboPrac_ws/build/key_event_nodes': AMENT_PREFIX_PATH=/home/kousei/2DRoboPrac_ws/install/key_event_msgs:${AMENT_PREFIX_PATH} CMAKE_PREFIX_PATH=/home/kousei/2DRoboPrac_ws/install/key_event_msgs:/opt/ros/humble LD_LIBRARY_PATH=/home/kousei/2DRoboPrac_ws/install/key_event_msgs/lib:${LD_LIBRARY_PATH} PYTHONPATH=/home/kousei/2DRoboPrac_ws/install/key_event_msgs/local/lib/python3.10/dist-packages:${PYTHONPATH} /usr/bin/cmake --install /home/kousei/2DRoboPrac_ws/build/key_event_nodes
[3.861s] -- Install configuration: ""
[3.861s] -- Installing: /home/kousei/2DRoboPrac_ws/install/key_event_nodes/share/key_event_nodes/environment/library_path.sh
[3.861s] -- Installing: /home/kousei/2DRoboPrac_ws/install/key_event_nodes/share/key_event_nodes/environment/library_path.dsv
[3.862s] -- Up-to-date: /home/kousei/2DRoboPrac_ws/install/key_event_nodes/share/key_event_nodes/environment/library_path.sh
[3.862s] -- Up-to-date: /home/kousei/2DRoboPrac_ws/install/key_event_nodes/share/key_event_nodes/environment/library_path.dsv
[3.862s] -- Installing: /home/kousei/2DRoboPrac_ws/install/key_event_nodes/include
[3.862s] -- Installing: /home/kousei/2DRoboPrac_ws/install/key_event_nodes/include/key_event_nodes
[3.862s] -- Installing: /home/kousei/2DRoboPrac_ws/install/key_event_nodes/include/key_event_nodes/visibility.h
[3.862s] -- Installing: /home/kousei/2DRoboPrac_ws/install/key_event_nodes/include/key_event_nodes/key_hit_event_node.hpp
[3.862s] -- Installing: /home/kousei/2DRoboPrac_ws/install/key_event_nodes/lib/libkey_hit_event_node.so
[3.863s] -- Set runtime path of "/home/kousei/2DRoboPrac_ws/install/key_event_nodes/lib/libkey_hit_event_node.so" to ""
[3.863s] -- Installing: /home/kousei/2DRoboPrac_ws/install/key_event_nodes/share/ament_index/resource_index/package_run_dependencies/key_event_nodes
[3.863s] -- Installing: /home/kousei/2DRoboPrac_ws/install/key_event_nodes/share/ament_index/resource_index/parent_prefix_path/key_event_nodes
[3.863s] -- Installing: /home/kousei/2DRoboPrac_ws/install/key_event_nodes/share/key_event_nodes/environment/ament_prefix_path.sh
[3.863s] -- Installing: /home/kousei/2DRoboPrac_ws/install/key_event_nodes/share/key_event_nodes/environment/ament_prefix_path.dsv
[3.863s] -- Installing: /home/kousei/2DRoboPrac_ws/install/key_event_nodes/share/key_event_nodes/environment/path.sh
[3.863s] -- Installing: /home/kousei/2DRoboPrac_ws/install/key_event_nodes/share/key_event_nodes/environment/path.dsv
[3.863s] -- Installing: /home/kousei/2DRoboPrac_ws/install/key_event_nodes/share/key_event_nodes/local_setup.bash
[3.863s] -- Installing: /home/kousei/2DRoboPrac_ws/install/key_event_nodes/share/key_event_nodes/local_setup.sh
[3.863s] -- Installing: /home/kousei/2DRoboPrac_ws/install/key_event_nodes/share/key_event_nodes/local_setup.zsh
[3.864s] -- Installing: /home/kousei/2DRoboPrac_ws/install/key_event_nodes/share/key_event_nodes/local_setup.dsv
[3.864s] -- Installing: /home/kousei/2DRoboPrac_ws/install/key_event_nodes/share/key_event_nodes/package.dsv
[3.864s] -- Installing: /home/kousei/2DRoboPrac_ws/install/key_event_nodes/share/ament_index/resource_index/packages/key_event_nodes
[3.864s] -- Installing: /home/kousei/2DRoboPrac_ws/install/key_event_nodes/share/ament_index/resource_index/rclcpp_components/key_event_nodes
[3.864s] -- Installing: /home/kousei/2DRoboPrac_ws/install/key_event_nodes/share/key_event_nodes/cmake/export_key_event_nodesExport.cmake
[3.864s] -- Installing: /home/kousei/2DRoboPrac_ws/install/key_event_nodes/share/key_event_nodes/cmake/export_key_event_nodesExport-noconfig.cmake
[3.864s] -- Installing: /home/kousei/2DRoboPrac_ws/install/key_event_nodes/share/key_event_nodes/cmake/ament_cmake_export_targets-extras.cmake
[3.864s] -- Installing: /home/kousei/2DRoboPrac_ws/install/key_event_nodes/share/key_event_nodes/cmake/ament_cmake_export_dependencies-extras.cmake
[3.864s] -- Installing: /home/kousei/2DRoboPrac_ws/install/key_event_nodes/share/key_event_nodes/cmake/key_event_nodesConfig.cmake
[3.864s] -- Installing: /home/kousei/2DRoboPrac_ws/install/key_event_nodes/share/key_event_nodes/cmake/key_event_nodesConfig-version.cmake
[3.864s] -- Installing: /home/kousei/2DRoboPrac_ws/install/key_event_nodes/share/key_event_nodes/package.xml
[3.866s] Invoked command in '/home/kousei/2DRoboPrac_ws/build/key_event_nodes' returned '0': AMENT_PREFIX_PATH=/home/kousei/2DRoboPrac_ws/install/key_event_msgs:${AMENT_PREFIX_PATH} CMAKE_PREFIX_PATH=/home/kousei/2DRoboPrac_ws/install/key_event_msgs:/opt/ros/humble LD_LIBRARY_PATH=/home/kousei/2DRoboPrac_ws/install/key_event_msgs/lib:${LD_LIBRARY_PATH} PYTHONPATH=/home/kousei/2DRoboPrac_ws/install/key_event_msgs/local/lib/python3.10/dist-packages:${PYTHONPATH} /usr/bin/cmake --install /home/kousei/2DRoboPrac_ws/build/key_event_nodes
