[0.036s] Invoking command in '/home/kousei/2DRoboPrac_ws/uros_ws/build/micro_ros_setup': CMAKE_PREFIX_PATH=${CMAKE_PREFIX_PATH}:/opt/ros/humble /usr/bin/cmake --build /home/kousei/2DRoboPrac_ws/uros_ws/build/micro_ros_setup -- -j16 -l16
[0.061s] Invoked command in '/home/kousei/2DRoboPrac_ws/uros_ws/build/micro_ros_setup' returned '0': CMAKE_PREFIX_PATH=${CMAKE_PREFIX_PATH}:/opt/ros/humble /usr/bin/cmake --build /home/kousei/2DRoboPrac_ws/uros_ws/build/micro_ros_setup -- -j16 -l16
[0.083s] Invoking command in '/home/kousei/2DRoboPrac_ws/uros_ws/build/micro_ros_setup': CMAKE_PREFIX_PATH=${CMAKE_PREFIX_PATH}:/opt/ros/humble /usr/bin/cmake --install /home/kousei/2DRoboPrac_ws/uros_ws/build/micro_ros_setup
[0.088s] -- Install configuration: ""
[0.088s] -- Up-to-date: /home/kousei/2DRoboPrac_ws/uros_ws/install/micro_ros_setup/share/ament_index/resource_index/package_run_dependencies/micro_ros_setup
[0.088s] -- Up-to-date: /home/kousei/2DRoboPrac_ws/uros_ws/install/micro_ros_setup/share/ament_index/resource_index/parent_prefix_path/micro_ros_setup
[0.088s] -- Up-to-date: /home/kousei/2DRoboPrac_ws/uros_ws/install/micro_ros_setup/share/micro_ros_setup/environment/ament_prefix_path.sh
[0.088s] -- Up-to-date: /home/kousei/2DRoboPrac_ws/uros_ws/install/micro_ros_setup/share/micro_ros_setup/environment/ament_prefix_path.dsv
[0.089s] -- Up-to-date: /home/kousei/2DRoboPrac_ws/uros_ws/install/micro_ros_setup/share/micro_ros_setup/environment/path.sh
[0.089s] -- Up-to-date: /home/kousei/2DRoboPrac_ws/uros_ws/install/micro_ros_setup/share/micro_ros_setup/environment/path.dsv
[0.089s] -- Up-to-date: /home/kousei/2DRoboPrac_ws/uros_ws/install/micro_ros_setup/share/micro_ros_setup/local_setup.bash
[0.089s] -- Up-to-date: /home/kousei/2DRoboPrac_ws/uros_ws/install/micro_ros_setup/share/micro_ros_setup/local_setup.sh
[0.089s] -- Up-to-date: /home/kousei/2DRoboPrac_ws/uros_ws/install/micro_ros_setup/share/micro_ros_setup/local_setup.zsh
[0.089s] -- Up-to-date: /home/kousei/2DRoboPrac_ws/uros_ws/install/micro_ros_setup/share/micro_ros_setup/local_setup.dsv
[0.089s] -- Installing: /home/kousei/2DRoboPrac_ws/uros_ws/install/micro_ros_setup/share/micro_ros_setup/package.dsv
[0.089s] -- Up-to-date: /home/kousei/2DRoboPrac_ws/uros_ws/install/micro_ros_setup/share/ament_index/resource_index/packages/micro_ros_setup
[0.089s] -- Up-to-date: /home/kousei/2DRoboPrac_ws/uros_ws/install/micro_ros_setup/share/micro_ros_setup/cmake/micro_ros_setupConfig.cmake
[0.089s] -- Up-to-date: /home/kousei/2DRoboPrac_ws/uros_ws/install/micro_ros_setup/share/micro_ros_setup/cmake/micro_ros_setupConfig-version.cmake
[0.089s] -- Up-to-date: /home/kousei/2DRoboPrac_ws/uros_ws/install/micro_ros_setup/share/micro_ros_setup/package.xml
[0.090s] -- Up-to-date: /home/kousei/2DRoboPrac_ws/uros_ws/install/micro_ros_setup/./config
[0.090s] -- Up-to-date: /home/kousei/2DRoboPrac_ws/uros_ws/install/micro_ros_setup/./config/host
[0.090s] -- Up-to-date: /home/kousei/2DRoboPrac_ws/uros_ws/install/micro_ros_setup/./config/host/dev_ros2_packages.txt
[0.090s] -- Up-to-date: /home/kousei/2DRoboPrac_ws/uros_ws/install/micro_ros_setup/./config/host/generic
[0.090s] -- Up-to-date: /home/kousei/2DRoboPrac_ws/uros_ws/install/micro_ros_setup/./config/host/generic/build.sh
[0.090s] -- Up-to-date: /home/kousei/2DRoboPrac_ws/uros_ws/install/micro_ros_setup/./config/host/generic/package.xml
[0.090s] -- Up-to-date: /home/kousei/2DRoboPrac_ws/uros_ws/install/micro_ros_setup/./config/host/generic/client-host-colcon.meta
[0.090s] -- Up-to-date: /home/kousei/2DRoboPrac_ws/uros_ws/install/micro_ros_setup/./config/host/generic/create.sh
[0.090s] -- Up-to-date: /home/kousei/2DRoboPrac_ws/uros_ws/install/micro_ros_setup/./config/host/generic/client_host_packages.repos
[0.090s] -- Up-to-date: /home/kousei/2DRoboPrac_ws/uros_ws/install/micro_ros_setup/./config/host/generic/flash.sh
[0.091s] -- Up-to-date: /home/kousei/2DRoboPrac_ws/uros_ws/install/micro_ros_setup/./config/host/client_ros2_packages.txt
[0.091s] -- Up-to-date: /home/kousei/2DRoboPrac_ws/uros_ws/install/micro_ros_setup/./config/host/dev_uros_packages.repos
[0.091s] -- Up-to-date: /home/kousei/2DRoboPrac_ws/uros_ws/install/micro_ros_setup/./config/utils.sh
[0.091s] -- Up-to-date: /home/kousei/2DRoboPrac_ws/uros_ws/install/micro_ros_setup/./config/agent_uros_packages.repos
[0.091s] -- Up-to-date: /home/kousei/2DRoboPrac_ws/uros_ws/install/micro_ros_setup/./config/freertos
[0.091s] -- Up-to-date: /home/kousei/2DRoboPrac_ws/uros_ws/install/micro_ros_setup/./config/freertos/nucleo_f446re
[0.091s] -- Up-to-date: /home/kousei/2DRoboPrac_ws/uros_ws/install/micro_ros_setup/./config/freertos/nucleo_f446re/build.sh
[0.091s] -- Up-to-date: /home/kousei/2DRoboPrac_ws/uros_ws/install/micro_ros_setup/./config/freertos/nucleo_f446re/board.repos
[0.091s] -- Up-to-date: /home/kousei/2DRoboPrac_ws/uros_ws/install/micro_ros_setup/./config/freertos/nucleo_f446re/package.xml
[0.092s] -- Up-to-date: /home/kousei/2DRoboPrac_ws/uros_ws/install/micro_ros_setup/./config/freertos/nucleo_f446re/client_uros_packages.repos
[0.092s] -- Up-to-date: /home/kousei/2DRoboPrac_ws/uros_ws/install/micro_ros_setup/./config/freertos/nucleo_f446re/create.sh
[0.092s] -- Up-to-date: /home/kousei/2DRoboPrac_ws/uros_ws/install/micro_ros_setup/./config/freertos/nucleo_f446re/client-colcon.meta
[0.092s] -- Up-to-date: /home/kousei/2DRoboPrac_ws/uros_ws/install/micro_ros_setup/./config/freertos/nucleo_f446re/flash.sh
[0.092s] -- Up-to-date: /home/kousei/2DRoboPrac_ws/uros_ws/install/micro_ros_setup/./config/freertos/nucleo_f446re/configure.sh
[0.093s] -- Up-to-date: /home/kousei/2DRoboPrac_ws/uros_ws/install/micro_ros_setup/./config/freertos/dev_ros2_packages.txt
[0.093s] -- Up-to-date: /home/kousei/2DRoboPrac_ws/uros_ws/install/micro_ros_setup/./config/freertos/nucleo_f767zi
[0.093s] -- Up-to-date: /home/kousei/2DRoboPrac_ws/uros_ws/install/micro_ros_setup/./config/freertos/nucleo_f767zi/build.sh
[0.093s] -- Up-to-date: /home/kousei/2DRoboPrac_ws/uros_ws/install/micro_ros_setup/./config/freertos/nucleo_f767zi/board.repos
[0.093s] -- Up-to-date: /home/kousei/2DRoboPrac_ws/uros_ws/install/micro_ros_setup/./config/freertos/nucleo_f767zi/package.xml
[0.093s] -- Up-to-date: /home/kousei/2DRoboPrac_ws/uros_ws/install/micro_ros_setup/./config/freertos/nucleo_f767zi/client_uros_packages.repos
[0.093s] -- Up-to-date: /home/kousei/2DRoboPrac_ws/uros_ws/install/micro_ros_setup/./config/freertos/nucleo_f767zi/create.sh
[0.093s] -- Up-to-date: /home/kousei/2DRoboPrac_ws/uros_ws/install/micro_ros_setup/./config/freertos/nucleo_f767zi/client-colcon.meta
[0.094s] -- Up-to-date: /home/kousei/2DRoboPrac_ws/uros_ws/install/micro_ros_setup/./config/freertos/nucleo_f767zi/flash.sh
[0.094s] -- Up-to-date: /home/kousei/2DRoboPrac_ws/uros_ws/install/micro_ros_setup/./config/freertos/nucleo_f767zi/configure.sh
[0.094s] -- Up-to-date: /home/kousei/2DRoboPrac_ws/uros_ws/install/micro_ros_setup/./config/freertos/crazyflie21
[0.094s] -- Up-to-date: /home/kousei/2DRoboPrac_ws/uros_ws/install/micro_ros_setup/./config/freertos/crazyflie21/build.sh
[0.094s] -- Up-to-date: /home/kousei/2DRoboPrac_ws/uros_ws/install/micro_ros_setup/./config/freertos/crazyflie21/board.repos
[0.094s] -- Up-to-date: /home/kousei/2DRoboPrac_ws/uros_ws/install/micro_ros_setup/./config/freertos/crazyflie21/package.xml
[0.094s] -- Up-to-date: /home/kousei/2DRoboPrac_ws/uros_ws/install/micro_ros_setup/./config/freertos/crazyflie21/client_uros_packages.repos
[0.094s] -- Up-to-date: /home/kousei/2DRoboPrac_ws/uros_ws/install/micro_ros_setup/./config/freertos/crazyflie21/create.sh
[0.095s] -- Up-to-date: /home/kousei/2DRoboPrac_ws/uros_ws/install/micro_ros_setup/./config/freertos/crazyflie21/client-colcon.meta
[0.095s] -- Up-to-date: /home/kousei/2DRoboPrac_ws/uros_ws/install/micro_ros_setup/./config/freertos/crazyflie21/flash.sh
[0.095s] -- Up-to-date: /home/kousei/2DRoboPrac_ws/uros_ws/install/micro_ros_setup/./config/freertos/crazyflie21/configure.sh
[0.095s] -- Up-to-date: /home/kousei/2DRoboPrac_ws/uros_ws/install/micro_ros_setup/./config/freertos/nucleo_f746zg
[0.095s] -- Up-to-date: /home/kousei/2DRoboPrac_ws/uros_ws/install/micro_ros_setup/./config/freertos/nucleo_f746zg/build.sh
[0.095s] -- Up-to-date: /home/kousei/2DRoboPrac_ws/uros_ws/install/micro_ros_setup/./config/freertos/nucleo_f746zg/board.repos
[0.095s] -- Up-to-date: /home/kousei/2DRoboPrac_ws/uros_ws/install/micro_ros_setup/./config/freertos/nucleo_f746zg/package.xml
[0.095s] -- Up-to-date: /home/kousei/2DRoboPrac_ws/uros_ws/install/micro_ros_setup/./config/freertos/nucleo_f746zg/client_uros_packages.repos
[0.095s] -- Up-to-date: /home/kousei/2DRoboPrac_ws/uros_ws/install/micro_ros_setup/./config/freertos/nucleo_f746zg/create.sh
[0.095s] -- Up-to-date: /home/kousei/2DRoboPrac_ws/uros_ws/install/micro_ros_setup/./config/freertos/nucleo_f746zg/client-colcon.meta
[0.095s] -- Up-to-date: /home/kousei/2DRoboPrac_ws/uros_ws/install/micro_ros_setup/./config/freertos/nucleo_f746zg/flash.sh
[0.096s] -- Up-to-date: /home/kousei/2DRoboPrac_ws/uros_ws/install/micro_ros_setup/./config/freertos/nucleo_f746zg/configure.sh
[0.096s] -- Up-to-date: /home/kousei/2DRoboPrac_ws/uros_ws/install/micro_ros_setup/./config/freertos/nucleo_f446ze
[0.096s] -- Up-to-date: /home/kousei/2DRoboPrac_ws/uros_ws/install/micro_ros_setup/./config/freertos/nucleo_f446ze/build.sh
[0.096s] -- Up-to-date: /home/kousei/2DRoboPrac_ws/uros_ws/install/micro_ros_setup/./config/freertos/nucleo_f446ze/board.repos
[0.096s] -- Up-to-date: /home/kousei/2DRoboPrac_ws/uros_ws/install/micro_ros_setup/./config/freertos/nucleo_f446ze/package.xml
[0.096s] -- Up-to-date: /home/kousei/2DRoboPrac_ws/uros_ws/install/micro_ros_setup/./config/freertos/nucleo_f446ze/client_uros_packages.repos
[0.096s] -- Up-to-date: /home/kousei/2DRoboPrac_ws/uros_ws/install/micro_ros_setup/./config/freertos/nucleo_f446ze/create.sh
[0.096s] -- Up-to-date: /home/kousei/2DRoboPrac_ws/uros_ws/install/micro_ros_setup/./config/freertos/nucleo_f446ze/client-colcon.meta
[0.097s] -- Up-to-date: /home/kousei/2DRoboPrac_ws/uros_ws/install/micro_ros_setup/./config/freertos/nucleo_f446ze/flash.sh
[0.097s] -- Up-to-date: /home/kousei/2DRoboPrac_ws/uros_ws/install/micro_ros_setup/./config/freertos/nucleo_f446ze/configure.sh
[0.097s] -- Up-to-date: /home/kousei/2DRoboPrac_ws/uros_ws/install/micro_ros_setup/./config/freertos/olimex-stm32-e407
[0.097s] -- Up-to-date: /home/kousei/2DRoboPrac_ws/uros_ws/install/micro_ros_setup/./config/freertos/olimex-stm32-e407/build.sh
[0.097s] -- Up-to-date: /home/kousei/2DRoboPrac_ws/uros_ws/install/micro_ros_setup/./config/freertos/olimex-stm32-e407/board.repos
[0.097s] -- Up-to-date: /home/kousei/2DRoboPrac_ws/uros_ws/install/micro_ros_setup/./config/freertos/olimex-stm32-e407/package.xml
[0.097s] -- Up-to-date: /home/kousei/2DRoboPrac_ws/uros_ws/install/micro_ros_setup/./config/freertos/olimex-stm32-e407/client_uros_packages.repos
[0.097s] -- Up-to-date: /home/kousei/2DRoboPrac_ws/uros_ws/install/micro_ros_setup/./config/freertos/olimex-stm32-e407/create.sh
[0.098s] -- Up-to-date: /home/kousei/2DRoboPrac_ws/uros_ws/install/micro_ros_setup/./config/freertos/olimex-stm32-e407/client-colcon.meta
[0.098s] -- Up-to-date: /home/kousei/2DRoboPrac_ws/uros_ws/install/micro_ros_setup/./config/freertos/olimex-stm32-e407/flash.sh
[0.098s] -- Up-to-date: /home/kousei/2DRoboPrac_ws/uros_ws/install/micro_ros_setup/./config/freertos/olimex-stm32-e407/configure.sh
[0.098s] -- Up-to-date: /home/kousei/2DRoboPrac_ws/uros_ws/install/micro_ros_setup/./config/freertos/dev_uros_packages.repos
[0.098s] -- Up-to-date: /home/kousei/2DRoboPrac_ws/uros_ws/install/micro_ros_setup/./config/freertos/list_apps.sh
[0.098s] -- Up-to-date: /home/kousei/2DRoboPrac_ws/uros_ws/install/micro_ros_setup/./config/freertos/esp32
[0.098s] -- Up-to-date: /home/kousei/2DRoboPrac_ws/uros_ws/install/micro_ros_setup/./config/freertos/esp32/build.sh
[0.098s] -- Up-to-date: /home/kousei/2DRoboPrac_ws/uros_ws/install/micro_ros_setup/./config/freertos/esp32/board.repos
[0.098s] -- Up-to-date: /home/kousei/2DRoboPrac_ws/uros_ws/install/micro_ros_setup/./config/freertos/esp32/package.xml
[0.099s] -- Up-to-date: /home/kousei/2DRoboPrac_ws/uros_ws/install/micro_ros_setup/./config/freertos/esp32/client_uros_packages.repos
[0.099s] -- Up-to-date: /home/kousei/2DRoboPrac_ws/uros_ws/install/micro_ros_setup/./config/freertos/esp32/create.sh
[0.099s] -- Up-to-date: /home/kousei/2DRoboPrac_ws/uros_ws/install/micro_ros_setup/./config/freertos/esp32/client-colcon.meta
[0.099s] -- Up-to-date: /home/kousei/2DRoboPrac_ws/uros_ws/install/micro_ros_setup/./config/freertos/esp32/flash.sh
[0.099s] -- Up-to-date: /home/kousei/2DRoboPrac_ws/uros_ws/install/micro_ros_setup/./config/freertos/esp32/README.md
[0.099s] -- Up-to-date: /home/kousei/2DRoboPrac_ws/uros_ws/install/micro_ros_setup/./config/freertos/esp32/configure.sh
[0.099s] -- Up-to-date: /home/kousei/2DRoboPrac_ws/uros_ws/install/micro_ros_setup/./config/client_uros_packages.repos
[0.099s] -- Up-to-date: /home/kousei/2DRoboPrac_ws/uros_ws/install/micro_ros_setup/./config/mbed
[0.099s] -- Up-to-date: /home/kousei/2DRoboPrac_ws/uros_ws/install/micro_ros_setup/./config/mbed/dev_ros2_packages.txt
[0.100s] -- Up-to-date: /home/kousei/2DRoboPrac_ws/uros_ws/install/micro_ros_setup/./config/mbed/generic
[0.100s] -- Up-to-date: /home/kousei/2DRoboPrac_ws/uros_ws/install/micro_ros_setup/./config/mbed/generic/build.sh
[0.100s] -- Up-to-date: /home/kousei/2DRoboPrac_ws/uros_ws/install/micro_ros_setup/./config/mbed/generic/board.repos
[0.100s] -- Up-to-date: /home/kousei/2DRoboPrac_ws/uros_ws/install/micro_ros_setup/./config/mbed/generic/package.xml
[0.100s] -- Up-to-date: /home/kousei/2DRoboPrac_ws/uros_ws/install/micro_ros_setup/./config/mbed/generic/supported_platforms
[0.100s] -- Up-to-date: /home/kousei/2DRoboPrac_ws/uros_ws/install/micro_ros_setup/./config/mbed/generic/client_uros_packages.repos
[0.100s] -- Up-to-date: /home/kousei/2DRoboPrac_ws/uros_ws/install/micro_ros_setup/./config/mbed/generic/create.sh
[0.100s] -- Up-to-date: /home/kousei/2DRoboPrac_ws/uros_ws/install/micro_ros_setup/./config/mbed/generic/flash.sh
[0.101s] -- Up-to-date: /home/kousei/2DRoboPrac_ws/uros_ws/install/micro_ros_setup/./config/mbed/dev_uros_packages.repos
[0.101s] -- Up-to-date: /home/kousei/2DRoboPrac_ws/uros_ws/install/micro_ros_setup/./config/mbed/list_apps.sh
[0.101s] -- Up-to-date: /home/kousei/2DRoboPrac_ws/uros_ws/install/micro_ros_setup/./config/client_ros2_packages.txt
[0.101s] -- Up-to-date: /home/kousei/2DRoboPrac_ws/uros_ws/install/micro_ros_setup/./config/agent_ros2_packages.txt
[0.101s] -- Up-to-date: /home/kousei/2DRoboPrac_ws/uros_ws/install/micro_ros_setup/./config/renesas_ra
[0.101s] -- Up-to-date: /home/kousei/2DRoboPrac_ws/uros_ws/install/micro_ros_setup/./config/renesas_ra/dev_ros2_packages.txt
[0.101s] -- Up-to-date: /home/kousei/2DRoboPrac_ws/uros_ws/install/micro_ros_setup/./config/renesas_ra/ra6m5
[0.101s] -- Up-to-date: /home/kousei/2DRoboPrac_ws/uros_ws/install/micro_ros_setup/./config/renesas_ra/ra6m5/build.sh
[0.102s] -- Up-to-date: /home/kousei/2DRoboPrac_ws/uros_ws/install/micro_ros_setup/./config/renesas_ra/ra6m5/board.repos
[0.102s] -- Up-to-date: /home/kousei/2DRoboPrac_ws/uros_ws/install/micro_ros_setup/./config/renesas_ra/ra6m5/client_uros_packages.repos
[0.102s] -- Up-to-date: /home/kousei/2DRoboPrac_ws/uros_ws/install/micro_ros_setup/./config/renesas_ra/ra6m5/create.sh
[0.102s] -- Up-to-date: /home/kousei/2DRoboPrac_ws/uros_ws/install/micro_ros_setup/./config/renesas_ra/ra6m5/client-colcon.meta
[0.102s] -- Up-to-date: /home/kousei/2DRoboPrac_ws/uros_ws/install/micro_ros_setup/./config/renesas_ra/ra6m5/flash.sh
[0.103s] -- Up-to-date: /home/kousei/2DRoboPrac_ws/uros_ws/install/micro_ros_setup/./config/renesas_ra/ra6m5/configure.sh
[0.103s] -- Up-to-date: /home/kousei/2DRoboPrac_ws/uros_ws/install/micro_ros_setup/./config/renesas_ra/dev_uros_packages.repos
[0.103s] -- Up-to-date: /home/kousei/2DRoboPrac_ws/uros_ws/install/micro_ros_setup/./config/renesas_ra/list_apps.sh
[0.103s] -- Up-to-date: /home/kousei/2DRoboPrac_ws/uros_ws/install/micro_ros_setup/./config/raspbian
[0.103s] -- Up-to-date: /home/kousei/2DRoboPrac_ws/uros_ws/install/micro_ros_setup/./config/raspbian/dev_ros2_packages.txt
[0.103s] -- Up-to-date: /home/kousei/2DRoboPrac_ws/uros_ws/install/micro_ros_setup/./config/raspbian/generic
[0.103s] -- Up-to-date: /home/kousei/2DRoboPrac_ws/uros_ws/install/micro_ros_setup/./config/raspbian/generic/build.sh
[0.103s] -- Up-to-date: /home/kousei/2DRoboPrac_ws/uros_ws/install/micro_ros_setup/./config/raspbian/generic/supported_platforms
[0.104s] -- Up-to-date: /home/kousei/2DRoboPrac_ws/uros_ws/install/micro_ros_setup/./config/raspbian/generic/client_uros_packages.repos
[0.104s] -- Up-to-date: /home/kousei/2DRoboPrac_ws/uros_ws/install/micro_ros_setup/./config/raspbian/generic/create.sh
[0.104s] -- Up-to-date: /home/kousei/2DRoboPrac_ws/uros_ws/install/micro_ros_setup/./config/raspbian/generic/client-colcon.meta
[0.104s] -- Up-to-date: /home/kousei/2DRoboPrac_ws/uros_ws/install/micro_ros_setup/./config/raspbian/generic/flash.sh
[0.104s] -- Up-to-date: /home/kousei/2DRoboPrac_ws/uros_ws/install/micro_ros_setup/./config/raspbian/generic/configure.sh
[0.104s] -- Up-to-date: /home/kousei/2DRoboPrac_ws/uros_ws/install/micro_ros_setup/./config/raspbian/dev_uros_packages.repos
[0.104s] -- Up-to-date: /home/kousei/2DRoboPrac_ws/uros_ws/install/micro_ros_setup/./config/generate_lib
[0.104s] -- Up-to-date: /home/kousei/2DRoboPrac_ws/uros_ws/install/micro_ros_setup/./config/generate_lib/dev_ros2_packages.txt
[0.104s] -- Up-to-date: /home/kousei/2DRoboPrac_ws/uros_ws/install/micro_ros_setup/./config/generate_lib/generic
[0.105s] -- Up-to-date: /home/kousei/2DRoboPrac_ws/uros_ws/install/micro_ros_setup/./config/generate_lib/generic/build.sh
[0.105s] -- Up-to-date: /home/kousei/2DRoboPrac_ws/uros_ws/install/micro_ros_setup/./config/generate_lib/generic/package.xml
[0.105s] -- Up-to-date: /home/kousei/2DRoboPrac_ws/uros_ws/install/micro_ros_setup/./config/generate_lib/generic/demo_toolchain.cmake
[0.105s] -- Up-to-date: /home/kousei/2DRoboPrac_ws/uros_ws/install/micro_ros_setup/./config/generate_lib/generic/client_uros_packages.repos
[0.105s] -- Up-to-date: /home/kousei/2DRoboPrac_ws/uros_ws/install/micro_ros_setup/./config/generate_lib/generic/create.sh
[0.106s] -- Up-to-date: /home/kousei/2DRoboPrac_ws/uros_ws/install/micro_ros_setup/./config/generate_lib/generic/client-colcon.meta
[0.106s] -- Up-to-date: /home/kousei/2DRoboPrac_ws/uros_ws/install/micro_ros_setup/./config/generate_lib/generic/flash.sh
[0.106s] -- Up-to-date: /home/kousei/2DRoboPrac_ws/uros_ws/install/micro_ros_setup/./config/generate_lib/dev_uros_packages.repos
[0.106s] -- Up-to-date: /home/kousei/2DRoboPrac_ws/uros_ws/install/micro_ros_setup/./config/android
[0.106s] -- Up-to-date: /home/kousei/2DRoboPrac_ws/uros_ws/install/micro_ros_setup/./config/android/dev_ros2_packages.txt
[0.106s] -- Up-to-date: /home/kousei/2DRoboPrac_ws/uros_ws/install/micro_ros_setup/./config/android/generic
[0.106s] -- Up-to-date: /home/kousei/2DRoboPrac_ws/uros_ws/install/micro_ros_setup/./config/android/generic/build.sh
[0.106s] -- Up-to-date: /home/kousei/2DRoboPrac_ws/uros_ws/install/micro_ros_setup/./config/android/generic/package.xml
[0.106s] -- Up-to-date: /home/kousei/2DRoboPrac_ws/uros_ws/install/micro_ros_setup/./config/android/generic/client_uros_packages.repos
[0.106s] -- Up-to-date: /home/kousei/2DRoboPrac_ws/uros_ws/install/micro_ros_setup/./config/android/generic/create.sh
[0.106s] -- Up-to-date: /home/kousei/2DRoboPrac_ws/uros_ws/install/micro_ros_setup/./config/android/generic/client-colcon.meta
[0.106s] -- Up-to-date: /home/kousei/2DRoboPrac_ws/uros_ws/install/micro_ros_setup/./config/android/generic/flash.sh
[0.106s] -- Up-to-date: /home/kousei/2DRoboPrac_ws/uros_ws/install/micro_ros_setup/./config/android/dev_uros_packages.repos
[0.106s] -- Up-to-date: /home/kousei/2DRoboPrac_ws/uros_ws/install/micro_ros_setup/./config/zephyr
[0.106s] -- Up-to-date: /home/kousei/2DRoboPrac_ws/uros_ws/install/micro_ros_setup/./config/zephyr/dev_ros2_packages.txt
[0.106s] -- Up-to-date: /home/kousei/2DRoboPrac_ws/uros_ws/install/micro_ros_setup/./config/zephyr/generic
[0.106s] -- Up-to-date: /home/kousei/2DRoboPrac_ws/uros_ws/install/micro_ros_setup/./config/zephyr/generic/build.sh
[0.106s] -- Up-to-date: /home/kousei/2DRoboPrac_ws/uros_ws/install/micro_ros_setup/./config/zephyr/generic/board.repos
[0.106s] -- Up-to-date: /home/kousei/2DRoboPrac_ws/uros_ws/install/micro_ros_setup/./config/zephyr/generic/package.xml
[0.106s] -- Up-to-date: /home/kousei/2DRoboPrac_ws/uros_ws/install/micro_ros_setup/./config/zephyr/generic/supported_platforms
[0.106s] -- Up-to-date: /home/kousei/2DRoboPrac_ws/uros_ws/install/micro_ros_setup/./config/zephyr/generic/client_uros_packages.repos
[0.106s] -- Up-to-date: /home/kousei/2DRoboPrac_ws/uros_ws/install/micro_ros_setup/./config/zephyr/generic/create.sh
[0.106s] -- Up-to-date: /home/kousei/2DRoboPrac_ws/uros_ws/install/micro_ros_setup/./config/zephyr/generic/client-colcon.meta
[0.106s] -- Up-to-date: /home/kousei/2DRoboPrac_ws/uros_ws/install/micro_ros_setup/./config/zephyr/generic/flash.sh
[0.106s] -- Up-to-date: /home/kousei/2DRoboPrac_ws/uros_ws/install/micro_ros_setup/./config/zephyr/generic/configure.sh
[0.106s] -- Up-to-date: /home/kousei/2DRoboPrac_ws/uros_ws/install/micro_ros_setup/./config/zephyr/dev_uros_packages.repos
[0.107s] -- Up-to-date: /home/kousei/2DRoboPrac_ws/uros_ws/install/micro_ros_setup/./config/zephyr/list_apps.sh
[0.107s] -- Up-to-date: /home/kousei/2DRoboPrac_ws/uros_ws/install/micro_ros_setup/lib/micro_ros_setup/create_ws.sh
[0.107s] -- Up-to-date: /home/kousei/2DRoboPrac_ws/uros_ws/install/micro_ros_setup/lib/micro_ros_setup/create_agent_ws.sh
[0.107s] -- Up-to-date: /home/kousei/2DRoboPrac_ws/uros_ws/install/micro_ros_setup/lib/micro_ros_setup/create_firmware_ws.sh
[0.107s] -- Up-to-date: /home/kousei/2DRoboPrac_ws/uros_ws/install/micro_ros_setup/lib/micro_ros_setup/configure_firmware.sh
[0.107s] -- Up-to-date: /home/kousei/2DRoboPrac_ws/uros_ws/install/micro_ros_setup/lib/micro_ros_setup/flash_firmware.sh
[0.107s] -- Up-to-date: /home/kousei/2DRoboPrac_ws/uros_ws/install/micro_ros_setup/lib/micro_ros_setup/build_firmware.sh
[0.107s] -- Up-to-date: /home/kousei/2DRoboPrac_ws/uros_ws/install/micro_ros_setup/lib/micro_ros_setup/build_agent.sh
[0.107s] -- Up-to-date: /home/kousei/2DRoboPrac_ws/uros_ws/install/micro_ros_setup/lib/micro_ros_setup/yaml_filter.py
[0.107s] -- Up-to-date: /home/kousei/2DRoboPrac_ws/uros_ws/install/micro_ros_setup/lib/micro_ros_setup/clean_env.sh
[0.107s] -- Up-to-date: /home/kousei/2DRoboPrac_ws/uros_ws/install/micro_ros_setup/lib/micro_ros_setup/component
[0.107s] Invoked command in '/home/kousei/2DRoboPrac_ws/uros_ws/build/micro_ros_setup' returned '0': CMAKE_PREFIX_PATH=${CMAKE_PREFIX_PATH}:/opt/ros/humble /usr/bin/cmake --install /home/kousei/2DRoboPrac_ws/uros_ws/build/micro_ros_setup
