-- Found ament_cmake_auto: 1.3.6 (/opt/ros/humble/share/ament_cmake_auto/cmake)
-- Found rosidl_generator_c: 3.1.5 (/opt/ros/humble/share/rosidl_generator_c/cmake)
-- Found rosidl_adapter: 3.1.5 (/opt/ros/humble/share/rosidl_adapter/cmake)
-- Found rosidl_generator_cpp: 3.1.5 (/opt/ros/humble/share/rosidl_generator_cpp/cmake)
-- Using all available rosidl_typesupport_c: rosidl_typesupport_fastrtps_c;rosidl_typesupport_introspection_c
-- Using all available rosidl_typesupport_cpp: rosidl_typesupport_fastrtps_cpp;rosidl_typesupport_introspection_cpp
-- Found rmw_implementation_cmake: 6.1.1 (/opt/ros/humble/share/rmw_implementation_cmake/cmake)
-- Found rmw_fastrtps_cpp: 6.2.5 (/opt/ros/humble/share/rmw_fastrtps_cpp/cmake)
-- Using RMW implementation 'rmw_fastrtps_cpp' as default
-- Found ament_lint_auto: 0.12.9 (/opt/ros/humble/share/ament_lint_auto/cmake)
-- Found ament_cmake_ros: 0.10.0 (/opt/ros/humble/share/ament_cmake_ros/cmake)
-- Using all available rosidl_typesupport_c: rosidl_typesupport_fastrtps_c;rosidl_typesupport_introspection_c
-- Using all available rosidl_typesupport_cpp: rosidl_typesupport_fastrtps_cpp;rosidl_typesupport_introspection_cpp
-- Found python_cmake_module: 0.10.0 (/opt/ros/humble/share/python_cmake_module/cmake)
-- Using PYTHON_EXECUTABLE: /usr/bin/python3
-- Using PYTHON_INCLUDE_DIRS: /usr/include/python3.10
-- Using PYTHON_LIBRARIES: /usr/lib/x86_64-linux-gnu/libpython3.10.so
-- Added test 'lint_cmake' to check CMake code style
-- Added test 'xmllint' to check XML markup files
-- Configuring done
-- Generating done
-- Build files have been written to: /home/kousei/2DRoboPrac_ws/ros2_ws/build/drive_msgs
[35m[1mConsolidate compiler generated dependencies of target drive_msgs__rosidl_generator_c[0m
[  3%] Built target drive_msgs__cpp
[ 12%] Built target drive_msgs__rosidl_generator_c
[ 12%] Built target ament_cmake_python_copy_drive_msgs
[35m[1mConsolidate compiler generated dependencies of target drive_msgs__rosidl_typesupport_cpp[0m
[35m[1mConsolidate compiler generated dependencies of target drive_msgs__rosidl_typesupport_fastrtps_cpp[0m
[35m[1mConsolidate compiler generated dependencies of target drive_msgs__rosidl_typesupport_fastrtps_c[0m
[35m[1mConsolidate compiler generated dependencies of target drive_msgs__rosidl_typesupport_c[0m
[35m[1mConsolidate compiler generated dependencies of target drive_msgs__rosidl_typesupport_introspection_cpp[0m
[35m[1mConsolidate compiler generated dependencies of target drive_msgs__rosidl_typesupport_introspection_c[0m
[ 22%] Built target drive_msgs__rosidl_typesupport_cpp
[ 32%] Built target drive_msgs__rosidl_typesupport_fastrtps_c
[ 41%] Built target drive_msgs__rosidl_typesupport_fastrtps_cpp
[ 51%] Built target drive_msgs__rosidl_typesupport_c
[ 61%] Built target drive_msgs__rosidl_typesupport_introspection_cpp
[ 70%] Built target drive_msgs__rosidl_typesupport_introspection_c
[ 70%] Built target drive_msgs
[ 74%] Built target drive_msgs__py
[35m[1mConsolidate compiler generated dependencies of target drive_msgs__rosidl_generator_py[0m
[ 80%] Built target drive_msgs__rosidl_generator_py
[35m[1mConsolidate compiler generated dependencies of target drive_msgs__rosidl_typesupport_introspection_c__pyext[0m
[35m[1mConsolidate compiler generated dependencies of target drive_msgs__rosidl_typesupport_fastrtps_c__pyext[0m
[35m[1mConsolidate compiler generated dependencies of target drive_msgs__rosidl_typesupport_c__pyext[0m
[ 93%] Built target drive_msgs__rosidl_typesupport_introspection_c__pyext
[ 93%] Built target drive_msgs__rosidl_typesupport_fastrtps_c__pyext
[100%] Built target drive_msgs__rosidl_typesupport_c__pyext
running egg_info
writing drive_msgs.egg-info/PKG-INFO
writing dependency_links to drive_msgs.egg-info/dependency_links.txt
writing top-level names to drive_msgs.egg-info/top_level.txt
reading manifest file 'drive_msgs.egg-info/SOURCES.txt'
writing manifest file 'drive_msgs.egg-info/SOURCES.txt'
[100%] Built target ament_cmake_python_build_drive_msgs_egg
-- Install configuration: ""
-- Up-to-date: /home/kousei/2DRoboPrac_ws/ros2_ws/install/drive_msgs/share/ament_index/resource_index/rosidl_interfaces/drive_msgs
-- Up-to-date: /home/kousei/2DRoboPrac_ws/ros2_ws/install/drive_msgs/include/drive_msgs/drive_msgs
-- Up-to-date: /home/kousei/2DRoboPrac_ws/ros2_ws/install/drive_msgs/include/drive_msgs/drive_msgs/msg
-- Up-to-date: /home/kousei/2DRoboPrac_ws/ros2_ws/install/drive_msgs/include/drive_msgs/drive_msgs/msg/diff_drive.h
-- Up-to-date: /home/kousei/2DRoboPrac_ws/ros2_ws/install/drive_msgs/include/drive_msgs/drive_msgs/msg/rosidl_generator_c__visibility_control.h
-- Up-to-date: /home/kousei/2DRoboPrac_ws/ros2_ws/install/drive_msgs/include/drive_msgs/drive_msgs/msg/detail
-- Up-to-date: /home/kousei/2DRoboPrac_ws/ros2_ws/install/drive_msgs/include/drive_msgs/drive_msgs/msg/detail/diff_drive__struct.h
-- Up-to-date: /home/kousei/2DRoboPrac_ws/ros2_ws/install/drive_msgs/include/drive_msgs/drive_msgs/msg/detail/diff_drive__type_support.h
-- Up-to-date: /home/kousei/2DRoboPrac_ws/ros2_ws/install/drive_msgs/include/drive_msgs/drive_msgs/msg/detail/diff_drive__functions.c
-- Up-to-date: /home/kousei/2DRoboPrac_ws/ros2_ws/install/drive_msgs/include/drive_msgs/drive_msgs/msg/detail/diff_drive__functions.h
-- Up-to-date: /home/kousei/2DRoboPrac_ws/ros2_ws/install/drive_msgs/share/drive_msgs/environment/library_path.sh
-- Installing: /home/kousei/2DRoboPrac_ws/ros2_ws/install/drive_msgs/share/drive_msgs/environment/library_path.dsv
-- Up-to-date: /home/kousei/2DRoboPrac_ws/ros2_ws/install/drive_msgs/lib/libdrive_msgs__rosidl_generator_c.so
-- Up-to-date: /home/kousei/2DRoboPrac_ws/ros2_ws/install/drive_msgs/include/drive_msgs/drive_msgs
-- Up-to-date: /home/kousei/2DRoboPrac_ws/ros2_ws/install/drive_msgs/include/drive_msgs/drive_msgs/msg
-- Up-to-date: /home/kousei/2DRoboPrac_ws/ros2_ws/install/drive_msgs/include/drive_msgs/drive_msgs/msg/detail
-- Up-to-date: /home/kousei/2DRoboPrac_ws/ros2_ws/install/drive_msgs/include/drive_msgs/drive_msgs/msg/detail/diff_drive__rosidl_typesupport_fastrtps_c.h
-- Up-to-date: /home/kousei/2DRoboPrac_ws/ros2_ws/install/drive_msgs/include/drive_msgs/drive_msgs/msg/rosidl_typesupport_fastrtps_c__visibility_control.h
-- Up-to-date: /home/kousei/2DRoboPrac_ws/ros2_ws/install/drive_msgs/lib/libdrive_msgs__rosidl_typesupport_fastrtps_c.so
-- Up-to-date: /home/kousei/2DRoboPrac_ws/ros2_ws/install/drive_msgs/include/drive_msgs/drive_msgs
-- Up-to-date: /home/kousei/2DRoboPrac_ws/ros2_ws/install/drive_msgs/include/drive_msgs/drive_msgs/msg
-- Up-to-date: /home/kousei/2DRoboPrac_ws/ros2_ws/install/drive_msgs/include/drive_msgs/drive_msgs/msg/diff_drive.hpp
-- Up-to-date: /home/kousei/2DRoboPrac_ws/ros2_ws/install/drive_msgs/include/drive_msgs/drive_msgs/msg/detail
-- Up-to-date: /home/kousei/2DRoboPrac_ws/ros2_ws/install/drive_msgs/include/drive_msgs/drive_msgs/msg/detail/diff_drive__builder.hpp
-- Up-to-date: /home/kousei/2DRoboPrac_ws/ros2_ws/install/drive_msgs/include/drive_msgs/drive_msgs/msg/detail/diff_drive__struct.hpp
-- Up-to-date: /home/kousei/2DRoboPrac_ws/ros2_ws/install/drive_msgs/include/drive_msgs/drive_msgs/msg/detail/diff_drive__traits.hpp
-- Up-to-date: /home/kousei/2DRoboPrac_ws/ros2_ws/install/drive_msgs/include/drive_msgs/drive_msgs
-- Up-to-date: /home/kousei/2DRoboPrac_ws/ros2_ws/install/drive_msgs/include/drive_msgs/drive_msgs/msg
-- Up-to-date: /home/kousei/2DRoboPrac_ws/ros2_ws/install/drive_msgs/include/drive_msgs/drive_msgs/msg/detail
-- Up-to-date: /home/kousei/2DRoboPrac_ws/ros2_ws/install/drive_msgs/include/drive_msgs/drive_msgs/msg/detail/diff_drive__rosidl_typesupport_fastrtps_cpp.hpp
-- Up-to-date: /home/kousei/2DRoboPrac_ws/ros2_ws/install/drive_msgs/include/drive_msgs/drive_msgs/msg/detail/dds_fastrtps
-- Up-to-date: /home/kousei/2DRoboPrac_ws/ros2_ws/install/drive_msgs/include/drive_msgs/drive_msgs/msg/rosidl_typesupport_fastrtps_cpp__visibility_control.h
-- Up-to-date: /home/kousei/2DRoboPrac_ws/ros2_ws/install/drive_msgs/lib/libdrive_msgs__rosidl_typesupport_fastrtps_cpp.so
-- Up-to-date: /home/kousei/2DRoboPrac_ws/ros2_ws/install/drive_msgs/include/drive_msgs/drive_msgs
-- Up-to-date: /home/kousei/2DRoboPrac_ws/ros2_ws/install/drive_msgs/include/drive_msgs/drive_msgs/msg
-- Up-to-date: /home/kousei/2DRoboPrac_ws/ros2_ws/install/drive_msgs/include/drive_msgs/drive_msgs/msg/detail
-- Up-to-date: /home/kousei/2DRoboPrac_ws/ros2_ws/install/drive_msgs/include/drive_msgs/drive_msgs/msg/detail/diff_drive__type_support.c
-- Up-to-date: /home/kousei/2DRoboPrac_ws/ros2_ws/install/drive_msgs/include/drive_msgs/drive_msgs/msg/detail/diff_drive__rosidl_typesupport_introspection_c.h
-- Up-to-date: /home/kousei/2DRoboPrac_ws/ros2_ws/install/drive_msgs/include/drive_msgs/drive_msgs/msg/rosidl_typesupport_introspection_c__visibility_control.h
-- Up-to-date: /home/kousei/2DRoboPrac_ws/ros2_ws/install/drive_msgs/lib/libdrive_msgs__rosidl_typesupport_introspection_c.so
-- Up-to-date: /home/kousei/2DRoboPrac_ws/ros2_ws/install/drive_msgs/lib/libdrive_msgs__rosidl_typesupport_c.so
-- Up-to-date: /home/kousei/2DRoboPrac_ws/ros2_ws/install/drive_msgs/include/drive_msgs/drive_msgs
-- Up-to-date: /home/kousei/2DRoboPrac_ws/ros2_ws/install/drive_msgs/include/drive_msgs/drive_msgs/msg
-- Up-to-date: /home/kousei/2DRoboPrac_ws/ros2_ws/install/drive_msgs/include/drive_msgs/drive_msgs/msg/detail
-- Up-to-date: /home/kousei/2DRoboPrac_ws/ros2_ws/install/drive_msgs/include/drive_msgs/drive_msgs/msg/detail/diff_drive__type_support.cpp
-- Up-to-date: /home/kousei/2DRoboPrac_ws/ros2_ws/install/drive_msgs/include/drive_msgs/drive_msgs/msg/detail/diff_drive__rosidl_typesupport_introspection_cpp.hpp
-- Up-to-date: /home/kousei/2DRoboPrac_ws/ros2_ws/install/drive_msgs/lib/libdrive_msgs__rosidl_typesupport_introspection_cpp.so
-- Up-to-date: /home/kousei/2DRoboPrac_ws/ros2_ws/install/drive_msgs/lib/libdrive_msgs__rosidl_typesupport_cpp.so
-- Up-to-date: /home/kousei/2DRoboPrac_ws/ros2_ws/install/drive_msgs/share/drive_msgs/environment/pythonpath.sh
-- Installing: /home/kousei/2DRoboPrac_ws/ros2_ws/install/drive_msgs/share/drive_msgs/environment/pythonpath.dsv
-- Up-to-date: /home/kousei/2DRoboPrac_ws/ros2_ws/install/drive_msgs/local/lib/python3.10/dist-packages/drive_msgs-0.0.0-py3.10.egg-info
-- Installing: /home/kousei/2DRoboPrac_ws/ros2_ws/install/drive_msgs/local/lib/python3.10/dist-packages/drive_msgs-0.0.0-py3.10.egg-info/dependency_links.txt
-- Installing: /home/kousei/2DRoboPrac_ws/ros2_ws/install/drive_msgs/local/lib/python3.10/dist-packages/drive_msgs-0.0.0-py3.10.egg-info/SOURCES.txt
-- Installing: /home/kousei/2DRoboPrac_ws/ros2_ws/install/drive_msgs/local/lib/python3.10/dist-packages/drive_msgs-0.0.0-py3.10.egg-info/top_level.txt
-- Installing: /home/kousei/2DRoboPrac_ws/ros2_ws/install/drive_msgs/local/lib/python3.10/dist-packages/drive_msgs-0.0.0-py3.10.egg-info/PKG-INFO
-- Up-to-date: /home/kousei/2DRoboPrac_ws/ros2_ws/install/drive_msgs/local/lib/python3.10/dist-packages/drive_msgs
-- Installing: /home/kousei/2DRoboPrac_ws/ros2_ws/install/drive_msgs/local/lib/python3.10/dist-packages/drive_msgs/__init__.py
-- Up-to-date: /home/kousei/2DRoboPrac_ws/ros2_ws/install/drive_msgs/local/lib/python3.10/dist-packages/drive_msgs/_drive_msgs_s.ep.rosidl_typesupport_fastrtps_c.c
-- Up-to-date: /home/kousei/2DRoboPrac_ws/ros2_ws/install/drive_msgs/local/lib/python3.10/dist-packages/drive_msgs/drive_msgs_s__rosidl_typesupport_c.cpython-310-x86_64-linux-gnu.so
-- Up-to-date: /home/kousei/2DRoboPrac_ws/ros2_ws/install/drive_msgs/local/lib/python3.10/dist-packages/drive_msgs/_drive_msgs_s.ep.rosidl_typesupport_introspection_c.c
-- Up-to-date: /home/kousei/2DRoboPrac_ws/ros2_ws/install/drive_msgs/local/lib/python3.10/dist-packages/drive_msgs/drive_msgs_s__rosidl_typesupport_fastrtps_c.cpython-310-x86_64-linux-gnu.so
-- Up-to-date: /home/kousei/2DRoboPrac_ws/ros2_ws/install/drive_msgs/local/lib/python3.10/dist-packages/drive_msgs/_drive_msgs_s.ep.rosidl_typesupport_c.c
-- Up-to-date: /home/kousei/2DRoboPrac_ws/ros2_ws/install/drive_msgs/local/lib/python3.10/dist-packages/drive_msgs/msg
-- Up-to-date: /home/kousei/2DRoboPrac_ws/ros2_ws/install/drive_msgs/local/lib/python3.10/dist-packages/drive_msgs/msg/__init__.py
-- Up-to-date: /home/kousei/2DRoboPrac_ws/ros2_ws/install/drive_msgs/local/lib/python3.10/dist-packages/drive_msgs/msg/_diff_drive_s.c
-- Up-to-date: /home/kousei/2DRoboPrac_ws/ros2_ws/install/drive_msgs/local/lib/python3.10/dist-packages/drive_msgs/msg/_diff_drive.py
-- Up-to-date: /home/kousei/2DRoboPrac_ws/ros2_ws/install/drive_msgs/local/lib/python3.10/dist-packages/drive_msgs/libdrive_msgs__rosidl_generator_py.so
-- Up-to-date: /home/kousei/2DRoboPrac_ws/ros2_ws/install/drive_msgs/local/lib/python3.10/dist-packages/drive_msgs/drive_msgs_s__rosidl_typesupport_introspection_c.cpython-310-x86_64-linux-gnu.so
Listing '/home/kousei/2DRoboPrac_ws/ros2_ws/install/drive_msgs/local/lib/python3.10/dist-packages/drive_msgs'...
Compiling '/home/kousei/2DRoboPrac_ws/ros2_ws/install/drive_msgs/local/lib/python3.10/dist-packages/drive_msgs/__init__.py'...
Listing '/home/kousei/2DRoboPrac_ws/ros2_ws/install/drive_msgs/local/lib/python3.10/dist-packages/drive_msgs/msg'...
-- Up-to-date: /home/kousei/2DRoboPrac_ws/ros2_ws/install/drive_msgs/local/lib/python3.10/dist-packages/drive_msgs/drive_msgs_s__rosidl_typesupport_fastrtps_c.cpython-310-x86_64-linux-gnu.so
-- Up-to-date: /home/kousei/2DRoboPrac_ws/ros2_ws/install/drive_msgs/local/lib/python3.10/dist-packages/drive_msgs/drive_msgs_s__rosidl_typesupport_introspection_c.cpython-310-x86_64-linux-gnu.so
-- Up-to-date: /home/kousei/2DRoboPrac_ws/ros2_ws/install/drive_msgs/local/lib/python3.10/dist-packages/drive_msgs/drive_msgs_s__rosidl_typesupport_c.cpython-310-x86_64-linux-gnu.so
-- Up-to-date: /home/kousei/2DRoboPrac_ws/ros2_ws/install/drive_msgs/lib/libdrive_msgs__rosidl_generator_py.so
-- Up-to-date: /home/kousei/2DRoboPrac_ws/ros2_ws/install/drive_msgs/share/drive_msgs/msg/DiffDrive.idl
-- Up-to-date: /home/kousei/2DRoboPrac_ws/ros2_ws/install/drive_msgs/share/drive_msgs/msg/DiffDrive.msg
-- Up-to-date: /home/kousei/2DRoboPrac_ws/ros2_ws/install/drive_msgs/include
-- Up-to-date: /home/kousei/2DRoboPrac_ws/ros2_ws/install/drive_msgs/include/drive_msgs
-- Up-to-date: /home/kousei/2DRoboPrac_ws/ros2_ws/install/drive_msgs/share/ament_index/resource_index/package_run_dependencies/drive_msgs
-- Up-to-date: /home/kousei/2DRoboPrac_ws/ros2_ws/install/drive_msgs/share/ament_index/resource_index/parent_prefix_path/drive_msgs
-- Up-to-date: /home/kousei/2DRoboPrac_ws/ros2_ws/install/drive_msgs/share/drive_msgs/environment/ament_prefix_path.sh
-- Installing: /home/kousei/2DRoboPrac_ws/ros2_ws/install/drive_msgs/share/drive_msgs/environment/ament_prefix_path.dsv
-- Up-to-date: /home/kousei/2DRoboPrac_ws/ros2_ws/install/drive_msgs/share/drive_msgs/environment/path.sh
-- Installing: /home/kousei/2DRoboPrac_ws/ros2_ws/install/drive_msgs/share/drive_msgs/environment/path.dsv
-- Up-to-date: /home/kousei/2DRoboPrac_ws/ros2_ws/install/drive_msgs/share/drive_msgs/local_setup.bash
-- Up-to-date: /home/kousei/2DRoboPrac_ws/ros2_ws/install/drive_msgs/share/drive_msgs/local_setup.sh
-- Up-to-date: /home/kousei/2DRoboPrac_ws/ros2_ws/install/drive_msgs/share/drive_msgs/local_setup.zsh
-- Installing: /home/kousei/2DRoboPrac_ws/ros2_ws/install/drive_msgs/share/drive_msgs/local_setup.dsv
-- Installing: /home/kousei/2DRoboPrac_ws/ros2_ws/install/drive_msgs/share/drive_msgs/package.dsv
-- Up-to-date: /home/kousei/2DRoboPrac_ws/ros2_ws/install/drive_msgs/share/ament_index/resource_index/packages/drive_msgs
-- Up-to-date: /home/kousei/2DRoboPrac_ws/ros2_ws/install/drive_msgs/share/drive_msgs/cmake/export_drive_msgs__rosidl_generator_cExport.cmake
-- Up-to-date: /home/kousei/2DRoboPrac_ws/ros2_ws/install/drive_msgs/share/drive_msgs/cmake/export_drive_msgs__rosidl_generator_cExport-noconfig.cmake
-- Up-to-date: /home/kousei/2DRoboPrac_ws/ros2_ws/install/drive_msgs/share/drive_msgs/cmake/export_drive_msgs__rosidl_typesupport_fastrtps_cExport.cmake
-- Up-to-date: /home/kousei/2DRoboPrac_ws/ros2_ws/install/drive_msgs/share/drive_msgs/cmake/export_drive_msgs__rosidl_typesupport_fastrtps_cExport-noconfig.cmake
-- Up-to-date: /home/kousei/2DRoboPrac_ws/ros2_ws/install/drive_msgs/share/drive_msgs/cmake/export_drive_msgs__rosidl_generator_cppExport.cmake
-- Up-to-date: /home/kousei/2DRoboPrac_ws/ros2_ws/install/drive_msgs/share/drive_msgs/cmake/export_drive_msgs__rosidl_typesupport_fastrtps_cppExport.cmake
-- Up-to-date: /home/kousei/2DRoboPrac_ws/ros2_ws/install/drive_msgs/share/drive_msgs/cmake/export_drive_msgs__rosidl_typesupport_fastrtps_cppExport-noconfig.cmake
-- Up-to-date: /home/kousei/2DRoboPrac_ws/ros2_ws/install/drive_msgs/share/drive_msgs/cmake/drive_msgs__rosidl_typesupport_introspection_cExport.cmake
-- Up-to-date: /home/kousei/2DRoboPrac_ws/ros2_ws/install/drive_msgs/share/drive_msgs/cmake/drive_msgs__rosidl_typesupport_introspection_cExport-noconfig.cmake
-- Up-to-date: /home/kousei/2DRoboPrac_ws/ros2_ws/install/drive_msgs/share/drive_msgs/cmake/drive_msgs__rosidl_typesupport_cExport.cmake
-- Up-to-date: /home/kousei/2DRoboPrac_ws/ros2_ws/install/drive_msgs/share/drive_msgs/cmake/drive_msgs__rosidl_typesupport_cExport-noconfig.cmake
-- Up-to-date: /home/kousei/2DRoboPrac_ws/ros2_ws/install/drive_msgs/share/drive_msgs/cmake/drive_msgs__rosidl_typesupport_introspection_cppExport.cmake
-- Up-to-date: /home/kousei/2DRoboPrac_ws/ros2_ws/install/drive_msgs/share/drive_msgs/cmake/drive_msgs__rosidl_typesupport_introspection_cppExport-noconfig.cmake
-- Up-to-date: /home/kousei/2DRoboPrac_ws/ros2_ws/install/drive_msgs/share/drive_msgs/cmake/drive_msgs__rosidl_typesupport_cppExport.cmake
-- Up-to-date: /home/kousei/2DRoboPrac_ws/ros2_ws/install/drive_msgs/share/drive_msgs/cmake/drive_msgs__rosidl_typesupport_cppExport-noconfig.cmake
-- Up-to-date: /home/kousei/2DRoboPrac_ws/ros2_ws/install/drive_msgs/share/drive_msgs/cmake/export_drive_msgs__rosidl_generator_pyExport.cmake
-- Up-to-date: /home/kousei/2DRoboPrac_ws/ros2_ws/install/drive_msgs/share/drive_msgs/cmake/export_drive_msgs__rosidl_generator_pyExport-noconfig.cmake
-- Up-to-date: /home/kousei/2DRoboPrac_ws/ros2_ws/install/drive_msgs/share/drive_msgs/cmake/rosidl_cmake-extras.cmake
-- Up-to-date: /home/kousei/2DRoboPrac_ws/ros2_ws/install/drive_msgs/share/drive_msgs/cmake/ament_cmake_export_dependencies-extras.cmake
-- Up-to-date: /home/kousei/2DRoboPrac_ws/ros2_ws/install/drive_msgs/share/drive_msgs/cmake/ament_cmake_export_include_directories-extras.cmake
-- Up-to-date: /home/kousei/2DRoboPrac_ws/ros2_ws/install/drive_msgs/share/drive_msgs/cmake/ament_cmake_export_libraries-extras.cmake
-- Up-to-date: /home/kousei/2DRoboPrac_ws/ros2_ws/install/drive_msgs/share/drive_msgs/cmake/ament_cmake_export_targets-extras.cmake
-- Up-to-date: /home/kousei/2DRoboPrac_ws/ros2_ws/install/drive_msgs/share/drive_msgs/cmake/rosidl_cmake_export_typesupport_targets-extras.cmake
-- Up-to-date: /home/kousei/2DRoboPrac_ws/ros2_ws/install/drive_msgs/share/drive_msgs/cmake/rosidl_cmake_export_typesupport_libraries-extras.cmake
-- Up-to-date: /home/kousei/2DRoboPrac_ws/ros2_ws/install/drive_msgs/share/drive_msgs/cmake/drive_msgsConfig.cmake
-- Up-to-date: /home/kousei/2DRoboPrac_ws/ros2_ws/install/drive_msgs/share/drive_msgs/cmake/drive_msgsConfig-version.cmake
-- Up-to-date: /home/kousei/2DRoboPrac_ws/ros2_ws/install/drive_msgs/share/drive_msgs/package.xml
