[0.079s] Invoking command in '/home/kousei/2DRoboPrac_ws/ros2_ws/build/drive_msgs': CMAKE_PREFIX_PATH=${CMAKE_PREFIX_PATH}:/opt/ros/humble /usr/bin/cmake --build /home/kousei/2DRoboPrac_ws/ros2_ws/build/drive_msgs -- -j16 -l16
[0.099s] -- Found ament_cmake_auto: 1.3.6 (/opt/ros/humble/share/ament_cmake_auto/cmake)
[0.286s] -- Found rosidl_generator_c: 3.1.5 (/opt/ros/humble/share/rosidl_generator_c/cmake)
[0.288s] -- Found rosidl_adapter: 3.1.5 (/opt/ros/humble/share/rosidl_adapter/cmake)
[0.292s] -- Found rosidl_generator_cpp: 3.1.5 (/opt/ros/humble/share/rosidl_generator_cpp/cmake)
[0.300s] -- Using all available rosidl_typesupport_c: rosidl_typesupport_fastrtps_c;rosidl_typesupport_introspection_c
[0.312s] -- Using all available rosidl_typesupport_cpp: rosidl_typesupport_fastrtps_cpp;rosidl_typesupport_introspection_cpp
[0.349s] -- Found rmw_implementation_cmake: 6.1.1 (/opt/ros/humble/share/rmw_implementation_cmake/cmake)
[0.350s] -- Found rmw_fastrtps_cpp: 6.2.5 (/opt/ros/humble/share/rmw_fastrtps_cpp/cmake)
[0.437s] -- Using RMW implementation 'rmw_fastrtps_cpp' as default
[0.660s] -- Found ament_lint_auto: 0.12.9 (/opt/ros/humble/share/ament_lint_auto/cmake)
[0.824s] -- Found ament_cmake_ros: 0.10.0 (/opt/ros/humble/share/ament_cmake_ros/cmake)
[1.105s] -- Using all available rosidl_typesupport_c: rosidl_typesupport_fastrtps_c;rosidl_typesupport_introspection_c
[1.208s] -- Using all available rosidl_typesupport_cpp: rosidl_typesupport_fastrtps_cpp;rosidl_typesupport_introspection_cpp
[1.222s] -- Found python_cmake_module: 0.10.0 (/opt/ros/humble/share/python_cmake_module/cmake)
[1.235s] -- Using PYTHON_EXECUTABLE: /usr/bin/python3
[1.235s] -- Using PYTHON_INCLUDE_DIRS: /usr/include/python3.10
[1.235s] -- Using PYTHON_LIBRARIES: /usr/lib/x86_64-linux-gnu/libpython3.10.so
[1.270s] -- Added test 'lint_cmake' to check CMake code style
[1.270s] -- Added test 'xmllint' to check XML markup files
[1.272s] -- Configuring done
[1.299s] -- Generating done
[1.301s] -- Build files have been written to: /home/kousei/2DRoboPrac_ws/ros2_ws/build/drive_msgs
[1.320s] [35m[1mConsolidate compiler generated dependencies of target drive_msgs__rosidl_generator_c[0m
[1.327s] [  3%] Built target drive_msgs__cpp
[1.328s] [ 12%] Built target drive_msgs__rosidl_generator_c
[1.333s] [ 12%] Built target ament_cmake_python_copy_drive_msgs
[1.334s] [35m[1mConsolidate compiler generated dependencies of target drive_msgs__rosidl_typesupport_cpp[0m
[1.334s] [35m[1mConsolidate compiler generated dependencies of target drive_msgs__rosidl_typesupport_fastrtps_cpp[0m
[1.335s] [35m[1mConsolidate compiler generated dependencies of target drive_msgs__rosidl_typesupport_fastrtps_c[0m
[1.338s] [35m[1mConsolidate compiler generated dependencies of target drive_msgs__rosidl_typesupport_c[0m
[1.338s] [35m[1mConsolidate compiler generated dependencies of target drive_msgs__rosidl_typesupport_introspection_cpp[0m
[1.339s] [35m[1mConsolidate compiler generated dependencies of target drive_msgs__rosidl_typesupport_introspection_c[0m
[1.344s] [ 22%] Built target drive_msgs__rosidl_typesupport_cpp
[1.345s] [ 32%] Built target drive_msgs__rosidl_typesupport_fastrtps_c
[1.346s] [ 41%] Built target drive_msgs__rosidl_typesupport_fastrtps_cpp
[1.348s] [ 51%] Built target drive_msgs__rosidl_typesupport_c
[1.350s] [ 61%] Built target drive_msgs__rosidl_typesupport_introspection_cpp
[1.350s] [ 70%] Built target drive_msgs__rosidl_typesupport_introspection_c
[1.364s] [ 70%] Built target drive_msgs
[1.378s] [ 74%] Built target drive_msgs__py
[1.385s] [35m[1mConsolidate compiler generated dependencies of target drive_msgs__rosidl_generator_py[0m
[1.395s] [ 80%] Built target drive_msgs__rosidl_generator_py
[1.403s] [35m[1mConsolidate compiler generated dependencies of target drive_msgs__rosidl_typesupport_introspection_c__pyext[0m
[1.403s] [35m[1mConsolidate compiler generated dependencies of target drive_msgs__rosidl_typesupport_fastrtps_c__pyext[0m
[1.406s] [35m[1mConsolidate compiler generated dependencies of target drive_msgs__rosidl_typesupport_c__pyext[0m
[1.414s] [ 93%] Built target drive_msgs__rosidl_typesupport_introspection_c__pyext
[1.414s] [ 93%] Built target drive_msgs__rosidl_typesupport_fastrtps_c__pyext
[1.420s] [100%] Built target drive_msgs__rosidl_typesupport_c__pyext
[1.476s] running egg_info
[1.476s] writing drive_msgs.egg-info/PKG-INFO
[1.477s] writing dependency_links to drive_msgs.egg-info/dependency_links.txt
[1.477s] writing top-level names to drive_msgs.egg-info/top_level.txt
[1.478s] reading manifest file 'drive_msgs.egg-info/SOURCES.txt'
[1.478s] writing manifest file 'drive_msgs.egg-info/SOURCES.txt'
[1.497s] [100%] Built target ament_cmake_python_build_drive_msgs_egg
[1.506s] Invoked command in '/home/kousei/2DRoboPrac_ws/ros2_ws/build/drive_msgs' returned '0': CMAKE_PREFIX_PATH=${CMAKE_PREFIX_PATH}:/opt/ros/humble /usr/bin/cmake --build /home/kousei/2DRoboPrac_ws/ros2_ws/build/drive_msgs -- -j16 -l16
[1.546s] Invoking command in '/home/kousei/2DRoboPrac_ws/ros2_ws/build/drive_msgs': CMAKE_PREFIX_PATH=${CMAKE_PREFIX_PATH}:/opt/ros/humble /usr/bin/cmake --install /home/kousei/2DRoboPrac_ws/ros2_ws/build/drive_msgs
[1.551s] -- Install configuration: ""
[1.552s] -- Up-to-date: /home/kousei/2DRoboPrac_ws/ros2_ws/install/drive_msgs/share/ament_index/resource_index/rosidl_interfaces/drive_msgs
[1.552s] -- Up-to-date: /home/kousei/2DRoboPrac_ws/ros2_ws/install/drive_msgs/include/drive_msgs/drive_msgs
[1.552s] -- Up-to-date: /home/kousei/2DRoboPrac_ws/ros2_ws/install/drive_msgs/include/drive_msgs/drive_msgs/msg
[1.552s] -- Up-to-date: /home/kousei/2DRoboPrac_ws/ros2_ws/install/drive_msgs/include/drive_msgs/drive_msgs/msg/diff_drive.h
[1.552s] -- Up-to-date: /home/kousei/2DRoboPrac_ws/ros2_ws/install/drive_msgs/include/drive_msgs/drive_msgs/msg/rosidl_generator_c__visibility_control.h
[1.552s] -- Up-to-date: /home/kousei/2DRoboPrac_ws/ros2_ws/install/drive_msgs/include/drive_msgs/drive_msgs/msg/detail
[1.552s] -- Up-to-date: /home/kousei/2DRoboPrac_ws/ros2_ws/install/drive_msgs/include/drive_msgs/drive_msgs/msg/detail/diff_drive__struct.h
[1.552s] -- Up-to-date: /home/kousei/2DRoboPrac_ws/ros2_ws/install/drive_msgs/include/drive_msgs/drive_msgs/msg/detail/diff_drive__type_support.h
[1.552s] -- Up-to-date: /home/kousei/2DRoboPrac_ws/ros2_ws/install/drive_msgs/include/drive_msgs/drive_msgs/msg/detail/diff_drive__functions.c
[1.552s] -- Up-to-date: /home/kousei/2DRoboPrac_ws/ros2_ws/install/drive_msgs/include/drive_msgs/drive_msgs/msg/detail/diff_drive__functions.h
[1.553s] -- Up-to-date: /home/kousei/2DRoboPrac_ws/ros2_ws/install/drive_msgs/share/drive_msgs/environment/library_path.sh
[1.553s] -- Installing: /home/kousei/2DRoboPrac_ws/ros2_ws/install/drive_msgs/share/drive_msgs/environment/library_path.dsv
[1.553s] -- Up-to-date: /home/kousei/2DRoboPrac_ws/ros2_ws/install/drive_msgs/lib/libdrive_msgs__rosidl_generator_c.so
[1.553s] -- Up-to-date: /home/kousei/2DRoboPrac_ws/ros2_ws/install/drive_msgs/include/drive_msgs/drive_msgs
[1.553s] -- Up-to-date: /home/kousei/2DRoboPrac_ws/ros2_ws/install/drive_msgs/include/drive_msgs/drive_msgs/msg
[1.553s] -- Up-to-date: /home/kousei/2DRoboPrac_ws/ros2_ws/install/drive_msgs/include/drive_msgs/drive_msgs/msg/detail
[1.553s] -- Up-to-date: /home/kousei/2DRoboPrac_ws/ros2_ws/install/drive_msgs/include/drive_msgs/drive_msgs/msg/detail/diff_drive__rosidl_typesupport_fastrtps_c.h
[1.553s] -- Up-to-date: /home/kousei/2DRoboPrac_ws/ros2_ws/install/drive_msgs/include/drive_msgs/drive_msgs/msg/rosidl_typesupport_fastrtps_c__visibility_control.h
[1.553s] -- Up-to-date: /home/kousei/2DRoboPrac_ws/ros2_ws/install/drive_msgs/lib/libdrive_msgs__rosidl_typesupport_fastrtps_c.so
[1.553s] -- Up-to-date: /home/kousei/2DRoboPrac_ws/ros2_ws/install/drive_msgs/include/drive_msgs/drive_msgs
[1.553s] -- Up-to-date: /home/kousei/2DRoboPrac_ws/ros2_ws/install/drive_msgs/include/drive_msgs/drive_msgs/msg
[1.554s] -- Up-to-date: /home/kousei/2DRoboPrac_ws/ros2_ws/install/drive_msgs/include/drive_msgs/drive_msgs/msg/diff_drive.hpp
[1.554s] -- Up-to-date: /home/kousei/2DRoboPrac_ws/ros2_ws/install/drive_msgs/include/drive_msgs/drive_msgs/msg/detail
[1.554s] -- Up-to-date: /home/kousei/2DRoboPrac_ws/ros2_ws/install/drive_msgs/include/drive_msgs/drive_msgs/msg/detail/diff_drive__builder.hpp
[1.554s] -- Up-to-date: /home/kousei/2DRoboPrac_ws/ros2_ws/install/drive_msgs/include/drive_msgs/drive_msgs/msg/detail/diff_drive__struct.hpp
[1.554s] -- Up-to-date: /home/kousei/2DRoboPrac_ws/ros2_ws/install/drive_msgs/include/drive_msgs/drive_msgs/msg/detail/diff_drive__traits.hpp
[1.554s] -- Up-to-date: /home/kousei/2DRoboPrac_ws/ros2_ws/install/drive_msgs/include/drive_msgs/drive_msgs
[1.554s] -- Up-to-date: /home/kousei/2DRoboPrac_ws/ros2_ws/install/drive_msgs/include/drive_msgs/drive_msgs/msg
[1.554s] -- Up-to-date: /home/kousei/2DRoboPrac_ws/ros2_ws/install/drive_msgs/include/drive_msgs/drive_msgs/msg/detail
[1.554s] -- Up-to-date: /home/kousei/2DRoboPrac_ws/ros2_ws/install/drive_msgs/include/drive_msgs/drive_msgs/msg/detail/diff_drive__rosidl_typesupport_fastrtps_cpp.hpp
[1.554s] -- Up-to-date: /home/kousei/2DRoboPrac_ws/ros2_ws/install/drive_msgs/include/drive_msgs/drive_msgs/msg/detail/dds_fastrtps
[1.554s] -- Up-to-date: /home/kousei/2DRoboPrac_ws/ros2_ws/install/drive_msgs/include/drive_msgs/drive_msgs/msg/rosidl_typesupport_fastrtps_cpp__visibility_control.h
[1.554s] -- Up-to-date: /home/kousei/2DRoboPrac_ws/ros2_ws/install/drive_msgs/lib/libdrive_msgs__rosidl_typesupport_fastrtps_cpp.so
[1.555s] -- Up-to-date: /home/kousei/2DRoboPrac_ws/ros2_ws/install/drive_msgs/include/drive_msgs/drive_msgs
[1.555s] -- Up-to-date: /home/kousei/2DRoboPrac_ws/ros2_ws/install/drive_msgs/include/drive_msgs/drive_msgs/msg
[1.555s] -- Up-to-date: /home/kousei/2DRoboPrac_ws/ros2_ws/install/drive_msgs/include/drive_msgs/drive_msgs/msg/detail
[1.555s] -- Up-to-date: /home/kousei/2DRoboPrac_ws/ros2_ws/install/drive_msgs/include/drive_msgs/drive_msgs/msg/detail/diff_drive__type_support.c
[1.555s] -- Up-to-date: /home/kousei/2DRoboPrac_ws/ros2_ws/install/drive_msgs/include/drive_msgs/drive_msgs/msg/detail/diff_drive__rosidl_typesupport_introspection_c.h
[1.555s] -- Up-to-date: /home/kousei/2DRoboPrac_ws/ros2_ws/install/drive_msgs/include/drive_msgs/drive_msgs/msg/rosidl_typesupport_introspection_c__visibility_control.h
[1.555s] -- Up-to-date: /home/kousei/2DRoboPrac_ws/ros2_ws/install/drive_msgs/lib/libdrive_msgs__rosidl_typesupport_introspection_c.so
[1.555s] -- Up-to-date: /home/kousei/2DRoboPrac_ws/ros2_ws/install/drive_msgs/lib/libdrive_msgs__rosidl_typesupport_c.so
[1.555s] -- Up-to-date: /home/kousei/2DRoboPrac_ws/ros2_ws/install/drive_msgs/include/drive_msgs/drive_msgs
[1.555s] -- Up-to-date: /home/kousei/2DRoboPrac_ws/ros2_ws/install/drive_msgs/include/drive_msgs/drive_msgs/msg
[1.555s] -- Up-to-date: /home/kousei/2DRoboPrac_ws/ros2_ws/install/drive_msgs/include/drive_msgs/drive_msgs/msg/detail
[1.555s] -- Up-to-date: /home/kousei/2DRoboPrac_ws/ros2_ws/install/drive_msgs/include/drive_msgs/drive_msgs/msg/detail/diff_drive__type_support.cpp
[1.555s] -- Up-to-date: /home/kousei/2DRoboPrac_ws/ros2_ws/install/drive_msgs/include/drive_msgs/drive_msgs/msg/detail/diff_drive__rosidl_typesupport_introspection_cpp.hpp
[1.555s] -- Up-to-date: /home/kousei/2DRoboPrac_ws/ros2_ws/install/drive_msgs/lib/libdrive_msgs__rosidl_typesupport_introspection_cpp.so
[1.556s] -- Up-to-date: /home/kousei/2DRoboPrac_ws/ros2_ws/install/drive_msgs/lib/libdrive_msgs__rosidl_typesupport_cpp.so
[1.556s] -- Up-to-date: /home/kousei/2DRoboPrac_ws/ros2_ws/install/drive_msgs/share/drive_msgs/environment/pythonpath.sh
[1.556s] -- Installing: /home/kousei/2DRoboPrac_ws/ros2_ws/install/drive_msgs/share/drive_msgs/environment/pythonpath.dsv
[1.556s] -- Up-to-date: /home/kousei/2DRoboPrac_ws/ros2_ws/install/drive_msgs/local/lib/python3.10/dist-packages/drive_msgs-0.0.0-py3.10.egg-info
[1.556s] -- Installing: /home/kousei/2DRoboPrac_ws/ros2_ws/install/drive_msgs/local/lib/python3.10/dist-packages/drive_msgs-0.0.0-py3.10.egg-info/dependency_links.txt
[1.556s] -- Installing: /home/kousei/2DRoboPrac_ws/ros2_ws/install/drive_msgs/local/lib/python3.10/dist-packages/drive_msgs-0.0.0-py3.10.egg-info/SOURCES.txt
[1.556s] -- Installing: /home/kousei/2DRoboPrac_ws/ros2_ws/install/drive_msgs/local/lib/python3.10/dist-packages/drive_msgs-0.0.0-py3.10.egg-info/top_level.txt
[1.556s] -- Installing: /home/kousei/2DRoboPrac_ws/ros2_ws/install/drive_msgs/local/lib/python3.10/dist-packages/drive_msgs-0.0.0-py3.10.egg-info/PKG-INFO
[1.556s] -- Up-to-date: /home/kousei/2DRoboPrac_ws/ros2_ws/install/drive_msgs/local/lib/python3.10/dist-packages/drive_msgs
[1.556s] -- Installing: /home/kousei/2DRoboPrac_ws/ros2_ws/install/drive_msgs/local/lib/python3.10/dist-packages/drive_msgs/__init__.py
[1.556s] -- Up-to-date: /home/kousei/2DRoboPrac_ws/ros2_ws/install/drive_msgs/local/lib/python3.10/dist-packages/drive_msgs/_drive_msgs_s.ep.rosidl_typesupport_fastrtps_c.c
[1.556s] -- Up-to-date: /home/kousei/2DRoboPrac_ws/ros2_ws/install/drive_msgs/local/lib/python3.10/dist-packages/drive_msgs/drive_msgs_s__rosidl_typesupport_c.cpython-310-x86_64-linux-gnu.so
[1.556s] -- Up-to-date: /home/kousei/2DRoboPrac_ws/ros2_ws/install/drive_msgs/local/lib/python3.10/dist-packages/drive_msgs/_drive_msgs_s.ep.rosidl_typesupport_introspection_c.c
[1.556s] -- Up-to-date: /home/kousei/2DRoboPrac_ws/ros2_ws/install/drive_msgs/local/lib/python3.10/dist-packages/drive_msgs/drive_msgs_s__rosidl_typesupport_fastrtps_c.cpython-310-x86_64-linux-gnu.so
[1.557s] -- Up-to-date: /home/kousei/2DRoboPrac_ws/ros2_ws/install/drive_msgs/local/lib/python3.10/dist-packages/drive_msgs/_drive_msgs_s.ep.rosidl_typesupport_c.c
[1.557s] -- Up-to-date: /home/kousei/2DRoboPrac_ws/ros2_ws/install/drive_msgs/local/lib/python3.10/dist-packages/drive_msgs/msg
[1.557s] -- Up-to-date: /home/kousei/2DRoboPrac_ws/ros2_ws/install/drive_msgs/local/lib/python3.10/dist-packages/drive_msgs/msg/__init__.py
[1.557s] -- Up-to-date: /home/kousei/2DRoboPrac_ws/ros2_ws/install/drive_msgs/local/lib/python3.10/dist-packages/drive_msgs/msg/_diff_drive_s.c
[1.557s] -- Up-to-date: /home/kousei/2DRoboPrac_ws/ros2_ws/install/drive_msgs/local/lib/python3.10/dist-packages/drive_msgs/msg/_diff_drive.py
[1.557s] -- Up-to-date: /home/kousei/2DRoboPrac_ws/ros2_ws/install/drive_msgs/local/lib/python3.10/dist-packages/drive_msgs/libdrive_msgs__rosidl_generator_py.so
[1.557s] -- Up-to-date: /home/kousei/2DRoboPrac_ws/ros2_ws/install/drive_msgs/local/lib/python3.10/dist-packages/drive_msgs/drive_msgs_s__rosidl_typesupport_introspection_c.cpython-310-x86_64-linux-gnu.so
[1.574s] Listing '/home/kousei/2DRoboPrac_ws/ros2_ws/install/drive_msgs/local/lib/python3.10/dist-packages/drive_msgs'...
[1.574s] Compiling '/home/kousei/2DRoboPrac_ws/ros2_ws/install/drive_msgs/local/lib/python3.10/dist-packages/drive_msgs/__init__.py'...
[1.574s] Listing '/home/kousei/2DRoboPrac_ws/ros2_ws/install/drive_msgs/local/lib/python3.10/dist-packages/drive_msgs/msg'...
[1.576s] -- Up-to-date: /home/kousei/2DRoboPrac_ws/ros2_ws/install/drive_msgs/local/lib/python3.10/dist-packages/drive_msgs/drive_msgs_s__rosidl_typesupport_fastrtps_c.cpython-310-x86_64-linux-gnu.so
[1.576s] -- Up-to-date: /home/kousei/2DRoboPrac_ws/ros2_ws/install/drive_msgs/local/lib/python3.10/dist-packages/drive_msgs/drive_msgs_s__rosidl_typesupport_introspection_c.cpython-310-x86_64-linux-gnu.so
[1.577s] -- Up-to-date: /home/kousei/2DRoboPrac_ws/ros2_ws/install/drive_msgs/local/lib/python3.10/dist-packages/drive_msgs/drive_msgs_s__rosidl_typesupport_c.cpython-310-x86_64-linux-gnu.so
[1.577s] -- Up-to-date: /home/kousei/2DRoboPrac_ws/ros2_ws/install/drive_msgs/lib/libdrive_msgs__rosidl_generator_py.so
[1.577s] -- Up-to-date: /home/kousei/2DRoboPrac_ws/ros2_ws/install/drive_msgs/share/drive_msgs/msg/DiffDrive.idl
[1.577s] -- Up-to-date: /home/kousei/2DRoboPrac_ws/ros2_ws/install/drive_msgs/share/drive_msgs/msg/DiffDrive.msg
[1.577s] -- Up-to-date: /home/kousei/2DRoboPrac_ws/ros2_ws/install/drive_msgs/include
[1.577s] -- Up-to-date: /home/kousei/2DRoboPrac_ws/ros2_ws/install/drive_msgs/include/drive_msgs
[1.577s] -- Up-to-date: /home/kousei/2DRoboPrac_ws/ros2_ws/install/drive_msgs/share/ament_index/resource_index/package_run_dependencies/drive_msgs
[1.578s] -- Up-to-date: /home/kousei/2DRoboPrac_ws/ros2_ws/install/drive_msgs/share/ament_index/resource_index/parent_prefix_path/drive_msgs
[1.578s] -- Up-to-date: /home/kousei/2DRoboPrac_ws/ros2_ws/install/drive_msgs/share/drive_msgs/environment/ament_prefix_path.sh
[1.578s] -- Installing: /home/kousei/2DRoboPrac_ws/ros2_ws/install/drive_msgs/share/drive_msgs/environment/ament_prefix_path.dsv
[1.578s] -- Up-to-date: /home/kousei/2DRoboPrac_ws/ros2_ws/install/drive_msgs/share/drive_msgs/environment/path.sh
[1.578s] -- Installing: /home/kousei/2DRoboPrac_ws/ros2_ws/install/drive_msgs/share/drive_msgs/environment/path.dsv
[1.578s] -- Up-to-date: /home/kousei/2DRoboPrac_ws/ros2_ws/install/drive_msgs/share/drive_msgs/local_setup.bash
[1.578s] -- Up-to-date: /home/kousei/2DRoboPrac_ws/ros2_ws/install/drive_msgs/share/drive_msgs/local_setup.sh
[1.578s] -- Up-to-date: /home/kousei/2DRoboPrac_ws/ros2_ws/install/drive_msgs/share/drive_msgs/local_setup.zsh
[1.578s] -- Installing: /home/kousei/2DRoboPrac_ws/ros2_ws/install/drive_msgs/share/drive_msgs/local_setup.dsv
[1.578s] -- Installing: /home/kousei/2DRoboPrac_ws/ros2_ws/install/drive_msgs/share/drive_msgs/package.dsv
[1.579s] -- Up-to-date: /home/kousei/2DRoboPrac_ws/ros2_ws/install/drive_msgs/share/ament_index/resource_index/packages/drive_msgs
[1.579s] -- Up-to-date: /home/kousei/2DRoboPrac_ws/ros2_ws/install/drive_msgs/share/drive_msgs/cmake/export_drive_msgs__rosidl_generator_cExport.cmake
[1.579s] -- Up-to-date: /home/kousei/2DRoboPrac_ws/ros2_ws/install/drive_msgs/share/drive_msgs/cmake/export_drive_msgs__rosidl_generator_cExport-noconfig.cmake
[1.579s] -- Up-to-date: /home/kousei/2DRoboPrac_ws/ros2_ws/install/drive_msgs/share/drive_msgs/cmake/export_drive_msgs__rosidl_typesupport_fastrtps_cExport.cmake
[1.579s] -- Up-to-date: /home/kousei/2DRoboPrac_ws/ros2_ws/install/drive_msgs/share/drive_msgs/cmake/export_drive_msgs__rosidl_typesupport_fastrtps_cExport-noconfig.cmake
[1.579s] -- Up-to-date: /home/kousei/2DRoboPrac_ws/ros2_ws/install/drive_msgs/share/drive_msgs/cmake/export_drive_msgs__rosidl_generator_cppExport.cmake
[1.579s] -- Up-to-date: /home/kousei/2DRoboPrac_ws/ros2_ws/install/drive_msgs/share/drive_msgs/cmake/export_drive_msgs__rosidl_typesupport_fastrtps_cppExport.cmake
[1.579s] -- Up-to-date: /home/kousei/2DRoboPrac_ws/ros2_ws/install/drive_msgs/share/drive_msgs/cmake/export_drive_msgs__rosidl_typesupport_fastrtps_cppExport-noconfig.cmake
[1.579s] -- Up-to-date: /home/kousei/2DRoboPrac_ws/ros2_ws/install/drive_msgs/share/drive_msgs/cmake/drive_msgs__rosidl_typesupport_introspection_cExport.cmake
[1.579s] -- Up-to-date: /home/kousei/2DRoboPrac_ws/ros2_ws/install/drive_msgs/share/drive_msgs/cmake/drive_msgs__rosidl_typesupport_introspection_cExport-noconfig.cmake
[1.579s] -- Up-to-date: /home/kousei/2DRoboPrac_ws/ros2_ws/install/drive_msgs/share/drive_msgs/cmake/drive_msgs__rosidl_typesupport_cExport.cmake
[1.580s] -- Up-to-date: /home/kousei/2DRoboPrac_ws/ros2_ws/install/drive_msgs/share/drive_msgs/cmake/drive_msgs__rosidl_typesupport_cExport-noconfig.cmake
[1.580s] -- Up-to-date: /home/kousei/2DRoboPrac_ws/ros2_ws/install/drive_msgs/share/drive_msgs/cmake/drive_msgs__rosidl_typesupport_introspection_cppExport.cmake
[1.580s] -- Up-to-date: /home/kousei/2DRoboPrac_ws/ros2_ws/install/drive_msgs/share/drive_msgs/cmake/drive_msgs__rosidl_typesupport_introspection_cppExport-noconfig.cmake
[1.580s] -- Up-to-date: /home/kousei/2DRoboPrac_ws/ros2_ws/install/drive_msgs/share/drive_msgs/cmake/drive_msgs__rosidl_typesupport_cppExport.cmake
[1.580s] -- Up-to-date: /home/kousei/2DRoboPrac_ws/ros2_ws/install/drive_msgs/share/drive_msgs/cmake/drive_msgs__rosidl_typesupport_cppExport-noconfig.cmake
[1.580s] -- Up-to-date: /home/kousei/2DRoboPrac_ws/ros2_ws/install/drive_msgs/share/drive_msgs/cmake/export_drive_msgs__rosidl_generator_pyExport.cmake
[1.581s] -- Up-to-date: /home/kousei/2DRoboPrac_ws/ros2_ws/install/drive_msgs/share/drive_msgs/cmake/export_drive_msgs__rosidl_generator_pyExport-noconfig.cmake
[1.581s] -- Up-to-date: /home/kousei/2DRoboPrac_ws/ros2_ws/install/drive_msgs/share/drive_msgs/cmake/rosidl_cmake-extras.cmake
[1.581s] -- Up-to-date: /home/kousei/2DRoboPrac_ws/ros2_ws/install/drive_msgs/share/drive_msgs/cmake/ament_cmake_export_dependencies-extras.cmake
[1.581s] -- Up-to-date: /home/kousei/2DRoboPrac_ws/ros2_ws/install/drive_msgs/share/drive_msgs/cmake/ament_cmake_export_include_directories-extras.cmake
[1.581s] -- Up-to-date: /home/kousei/2DRoboPrac_ws/ros2_ws/install/drive_msgs/share/drive_msgs/cmake/ament_cmake_export_libraries-extras.cmake
[1.581s] -- Up-to-date: /home/kousei/2DRoboPrac_ws/ros2_ws/install/drive_msgs/share/drive_msgs/cmake/ament_cmake_export_targets-extras.cmake
[1.581s] -- Up-to-date: /home/kousei/2DRoboPrac_ws/ros2_ws/install/drive_msgs/share/drive_msgs/cmake/rosidl_cmake_export_typesupport_targets-extras.cmake
[1.581s] -- Up-to-date: /home/kousei/2DRoboPrac_ws/ros2_ws/install/drive_msgs/share/drive_msgs/cmake/rosidl_cmake_export_typesupport_libraries-extras.cmake
[1.581s] -- Up-to-date: /home/kousei/2DRoboPrac_ws/ros2_ws/install/drive_msgs/share/drive_msgs/cmake/drive_msgsConfig.cmake
[1.581s] -- Up-to-date: /home/kousei/2DRoboPrac_ws/ros2_ws/install/drive_msgs/share/drive_msgs/cmake/drive_msgsConfig-version.cmake
[1.581s] -- Up-to-date: /home/kousei/2DRoboPrac_ws/ros2_ws/install/drive_msgs/share/drive_msgs/package.xml
[1.582s] Invoked command in '/home/kousei/2DRoboPrac_ws/ros2_ws/build/drive_msgs' returned '0': CMAKE_PREFIX_PATH=${CMAKE_PREFIX_PATH}:/opt/ros/humble /usr/bin/cmake --install /home/kousei/2DRoboPrac_ws/ros2_ws/build/drive_msgs
