[0.514s] DEBUG:colcon:Command line arguments: ['/usr/bin/colcon', 'build']
[0.514s] DEBUG:colcon:Parsed command line arguments: Namespace(log_base=None, log_level=None, verb_name='build', build_base='build', install_base='install', merge_install=False, symlink_install=False, test_result_base=None, continue_on_error=False, executor='parallel', parallel_workers=16, event_handlers=None, ignore_user_meta=False, metas=['./colcon.meta'], base_paths=['.'], packages_ignore=None, packages_ignore_regex=None, paths=None, packages_up_to=None, packages_up_to_regex=None, packages_above=None, packages_above_and_dependencies=None, packages_above_depth=None, packages_select_by_dep=None, packages_skip_by_dep=None, packages_skip_up_to=None, packages_select_build_failed=False, packages_skip_build_finished=False, packages_select_test_failures=False, packages_skip_test_passed=False, packages_select=None, packages_skip=None, packages_select_regex=None, packages_skip_regex=None, packages_start=None, packages_end=None, allow_overriding=[], cmake_args=None, cmake_target=None, cmake_target_skip_unavailable=False, cmake_clean_cache=False, cmake_clean_first=False, cmake_force_configure=False, ament_cmake_args=None, catkin_cmake_args=None, catkin_skip_building_tests=False, verb_parser=<colcon_defaults.argument_parser.defaults.DefaultArgumentsDecorator object at 0x7f177202bb80>, verb_extension=<colcon_core.verb.build.BuildVerb object at 0x7f17724cf850>, main=<bound method BuildVerb.main of <colcon_core.verb.build.BuildVerb object at 0x7f17724cf850>>)
[0.540s] Level 1:colcon.colcon_core.package_discovery:discover_packages(colcon_meta) check parameters
[0.540s] Level 1:colcon.colcon_core.package_discovery:discover_packages(recursive) check parameters
[0.540s] Level 1:colcon.colcon_core.package_discovery:discover_packages(ignore) check parameters
[0.540s] Level 1:colcon.colcon_core.package_discovery:discover_packages(path) check parameters
[0.540s] Level 1:colcon.colcon_core.package_discovery:discover_packages(colcon_meta) discover
[0.541s] Level 1:colcon.colcon_core.package_discovery:discover_packages(recursive) discover
[0.541s] INFO:colcon.colcon_core.package_discovery:Crawling recursively for packages in '/home/kousei/2DRoboPrac_ws'
[0.541s] Level 1:colcon.colcon_core.package_identification:_identify(.) by extensions ['ignore', 'ignore_ament_install']
[0.541s] Level 1:colcon.colcon_core.package_identification:_identify(.) by extension 'ignore'
[0.541s] Level 1:colcon.colcon_core.package_identification:_identify(.) by extension 'ignore_ament_install'
[0.541s] Level 1:colcon.colcon_core.package_identification:_identify(.) by extensions ['colcon_pkg']
[0.541s] Level 1:colcon.colcon_core.package_identification:_identify(.) by extension 'colcon_pkg'
[0.541s] Level 1:colcon.colcon_core.package_identification:_identify(.) by extensions ['colcon_meta']
[0.541s] Level 1:colcon.colcon_core.package_identification:_identify(.) by extension 'colcon_meta'
[0.541s] Level 1:colcon.colcon_core.package_identification:_identify(.) by extensions ['ros']
[0.541s] Level 1:colcon.colcon_core.package_identification:_identify(.) by extension 'ros'
[0.549s] Level 1:colcon.colcon_core.package_identification:_identify(.) by extensions ['cmake', 'python']
[0.549s] Level 1:colcon.colcon_core.package_identification:_identify(.) by extension 'cmake'
[0.549s] Level 1:colcon.colcon_core.package_identification:_identify(.) by extension 'python'
[0.549s] Level 1:colcon.colcon_core.package_identification:_identify(.) by extensions ['python_setup_py']
[0.549s] Level 1:colcon.colcon_core.package_identification:_identify(.) by extension 'python_setup_py'
[0.549s] Level 1:colcon.colcon_core.package_identification:_identify(CAD) by extensions ['ignore', 'ignore_ament_install']
[0.549s] Level 1:colcon.colcon_core.package_identification:_identify(CAD) by extension 'ignore'
[0.549s] Level 1:colcon.colcon_core.package_identification:_identify(CAD) by extension 'ignore_ament_install'
[0.549s] Level 1:colcon.colcon_core.package_identification:_identify(CAD) by extensions ['colcon_pkg']
[0.549s] Level 1:colcon.colcon_core.package_identification:_identify(CAD) by extension 'colcon_pkg'
[0.549s] Level 1:colcon.colcon_core.package_identification:_identify(CAD) by extensions ['colcon_meta']
[0.549s] Level 1:colcon.colcon_core.package_identification:_identify(CAD) by extension 'colcon_meta'
[0.549s] Level 1:colcon.colcon_core.package_identification:_identify(CAD) by extensions ['ros']
[0.549s] Level 1:colcon.colcon_core.package_identification:_identify(CAD) by extension 'ros'
[0.549s] Level 1:colcon.colcon_core.package_identification:_identify(CAD) by extensions ['cmake', 'python']
[0.549s] Level 1:colcon.colcon_core.package_identification:_identify(CAD) by extension 'cmake'
[0.549s] Level 1:colcon.colcon_core.package_identification:_identify(CAD) by extension 'python'
[0.549s] Level 1:colcon.colcon_core.package_identification:_identify(CAD) by extensions ['python_setup_py']
[0.549s] Level 1:colcon.colcon_core.package_identification:_identify(CAD) by extension 'python_setup_py'
[0.549s] Level 1:colcon.colcon_core.package_identification:_identify(CAD/Content Center Files) by extensions ['ignore', 'ignore_ament_install']
[0.550s] Level 1:colcon.colcon_core.package_identification:_identify(CAD/Content Center Files) by extension 'ignore'
[0.550s] Level 1:colcon.colcon_core.package_identification:_identify(CAD/Content Center Files) by extension 'ignore_ament_install'
[0.550s] Level 1:colcon.colcon_core.package_identification:_identify(CAD/Content Center Files) by extensions ['colcon_pkg']
[0.550s] Level 1:colcon.colcon_core.package_identification:_identify(CAD/Content Center Files) by extension 'colcon_pkg'
[0.550s] Level 1:colcon.colcon_core.package_identification:_identify(CAD/Content Center Files) by extensions ['colcon_meta']
[0.550s] Level 1:colcon.colcon_core.package_identification:_identify(CAD/Content Center Files) by extension 'colcon_meta'
[0.550s] Level 1:colcon.colcon_core.package_identification:_identify(CAD/Content Center Files) by extensions ['ros']
[0.550s] Level 1:colcon.colcon_core.package_identification:_identify(CAD/Content Center Files) by extension 'ros'
[0.550s] Level 1:colcon.colcon_core.package_identification:_identify(CAD/Content Center Files) by extensions ['cmake', 'python']
[0.550s] Level 1:colcon.colcon_core.package_identification:_identify(CAD/Content Center Files) by extension 'cmake'
[0.550s] Level 1:colcon.colcon_core.package_identification:_identify(CAD/Content Center Files) by extension 'python'
[0.550s] Level 1:colcon.colcon_core.package_identification:_identify(CAD/Content Center Files) by extensions ['python_setup_py']
[0.550s] Level 1:colcon.colcon_core.package_identification:_identify(CAD/Content Center Files) by extension 'python_setup_py'
[0.550s] Level 1:colcon.colcon_core.package_identification:_identify(CAD/Content Center Files/R2024) by extensions ['ignore', 'ignore_ament_install']
[0.550s] Level 1:colcon.colcon_core.package_identification:_identify(CAD/Content Center Files/R2024) by extension 'ignore'
[0.550s] Level 1:colcon.colcon_core.package_identification:_identify(CAD/Content Center Files/R2024) by extension 'ignore_ament_install'
[0.550s] Level 1:colcon.colcon_core.package_identification:_identify(CAD/Content Center Files/R2024) by extensions ['colcon_pkg']
[0.550s] Level 1:colcon.colcon_core.package_identification:_identify(CAD/Content Center Files/R2024) by extension 'colcon_pkg'
[0.550s] Level 1:colcon.colcon_core.package_identification:_identify(CAD/Content Center Files/R2024) by extensions ['colcon_meta']
[0.550s] Level 1:colcon.colcon_core.package_identification:_identify(CAD/Content Center Files/R2024) by extension 'colcon_meta'
[0.550s] Level 1:colcon.colcon_core.package_identification:_identify(CAD/Content Center Files/R2024) by extensions ['ros']
[0.550s] Level 1:colcon.colcon_core.package_identification:_identify(CAD/Content Center Files/R2024) by extension 'ros'
[0.550s] Level 1:colcon.colcon_core.package_identification:_identify(CAD/Content Center Files/R2024) by extensions ['cmake', 'python']
[0.550s] Level 1:colcon.colcon_core.package_identification:_identify(CAD/Content Center Files/R2024) by extension 'cmake'
[0.550s] Level 1:colcon.colcon_core.package_identification:_identify(CAD/Content Center Files/R2024) by extension 'python'
[0.550s] Level 1:colcon.colcon_core.package_identification:_identify(CAD/Content Center Files/R2024) by extensions ['python_setup_py']
[0.550s] Level 1:colcon.colcon_core.package_identification:_identify(CAD/Content Center Files/R2024) by extension 'python_setup_py'
[0.550s] Level 1:colcon.colcon_core.package_identification:_identify(CAD/Content Center Files/R2024/ja-JP) by extensions ['ignore', 'ignore_ament_install']
[0.550s] Level 1:colcon.colcon_core.package_identification:_identify(CAD/Content Center Files/R2024/ja-JP) by extension 'ignore'
[0.550s] Level 1:colcon.colcon_core.package_identification:_identify(CAD/Content Center Files/R2024/ja-JP) by extension 'ignore_ament_install'
[0.550s] Level 1:colcon.colcon_core.package_identification:_identify(CAD/Content Center Files/R2024/ja-JP) by extensions ['colcon_pkg']
[0.550s] Level 1:colcon.colcon_core.package_identification:_identify(CAD/Content Center Files/R2024/ja-JP) by extension 'colcon_pkg'
[0.550s] Level 1:colcon.colcon_core.package_identification:_identify(CAD/Content Center Files/R2024/ja-JP) by extensions ['colcon_meta']
[0.550s] Level 1:colcon.colcon_core.package_identification:_identify(CAD/Content Center Files/R2024/ja-JP) by extension 'colcon_meta'
[0.550s] Level 1:colcon.colcon_core.package_identification:_identify(CAD/Content Center Files/R2024/ja-JP) by extensions ['ros']
[0.550s] Level 1:colcon.colcon_core.package_identification:_identify(CAD/Content Center Files/R2024/ja-JP) by extension 'ros'
[0.550s] Level 1:colcon.colcon_core.package_identification:_identify(CAD/Content Center Files/R2024/ja-JP) by extensions ['cmake', 'python']
[0.550s] Level 1:colcon.colcon_core.package_identification:_identify(CAD/Content Center Files/R2024/ja-JP) by extension 'cmake'
[0.550s] Level 1:colcon.colcon_core.package_identification:_identify(CAD/Content Center Files/R2024/ja-JP) by extension 'python'
[0.551s] Level 1:colcon.colcon_core.package_identification:_identify(CAD/Content Center Files/R2024/ja-JP) by extensions ['python_setup_py']
[0.551s] Level 1:colcon.colcon_core.package_identification:_identify(CAD/Content Center Files/R2024/ja-JP) by extension 'python_setup_py'
[0.551s] Level 1:colcon.colcon_core.package_identification:_identify(CAD/Content Center Files/R2024/ja-JP/HexNut_Type1) by extensions ['ignore', 'ignore_ament_install']
[0.551s] Level 1:colcon.colcon_core.package_identification:_identify(CAD/Content Center Files/R2024/ja-JP/HexNut_Type1) by extension 'ignore'
[0.551s] Level 1:colcon.colcon_core.package_identification:_identify(CAD/Content Center Files/R2024/ja-JP/HexNut_Type1) by extension 'ignore_ament_install'
[0.551s] Level 1:colcon.colcon_core.package_identification:_identify(CAD/Content Center Files/R2024/ja-JP/HexNut_Type1) by extensions ['colcon_pkg']
[0.551s] Level 1:colcon.colcon_core.package_identification:_identify(CAD/Content Center Files/R2024/ja-JP/HexNut_Type1) by extension 'colcon_pkg'
[0.551s] Level 1:colcon.colcon_core.package_identification:_identify(CAD/Content Center Files/R2024/ja-JP/HexNut_Type1) by extensions ['colcon_meta']
[0.551s] Level 1:colcon.colcon_core.package_identification:_identify(CAD/Content Center Files/R2024/ja-JP/HexNut_Type1) by extension 'colcon_meta'
[0.551s] Level 1:colcon.colcon_core.package_identification:_identify(CAD/Content Center Files/R2024/ja-JP/HexNut_Type1) by extensions ['ros']
[0.551s] Level 1:colcon.colcon_core.package_identification:_identify(CAD/Content Center Files/R2024/ja-JP/HexNut_Type1) by extension 'ros'
[0.551s] Level 1:colcon.colcon_core.package_identification:_identify(CAD/Content Center Files/R2024/ja-JP/HexNut_Type1) by extensions ['cmake', 'python']
[0.551s] Level 1:colcon.colcon_core.package_identification:_identify(CAD/Content Center Files/R2024/ja-JP/HexNut_Type1) by extension 'cmake'
[0.551s] Level 1:colcon.colcon_core.package_identification:_identify(CAD/Content Center Files/R2024/ja-JP/HexNut_Type1) by extension 'python'
[0.551s] Level 1:colcon.colcon_core.package_identification:_identify(CAD/Content Center Files/R2024/ja-JP/HexNut_Type1) by extensions ['python_setup_py']
[0.551s] Level 1:colcon.colcon_core.package_identification:_identify(CAD/Content Center Files/R2024/ja-JP/HexNut_Type1) by extension 'python_setup_py'
[0.551s] Level 1:colcon.colcon_core.package_identification:_identify(CAD/Content Center Files/R2024/ja-JP/HexSocketCapScrew) by extensions ['ignore', 'ignore_ament_install']
[0.551s] Level 1:colcon.colcon_core.package_identification:_identify(CAD/Content Center Files/R2024/ja-JP/HexSocketCapScrew) by extension 'ignore'
[0.551s] Level 1:colcon.colcon_core.package_identification:_identify(CAD/Content Center Files/R2024/ja-JP/HexSocketCapScrew) by extension 'ignore_ament_install'
[0.551s] Level 1:colcon.colcon_core.package_identification:_identify(CAD/Content Center Files/R2024/ja-JP/HexSocketCapScrew) by extensions ['colcon_pkg']
[0.551s] Level 1:colcon.colcon_core.package_identification:_identify(CAD/Content Center Files/R2024/ja-JP/HexSocketCapScrew) by extension 'colcon_pkg'
[0.551s] Level 1:colcon.colcon_core.package_identification:_identify(CAD/Content Center Files/R2024/ja-JP/HexSocketCapScrew) by extensions ['colcon_meta']
[0.551s] Level 1:colcon.colcon_core.package_identification:_identify(CAD/Content Center Files/R2024/ja-JP/HexSocketCapScrew) by extension 'colcon_meta'
[0.551s] Level 1:colcon.colcon_core.package_identification:_identify(CAD/Content Center Files/R2024/ja-JP/HexSocketCapScrew) by extensions ['ros']
[0.551s] Level 1:colcon.colcon_core.package_identification:_identify(CAD/Content Center Files/R2024/ja-JP/HexSocketCapScrew) by extension 'ros'
[0.551s] Level 1:colcon.colcon_core.package_identification:_identify(CAD/Content Center Files/R2024/ja-JP/HexSocketCapScrew) by extensions ['cmake', 'python']
[0.551s] Level 1:colcon.colcon_core.package_identification:_identify(CAD/Content Center Files/R2024/ja-JP/HexSocketCapScrew) by extension 'cmake'
[0.551s] Level 1:colcon.colcon_core.package_identification:_identify(CAD/Content Center Files/R2024/ja-JP/HexSocketCapScrew) by extension 'python'
[0.551s] Level 1:colcon.colcon_core.package_identification:_identify(CAD/Content Center Files/R2024/ja-JP/HexSocketCapScrew) by extensions ['python_setup_py']
[0.551s] Level 1:colcon.colcon_core.package_identification:_identify(CAD/Content Center Files/R2024/ja-JP/HexSocketCapScrew) by extension 'python_setup_py'
[0.551s] Level 1:colcon.colcon_core.package_identification:_identify(CAD/Content Center Files/R2024/ja-JP/SpringWasher) by extensions ['ignore', 'ignore_ament_install']
[0.551s] Level 1:colcon.colcon_core.package_identification:_identify(CAD/Content Center Files/R2024/ja-JP/SpringWasher) by extension 'ignore'
[0.551s] Level 1:colcon.colcon_core.package_identification:_identify(CAD/Content Center Files/R2024/ja-JP/SpringWasher) by extension 'ignore_ament_install'
[0.551s] Level 1:colcon.colcon_core.package_identification:_identify(CAD/Content Center Files/R2024/ja-JP/SpringWasher) by extensions ['colcon_pkg']
[0.551s] Level 1:colcon.colcon_core.package_identification:_identify(CAD/Content Center Files/R2024/ja-JP/SpringWasher) by extension 'colcon_pkg'
[0.551s] Level 1:colcon.colcon_core.package_identification:_identify(CAD/Content Center Files/R2024/ja-JP/SpringWasher) by extensions ['colcon_meta']
[0.551s] Level 1:colcon.colcon_core.package_identification:_identify(CAD/Content Center Files/R2024/ja-JP/SpringWasher) by extension 'colcon_meta'
[0.551s] Level 1:colcon.colcon_core.package_identification:_identify(CAD/Content Center Files/R2024/ja-JP/SpringWasher) by extensions ['ros']
[0.552s] Level 1:colcon.colcon_core.package_identification:_identify(CAD/Content Center Files/R2024/ja-JP/SpringWasher) by extension 'ros'
[0.552s] Level 1:colcon.colcon_core.package_identification:_identify(CAD/Content Center Files/R2024/ja-JP/SpringWasher) by extensions ['cmake', 'python']
[0.552s] Level 1:colcon.colcon_core.package_identification:_identify(CAD/Content Center Files/R2024/ja-JP/SpringWasher) by extension 'cmake'
[0.552s] Level 1:colcon.colcon_core.package_identification:_identify(CAD/Content Center Files/R2024/ja-JP/SpringWasher) by extension 'python'
[0.552s] Level 1:colcon.colcon_core.package_identification:_identify(CAD/Content Center Files/R2024/ja-JP/SpringWasher) by extensions ['python_setup_py']
[0.552s] Level 1:colcon.colcon_core.package_identification:_identify(CAD/Content Center Files/R2024/ja-JP/SpringWasher) by extension 'python_setup_py'
[0.552s] Level 1:colcon.colcon_core.package_identification:_identify(CAD/data) by extensions ['ignore', 'ignore_ament_install']
[0.552s] Level 1:colcon.colcon_core.package_identification:_identify(CAD/data) by extension 'ignore'
[0.552s] Level 1:colcon.colcon_core.package_identification:_identify(CAD/data) by extension 'ignore_ament_install'
[0.552s] Level 1:colcon.colcon_core.package_identification:_identify(CAD/data) by extensions ['colcon_pkg']
[0.552s] Level 1:colcon.colcon_core.package_identification:_identify(CAD/data) by extension 'colcon_pkg'
[0.552s] Level 1:colcon.colcon_core.package_identification:_identify(CAD/data) by extensions ['colcon_meta']
[0.552s] Level 1:colcon.colcon_core.package_identification:_identify(CAD/data) by extension 'colcon_meta'
[0.552s] Level 1:colcon.colcon_core.package_identification:_identify(CAD/data) by extensions ['ros']
[0.552s] Level 1:colcon.colcon_core.package_identification:_identify(CAD/data) by extension 'ros'
[0.552s] Level 1:colcon.colcon_core.package_identification:_identify(CAD/data) by extensions ['cmake', 'python']
[0.552s] Level 1:colcon.colcon_core.package_identification:_identify(CAD/data) by extension 'cmake'
[0.552s] Level 1:colcon.colcon_core.package_identification:_identify(CAD/data) by extension 'python'
[0.552s] Level 1:colcon.colcon_core.package_identification:_identify(CAD/data) by extensions ['python_setup_py']
[0.552s] Level 1:colcon.colcon_core.package_identification:_identify(CAD/data) by extension 'python_setup_py'
[0.552s] Level 1:colcon.colcon_core.package_identification:_identify(CAD/資料) by extensions ['ignore', 'ignore_ament_install']
[0.552s] Level 1:colcon.colcon_core.package_identification:_identify(CAD/資料) by extension 'ignore'
[0.552s] Level 1:colcon.colcon_core.package_identification:_identify(CAD/資料) by extension 'ignore_ament_install'
[0.552s] Level 1:colcon.colcon_core.package_identification:_identify(CAD/資料) by extensions ['colcon_pkg']
[0.552s] Level 1:colcon.colcon_core.package_identification:_identify(CAD/資料) by extension 'colcon_pkg'
[0.552s] Level 1:colcon.colcon_core.package_identification:_identify(CAD/資料) by extensions ['colcon_meta']
[0.552s] Level 1:colcon.colcon_core.package_identification:_identify(CAD/資料) by extension 'colcon_meta'
[0.552s] Level 1:colcon.colcon_core.package_identification:_identify(CAD/資料) by extensions ['ros']
[0.552s] Level 1:colcon.colcon_core.package_identification:_identify(CAD/資料) by extension 'ros'
[0.552s] Level 1:colcon.colcon_core.package_identification:_identify(CAD/資料) by extensions ['cmake', 'python']
[0.552s] Level 1:colcon.colcon_core.package_identification:_identify(CAD/資料) by extension 'cmake'
[0.552s] Level 1:colcon.colcon_core.package_identification:_identify(CAD/資料) by extension 'python'
[0.552s] Level 1:colcon.colcon_core.package_identification:_identify(CAD/資料) by extensions ['python_setup_py']
[0.552s] Level 1:colcon.colcon_core.package_identification:_identify(CAD/資料) by extension 'python_setup_py'
[0.552s] Level 1:colcon.colcon_core.package_identification:_identify(CAD/資料/CADファイル) by extensions ['ignore', 'ignore_ament_install']
[0.552s] Level 1:colcon.colcon_core.package_identification:_identify(CAD/資料/CADファイル) by extension 'ignore'
[0.552s] Level 1:colcon.colcon_core.package_identification:_identify(CAD/資料/CADファイル) by extension 'ignore_ament_install'
[0.553s] Level 1:colcon.colcon_core.package_identification:_identify(CAD/資料/CADファイル) by extensions ['colcon_pkg']
[0.553s] Level 1:colcon.colcon_core.package_identification:_identify(CAD/資料/CADファイル) by extension 'colcon_pkg'
[0.553s] Level 1:colcon.colcon_core.package_identification:_identify(CAD/資料/CADファイル) by extensions ['colcon_meta']
[0.553s] Level 1:colcon.colcon_core.package_identification:_identify(CAD/資料/CADファイル) by extension 'colcon_meta'
[0.553s] Level 1:colcon.colcon_core.package_identification:_identify(CAD/資料/CADファイル) by extensions ['ros']
[0.553s] Level 1:colcon.colcon_core.package_identification:_identify(CAD/資料/CADファイル) by extension 'ros'
[0.553s] Level 1:colcon.colcon_core.package_identification:_identify(CAD/資料/CADファイル) by extensions ['cmake', 'python']
[0.553s] Level 1:colcon.colcon_core.package_identification:_identify(CAD/資料/CADファイル) by extension 'cmake'
[0.553s] Level 1:colcon.colcon_core.package_identification:_identify(CAD/資料/CADファイル) by extension 'python'
[0.553s] Level 1:colcon.colcon_core.package_identification:_identify(CAD/資料/CADファイル) by extensions ['python_setup_py']
[0.553s] Level 1:colcon.colcon_core.package_identification:_identify(CAD/資料/CADファイル) by extension 'python_setup_py'
[0.553s] Level 1:colcon.colcon_core.package_identification:_identify(CAD/資料/CNC) by extensions ['ignore', 'ignore_ament_install']
[0.553s] Level 1:colcon.colcon_core.package_identification:_identify(CAD/資料/CNC) by extension 'ignore'
[0.553s] Level 1:colcon.colcon_core.package_identification:_identify(CAD/資料/CNC) by extension 'ignore_ament_install'
[0.553s] Level 1:colcon.colcon_core.package_identification:_identify(CAD/資料/CNC) by extensions ['colcon_pkg']
[0.553s] Level 1:colcon.colcon_core.package_identification:_identify(CAD/資料/CNC) by extension 'colcon_pkg'
[0.553s] Level 1:colcon.colcon_core.package_identification:_identify(CAD/資料/CNC) by extensions ['colcon_meta']
[0.553s] Level 1:colcon.colcon_core.package_identification:_identify(CAD/資料/CNC) by extension 'colcon_meta'
[0.553s] Level 1:colcon.colcon_core.package_identification:_identify(CAD/資料/CNC) by extensions ['ros']
[0.553s] Level 1:colcon.colcon_core.package_identification:_identify(CAD/資料/CNC) by extension 'ros'
[0.553s] Level 1:colcon.colcon_core.package_identification:_identify(CAD/資料/CNC) by extensions ['cmake', 'python']
[0.553s] Level 1:colcon.colcon_core.package_identification:_identify(CAD/資料/CNC) by extension 'cmake'
[0.553s] Level 1:colcon.colcon_core.package_identification:_identify(CAD/資料/CNC) by extension 'python'
[0.553s] Level 1:colcon.colcon_core.package_identification:_identify(CAD/資料/CNC) by extensions ['python_setup_py']
[0.553s] Level 1:colcon.colcon_core.package_identification:_identify(CAD/資料/CNC) by extension 'python_setup_py'
[0.553s] Level 1:colcon.colcon_core.package_identification:_identify(CAD/資料/車体設計例) by extensions ['ignore', 'ignore_ament_install']
[0.553s] Level 1:colcon.colcon_core.package_identification:_identify(CAD/資料/車体設計例) by extension 'ignore'
[0.553s] Level 1:colcon.colcon_core.package_identification:_identify(CAD/資料/車体設計例) by extension 'ignore_ament_install'
[0.553s] Level 1:colcon.colcon_core.package_identification:_identify(CAD/資料/車体設計例) by extensions ['colcon_pkg']
[0.553s] Level 1:colcon.colcon_core.package_identification:_identify(CAD/資料/車体設計例) by extension 'colcon_pkg'
[0.553s] Level 1:colcon.colcon_core.package_identification:_identify(CAD/資料/車体設計例) by extensions ['colcon_meta']
[0.553s] Level 1:colcon.colcon_core.package_identification:_identify(CAD/資料/車体設計例) by extension 'colcon_meta'
[0.553s] Level 1:colcon.colcon_core.package_identification:_identify(CAD/資料/車体設計例) by extensions ['ros']
[0.553s] Level 1:colcon.colcon_core.package_identification:_identify(CAD/資料/車体設計例) by extension 'ros'
[0.553s] Level 1:colcon.colcon_core.package_identification:_identify(CAD/資料/車体設計例) by extensions ['cmake', 'python']
[0.553s] Level 1:colcon.colcon_core.package_identification:_identify(CAD/資料/車体設計例) by extension 'cmake'
[0.553s] Level 1:colcon.colcon_core.package_identification:_identify(CAD/資料/車体設計例) by extension 'python'
[0.553s] Level 1:colcon.colcon_core.package_identification:_identify(CAD/資料/車体設計例) by extensions ['python_setup_py']
[0.554s] Level 1:colcon.colcon_core.package_identification:_identify(CAD/資料/車体設計例) by extension 'python_setup_py'
[0.554s] Level 1:colcon.colcon_core.package_identification:_identify(CAD/資料/車体設計例/OldVersions) by extensions ['ignore', 'ignore_ament_install']
[0.554s] Level 1:colcon.colcon_core.package_identification:_identify(CAD/資料/車体設計例/OldVersions) by extension 'ignore'
[0.554s] Level 1:colcon.colcon_core.package_identification:_identify(CAD/資料/車体設計例/OldVersions) by extension 'ignore_ament_install'
[0.554s] Level 1:colcon.colcon_core.package_identification:_identify(CAD/資料/車体設計例/OldVersions) by extensions ['colcon_pkg']
[0.554s] Level 1:colcon.colcon_core.package_identification:_identify(CAD/資料/車体設計例/OldVersions) by extension 'colcon_pkg'
[0.554s] Level 1:colcon.colcon_core.package_identification:_identify(CAD/資料/車体設計例/OldVersions) by extensions ['colcon_meta']
[0.554s] Level 1:colcon.colcon_core.package_identification:_identify(CAD/資料/車体設計例/OldVersions) by extension 'colcon_meta'
[0.554s] Level 1:colcon.colcon_core.package_identification:_identify(CAD/資料/車体設計例/OldVersions) by extensions ['ros']
[0.554s] Level 1:colcon.colcon_core.package_identification:_identify(CAD/資料/車体設計例/OldVersions) by extension 'ros'
[0.554s] Level 1:colcon.colcon_core.package_identification:_identify(CAD/資料/車体設計例/OldVersions) by extensions ['cmake', 'python']
[0.554s] Level 1:colcon.colcon_core.package_identification:_identify(CAD/資料/車体設計例/OldVersions) by extension 'cmake'
[0.554s] Level 1:colcon.colcon_core.package_identification:_identify(CAD/資料/車体設計例/OldVersions) by extension 'python'
[0.554s] Level 1:colcon.colcon_core.package_identification:_identify(CAD/資料/車体設計例/OldVersions) by extensions ['python_setup_py']
[0.554s] Level 1:colcon.colcon_core.package_identification:_identify(CAD/資料/車体設計例/OldVersions) by extension 'python_setup_py'
[0.554s] Level 1:colcon.colcon_core.package_identification:_identify(CAD/資料/３Dプリンター) by extensions ['ignore', 'ignore_ament_install']
[0.554s] Level 1:colcon.colcon_core.package_identification:_identify(CAD/資料/３Dプリンター) by extension 'ignore'
[0.554s] Level 1:colcon.colcon_core.package_identification:_identify(CAD/資料/３Dプリンター) by extension 'ignore_ament_install'
[0.554s] Level 1:colcon.colcon_core.package_identification:_identify(CAD/資料/３Dプリンター) by extensions ['colcon_pkg']
[0.554s] Level 1:colcon.colcon_core.package_identification:_identify(CAD/資料/３Dプリンター) by extension 'colcon_pkg'
[0.554s] Level 1:colcon.colcon_core.package_identification:_identify(CAD/資料/３Dプリンター) by extensions ['colcon_meta']
[0.554s] Level 1:colcon.colcon_core.package_identification:_identify(CAD/資料/３Dプリンター) by extension 'colcon_meta'
[0.554s] Level 1:colcon.colcon_core.package_identification:_identify(CAD/資料/３Dプリンター) by extensions ['ros']
[0.554s] Level 1:colcon.colcon_core.package_identification:_identify(CAD/資料/３Dプリンター) by extension 'ros'
[0.554s] Level 1:colcon.colcon_core.package_identification:_identify(CAD/資料/３Dプリンター) by extensions ['cmake', 'python']
[0.554s] Level 1:colcon.colcon_core.package_identification:_identify(CAD/資料/３Dプリンター) by extension 'cmake'
[0.554s] Level 1:colcon.colcon_core.package_identification:_identify(CAD/資料/３Dプリンター) by extension 'python'
[0.554s] Level 1:colcon.colcon_core.package_identification:_identify(CAD/資料/３Dプリンター) by extensions ['python_setup_py']
[0.554s] Level 1:colcon.colcon_core.package_identification:_identify(CAD/資料/３Dプリンター) by extension 'python_setup_py'
[0.554s] Level 1:colcon.colcon_core.package_identification:_identify(build) by extensions ['ignore', 'ignore_ament_install']
[0.554s] Level 1:colcon.colcon_core.package_identification:_identify(build) by extension 'ignore'
[0.554s] Level 1:colcon.colcon_core.package_identification:_identify(build) ignored
[0.554s] Level 1:colcon.colcon_core.package_identification:_identify(install) by extensions ['ignore', 'ignore_ament_install']
[0.554s] Level 1:colcon.colcon_core.package_identification:_identify(install) by extension 'ignore'
[0.555s] Level 1:colcon.colcon_core.package_identification:_identify(install) ignored
[0.555s] Level 1:colcon.colcon_core.package_identification:_identify(log) by extensions ['ignore', 'ignore_ament_install']
[0.555s] Level 1:colcon.colcon_core.package_identification:_identify(log) by extension 'ignore'
[0.555s] Level 1:colcon.colcon_core.package_identification:_identify(log) ignored
[0.555s] Level 1:colcon.colcon_core.package_identification:_identify(ros2_ws) by extensions ['ignore', 'ignore_ament_install']
[0.555s] Level 1:colcon.colcon_core.package_identification:_identify(ros2_ws) by extension 'ignore'
[0.555s] Level 1:colcon.colcon_core.package_identification:_identify(ros2_ws) by extension 'ignore_ament_install'
[0.555s] Level 1:colcon.colcon_core.package_identification:_identify(ros2_ws) by extensions ['colcon_pkg']
[0.555s] Level 1:colcon.colcon_core.package_identification:_identify(ros2_ws) by extension 'colcon_pkg'
[0.555s] Level 1:colcon.colcon_core.package_identification:_identify(ros2_ws) by extensions ['colcon_meta']
[0.555s] Level 1:colcon.colcon_core.package_identification:_identify(ros2_ws) by extension 'colcon_meta'
[0.555s] Level 1:colcon.colcon_core.package_identification:_identify(ros2_ws) by extensions ['ros']
[0.555s] Level 1:colcon.colcon_core.package_identification:_identify(ros2_ws) by extension 'ros'
[0.555s] Level 1:colcon.colcon_core.package_identification:_identify(ros2_ws) by extensions ['cmake', 'python']
[0.555s] Level 1:colcon.colcon_core.package_identification:_identify(ros2_ws) by extension 'cmake'
[0.555s] Level 1:colcon.colcon_core.package_identification:_identify(ros2_ws) by extension 'python'
[0.555s] Level 1:colcon.colcon_core.package_identification:_identify(ros2_ws) by extensions ['python_setup_py']
[0.555s] Level 1:colcon.colcon_core.package_identification:_identify(ros2_ws) by extension 'python_setup_py'
[0.555s] Level 1:colcon.colcon_core.package_identification:_identify(ros2_ws/build) by extensions ['ignore', 'ignore_ament_install']
[0.555s] Level 1:colcon.colcon_core.package_identification:_identify(ros2_ws/build) by extension 'ignore'
[0.555s] Level 1:colcon.colcon_core.package_identification:_identify(ros2_ws/build) ignored
[0.555s] Level 1:colcon.colcon_core.package_identification:_identify(ros2_ws/install) by extensions ['ignore', 'ignore_ament_install']
[0.555s] Level 1:colcon.colcon_core.package_identification:_identify(ros2_ws/install) by extension 'ignore'
[0.555s] Level 1:colcon.colcon_core.package_identification:_identify(ros2_ws/install) ignored
[0.555s] Level 1:colcon.colcon_core.package_identification:_identify(ros2_ws/log) by extensions ['ignore', 'ignore_ament_install']
[0.555s] Level 1:colcon.colcon_core.package_identification:_identify(ros2_ws/log) by extension 'ignore'
[0.555s] Level 1:colcon.colcon_core.package_identification:_identify(ros2_ws/log) ignored
[0.555s] Level 1:colcon.colcon_core.package_identification:_identify(ros2_ws/src) by extensions ['ignore', 'ignore_ament_install']
[0.555s] Level 1:colcon.colcon_core.package_identification:_identify(ros2_ws/src) by extension 'ignore'
[0.555s] Level 1:colcon.colcon_core.package_identification:_identify(ros2_ws/src) by extension 'ignore_ament_install'
[0.555s] Level 1:colcon.colcon_core.package_identification:_identify(ros2_ws/src) by extensions ['colcon_pkg']
[0.555s] Level 1:colcon.colcon_core.package_identification:_identify(ros2_ws/src) by extension 'colcon_pkg'
[0.555s] Level 1:colcon.colcon_core.package_identification:_identify(ros2_ws/src) by extensions ['colcon_meta']
[0.555s] Level 1:colcon.colcon_core.package_identification:_identify(ros2_ws/src) by extension 'colcon_meta'
[0.555s] Level 1:colcon.colcon_core.package_identification:_identify(ros2_ws/src) by extensions ['ros']
[0.555s] Level 1:colcon.colcon_core.package_identification:_identify(ros2_ws/src) by extension 'ros'
[0.555s] Level 1:colcon.colcon_core.package_identification:_identify(ros2_ws/src) by extensions ['cmake', 'python']
[0.555s] Level 1:colcon.colcon_core.package_identification:_identify(ros2_ws/src) by extension 'cmake'
[0.555s] Level 1:colcon.colcon_core.package_identification:_identify(ros2_ws/src) by extension 'python'
[0.555s] Level 1:colcon.colcon_core.package_identification:_identify(ros2_ws/src) by extensions ['python_setup_py']
[0.555s] Level 1:colcon.colcon_core.package_identification:_identify(ros2_ws/src) by extension 'python_setup_py'
[0.556s] Level 1:colcon.colcon_core.package_identification:_identify(ros2_ws/src/key_event_msgs) by extensions ['ignore', 'ignore_ament_install']
[0.556s] Level 1:colcon.colcon_core.package_identification:_identify(ros2_ws/src/key_event_msgs) by extension 'ignore'
[0.556s] Level 1:colcon.colcon_core.package_identification:_identify(ros2_ws/src/key_event_msgs) by extension 'ignore_ament_install'
[0.556s] Level 1:colcon.colcon_core.package_identification:_identify(ros2_ws/src/key_event_msgs) by extensions ['colcon_pkg']
[0.556s] Level 1:colcon.colcon_core.package_identification:_identify(ros2_ws/src/key_event_msgs) by extension 'colcon_pkg'
[0.556s] Level 1:colcon.colcon_core.package_identification:_identify(ros2_ws/src/key_event_msgs) by extensions ['colcon_meta']
[0.556s] Level 1:colcon.colcon_core.package_identification:_identify(ros2_ws/src/key_event_msgs) by extension 'colcon_meta'
[0.556s] Level 1:colcon.colcon_core.package_identification:_identify(ros2_ws/src/key_event_msgs) by extensions ['ros']
[0.556s] Level 1:colcon.colcon_core.package_identification:_identify(ros2_ws/src/key_event_msgs) by extension 'ros'
[0.557s] DEBUG:colcon.colcon_core.package_identification:Package 'ros2_ws/src/key_event_msgs' with type 'ros.ament_cmake' and name 'key_event_msgs'
[0.557s] Level 1:colcon.colcon_core.package_identification:_identify(ros2_ws/src/key_event_nodes) by extensions ['ignore', 'ignore_ament_install']
[0.557s] Level 1:colcon.colcon_core.package_identification:_identify(ros2_ws/src/key_event_nodes) by extension 'ignore'
[0.557s] Level 1:colcon.colcon_core.package_identification:_identify(ros2_ws/src/key_event_nodes) by extension 'ignore_ament_install'
[0.557s] Level 1:colcon.colcon_core.package_identification:_identify(ros2_ws/src/key_event_nodes) by extensions ['colcon_pkg']
[0.557s] Level 1:colcon.colcon_core.package_identification:_identify(ros2_ws/src/key_event_nodes) by extension 'colcon_pkg'
[0.557s] Level 1:colcon.colcon_core.package_identification:_identify(ros2_ws/src/key_event_nodes) by extensions ['colcon_meta']
[0.557s] Level 1:colcon.colcon_core.package_identification:_identify(ros2_ws/src/key_event_nodes) by extension 'colcon_meta'
[0.557s] Level 1:colcon.colcon_core.package_identification:_identify(ros2_ws/src/key_event_nodes) by extensions ['ros']
[0.557s] Level 1:colcon.colcon_core.package_identification:_identify(ros2_ws/src/key_event_nodes) by extension 'ros'
[0.558s] DEBUG:colcon.colcon_core.package_identification:Package 'ros2_ws/src/key_event_nodes' with type 'ros.ament_cmake' and name 'key_event_nodes'
[0.558s] Level 1:colcon.colcon_core.package_identification:_identify(ros2_ws/src/nav_dev) by extensions ['ignore', 'ignore_ament_install']
[0.558s] Level 1:colcon.colcon_core.package_identification:_identify(ros2_ws/src/nav_dev) by extension 'ignore'
[0.558s] Level 1:colcon.colcon_core.package_identification:_identify(ros2_ws/src/nav_dev) by extension 'ignore_ament_install'
[0.558s] Level 1:colcon.colcon_core.package_identification:_identify(ros2_ws/src/nav_dev) by extensions ['colcon_pkg']
[0.558s] Level 1:colcon.colcon_core.package_identification:_identify(ros2_ws/src/nav_dev) by extension 'colcon_pkg'
[0.558s] Level 1:colcon.colcon_core.package_identification:_identify(ros2_ws/src/nav_dev) by extensions ['colcon_meta']
[0.558s] Level 1:colcon.colcon_core.package_identification:_identify(ros2_ws/src/nav_dev) by extension 'colcon_meta'
[0.558s] Level 1:colcon.colcon_core.package_identification:_identify(ros2_ws/src/nav_dev) by extensions ['ros']
[0.558s] Level 1:colcon.colcon_core.package_identification:_identify(ros2_ws/src/nav_dev) by extension 'ros'
[0.559s] DEBUG:colcon.colcon_core.package_identification:Package 'ros2_ws/src/nav_dev' with type 'ros.ament_cmake' and name 'nav_dev'
[0.559s] Level 1:colcon.colcon_core.package_discovery:discover_packages(recursive) using defaults
[0.559s] Level 1:colcon.colcon_core.package_discovery:discover_packages(ignore) discover
[0.559s] Level 1:colcon.colcon_core.package_discovery:discover_packages(ignore) using defaults
[0.559s] Level 1:colcon.colcon_core.package_discovery:discover_packages(path) discover
[0.559s] Level 1:colcon.colcon_core.package_discovery:discover_packages(path) using defaults
[0.611s] Level 1:colcon.colcon_core.package_discovery:discover_packages(prefix_path) check parameters
[0.611s] Level 1:colcon.colcon_core.package_discovery:discover_packages(prefix_path) discover
[0.627s] DEBUG:colcon.colcon_installed_package_information.package_discovery:Found 411 installed packages in /opt/ros/humble
[0.628s] Level 1:colcon.colcon_core.package_discovery:discover_packages(prefix_path) using defaults
[0.696s] Level 5:colcon.colcon_core.verb:set package 'key_event_msgs' build argument 'cmake_args' from command line to 'None'
[0.696s] Level 5:colcon.colcon_core.verb:set package 'key_event_msgs' build argument 'cmake_target' from command line to 'None'
[0.696s] Level 5:colcon.colcon_core.verb:set package 'key_event_msgs' build argument 'cmake_target_skip_unavailable' from command line to 'False'
[0.696s] Level 5:colcon.colcon_core.verb:set package 'key_event_msgs' build argument 'cmake_clean_cache' from command line to 'False'
[0.696s] Level 5:colcon.colcon_core.verb:set package 'key_event_msgs' build argument 'cmake_clean_first' from command line to 'False'
[0.696s] Level 5:colcon.colcon_core.verb:set package 'key_event_msgs' build argument 'cmake_force_configure' from command line to 'False'
[0.696s] Level 5:colcon.colcon_core.verb:set package 'key_event_msgs' build argument 'ament_cmake_args' from command line to 'None'
[0.696s] Level 5:colcon.colcon_core.verb:set package 'key_event_msgs' build argument 'catkin_cmake_args' from command line to 'None'
[0.696s] Level 5:colcon.colcon_core.verb:set package 'key_event_msgs' build argument 'catkin_skip_building_tests' from command line to 'False'
[0.696s] DEBUG:colcon.colcon_core.verb:Building package 'key_event_msgs' with the following arguments: {'ament_cmake_args': None, 'build_base': '/home/kousei/2DRoboPrac_ws/build/key_event_msgs', 'catkin_cmake_args': None, 'catkin_skip_building_tests': False, 'cmake_args': None, 'cmake_clean_cache': False, 'cmake_clean_first': False, 'cmake_force_configure': False, 'cmake_target': None, 'cmake_target_skip_unavailable': False, 'install_base': '/home/kousei/2DRoboPrac_ws/install/key_event_msgs', 'merge_install': False, 'path': '/home/kousei/2DRoboPrac_ws/ros2_ws/src/key_event_msgs', 'symlink_install': False, 'test_result_base': None}
[0.703s] Level 5:colcon.colcon_core.verb:set package 'key_event_nodes' build argument 'cmake_args' from command line to 'None'
[0.703s] Level 5:colcon.colcon_core.verb:set package 'key_event_nodes' build argument 'cmake_target' from command line to 'None'
[0.703s] Level 5:colcon.colcon_core.verb:set package 'key_event_nodes' build argument 'cmake_target_skip_unavailable' from command line to 'False'
[0.703s] Level 5:colcon.colcon_core.verb:set package 'key_event_nodes' build argument 'cmake_clean_cache' from command line to 'False'
[0.703s] Level 5:colcon.colcon_core.verb:set package 'key_event_nodes' build argument 'cmake_clean_first' from command line to 'False'
[0.703s] Level 5:colcon.colcon_core.verb:set package 'key_event_nodes' build argument 'cmake_force_configure' from command line to 'False'
[0.703s] Level 5:colcon.colcon_core.verb:set package 'key_event_nodes' build argument 'ament_cmake_args' from command line to 'None'
[0.703s] Level 5:colcon.colcon_core.verb:set package 'key_event_nodes' build argument 'catkin_cmake_args' from command line to 'None'
[0.703s] Level 5:colcon.colcon_core.verb:set package 'key_event_nodes' build argument 'catkin_skip_building_tests' from command line to 'False'
[0.703s] DEBUG:colcon.colcon_core.verb:Building package 'key_event_nodes' with the following arguments: {'ament_cmake_args': None, 'build_base': '/home/kousei/2DRoboPrac_ws/build/key_event_nodes', 'catkin_cmake_args': None, 'catkin_skip_building_tests': False, 'cmake_args': None, 'cmake_clean_cache': False, 'cmake_clean_first': False, 'cmake_force_configure': False, 'cmake_target': None, 'cmake_target_skip_unavailable': False, 'install_base': '/home/kousei/2DRoboPrac_ws/install/key_event_nodes', 'merge_install': False, 'path': '/home/kousei/2DRoboPrac_ws/ros2_ws/src/key_event_nodes', 'symlink_install': False, 'test_result_base': None}
[0.712s] Level 5:colcon.colcon_core.verb:set package 'nav_dev' build argument 'cmake_args' from command line to 'None'
[0.712s] Level 5:colcon.colcon_core.verb:set package 'nav_dev' build argument 'cmake_target' from command line to 'None'
[0.712s] Level 5:colcon.colcon_core.verb:set package 'nav_dev' build argument 'cmake_target_skip_unavailable' from command line to 'False'
[0.712s] Level 5:colcon.colcon_core.verb:set package 'nav_dev' build argument 'cmake_clean_cache' from command line to 'False'
[0.712s] Level 5:colcon.colcon_core.verb:set package 'nav_dev' build argument 'cmake_clean_first' from command line to 'False'
[0.712s] Level 5:colcon.colcon_core.verb:set package 'nav_dev' build argument 'cmake_force_configure' from command line to 'False'
[0.712s] Level 5:colcon.colcon_core.verb:set package 'nav_dev' build argument 'ament_cmake_args' from command line to 'None'
[0.712s] Level 5:colcon.colcon_core.verb:set package 'nav_dev' build argument 'catkin_cmake_args' from command line to 'None'
[0.712s] Level 5:colcon.colcon_core.verb:set package 'nav_dev' build argument 'catkin_skip_building_tests' from command line to 'False'
[0.712s] DEBUG:colcon.colcon_core.verb:Building package 'nav_dev' with the following arguments: {'ament_cmake_args': None, 'build_base': '/home/kousei/2DRoboPrac_ws/build/nav_dev', 'catkin_cmake_args': None, 'catkin_skip_building_tests': False, 'cmake_args': None, 'cmake_clean_cache': False, 'cmake_clean_first': False, 'cmake_force_configure': False, 'cmake_target': None, 'cmake_target_skip_unavailable': False, 'install_base': '/home/kousei/2DRoboPrac_ws/install/nav_dev', 'merge_install': False, 'path': '/home/kousei/2DRoboPrac_ws/ros2_ws/src/nav_dev', 'symlink_install': False, 'test_result_base': None}
[0.719s] INFO:colcon.colcon_core.executor:Executing jobs using 'parallel' executor
[0.727s] DEBUG:colcon.colcon_parallel_executor.executor.parallel:run_until_complete
[0.727s] INFO:colcon.colcon_ros.task.ament_cmake.build:Building ROS package in '/home/kousei/2DRoboPrac_ws/ros2_ws/src/key_event_msgs' with build type 'ament_cmake'
[0.727s] INFO:colcon.colcon_cmake.task.cmake.build:Building CMake package in '/home/kousei/2DRoboPrac_ws/ros2_ws/src/key_event_msgs'
[0.735s] INFO:colcon.colcon_core.plugin_system:Skipping extension 'colcon_core.shell.bat': Not used on non-Windows systems
[0.735s] INFO:colcon.colcon_core.shell:Skip shell extension 'powershell' for command environment: Not usable outside of PowerShell
[0.735s] DEBUG:colcon.colcon_core.shell:Skip shell extension 'dsv' for command environment
[0.756s] DEBUG:colcon.colcon_core.event_handler.log_command:Invoking command in '/home/kousei/2DRoboPrac_ws/build/key_event_msgs': CMAKE_PREFIX_PATH=/opt/ros/humble /usr/bin/cmake /home/kousei/2DRoboPrac_ws/ros2_ws/src/key_event_msgs -DCMAKE_INSTALL_PREFIX=/home/kousei/2DRoboPrac_ws/install/key_event_msgs
[1.809s] DEBUG:colcon.colcon_core.event_handler.log_command:Invoked command in '/home/kousei/2DRoboPrac_ws/build/key_event_msgs' returned '0': CMAKE_PREFIX_PATH=/opt/ros/humble /usr/bin/cmake /home/kousei/2DRoboPrac_ws/ros2_ws/src/key_event_msgs -DCMAKE_INSTALL_PREFIX=/home/kousei/2DRoboPrac_ws/install/key_event_msgs
[1.811s] DEBUG:colcon.colcon_core.event_handler.log_command:Invoking command in '/home/kousei/2DRoboPrac_ws/build/key_event_msgs': CMAKE_PREFIX_PATH=/opt/ros/humble /usr/bin/cmake --build /home/kousei/2DRoboPrac_ws/build/key_event_msgs -- -j16 -l16
[2.931s] DEBUG:colcon.colcon_core.event_handler.log_command:Invoked command in '/home/kousei/2DRoboPrac_ws/build/key_event_msgs' returned '0': CMAKE_PREFIX_PATH=/opt/ros/humble /usr/bin/cmake --build /home/kousei/2DRoboPrac_ws/build/key_event_msgs -- -j16 -l16
[2.970s] DEBUG:colcon.colcon_core.event_handler.log_command:Invoking command in '/home/kousei/2DRoboPrac_ws/build/key_event_msgs': CMAKE_PREFIX_PATH=/opt/ros/humble /usr/bin/cmake --install /home/kousei/2DRoboPrac_ws/build/key_event_msgs
[3.010s] Level 1:colcon.colcon_core.environment:create_environment_scripts_only(key_event_msgs)
[3.011s] DEBUG:colcon.colcon_core.event_handler.log_command:Invoked command in '/home/kousei/2DRoboPrac_ws/build/key_event_msgs' returned '0': CMAKE_PREFIX_PATH=/opt/ros/humble /usr/bin/cmake --install /home/kousei/2DRoboPrac_ws/build/key_event_msgs
[3.019s] Level 1:colcon.colcon_core.environment:checking '/home/kousei/2DRoboPrac_ws/install/key_event_msgs' for CMake module files
[3.020s] Level 1:colcon.colcon_core.environment:checking '/home/kousei/2DRoboPrac_ws/install/key_event_msgs' for CMake config files
[3.020s] Level 1:colcon.colcon_core.shell:create_environment_hook('key_event_msgs', 'cmake_prefix_path')
[3.028s] INFO:colcon.colcon_core.shell:Creating environment hook '/home/kousei/2DRoboPrac_ws/install/key_event_msgs/share/key_event_msgs/hook/cmake_prefix_path.ps1'
[3.028s] INFO:colcon.colcon_core.shell:Creating environment descriptor '/home/kousei/2DRoboPrac_ws/install/key_event_msgs/share/key_event_msgs/hook/cmake_prefix_path.dsv'
[3.028s] INFO:colcon.colcon_core.shell:Creating environment hook '/home/kousei/2DRoboPrac_ws/install/key_event_msgs/share/key_event_msgs/hook/cmake_prefix_path.sh'
[3.029s] Level 1:colcon.colcon_core.environment:checking '/home/kousei/2DRoboPrac_ws/install/key_event_msgs/lib'
[3.029s] Level 1:colcon.colcon_core.shell:create_environment_hook('key_event_msgs', 'ld_library_path_lib')
[3.036s] INFO:colcon.colcon_core.shell:Creating environment hook '/home/kousei/2DRoboPrac_ws/install/key_event_msgs/share/key_event_msgs/hook/ld_library_path_lib.ps1'
[3.037s] INFO:colcon.colcon_core.shell:Creating environment descriptor '/home/kousei/2DRoboPrac_ws/install/key_event_msgs/share/key_event_msgs/hook/ld_library_path_lib.dsv'
[3.037s] INFO:colcon.colcon_core.shell:Creating environment hook '/home/kousei/2DRoboPrac_ws/install/key_event_msgs/share/key_event_msgs/hook/ld_library_path_lib.sh'
[3.037s] Level 1:colcon.colcon_core.environment:checking '/home/kousei/2DRoboPrac_ws/install/key_event_msgs/bin'
[3.037s] Level 1:colcon.colcon_core.environment:checking '/home/kousei/2DRoboPrac_ws/install/key_event_msgs/lib/pkgconfig/key_event_msgs.pc'
[3.037s] Level 1:colcon.colcon_core.environment:checking '/home/kousei/2DRoboPrac_ws/install/key_event_msgs/lib/python3.10/site-packages'
[3.037s] Level 1:colcon.colcon_core.environment:checking '/home/kousei/2DRoboPrac_ws/install/key_event_msgs/bin'
[3.046s] INFO:colcon.colcon_core.shell:Creating package script '/home/kousei/2DRoboPrac_ws/install/key_event_msgs/share/key_event_msgs/package.ps1'
[3.047s] INFO:colcon.colcon_core.shell:Creating package descriptor '/home/kousei/2DRoboPrac_ws/install/key_event_msgs/share/key_event_msgs/package.dsv'
[3.047s] INFO:colcon.colcon_core.shell:Creating package script '/home/kousei/2DRoboPrac_ws/install/key_event_msgs/share/key_event_msgs/package.sh'
[3.047s] INFO:colcon.colcon_core.shell:Creating package script '/home/kousei/2DRoboPrac_ws/install/key_event_msgs/share/key_event_msgs/package.bash'
[3.048s] INFO:colcon.colcon_core.shell:Creating package script '/home/kousei/2DRoboPrac_ws/install/key_event_msgs/share/key_event_msgs/package.zsh'
[3.048s] Level 1:colcon.colcon_core.environment:create_file_with_runtime_dependencies(/home/kousei/2DRoboPrac_ws/install/key_event_msgs/share/colcon-core/packages/key_event_msgs)
[3.087s] Level 1:colcon.colcon_core.environment:create_environment_scripts_only(key_event_msgs)
[3.094s] Level 1:colcon.colcon_core.environment:checking '/home/kousei/2DRoboPrac_ws/install/key_event_msgs' for CMake module files
[3.095s] Level 1:colcon.colcon_core.environment:checking '/home/kousei/2DRoboPrac_ws/install/key_event_msgs' for CMake config files
[3.095s] Level 1:colcon.colcon_core.shell:create_environment_hook('key_event_msgs', 'cmake_prefix_path')
[3.103s] INFO:colcon.colcon_core.shell:Creating environment hook '/home/kousei/2DRoboPrac_ws/install/key_event_msgs/share/key_event_msgs/hook/cmake_prefix_path.ps1'
[3.103s] INFO:colcon.colcon_core.shell:Creating environment descriptor '/home/kousei/2DRoboPrac_ws/install/key_event_msgs/share/key_event_msgs/hook/cmake_prefix_path.dsv'
[3.104s] INFO:colcon.colcon_core.shell:Creating environment hook '/home/kousei/2DRoboPrac_ws/install/key_event_msgs/share/key_event_msgs/hook/cmake_prefix_path.sh'
[3.104s] Level 1:colcon.colcon_core.environment:checking '/home/kousei/2DRoboPrac_ws/install/key_event_msgs/lib'
[3.104s] Level 1:colcon.colcon_core.shell:create_environment_hook('key_event_msgs', 'ld_library_path_lib')
[3.111s] INFO:colcon.colcon_core.shell:Creating environment hook '/home/kousei/2DRoboPrac_ws/install/key_event_msgs/share/key_event_msgs/hook/ld_library_path_lib.ps1'
[3.111s] INFO:colcon.colcon_core.shell:Creating environment descriptor '/home/kousei/2DRoboPrac_ws/install/key_event_msgs/share/key_event_msgs/hook/ld_library_path_lib.dsv'
[3.111s] INFO:colcon.colcon_core.shell:Creating environment hook '/home/kousei/2DRoboPrac_ws/install/key_event_msgs/share/key_event_msgs/hook/ld_library_path_lib.sh'
[3.111s] Level 1:colcon.colcon_core.environment:checking '/home/kousei/2DRoboPrac_ws/install/key_event_msgs/bin'
[3.111s] Level 1:colcon.colcon_core.environment:checking '/home/kousei/2DRoboPrac_ws/install/key_event_msgs/lib/pkgconfig/key_event_msgs.pc'
[3.111s] Level 1:colcon.colcon_core.environment:checking '/home/kousei/2DRoboPrac_ws/install/key_event_msgs/lib/python3.10/site-packages'
[3.112s] Level 1:colcon.colcon_core.environment:checking '/home/kousei/2DRoboPrac_ws/install/key_event_msgs/bin'
[3.119s] INFO:colcon.colcon_core.shell:Creating package script '/home/kousei/2DRoboPrac_ws/install/key_event_msgs/share/key_event_msgs/package.ps1'
[3.119s] INFO:colcon.colcon_core.shell:Creating package descriptor '/home/kousei/2DRoboPrac_ws/install/key_event_msgs/share/key_event_msgs/package.dsv'
[3.120s] INFO:colcon.colcon_core.shell:Creating package script '/home/kousei/2DRoboPrac_ws/install/key_event_msgs/share/key_event_msgs/package.sh'
[3.120s] INFO:colcon.colcon_core.shell:Creating package script '/home/kousei/2DRoboPrac_ws/install/key_event_msgs/share/key_event_msgs/package.bash'
[3.120s] INFO:colcon.colcon_core.shell:Creating package script '/home/kousei/2DRoboPrac_ws/install/key_event_msgs/share/key_event_msgs/package.zsh'
[3.120s] Level 1:colcon.colcon_core.environment:create_file_with_runtime_dependencies(/home/kousei/2DRoboPrac_ws/install/key_event_msgs/share/colcon-core/packages/key_event_msgs)
[3.121s] INFO:colcon.colcon_ros.task.ament_cmake.build:Building ROS package in '/home/kousei/2DRoboPrac_ws/ros2_ws/src/key_event_nodes' with build type 'ament_cmake'
[3.121s] INFO:colcon.colcon_cmake.task.cmake.build:Building CMake package in '/home/kousei/2DRoboPrac_ws/ros2_ws/src/key_event_nodes'
[3.131s] INFO:colcon.colcon_core.shell:Skip shell extension 'powershell' for command environment: Not usable outside of PowerShell
[3.131s] DEBUG:colcon.colcon_core.shell:Skip shell extension 'dsv' for command environment
[3.154s] DEBUG:colcon.colcon_core.event_handler.log_command:Invoking command in '/home/kousei/2DRoboPrac_ws/build/key_event_nodes': AMENT_PREFIX_PATH=/home/kousei/2DRoboPrac_ws/install/key_event_msgs:${AMENT_PREFIX_PATH} CMAKE_PREFIX_PATH=/home/kousei/2DRoboPrac_ws/install/key_event_msgs:/opt/ros/humble LD_LIBRARY_PATH=/home/kousei/2DRoboPrac_ws/install/key_event_msgs/lib:${LD_LIBRARY_PATH} PYTHONPATH=/home/kousei/2DRoboPrac_ws/install/key_event_msgs/local/lib/python3.10/dist-packages:${PYTHONPATH} /usr/bin/cmake /home/kousei/2DRoboPrac_ws/ros2_ws/src/key_event_nodes -DCMAKE_INSTALL_PREFIX=/home/kousei/2DRoboPrac_ws/install/key_event_nodes
[4.063s] DEBUG:colcon.colcon_core.event_handler.log_command:Invoked command in '/home/kousei/2DRoboPrac_ws/build/key_event_nodes' returned '0': AMENT_PREFIX_PATH=/home/kousei/2DRoboPrac_ws/install/key_event_msgs:${AMENT_PREFIX_PATH} CMAKE_PREFIX_PATH=/home/kousei/2DRoboPrac_ws/install/key_event_msgs:/opt/ros/humble LD_LIBRARY_PATH=/home/kousei/2DRoboPrac_ws/install/key_event_msgs/lib:${LD_LIBRARY_PATH} PYTHONPATH=/home/kousei/2DRoboPrac_ws/install/key_event_msgs/local/lib/python3.10/dist-packages:${PYTHONPATH} /usr/bin/cmake /home/kousei/2DRoboPrac_ws/ros2_ws/src/key_event_nodes -DCMAKE_INSTALL_PREFIX=/home/kousei/2DRoboPrac_ws/install/key_event_nodes
[4.064s] DEBUG:colcon.colcon_core.event_handler.log_command:Invoking command in '/home/kousei/2DRoboPrac_ws/build/key_event_nodes': AMENT_PREFIX_PATH=/home/kousei/2DRoboPrac_ws/install/key_event_msgs:${AMENT_PREFIX_PATH} CMAKE_PREFIX_PATH=/home/kousei/2DRoboPrac_ws/install/key_event_msgs:/opt/ros/humble LD_LIBRARY_PATH=/home/kousei/2DRoboPrac_ws/install/key_event_msgs/lib:${LD_LIBRARY_PATH} PYTHONPATH=/home/kousei/2DRoboPrac_ws/install/key_event_msgs/local/lib/python3.10/dist-packages:${PYTHONPATH} /usr/bin/cmake --build /home/kousei/2DRoboPrac_ws/build/key_event_nodes -- -j16 -l16
[6.962s] DEBUG:colcon.colcon_core.event_handler.log_command:Invoked command in '/home/kousei/2DRoboPrac_ws/build/key_event_nodes' returned '0': AMENT_PREFIX_PATH=/home/kousei/2DRoboPrac_ws/install/key_event_msgs:${AMENT_PREFIX_PATH} CMAKE_PREFIX_PATH=/home/kousei/2DRoboPrac_ws/install/key_event_msgs:/opt/ros/humble LD_LIBRARY_PATH=/home/kousei/2DRoboPrac_ws/install/key_event_msgs/lib:${LD_LIBRARY_PATH} PYTHONPATH=/home/kousei/2DRoboPrac_ws/install/key_event_msgs/local/lib/python3.10/dist-packages:${PYTHONPATH} /usr/bin/cmake --build /home/kousei/2DRoboPrac_ws/build/key_event_nodes -- -j16 -l16
[6.977s] DEBUG:colcon.colcon_core.event_handler.log_command:Invoking command in '/home/kousei/2DRoboPrac_ws/build/key_event_nodes': AMENT_PREFIX_PATH=/home/kousei/2DRoboPrac_ws/install/key_event_msgs:${AMENT_PREFIX_PATH} CMAKE_PREFIX_PATH=/home/kousei/2DRoboPrac_ws/install/key_event_msgs:/opt/ros/humble LD_LIBRARY_PATH=/home/kousei/2DRoboPrac_ws/install/key_event_msgs/lib:${LD_LIBRARY_PATH} PYTHONPATH=/home/kousei/2DRoboPrac_ws/install/key_event_msgs/local/lib/python3.10/dist-packages:${PYTHONPATH} /usr/bin/cmake --install /home/kousei/2DRoboPrac_ws/build/key_event_nodes
[6.987s] Level 1:colcon.colcon_core.environment:create_environment_scripts_only(key_event_nodes)
[6.987s] DEBUG:colcon.colcon_core.event_handler.log_command:Invoked command in '/home/kousei/2DRoboPrac_ws/build/key_event_nodes' returned '0': AMENT_PREFIX_PATH=/home/kousei/2DRoboPrac_ws/install/key_event_msgs:${AMENT_PREFIX_PATH} CMAKE_PREFIX_PATH=/home/kousei/2DRoboPrac_ws/install/key_event_msgs:/opt/ros/humble LD_LIBRARY_PATH=/home/kousei/2DRoboPrac_ws/install/key_event_msgs/lib:${LD_LIBRARY_PATH} PYTHONPATH=/home/kousei/2DRoboPrac_ws/install/key_event_msgs/local/lib/python3.10/dist-packages:${PYTHONPATH} /usr/bin/cmake --install /home/kousei/2DRoboPrac_ws/build/key_event_nodes
[6.995s] Level 1:colcon.colcon_core.environment:checking '/home/kousei/2DRoboPrac_ws/install/key_event_nodes' for CMake module files
[6.995s] Level 1:colcon.colcon_core.environment:checking '/home/kousei/2DRoboPrac_ws/install/key_event_nodes' for CMake config files
[6.996s] Level 1:colcon.colcon_core.shell:create_environment_hook('key_event_nodes', 'cmake_prefix_path')
[7.003s] INFO:colcon.colcon_core.shell:Creating environment hook '/home/kousei/2DRoboPrac_ws/install/key_event_nodes/share/key_event_nodes/hook/cmake_prefix_path.ps1'
[7.003s] INFO:colcon.colcon_core.shell:Creating environment descriptor '/home/kousei/2DRoboPrac_ws/install/key_event_nodes/share/key_event_nodes/hook/cmake_prefix_path.dsv'
[7.003s] INFO:colcon.colcon_core.shell:Creating environment hook '/home/kousei/2DRoboPrac_ws/install/key_event_nodes/share/key_event_nodes/hook/cmake_prefix_path.sh'
[7.003s] Level 1:colcon.colcon_core.environment:checking '/home/kousei/2DRoboPrac_ws/install/key_event_nodes/lib'
[7.003s] Level 1:colcon.colcon_core.shell:create_environment_hook('key_event_nodes', 'ld_library_path_lib')
[7.010s] INFO:colcon.colcon_core.shell:Creating environment hook '/home/kousei/2DRoboPrac_ws/install/key_event_nodes/share/key_event_nodes/hook/ld_library_path_lib.ps1'
[7.010s] INFO:colcon.colcon_core.shell:Creating environment descriptor '/home/kousei/2DRoboPrac_ws/install/key_event_nodes/share/key_event_nodes/hook/ld_library_path_lib.dsv'
[7.010s] INFO:colcon.colcon_core.shell:Creating environment hook '/home/kousei/2DRoboPrac_ws/install/key_event_nodes/share/key_event_nodes/hook/ld_library_path_lib.sh'
[7.010s] Level 1:colcon.colcon_core.environment:checking '/home/kousei/2DRoboPrac_ws/install/key_event_nodes/bin'
[7.010s] Level 1:colcon.colcon_core.environment:checking '/home/kousei/2DRoboPrac_ws/install/key_event_nodes/lib/pkgconfig/key_event_nodes.pc'
[7.011s] Level 1:colcon.colcon_core.environment:checking '/home/kousei/2DRoboPrac_ws/install/key_event_nodes/lib/python3.10/site-packages'
[7.011s] Level 1:colcon.colcon_core.environment:checking '/home/kousei/2DRoboPrac_ws/install/key_event_nodes/bin'
[7.017s] INFO:colcon.colcon_core.shell:Creating package script '/home/kousei/2DRoboPrac_ws/install/key_event_nodes/share/key_event_nodes/package.ps1'
[7.018s] INFO:colcon.colcon_core.shell:Creating package descriptor '/home/kousei/2DRoboPrac_ws/install/key_event_nodes/share/key_event_nodes/package.dsv'
[7.018s] INFO:colcon.colcon_core.shell:Creating package script '/home/kousei/2DRoboPrac_ws/install/key_event_nodes/share/key_event_nodes/package.sh'
[7.018s] INFO:colcon.colcon_core.shell:Creating package script '/home/kousei/2DRoboPrac_ws/install/key_event_nodes/share/key_event_nodes/package.bash'
[7.018s] INFO:colcon.colcon_core.shell:Creating package script '/home/kousei/2DRoboPrac_ws/install/key_event_nodes/share/key_event_nodes/package.zsh'
[7.018s] Level 1:colcon.colcon_core.environment:create_file_with_runtime_dependencies(/home/kousei/2DRoboPrac_ws/install/key_event_nodes/share/colcon-core/packages/key_event_nodes)
[7.043s] Level 1:colcon.colcon_core.environment:create_environment_scripts_only(key_event_nodes)
[7.050s] Level 1:colcon.colcon_core.environment:checking '/home/kousei/2DRoboPrac_ws/install/key_event_nodes' for CMake module files
[7.050s] Level 1:colcon.colcon_core.environment:checking '/home/kousei/2DRoboPrac_ws/install/key_event_nodes' for CMake config files
[7.050s] Level 1:colcon.colcon_core.shell:create_environment_hook('key_event_nodes', 'cmake_prefix_path')
[7.057s] INFO:colcon.colcon_core.shell:Creating environment hook '/home/kousei/2DRoboPrac_ws/install/key_event_nodes/share/key_event_nodes/hook/cmake_prefix_path.ps1'
[7.057s] INFO:colcon.colcon_core.shell:Creating environment descriptor '/home/kousei/2DRoboPrac_ws/install/key_event_nodes/share/key_event_nodes/hook/cmake_prefix_path.dsv'
[7.058s] INFO:colcon.colcon_core.shell:Creating environment hook '/home/kousei/2DRoboPrac_ws/install/key_event_nodes/share/key_event_nodes/hook/cmake_prefix_path.sh'
[7.058s] Level 1:colcon.colcon_core.environment:checking '/home/kousei/2DRoboPrac_ws/install/key_event_nodes/lib'
[7.058s] Level 1:colcon.colcon_core.shell:create_environment_hook('key_event_nodes', 'ld_library_path_lib')
[7.065s] INFO:colcon.colcon_core.shell:Creating environment hook '/home/kousei/2DRoboPrac_ws/install/key_event_nodes/share/key_event_nodes/hook/ld_library_path_lib.ps1'
[7.065s] INFO:colcon.colcon_core.shell:Creating environment descriptor '/home/kousei/2DRoboPrac_ws/install/key_event_nodes/share/key_event_nodes/hook/ld_library_path_lib.dsv'
[7.065s] INFO:colcon.colcon_core.shell:Creating environment hook '/home/kousei/2DRoboPrac_ws/install/key_event_nodes/share/key_event_nodes/hook/ld_library_path_lib.sh'
[7.065s] Level 1:colcon.colcon_core.environment:checking '/home/kousei/2DRoboPrac_ws/install/key_event_nodes/bin'
[7.066s] Level 1:colcon.colcon_core.environment:checking '/home/kousei/2DRoboPrac_ws/install/key_event_nodes/lib/pkgconfig/key_event_nodes.pc'
[7.066s] Level 1:colcon.colcon_core.environment:checking '/home/kousei/2DRoboPrac_ws/install/key_event_nodes/lib/python3.10/site-packages'
[7.066s] Level 1:colcon.colcon_core.environment:checking '/home/kousei/2DRoboPrac_ws/install/key_event_nodes/bin'
[7.072s] INFO:colcon.colcon_core.shell:Creating package script '/home/kousei/2DRoboPrac_ws/install/key_event_nodes/share/key_event_nodes/package.ps1'
[7.072s] INFO:colcon.colcon_core.shell:Creating package descriptor '/home/kousei/2DRoboPrac_ws/install/key_event_nodes/share/key_event_nodes/package.dsv'
[7.073s] INFO:colcon.colcon_core.shell:Creating package script '/home/kousei/2DRoboPrac_ws/install/key_event_nodes/share/key_event_nodes/package.sh'
[7.073s] INFO:colcon.colcon_core.shell:Creating package script '/home/kousei/2DRoboPrac_ws/install/key_event_nodes/share/key_event_nodes/package.bash'
[7.073s] INFO:colcon.colcon_core.shell:Creating package script '/home/kousei/2DRoboPrac_ws/install/key_event_nodes/share/key_event_nodes/package.zsh'
[7.073s] Level 1:colcon.colcon_core.environment:create_file_with_runtime_dependencies(/home/kousei/2DRoboPrac_ws/install/key_event_nodes/share/colcon-core/packages/key_event_nodes)
[7.073s] INFO:colcon.colcon_ros.task.ament_cmake.build:Building ROS package in '/home/kousei/2DRoboPrac_ws/ros2_ws/src/nav_dev' with build type 'ament_cmake'
[7.073s] INFO:colcon.colcon_cmake.task.cmake.build:Building CMake package in '/home/kousei/2DRoboPrac_ws/ros2_ws/src/nav_dev'
[7.081s] INFO:colcon.colcon_core.shell:Skip shell extension 'powershell' for command environment: Not usable outside of PowerShell
[7.081s] DEBUG:colcon.colcon_core.shell:Skip shell extension 'dsv' for command environment
[7.107s] DEBUG:colcon.colcon_core.event_handler.log_command:Invoking command in '/home/kousei/2DRoboPrac_ws/build/nav_dev': AMENT_PREFIX_PATH=/home/kousei/2DRoboPrac_ws/install/key_event_nodes:/home/kousei/2DRoboPrac_ws/install/key_event_msgs:${AMENT_PREFIX_PATH} CMAKE_PREFIX_PATH=/home/kousei/2DRoboPrac_ws/install/key_event_nodes:/home/kousei/2DRoboPrac_ws/install/key_event_msgs:/opt/ros/humble LD_LIBRARY_PATH=/home/kousei/2DRoboPrac_ws/install/key_event_nodes/lib:/home/kousei/2DRoboPrac_ws/install/key_event_msgs/lib:${LD_LIBRARY_PATH} PYTHONPATH=/home/kousei/2DRoboPrac_ws/install/key_event_msgs/local/lib/python3.10/dist-packages:${PYTHONPATH} /usr/bin/cmake /home/kousei/2DRoboPrac_ws/ros2_ws/src/nav_dev -DCMAKE_INSTALL_PREFIX=/home/kousei/2DRoboPrac_ws/install/nav_dev
[8.170s] DEBUG:colcon.colcon_core.event_handler.log_command:Invoked command in '/home/kousei/2DRoboPrac_ws/build/nav_dev' returned '0': AMENT_PREFIX_PATH=/home/kousei/2DRoboPrac_ws/install/key_event_nodes:/home/kousei/2DRoboPrac_ws/install/key_event_msgs:${AMENT_PREFIX_PATH} CMAKE_PREFIX_PATH=/home/kousei/2DRoboPrac_ws/install/key_event_nodes:/home/kousei/2DRoboPrac_ws/install/key_event_msgs:/opt/ros/humble LD_LIBRARY_PATH=/home/kousei/2DRoboPrac_ws/install/key_event_nodes/lib:/home/kousei/2DRoboPrac_ws/install/key_event_msgs/lib:${LD_LIBRARY_PATH} PYTHONPATH=/home/kousei/2DRoboPrac_ws/install/key_event_msgs/local/lib/python3.10/dist-packages:${PYTHONPATH} /usr/bin/cmake /home/kousei/2DRoboPrac_ws/ros2_ws/src/nav_dev -DCMAKE_INSTALL_PREFIX=/home/kousei/2DRoboPrac_ws/install/nav_dev
[8.171s] DEBUG:colcon.colcon_core.event_handler.log_command:Invoking command in '/home/kousei/2DRoboPrac_ws/build/nav_dev': AMENT_PREFIX_PATH=/home/kousei/2DRoboPrac_ws/install/key_event_nodes:/home/kousei/2DRoboPrac_ws/install/key_event_msgs:${AMENT_PREFIX_PATH} CMAKE_PREFIX_PATH=/home/kousei/2DRoboPrac_ws/install/key_event_nodes:/home/kousei/2DRoboPrac_ws/install/key_event_msgs:/opt/ros/humble LD_LIBRARY_PATH=/home/kousei/2DRoboPrac_ws/install/key_event_nodes/lib:/home/kousei/2DRoboPrac_ws/install/key_event_msgs/lib:${LD_LIBRARY_PATH} PYTHONPATH=/home/kousei/2DRoboPrac_ws/install/key_event_msgs/local/lib/python3.10/dist-packages:${PYTHONPATH} /usr/bin/cmake --build /home/kousei/2DRoboPrac_ws/build/nav_dev -- -j16 -l16
[15.495s] DEBUG:colcon.colcon_core.event_handler.log_command:Invoked command in '/home/kousei/2DRoboPrac_ws/build/nav_dev' returned '0': AMENT_PREFIX_PATH=/home/kousei/2DRoboPrac_ws/install/key_event_nodes:/home/kousei/2DRoboPrac_ws/install/key_event_msgs:${AMENT_PREFIX_PATH} CMAKE_PREFIX_PATH=/home/kousei/2DRoboPrac_ws/install/key_event_nodes:/home/kousei/2DRoboPrac_ws/install/key_event_msgs:/opt/ros/humble LD_LIBRARY_PATH=/home/kousei/2DRoboPrac_ws/install/key_event_nodes/lib:/home/kousei/2DRoboPrac_ws/install/key_event_msgs/lib:${LD_LIBRARY_PATH} PYTHONPATH=/home/kousei/2DRoboPrac_ws/install/key_event_msgs/local/lib/python3.10/dist-packages:${PYTHONPATH} /usr/bin/cmake --build /home/kousei/2DRoboPrac_ws/build/nav_dev -- -j16 -l16
[15.513s] DEBUG:colcon.colcon_core.event_handler.log_command:Invoking command in '/home/kousei/2DRoboPrac_ws/build/nav_dev': AMENT_PREFIX_PATH=/home/kousei/2DRoboPrac_ws/install/key_event_nodes:/home/kousei/2DRoboPrac_ws/install/key_event_msgs:${AMENT_PREFIX_PATH} CMAKE_PREFIX_PATH=/home/kousei/2DRoboPrac_ws/install/key_event_nodes:/home/kousei/2DRoboPrac_ws/install/key_event_msgs:/opt/ros/humble LD_LIBRARY_PATH=/home/kousei/2DRoboPrac_ws/install/key_event_nodes/lib:/home/kousei/2DRoboPrac_ws/install/key_event_msgs/lib:${LD_LIBRARY_PATH} PYTHONPATH=/home/kousei/2DRoboPrac_ws/install/key_event_msgs/local/lib/python3.10/dist-packages:${PYTHONPATH} /usr/bin/cmake --install /home/kousei/2DRoboPrac_ws/build/nav_dev
[15.552s] Level 1:colcon.colcon_core.environment:create_environment_scripts_only(nav_dev)
[15.553s] DEBUG:colcon.colcon_core.event_handler.log_command:Invoked command in '/home/kousei/2DRoboPrac_ws/build/nav_dev' returned '0': AMENT_PREFIX_PATH=/home/kousei/2DRoboPrac_ws/install/key_event_nodes:/home/kousei/2DRoboPrac_ws/install/key_event_msgs:${AMENT_PREFIX_PATH} CMAKE_PREFIX_PATH=/home/kousei/2DRoboPrac_ws/install/key_event_nodes:/home/kousei/2DRoboPrac_ws/install/key_event_msgs:/opt/ros/humble LD_LIBRARY_PATH=/home/kousei/2DRoboPrac_ws/install/key_event_nodes/lib:/home/kousei/2DRoboPrac_ws/install/key_event_msgs/lib:${LD_LIBRARY_PATH} PYTHONPATH=/home/kousei/2DRoboPrac_ws/install/key_event_msgs/local/lib/python3.10/dist-packages:${PYTHONPATH} /usr/bin/cmake --install /home/kousei/2DRoboPrac_ws/build/nav_dev
[15.560s] Level 1:colcon.colcon_core.environment:checking '/home/kousei/2DRoboPrac_ws/install/nav_dev' for CMake module files
[15.561s] Level 1:colcon.colcon_core.environment:checking '/home/kousei/2DRoboPrac_ws/install/nav_dev' for CMake config files
[15.561s] Level 1:colcon.colcon_core.shell:create_environment_hook('nav_dev', 'cmake_prefix_path')
[15.569s] INFO:colcon.colcon_core.shell:Creating environment hook '/home/kousei/2DRoboPrac_ws/install/nav_dev/share/nav_dev/hook/cmake_prefix_path.ps1'
[15.570s] INFO:colcon.colcon_core.shell:Creating environment descriptor '/home/kousei/2DRoboPrac_ws/install/nav_dev/share/nav_dev/hook/cmake_prefix_path.dsv'
[15.570s] INFO:colcon.colcon_core.shell:Creating environment hook '/home/kousei/2DRoboPrac_ws/install/nav_dev/share/nav_dev/hook/cmake_prefix_path.sh'
[15.570s] Level 1:colcon.colcon_core.environment:checking '/home/kousei/2DRoboPrac_ws/install/nav_dev/lib'
[15.570s] Level 1:colcon.colcon_core.environment:checking '/home/kousei/2DRoboPrac_ws/install/nav_dev/bin'
[15.570s] Level 1:colcon.colcon_core.environment:checking '/home/kousei/2DRoboPrac_ws/install/nav_dev/lib/pkgconfig/nav_dev.pc'
[15.570s] Level 1:colcon.colcon_core.environment:checking '/home/kousei/2DRoboPrac_ws/install/nav_dev/lib/python3.10/site-packages'
[15.571s] Level 1:colcon.colcon_core.environment:checking '/home/kousei/2DRoboPrac_ws/install/nav_dev/bin'
[15.578s] INFO:colcon.colcon_core.shell:Creating package script '/home/kousei/2DRoboPrac_ws/install/nav_dev/share/nav_dev/package.ps1'
[15.579s] INFO:colcon.colcon_core.shell:Creating package descriptor '/home/kousei/2DRoboPrac_ws/install/nav_dev/share/nav_dev/package.dsv'
[15.579s] INFO:colcon.colcon_core.shell:Creating package script '/home/kousei/2DRoboPrac_ws/install/nav_dev/share/nav_dev/package.sh'
[15.579s] INFO:colcon.colcon_core.shell:Creating package script '/home/kousei/2DRoboPrac_ws/install/nav_dev/share/nav_dev/package.bash'
[15.579s] INFO:colcon.colcon_core.shell:Creating package script '/home/kousei/2DRoboPrac_ws/install/nav_dev/share/nav_dev/package.zsh'
[15.579s] Level 1:colcon.colcon_core.environment:create_file_with_runtime_dependencies(/home/kousei/2DRoboPrac_ws/install/nav_dev/share/colcon-core/packages/nav_dev)
[15.604s] Level 1:colcon.colcon_core.environment:create_environment_scripts_only(nav_dev)
[15.611s] Level 1:colcon.colcon_core.environment:checking '/home/kousei/2DRoboPrac_ws/install/nav_dev' for CMake module files
[15.612s] Level 1:colcon.colcon_core.environment:checking '/home/kousei/2DRoboPrac_ws/install/nav_dev' for CMake config files
[15.612s] Level 1:colcon.colcon_core.shell:create_environment_hook('nav_dev', 'cmake_prefix_path')
[15.620s] INFO:colcon.colcon_core.shell:Creating environment hook '/home/kousei/2DRoboPrac_ws/install/nav_dev/share/nav_dev/hook/cmake_prefix_path.ps1'
[15.620s] INFO:colcon.colcon_core.shell:Creating environment descriptor '/home/kousei/2DRoboPrac_ws/install/nav_dev/share/nav_dev/hook/cmake_prefix_path.dsv'
[15.620s] INFO:colcon.colcon_core.shell:Creating environment hook '/home/kousei/2DRoboPrac_ws/install/nav_dev/share/nav_dev/hook/cmake_prefix_path.sh'
[15.621s] Level 1:colcon.colcon_core.environment:checking '/home/kousei/2DRoboPrac_ws/install/nav_dev/lib'
[15.621s] Level 1:colcon.colcon_core.environment:checking '/home/kousei/2DRoboPrac_ws/install/nav_dev/bin'
[15.621s] Level 1:colcon.colcon_core.environment:checking '/home/kousei/2DRoboPrac_ws/install/nav_dev/lib/pkgconfig/nav_dev.pc'
[15.621s] Level 1:colcon.colcon_core.environment:checking '/home/kousei/2DRoboPrac_ws/install/nav_dev/lib/python3.10/site-packages'
[15.621s] Level 1:colcon.colcon_core.environment:checking '/home/kousei/2DRoboPrac_ws/install/nav_dev/bin'
[15.629s] INFO:colcon.colcon_core.shell:Creating package script '/home/kousei/2DRoboPrac_ws/install/nav_dev/share/nav_dev/package.ps1'
[15.629s] INFO:colcon.colcon_core.shell:Creating package descriptor '/home/kousei/2DRoboPrac_ws/install/nav_dev/share/nav_dev/package.dsv'
[15.630s] INFO:colcon.colcon_core.shell:Creating package script '/home/kousei/2DRoboPrac_ws/install/nav_dev/share/nav_dev/package.sh'
[15.630s] INFO:colcon.colcon_core.shell:Creating package script '/home/kousei/2DRoboPrac_ws/install/nav_dev/share/nav_dev/package.bash'
[15.630s] INFO:colcon.colcon_core.shell:Creating package script '/home/kousei/2DRoboPrac_ws/install/nav_dev/share/nav_dev/package.zsh'
[15.630s] Level 1:colcon.colcon_core.environment:create_file_with_runtime_dependencies(/home/kousei/2DRoboPrac_ws/install/nav_dev/share/colcon-core/packages/nav_dev)
[15.630s] DEBUG:colcon.colcon_parallel_executor.executor.parallel:closing loop
[15.631s] DEBUG:colcon.colcon_parallel_executor.executor.parallel:loop closed
[15.631s] DEBUG:colcon.colcon_parallel_executor.executor.parallel:run_until_complete finished with '0'
[15.631s] DEBUG:colcon.colcon_core.event_reactor:joining thread
[15.642s] INFO:colcon.colcon_core.plugin_system:Skipping extension 'colcon_notification.desktop_notification.terminal_notifier': Not used on non-Darwin systems
[15.642s] INFO:colcon.colcon_core.plugin_system:Skipping extension 'colcon_notification.desktop_notification.win32': Not used on non-Windows systems
[15.642s] INFO:colcon.colcon_notification.desktop_notification:Sending desktop notification using 'notify2'
[15.651s] DEBUG:colcon.colcon_core.event_reactor:joined thread
[15.659s] INFO:colcon.colcon_core.shell:Creating prefix script '/home/kousei/2DRoboPrac_ws/install/local_setup.ps1'
[15.660s] INFO:colcon.colcon_core.shell:Creating prefix util module '/home/kousei/2DRoboPrac_ws/install/_local_setup_util_ps1.py'
[15.661s] INFO:colcon.colcon_core.shell:Creating prefix chain script '/home/kousei/2DRoboPrac_ws/install/setup.ps1'
[15.669s] INFO:colcon.colcon_core.shell:Creating prefix script '/home/kousei/2DRoboPrac_ws/install/local_setup.sh'
[15.669s] INFO:colcon.colcon_core.shell:Creating prefix util module '/home/kousei/2DRoboPrac_ws/install/_local_setup_util_sh.py'
[15.670s] INFO:colcon.colcon_core.shell:Creating prefix chain script '/home/kousei/2DRoboPrac_ws/install/setup.sh'
[15.678s] INFO:colcon.colcon_core.shell:Creating prefix script '/home/kousei/2DRoboPrac_ws/install/local_setup.bash'
[15.678s] INFO:colcon.colcon_core.shell:Creating prefix chain script '/home/kousei/2DRoboPrac_ws/install/setup.bash'
[15.686s] INFO:colcon.colcon_core.shell:Creating prefix script '/home/kousei/2DRoboPrac_ws/install/local_setup.zsh'
[15.687s] INFO:colcon.colcon_core.shell:Creating prefix chain script '/home/kousei/2DRoboPrac_ws/install/setup.zsh'
