[0.454s] DEBUG:colcon:Command line arguments: ['/usr/bin/colcon', 'build']
[0.454s] DEBUG:colcon:Parsed command line arguments: Namespace(log_base=None, log_level=None, verb_name='build', build_base='build', install_base='install', merge_install=False, symlink_install=False, test_result_base=None, continue_on_error=False, executor='parallel', parallel_workers=16, event_handlers=None, ignore_user_meta=False, metas=['./colcon.meta'], base_paths=['.'], packages_ignore=None, packages_ignore_regex=None, paths=None, packages_up_to=None, packages_up_to_regex=None, packages_above=None, packages_above_and_dependencies=None, packages_above_depth=None, packages_select_by_dep=None, packages_skip_by_dep=None, packages_skip_up_to=None, packages_select_build_failed=False, packages_skip_build_finished=False, packages_select_test_failures=False, packages_skip_test_passed=False, packages_select=None, packages_skip=None, packages_select_regex=None, packages_skip_regex=None, packages_start=None, packages_end=None, allow_overriding=[], cmake_args=None, cmake_target=None, cmake_target_skip_unavailable=False, cmake_clean_cache=False, cmake_clean_first=False, cmake_force_configure=False, ament_cmake_args=None, catkin_cmake_args=None, catkin_skip_building_tests=False, verb_parser=<colcon_defaults.argument_parser.defaults.DefaultArgumentsDecorator object at 0x7fa60e67f3a0>, verb_extension=<colcon_core.verb.build.BuildVerb object at 0x7fa60eacfeb0>, main=<bound method BuildVerb.main of <colcon_core.verb.build.BuildVerb object at 0x7fa60eacfeb0>>)
[0.476s] Level 1:colcon.colcon_core.package_discovery:discover_packages(colcon_meta) check parameters
[0.476s] Level 1:colcon.colcon_core.package_discovery:discover_packages(recursive) check parameters
[0.476s] Level 1:colcon.colcon_core.package_discovery:discover_packages(ignore) check parameters
[0.476s] Level 1:colcon.colcon_core.package_discovery:discover_packages(path) check parameters
[0.476s] Level 1:colcon.colcon_core.package_discovery:discover_packages(colcon_meta) discover
[0.476s] Level 1:colcon.colcon_core.package_discovery:discover_packages(recursive) discover
[0.476s] INFO:colcon.colcon_core.package_discovery:Crawling recursively for packages in '/home/kousei/2DRoboPrac_ws/ros2_ws'
[0.476s] Level 1:colcon.colcon_core.package_identification:_identify(.) by extensions ['ignore', 'ignore_ament_install']
[0.476s] Level 1:colcon.colcon_core.package_identification:_identify(.) by extension 'ignore'
[0.477s] Level 1:colcon.colcon_core.package_identification:_identify(.) by extension 'ignore_ament_install'
[0.477s] Level 1:colcon.colcon_core.package_identification:_identify(.) by extensions ['colcon_pkg']
[0.477s] Level 1:colcon.colcon_core.package_identification:_identify(.) by extension 'colcon_pkg'
[0.477s] Level 1:colcon.colcon_core.package_identification:_identify(.) by extensions ['colcon_meta']
[0.477s] Level 1:colcon.colcon_core.package_identification:_identify(.) by extension 'colcon_meta'
[0.477s] Level 1:colcon.colcon_core.package_identification:_identify(.) by extensions ['ros']
[0.477s] Level 1:colcon.colcon_core.package_identification:_identify(.) by extension 'ros'
[0.483s] Level 1:colcon.colcon_core.package_identification:_identify(.) by extensions ['cmake', 'python']
[0.483s] Level 1:colcon.colcon_core.package_identification:_identify(.) by extension 'cmake'
[0.483s] Level 1:colcon.colcon_core.package_identification:_identify(.) by extension 'python'
[0.483s] Level 1:colcon.colcon_core.package_identification:_identify(.) by extensions ['python_setup_py']
[0.483s] Level 1:colcon.colcon_core.package_identification:_identify(.) by extension 'python_setup_py'
[0.483s] Level 1:colcon.colcon_core.package_identification:_identify(build) by extensions ['ignore', 'ignore_ament_install']
[0.483s] Level 1:colcon.colcon_core.package_identification:_identify(build) by extension 'ignore'
[0.483s] Level 1:colcon.colcon_core.package_identification:_identify(build) ignored
[0.483s] Level 1:colcon.colcon_core.package_identification:_identify(install) by extensions ['ignore', 'ignore_ament_install']
[0.483s] Level 1:colcon.colcon_core.package_identification:_identify(install) by extension 'ignore'
[0.483s] Level 1:colcon.colcon_core.package_identification:_identify(install) ignored
[0.484s] Level 1:colcon.colcon_core.package_identification:_identify(log) by extensions ['ignore', 'ignore_ament_install']
[0.484s] Level 1:colcon.colcon_core.package_identification:_identify(log) by extension 'ignore'
[0.484s] Level 1:colcon.colcon_core.package_identification:_identify(log) ignored
[0.484s] Level 1:colcon.colcon_core.package_identification:_identify(src) by extensions ['ignore', 'ignore_ament_install']
[0.484s] Level 1:colcon.colcon_core.package_identification:_identify(src) by extension 'ignore'
[0.484s] Level 1:colcon.colcon_core.package_identification:_identify(src) by extension 'ignore_ament_install'
[0.484s] Level 1:colcon.colcon_core.package_identification:_identify(src) by extensions ['colcon_pkg']
[0.484s] Level 1:colcon.colcon_core.package_identification:_identify(src) by extension 'colcon_pkg'
[0.484s] Level 1:colcon.colcon_core.package_identification:_identify(src) by extensions ['colcon_meta']
[0.484s] Level 1:colcon.colcon_core.package_identification:_identify(src) by extension 'colcon_meta'
[0.484s] Level 1:colcon.colcon_core.package_identification:_identify(src) by extensions ['ros']
[0.484s] Level 1:colcon.colcon_core.package_identification:_identify(src) by extension 'ros'
[0.484s] Level 1:colcon.colcon_core.package_identification:_identify(src) by extensions ['cmake', 'python']
[0.484s] Level 1:colcon.colcon_core.package_identification:_identify(src) by extension 'cmake'
[0.484s] Level 1:colcon.colcon_core.package_identification:_identify(src) by extension 'python'
[0.484s] Level 1:colcon.colcon_core.package_identification:_identify(src) by extensions ['python_setup_py']
[0.484s] Level 1:colcon.colcon_core.package_identification:_identify(src) by extension 'python_setup_py'
[0.484s] Level 1:colcon.colcon_core.package_identification:_identify(src/drive_msgs) by extensions ['ignore', 'ignore_ament_install']
[0.484s] Level 1:colcon.colcon_core.package_identification:_identify(src/drive_msgs) by extension 'ignore'
[0.484s] Level 1:colcon.colcon_core.package_identification:_identify(src/drive_msgs) by extension 'ignore_ament_install'
[0.484s] Level 1:colcon.colcon_core.package_identification:_identify(src/drive_msgs) by extensions ['colcon_pkg']
[0.484s] Level 1:colcon.colcon_core.package_identification:_identify(src/drive_msgs) by extension 'colcon_pkg'
[0.484s] Level 1:colcon.colcon_core.package_identification:_identify(src/drive_msgs) by extensions ['colcon_meta']
[0.484s] Level 1:colcon.colcon_core.package_identification:_identify(src/drive_msgs) by extension 'colcon_meta'
[0.484s] Level 1:colcon.colcon_core.package_identification:_identify(src/drive_msgs) by extensions ['ros']
[0.484s] Level 1:colcon.colcon_core.package_identification:_identify(src/drive_msgs) by extension 'ros'
[0.486s] DEBUG:colcon.colcon_core.package_identification:Package 'src/drive_msgs' with type 'ros.ament_cmake' and name 'drive_msgs'
[0.486s] Level 1:colcon.colcon_core.package_identification:_identify(src/key_event_msgs) by extensions ['ignore', 'ignore_ament_install']
[0.486s] Level 1:colcon.colcon_core.package_identification:_identify(src/key_event_msgs) by extension 'ignore'
[0.486s] Level 1:colcon.colcon_core.package_identification:_identify(src/key_event_msgs) by extension 'ignore_ament_install'
[0.486s] Level 1:colcon.colcon_core.package_identification:_identify(src/key_event_msgs) by extensions ['colcon_pkg']
[0.486s] Level 1:colcon.colcon_core.package_identification:_identify(src/key_event_msgs) by extension 'colcon_pkg'
[0.486s] Level 1:colcon.colcon_core.package_identification:_identify(src/key_event_msgs) by extensions ['colcon_meta']
[0.486s] Level 1:colcon.colcon_core.package_identification:_identify(src/key_event_msgs) by extension 'colcon_meta'
[0.486s] Level 1:colcon.colcon_core.package_identification:_identify(src/key_event_msgs) by extensions ['ros']
[0.486s] Level 1:colcon.colcon_core.package_identification:_identify(src/key_event_msgs) by extension 'ros'
[0.486s] DEBUG:colcon.colcon_core.package_identification:Package 'src/key_event_msgs' with type 'ros.ament_cmake' and name 'key_event_msgs'
[0.486s] Level 1:colcon.colcon_core.package_identification:_identify(src/key_event_nodes) by extensions ['ignore', 'ignore_ament_install']
[0.486s] Level 1:colcon.colcon_core.package_identification:_identify(src/key_event_nodes) by extension 'ignore'
[0.486s] Level 1:colcon.colcon_core.package_identification:_identify(src/key_event_nodes) by extension 'ignore_ament_install'
[0.486s] Level 1:colcon.colcon_core.package_identification:_identify(src/key_event_nodes) by extensions ['colcon_pkg']
[0.486s] Level 1:colcon.colcon_core.package_identification:_identify(src/key_event_nodes) by extension 'colcon_pkg'
[0.486s] Level 1:colcon.colcon_core.package_identification:_identify(src/key_event_nodes) by extensions ['colcon_meta']
[0.486s] Level 1:colcon.colcon_core.package_identification:_identify(src/key_event_nodes) by extension 'colcon_meta'
[0.486s] Level 1:colcon.colcon_core.package_identification:_identify(src/key_event_nodes) by extensions ['ros']
[0.486s] Level 1:colcon.colcon_core.package_identification:_identify(src/key_event_nodes) by extension 'ros'
[0.487s] DEBUG:colcon.colcon_core.package_identification:Package 'src/key_event_nodes' with type 'ros.ament_cmake' and name 'key_event_nodes'
[0.487s] Level 1:colcon.colcon_core.package_identification:_identify(src/nav_dev) by extensions ['ignore', 'ignore_ament_install']
[0.487s] Level 1:colcon.colcon_core.package_identification:_identify(src/nav_dev) by extension 'ignore'
[0.487s] Level 1:colcon.colcon_core.package_identification:_identify(src/nav_dev) by extension 'ignore_ament_install'
[0.487s] Level 1:colcon.colcon_core.package_identification:_identify(src/nav_dev) by extensions ['colcon_pkg']
[0.487s] Level 1:colcon.colcon_core.package_identification:_identify(src/nav_dev) by extension 'colcon_pkg'
[0.487s] Level 1:colcon.colcon_core.package_identification:_identify(src/nav_dev) by extensions ['colcon_meta']
[0.487s] Level 1:colcon.colcon_core.package_identification:_identify(src/nav_dev) by extension 'colcon_meta'
[0.487s] Level 1:colcon.colcon_core.package_identification:_identify(src/nav_dev) by extensions ['ros']
[0.487s] Level 1:colcon.colcon_core.package_identification:_identify(src/nav_dev) by extension 'ros'
[0.487s] DEBUG:colcon.colcon_core.package_identification:Package 'src/nav_dev' with type 'ros.ament_cmake' and name 'nav_dev'
[0.487s] Level 1:colcon.colcon_core.package_identification:_identify(src/nav_real) by extensions ['ignore', 'ignore_ament_install']
[0.488s] Level 1:colcon.colcon_core.package_identification:_identify(src/nav_real) by extension 'ignore'
[0.488s] Level 1:colcon.colcon_core.package_identification:_identify(src/nav_real) by extension 'ignore_ament_install'
[0.488s] Level 1:colcon.colcon_core.package_identification:_identify(src/nav_real) by extensions ['colcon_pkg']
[0.488s] Level 1:colcon.colcon_core.package_identification:_identify(src/nav_real) by extension 'colcon_pkg'
[0.488s] Level 1:colcon.colcon_core.package_identification:_identify(src/nav_real) by extensions ['colcon_meta']
[0.488s] Level 1:colcon.colcon_core.package_identification:_identify(src/nav_real) by extension 'colcon_meta'
[0.488s] Level 1:colcon.colcon_core.package_identification:_identify(src/nav_real) by extensions ['ros']
[0.488s] Level 1:colcon.colcon_core.package_identification:_identify(src/nav_real) by extension 'ros'
[0.488s] DEBUG:colcon.colcon_core.package_identification:Package 'src/nav_real' with type 'ros.ament_cmake' and name 'nav_real'
[0.488s] Level 1:colcon.colcon_core.package_identification:_identify(src/urg_node2) by extensions ['ignore', 'ignore_ament_install']
[0.488s] Level 1:colcon.colcon_core.package_identification:_identify(src/urg_node2) by extension 'ignore'
[0.488s] Level 1:colcon.colcon_core.package_identification:_identify(src/urg_node2) by extension 'ignore_ament_install'
[0.488s] Level 1:colcon.colcon_core.package_identification:_identify(src/urg_node2) by extensions ['colcon_pkg']
[0.488s] Level 1:colcon.colcon_core.package_identification:_identify(src/urg_node2) by extension 'colcon_pkg'
[0.488s] Level 1:colcon.colcon_core.package_identification:_identify(src/urg_node2) by extensions ['colcon_meta']
[0.488s] Level 1:colcon.colcon_core.package_identification:_identify(src/urg_node2) by extension 'colcon_meta'
[0.488s] Level 1:colcon.colcon_core.package_identification:_identify(src/urg_node2) by extensions ['ros']
[0.488s] Level 1:colcon.colcon_core.package_identification:_identify(src/urg_node2) by extension 'ros'
[0.489s] DEBUG:colcon.colcon_core.package_identification:Package 'src/urg_node2' with type 'ros.ament_cmake' and name 'urg_node2'
[0.489s] Level 1:colcon.colcon_core.package_discovery:discover_packages(recursive) using defaults
[0.489s] Level 1:colcon.colcon_core.package_discovery:discover_packages(ignore) discover
[0.489s] Level 1:colcon.colcon_core.package_discovery:discover_packages(ignore) using defaults
[0.489s] Level 1:colcon.colcon_core.package_discovery:discover_packages(path) discover
[0.489s] Level 1:colcon.colcon_core.package_discovery:discover_packages(path) using defaults
[0.532s] Level 1:colcon.colcon_core.package_discovery:discover_packages(prefix_path) check parameters
[0.532s] Level 1:colcon.colcon_core.package_discovery:discover_packages(prefix_path) discover
[0.546s] DEBUG:colcon.colcon_installed_package_information.package_discovery:Found 6 installed packages in /home/kousei/2DRoboPrac_ws/ros2_ws/install
[0.553s] DEBUG:colcon.colcon_installed_package_information.package_discovery:Found 412 installed packages in /opt/ros/humble
[0.554s] Level 1:colcon.colcon_core.package_discovery:discover_packages(prefix_path) using defaults
[0.615s] Level 5:colcon.colcon_core.verb:set package 'drive_msgs' build argument 'cmake_args' from command line to 'None'
[0.615s] Level 5:colcon.colcon_core.verb:set package 'drive_msgs' build argument 'cmake_target' from command line to 'None'
[0.615s] Level 5:colcon.colcon_core.verb:set package 'drive_msgs' build argument 'cmake_target_skip_unavailable' from command line to 'False'
[0.615s] Level 5:colcon.colcon_core.verb:set package 'drive_msgs' build argument 'cmake_clean_cache' from command line to 'False'
[0.615s] Level 5:colcon.colcon_core.verb:set package 'drive_msgs' build argument 'cmake_clean_first' from command line to 'False'
[0.615s] Level 5:colcon.colcon_core.verb:set package 'drive_msgs' build argument 'cmake_force_configure' from command line to 'False'
[0.615s] Level 5:colcon.colcon_core.verb:set package 'drive_msgs' build argument 'ament_cmake_args' from command line to 'None'
[0.615s] Level 5:colcon.colcon_core.verb:set package 'drive_msgs' build argument 'catkin_cmake_args' from command line to 'None'
[0.615s] Level 5:colcon.colcon_core.verb:set package 'drive_msgs' build argument 'catkin_skip_building_tests' from command line to 'False'
[0.615s] DEBUG:colcon.colcon_core.verb:Building package 'drive_msgs' with the following arguments: {'ament_cmake_args': None, 'build_base': '/home/kousei/2DRoboPrac_ws/ros2_ws/build/drive_msgs', 'catkin_cmake_args': None, 'catkin_skip_building_tests': False, 'cmake_args': None, 'cmake_clean_cache': False, 'cmake_clean_first': False, 'cmake_force_configure': False, 'cmake_target': None, 'cmake_target_skip_unavailable': False, 'install_base': '/home/kousei/2DRoboPrac_ws/ros2_ws/install/drive_msgs', 'merge_install': False, 'path': '/home/kousei/2DRoboPrac_ws/ros2_ws/src/drive_msgs', 'symlink_install': False, 'test_result_base': None}
[0.622s] Level 5:colcon.colcon_core.verb:set package 'key_event_msgs' build argument 'cmake_args' from command line to 'None'
[0.622s] Level 5:colcon.colcon_core.verb:set package 'key_event_msgs' build argument 'cmake_target' from command line to 'None'
[0.622s] Level 5:colcon.colcon_core.verb:set package 'key_event_msgs' build argument 'cmake_target_skip_unavailable' from command line to 'False'
[0.622s] Level 5:colcon.colcon_core.verb:set package 'key_event_msgs' build argument 'cmake_clean_cache' from command line to 'False'
[0.622s] Level 5:colcon.colcon_core.verb:set package 'key_event_msgs' build argument 'cmake_clean_first' from command line to 'False'
[0.622s] Level 5:colcon.colcon_core.verb:set package 'key_event_msgs' build argument 'cmake_force_configure' from command line to 'False'
[0.622s] Level 5:colcon.colcon_core.verb:set package 'key_event_msgs' build argument 'ament_cmake_args' from command line to 'None'
[0.622s] Level 5:colcon.colcon_core.verb:set package 'key_event_msgs' build argument 'catkin_cmake_args' from command line to 'None'
[0.622s] Level 5:colcon.colcon_core.verb:set package 'key_event_msgs' build argument 'catkin_skip_building_tests' from command line to 'False'
[0.622s] DEBUG:colcon.colcon_core.verb:Building package 'key_event_msgs' with the following arguments: {'ament_cmake_args': None, 'build_base': '/home/kousei/2DRoboPrac_ws/ros2_ws/build/key_event_msgs', 'catkin_cmake_args': None, 'catkin_skip_building_tests': False, 'cmake_args': None, 'cmake_clean_cache': False, 'cmake_clean_first': False, 'cmake_force_configure': False, 'cmake_target': None, 'cmake_target_skip_unavailable': False, 'install_base': '/home/kousei/2DRoboPrac_ws/ros2_ws/install/key_event_msgs', 'merge_install': False, 'path': '/home/kousei/2DRoboPrac_ws/ros2_ws/src/key_event_msgs', 'symlink_install': False, 'test_result_base': None}
[0.629s] Level 5:colcon.colcon_core.verb:set package 'urg_node2' build argument 'cmake_args' from command line to 'None'
[0.629s] Level 5:colcon.colcon_core.verb:set package 'urg_node2' build argument 'cmake_target' from command line to 'None'
[0.629s] Level 5:colcon.colcon_core.verb:set package 'urg_node2' build argument 'cmake_target_skip_unavailable' from command line to 'False'
[0.629s] Level 5:colcon.colcon_core.verb:set package 'urg_node2' build argument 'cmake_clean_cache' from command line to 'False'
[0.629s] Level 5:colcon.colcon_core.verb:set package 'urg_node2' build argument 'cmake_clean_first' from command line to 'False'
[0.629s] Level 5:colcon.colcon_core.verb:set package 'urg_node2' build argument 'cmake_force_configure' from command line to 'False'
[0.629s] Level 5:colcon.colcon_core.verb:set package 'urg_node2' build argument 'ament_cmake_args' from command line to 'None'
[0.629s] Level 5:colcon.colcon_core.verb:set package 'urg_node2' build argument 'catkin_cmake_args' from command line to 'None'
[0.629s] Level 5:colcon.colcon_core.verb:set package 'urg_node2' build argument 'catkin_skip_building_tests' from command line to 'False'
[0.629s] DEBUG:colcon.colcon_core.verb:Building package 'urg_node2' with the following arguments: {'ament_cmake_args': None, 'build_base': '/home/kousei/2DRoboPrac_ws/ros2_ws/build/urg_node2', 'catkin_cmake_args': None, 'catkin_skip_building_tests': False, 'cmake_args': None, 'cmake_clean_cache': False, 'cmake_clean_first': False, 'cmake_force_configure': False, 'cmake_target': None, 'cmake_target_skip_unavailable': False, 'install_base': '/home/kousei/2DRoboPrac_ws/ros2_ws/install/urg_node2', 'merge_install': False, 'path': '/home/kousei/2DRoboPrac_ws/ros2_ws/src/urg_node2', 'symlink_install': False, 'test_result_base': None}
[0.636s] Level 5:colcon.colcon_core.verb:set package 'key_event_nodes' build argument 'cmake_args' from command line to 'None'
[0.636s] Level 5:colcon.colcon_core.verb:set package 'key_event_nodes' build argument 'cmake_target' from command line to 'None'
[0.636s] Level 5:colcon.colcon_core.verb:set package 'key_event_nodes' build argument 'cmake_target_skip_unavailable' from command line to 'False'
[0.636s] Level 5:colcon.colcon_core.verb:set package 'key_event_nodes' build argument 'cmake_clean_cache' from command line to 'False'
[0.636s] Level 5:colcon.colcon_core.verb:set package 'key_event_nodes' build argument 'cmake_clean_first' from command line to 'False'
[0.636s] Level 5:colcon.colcon_core.verb:set package 'key_event_nodes' build argument 'cmake_force_configure' from command line to 'False'
[0.636s] Level 5:colcon.colcon_core.verb:set package 'key_event_nodes' build argument 'ament_cmake_args' from command line to 'None'
[0.636s] Level 5:colcon.colcon_core.verb:set package 'key_event_nodes' build argument 'catkin_cmake_args' from command line to 'None'
[0.636s] Level 5:colcon.colcon_core.verb:set package 'key_event_nodes' build argument 'catkin_skip_building_tests' from command line to 'False'
[0.636s] DEBUG:colcon.colcon_core.verb:Building package 'key_event_nodes' with the following arguments: {'ament_cmake_args': None, 'build_base': '/home/kousei/2DRoboPrac_ws/ros2_ws/build/key_event_nodes', 'catkin_cmake_args': None, 'catkin_skip_building_tests': False, 'cmake_args': None, 'cmake_clean_cache': False, 'cmake_clean_first': False, 'cmake_force_configure': False, 'cmake_target': None, 'cmake_target_skip_unavailable': False, 'install_base': '/home/kousei/2DRoboPrac_ws/ros2_ws/install/key_event_nodes', 'merge_install': False, 'path': '/home/kousei/2DRoboPrac_ws/ros2_ws/src/key_event_nodes', 'symlink_install': False, 'test_result_base': None}
[0.642s] Level 5:colcon.colcon_core.verb:set package 'nav_dev' build argument 'cmake_args' from command line to 'None'
[0.642s] Level 5:colcon.colcon_core.verb:set package 'nav_dev' build argument 'cmake_target' from command line to 'None'
[0.642s] Level 5:colcon.colcon_core.verb:set package 'nav_dev' build argument 'cmake_target_skip_unavailable' from command line to 'False'
[0.642s] Level 5:colcon.colcon_core.verb:set package 'nav_dev' build argument 'cmake_clean_cache' from command line to 'False'
[0.642s] Level 5:colcon.colcon_core.verb:set package 'nav_dev' build argument 'cmake_clean_first' from command line to 'False'
[0.642s] Level 5:colcon.colcon_core.verb:set package 'nav_dev' build argument 'cmake_force_configure' from command line to 'False'
[0.642s] Level 5:colcon.colcon_core.verb:set package 'nav_dev' build argument 'ament_cmake_args' from command line to 'None'
[0.642s] Level 5:colcon.colcon_core.verb:set package 'nav_dev' build argument 'catkin_cmake_args' from command line to 'None'
[0.642s] Level 5:colcon.colcon_core.verb:set package 'nav_dev' build argument 'catkin_skip_building_tests' from command line to 'False'
[0.642s] DEBUG:colcon.colcon_core.verb:Building package 'nav_dev' with the following arguments: {'ament_cmake_args': None, 'build_base': '/home/kousei/2DRoboPrac_ws/ros2_ws/build/nav_dev', 'catkin_cmake_args': None, 'catkin_skip_building_tests': False, 'cmake_args': None, 'cmake_clean_cache': False, 'cmake_clean_first': False, 'cmake_force_configure': False, 'cmake_target': None, 'cmake_target_skip_unavailable': False, 'install_base': '/home/kousei/2DRoboPrac_ws/ros2_ws/install/nav_dev', 'merge_install': False, 'path': '/home/kousei/2DRoboPrac_ws/ros2_ws/src/nav_dev', 'symlink_install': False, 'test_result_base': None}
[0.649s] Level 5:colcon.colcon_core.verb:set package 'nav_real' build argument 'cmake_args' from command line to 'None'
[0.649s] Level 5:colcon.colcon_core.verb:set package 'nav_real' build argument 'cmake_target' from command line to 'None'
[0.649s] Level 5:colcon.colcon_core.verb:set package 'nav_real' build argument 'cmake_target_skip_unavailable' from command line to 'False'
[0.649s] Level 5:colcon.colcon_core.verb:set package 'nav_real' build argument 'cmake_clean_cache' from command line to 'False'
[0.649s] Level 5:colcon.colcon_core.verb:set package 'nav_real' build argument 'cmake_clean_first' from command line to 'False'
[0.649s] Level 5:colcon.colcon_core.verb:set package 'nav_real' build argument 'cmake_force_configure' from command line to 'False'
[0.649s] Level 5:colcon.colcon_core.verb:set package 'nav_real' build argument 'ament_cmake_args' from command line to 'None'
[0.649s] Level 5:colcon.colcon_core.verb:set package 'nav_real' build argument 'catkin_cmake_args' from command line to 'None'
[0.649s] Level 5:colcon.colcon_core.verb:set package 'nav_real' build argument 'catkin_skip_building_tests' from command line to 'False'
[0.649s] DEBUG:colcon.colcon_core.verb:Building package 'nav_real' with the following arguments: {'ament_cmake_args': None, 'build_base': '/home/kousei/2DRoboPrac_ws/ros2_ws/build/nav_real', 'catkin_cmake_args': None, 'catkin_skip_building_tests': False, 'cmake_args': None, 'cmake_clean_cache': False, 'cmake_clean_first': False, 'cmake_force_configure': False, 'cmake_target': None, 'cmake_target_skip_unavailable': False, 'install_base': '/home/kousei/2DRoboPrac_ws/ros2_ws/install/nav_real', 'merge_install': False, 'path': '/home/kousei/2DRoboPrac_ws/ros2_ws/src/nav_real', 'symlink_install': False, 'test_result_base': None}
[0.656s] INFO:colcon.colcon_core.executor:Executing jobs using 'parallel' executor
[0.663s] DEBUG:colcon.colcon_parallel_executor.executor.parallel:run_until_complete
[0.663s] INFO:colcon.colcon_ros.task.ament_cmake.build:Building ROS package in '/home/kousei/2DRoboPrac_ws/ros2_ws/src/key_event_msgs' with build type 'ament_cmake'
[0.663s] INFO:colcon.colcon_cmake.task.cmake.build:Building CMake package in '/home/kousei/2DRoboPrac_ws/ros2_ws/src/key_event_msgs'
[0.671s] INFO:colcon.colcon_core.plugin_system:Skipping extension 'colcon_core.shell.bat': Not used on non-Windows systems
[0.671s] INFO:colcon.colcon_core.shell:Skip shell extension 'powershell' for command environment: Not usable outside of PowerShell
[0.671s] DEBUG:colcon.colcon_core.shell:Skip shell extension 'dsv' for command environment
[0.693s] INFO:colcon.colcon_ros.task.ament_cmake.build:Building ROS package in '/home/kousei/2DRoboPrac_ws/ros2_ws/src/drive_msgs' with build type 'ament_cmake'
[0.693s] INFO:colcon.colcon_cmake.task.cmake.build:Building CMake package in '/home/kousei/2DRoboPrac_ws/ros2_ws/src/drive_msgs'
[0.701s] INFO:colcon.colcon_core.shell:Skip shell extension 'powershell' for command environment: Not usable outside of PowerShell
[0.701s] DEBUG:colcon.colcon_core.shell:Skip shell extension 'dsv' for command environment
[0.724s] INFO:colcon.colcon_ros.task.ament_cmake.build:Building ROS package in '/home/kousei/2DRoboPrac_ws/ros2_ws/src/urg_node2' with build type 'ament_cmake'
[0.724s] INFO:colcon.colcon_cmake.task.cmake.build:Building CMake package in '/home/kousei/2DRoboPrac_ws/ros2_ws/src/urg_node2'
[0.732s] INFO:colcon.colcon_core.shell:Skip shell extension 'powershell' for command environment: Not usable outside of PowerShell
[0.732s] DEBUG:colcon.colcon_core.shell:Skip shell extension 'dsv' for command environment
[0.758s] DEBUG:colcon.colcon_core.event_handler.log_command:Invoking command in '/home/kousei/2DRoboPrac_ws/ros2_ws/build/key_event_msgs': CMAKE_PREFIX_PATH=${CMAKE_PREFIX_PATH}:/opt/ros/humble /usr/bin/cmake --build /home/kousei/2DRoboPrac_ws/ros2_ws/build/key_event_msgs -- -j16 -l16
[0.761s] DEBUG:colcon.colcon_core.event_handler.log_command:Invoking command in '/home/kousei/2DRoboPrac_ws/ros2_ws/build/drive_msgs': CMAKE_PREFIX_PATH=${CMAKE_PREFIX_PATH}:/opt/ros/humble /usr/bin/cmake --build /home/kousei/2DRoboPrac_ws/ros2_ws/build/drive_msgs -- -j16 -l16
[0.763s] DEBUG:colcon.colcon_core.event_handler.log_command:Invoking command in '/home/kousei/2DRoboPrac_ws/ros2_ws/build/urg_node2': CMAKE_PREFIX_PATH=${CMAKE_PREFIX_PATH}:/opt/ros/humble /usr/bin/cmake --build /home/kousei/2DRoboPrac_ws/ros2_ws/build/urg_node2 -- -j16 -l16
[0.839s] DEBUG:colcon.colcon_core.event_handler.log_command:Invoked command in '/home/kousei/2DRoboPrac_ws/ros2_ws/build/urg_node2' returned '0': CMAKE_PREFIX_PATH=${CMAKE_PREFIX_PATH}:/opt/ros/humble /usr/bin/cmake --build /home/kousei/2DRoboPrac_ws/ros2_ws/build/urg_node2 -- -j16 -l16
[0.884s] DEBUG:colcon.colcon_core.event_handler.log_command:Invoking command in '/home/kousei/2DRoboPrac_ws/ros2_ws/build/urg_node2': CMAKE_PREFIX_PATH=${CMAKE_PREFIX_PATH}:/opt/ros/humble /usr/bin/cmake --install /home/kousei/2DRoboPrac_ws/ros2_ws/build/urg_node2
[0.894s] Level 1:colcon.colcon_core.environment:create_environment_scripts_only(urg_node2)
[0.894s] DEBUG:colcon.colcon_core.event_handler.log_command:Invoked command in '/home/kousei/2DRoboPrac_ws/ros2_ws/build/urg_node2' returned '0': CMAKE_PREFIX_PATH=${CMAKE_PREFIX_PATH}:/opt/ros/humble /usr/bin/cmake --install /home/kousei/2DRoboPrac_ws/ros2_ws/build/urg_node2
[0.904s] Level 1:colcon.colcon_core.environment:checking '/home/kousei/2DRoboPrac_ws/ros2_ws/install/urg_node2' for CMake module files
[0.905s] Level 1:colcon.colcon_core.environment:checking '/home/kousei/2DRoboPrac_ws/ros2_ws/install/urg_node2' for CMake config files
[0.905s] Level 1:colcon.colcon_core.shell:create_environment_hook('urg_node2', 'cmake_prefix_path')
[0.912s] INFO:colcon.colcon_core.shell:Creating environment hook '/home/kousei/2DRoboPrac_ws/ros2_ws/install/urg_node2/share/urg_node2/hook/cmake_prefix_path.ps1'
[0.913s] INFO:colcon.colcon_core.shell:Creating environment descriptor '/home/kousei/2DRoboPrac_ws/ros2_ws/install/urg_node2/share/urg_node2/hook/cmake_prefix_path.dsv'
[0.913s] INFO:colcon.colcon_core.shell:Creating environment hook '/home/kousei/2DRoboPrac_ws/ros2_ws/install/urg_node2/share/urg_node2/hook/cmake_prefix_path.sh'
[0.913s] Level 1:colcon.colcon_core.environment:checking '/home/kousei/2DRoboPrac_ws/ros2_ws/install/urg_node2/lib'
[0.913s] Level 1:colcon.colcon_core.shell:create_environment_hook('urg_node2', 'ld_library_path_lib')
[0.921s] INFO:colcon.colcon_core.shell:Creating environment hook '/home/kousei/2DRoboPrac_ws/ros2_ws/install/urg_node2/share/urg_node2/hook/ld_library_path_lib.ps1'
[0.921s] INFO:colcon.colcon_core.shell:Creating environment descriptor '/home/kousei/2DRoboPrac_ws/ros2_ws/install/urg_node2/share/urg_node2/hook/ld_library_path_lib.dsv'
[0.921s] INFO:colcon.colcon_core.shell:Creating environment hook '/home/kousei/2DRoboPrac_ws/ros2_ws/install/urg_node2/share/urg_node2/hook/ld_library_path_lib.sh'
[0.922s] Level 1:colcon.colcon_core.environment:checking '/home/kousei/2DRoboPrac_ws/ros2_ws/install/urg_node2/bin'
[0.922s] Level 1:colcon.colcon_core.environment:checking '/home/kousei/2DRoboPrac_ws/ros2_ws/install/urg_node2/lib/pkgconfig/urg_node2.pc'
[0.922s] Level 1:colcon.colcon_core.environment:checking '/home/kousei/2DRoboPrac_ws/ros2_ws/install/urg_node2/lib/python3.10/site-packages'
[0.922s] Level 1:colcon.colcon_core.environment:checking '/home/kousei/2DRoboPrac_ws/ros2_ws/install/urg_node2/bin'
[0.929s] INFO:colcon.colcon_core.shell:Creating package script '/home/kousei/2DRoboPrac_ws/ros2_ws/install/urg_node2/share/urg_node2/package.ps1'
[0.930s] INFO:colcon.colcon_core.shell:Creating package descriptor '/home/kousei/2DRoboPrac_ws/ros2_ws/install/urg_node2/share/urg_node2/package.dsv'
[0.930s] INFO:colcon.colcon_core.shell:Creating package script '/home/kousei/2DRoboPrac_ws/ros2_ws/install/urg_node2/share/urg_node2/package.sh'
[0.930s] INFO:colcon.colcon_core.shell:Creating package script '/home/kousei/2DRoboPrac_ws/ros2_ws/install/urg_node2/share/urg_node2/package.bash'
[0.931s] INFO:colcon.colcon_core.shell:Creating package script '/home/kousei/2DRoboPrac_ws/ros2_ws/install/urg_node2/share/urg_node2/package.zsh'
[0.931s] Level 1:colcon.colcon_core.environment:create_file_with_runtime_dependencies(/home/kousei/2DRoboPrac_ws/ros2_ws/install/urg_node2/share/colcon-core/packages/urg_node2)
[0.973s] Level 1:colcon.colcon_core.environment:create_environment_scripts_only(urg_node2)
[0.987s] Level 1:colcon.colcon_core.environment:checking '/home/kousei/2DRoboPrac_ws/ros2_ws/install/urg_node2' for CMake module files
[0.987s] Level 1:colcon.colcon_core.environment:checking '/home/kousei/2DRoboPrac_ws/ros2_ws/install/urg_node2' for CMake config files
[0.987s] Level 1:colcon.colcon_core.shell:create_environment_hook('urg_node2', 'cmake_prefix_path')
[0.995s] INFO:colcon.colcon_core.shell:Creating environment hook '/home/kousei/2DRoboPrac_ws/ros2_ws/install/urg_node2/share/urg_node2/hook/cmake_prefix_path.ps1'
[0.996s] INFO:colcon.colcon_core.shell:Creating environment descriptor '/home/kousei/2DRoboPrac_ws/ros2_ws/install/urg_node2/share/urg_node2/hook/cmake_prefix_path.dsv'
[0.996s] INFO:colcon.colcon_core.shell:Creating environment hook '/home/kousei/2DRoboPrac_ws/ros2_ws/install/urg_node2/share/urg_node2/hook/cmake_prefix_path.sh'
[0.996s] Level 1:colcon.colcon_core.environment:checking '/home/kousei/2DRoboPrac_ws/ros2_ws/install/urg_node2/lib'
[0.996s] Level 1:colcon.colcon_core.shell:create_environment_hook('urg_node2', 'ld_library_path_lib')
[1.004s] INFO:colcon.colcon_core.shell:Creating environment hook '/home/kousei/2DRoboPrac_ws/ros2_ws/install/urg_node2/share/urg_node2/hook/ld_library_path_lib.ps1'
[1.004s] INFO:colcon.colcon_core.shell:Creating environment descriptor '/home/kousei/2DRoboPrac_ws/ros2_ws/install/urg_node2/share/urg_node2/hook/ld_library_path_lib.dsv'
[1.004s] INFO:colcon.colcon_core.shell:Creating environment hook '/home/kousei/2DRoboPrac_ws/ros2_ws/install/urg_node2/share/urg_node2/hook/ld_library_path_lib.sh'
[1.005s] Level 1:colcon.colcon_core.environment:checking '/home/kousei/2DRoboPrac_ws/ros2_ws/install/urg_node2/bin'
[1.005s] Level 1:colcon.colcon_core.environment:checking '/home/kousei/2DRoboPrac_ws/ros2_ws/install/urg_node2/lib/pkgconfig/urg_node2.pc'
[1.005s] Level 1:colcon.colcon_core.environment:checking '/home/kousei/2DRoboPrac_ws/ros2_ws/install/urg_node2/lib/python3.10/site-packages'
[1.005s] Level 1:colcon.colcon_core.environment:checking '/home/kousei/2DRoboPrac_ws/ros2_ws/install/urg_node2/bin'
[1.012s] INFO:colcon.colcon_core.shell:Creating package script '/home/kousei/2DRoboPrac_ws/ros2_ws/install/urg_node2/share/urg_node2/package.ps1'
[1.013s] INFO:colcon.colcon_core.shell:Creating package descriptor '/home/kousei/2DRoboPrac_ws/ros2_ws/install/urg_node2/share/urg_node2/package.dsv'
[1.013s] INFO:colcon.colcon_core.shell:Creating package script '/home/kousei/2DRoboPrac_ws/ros2_ws/install/urg_node2/share/urg_node2/package.sh'
[1.013s] INFO:colcon.colcon_core.shell:Creating package script '/home/kousei/2DRoboPrac_ws/ros2_ws/install/urg_node2/share/urg_node2/package.bash'
[1.013s] INFO:colcon.colcon_core.shell:Creating package script '/home/kousei/2DRoboPrac_ws/ros2_ws/install/urg_node2/share/urg_node2/package.zsh'
[1.014s] Level 1:colcon.colcon_core.environment:create_file_with_runtime_dependencies(/home/kousei/2DRoboPrac_ws/ros2_ws/install/urg_node2/share/colcon-core/packages/urg_node2)
[1.015s] DEBUG:colcon.colcon_core.event_handler.log_command:Invoked command in '/home/kousei/2DRoboPrac_ws/ros2_ws/build/key_event_msgs' returned '0': CMAKE_PREFIX_PATH=${CMAKE_PREFIX_PATH}:/opt/ros/humble /usr/bin/cmake --build /home/kousei/2DRoboPrac_ws/ros2_ws/build/key_event_msgs -- -j16 -l16
[1.016s] DEBUG:colcon.colcon_core.event_handler.log_command:Invoked command in '/home/kousei/2DRoboPrac_ws/ros2_ws/build/drive_msgs' returned '0': CMAKE_PREFIX_PATH=${CMAKE_PREFIX_PATH}:/opt/ros/humble /usr/bin/cmake --build /home/kousei/2DRoboPrac_ws/ros2_ws/build/drive_msgs -- -j16 -l16
[1.052s] DEBUG:colcon.colcon_core.event_handler.log_command:Invoking command in '/home/kousei/2DRoboPrac_ws/ros2_ws/build/key_event_msgs': CMAKE_PREFIX_PATH=${CMAKE_PREFIX_PATH}:/opt/ros/humble /usr/bin/cmake --install /home/kousei/2DRoboPrac_ws/ros2_ws/build/key_event_msgs
[1.053s] DEBUG:colcon.colcon_core.event_handler.log_command:Invoking command in '/home/kousei/2DRoboPrac_ws/ros2_ws/build/drive_msgs': CMAKE_PREFIX_PATH=${CMAKE_PREFIX_PATH}:/opt/ros/humble /usr/bin/cmake --install /home/kousei/2DRoboPrac_ws/ros2_ws/build/drive_msgs
[1.089s] Level 1:colcon.colcon_core.environment:create_environment_scripts_only(key_event_msgs)
[1.091s] DEBUG:colcon.colcon_core.event_handler.log_command:Invoked command in '/home/kousei/2DRoboPrac_ws/ros2_ws/build/key_event_msgs' returned '0': CMAKE_PREFIX_PATH=${CMAKE_PREFIX_PATH}:/opt/ros/humble /usr/bin/cmake --install /home/kousei/2DRoboPrac_ws/ros2_ws/build/key_event_msgs
[1.100s] Level 1:colcon.colcon_core.environment:checking '/home/kousei/2DRoboPrac_ws/ros2_ws/install/key_event_msgs' for CMake module files
[1.100s] Level 1:colcon.colcon_core.environment:checking '/home/kousei/2DRoboPrac_ws/ros2_ws/install/key_event_msgs' for CMake config files
[1.100s] Level 1:colcon.colcon_core.shell:create_environment_hook('key_event_msgs', 'cmake_prefix_path')
[1.107s] INFO:colcon.colcon_core.shell:Creating environment hook '/home/kousei/2DRoboPrac_ws/ros2_ws/install/key_event_msgs/share/key_event_msgs/hook/cmake_prefix_path.ps1'
[1.107s] INFO:colcon.colcon_core.shell:Creating environment descriptor '/home/kousei/2DRoboPrac_ws/ros2_ws/install/key_event_msgs/share/key_event_msgs/hook/cmake_prefix_path.dsv'
[1.107s] INFO:colcon.colcon_core.shell:Creating environment hook '/home/kousei/2DRoboPrac_ws/ros2_ws/install/key_event_msgs/share/key_event_msgs/hook/cmake_prefix_path.sh'
[1.108s] Level 1:colcon.colcon_core.environment:checking '/home/kousei/2DRoboPrac_ws/ros2_ws/install/key_event_msgs/lib'
[1.108s] Level 1:colcon.colcon_core.shell:create_environment_hook('key_event_msgs', 'ld_library_path_lib')
[1.115s] INFO:colcon.colcon_core.shell:Creating environment hook '/home/kousei/2DRoboPrac_ws/ros2_ws/install/key_event_msgs/share/key_event_msgs/hook/ld_library_path_lib.ps1'
[1.115s] INFO:colcon.colcon_core.shell:Creating environment descriptor '/home/kousei/2DRoboPrac_ws/ros2_ws/install/key_event_msgs/share/key_event_msgs/hook/ld_library_path_lib.dsv'
[1.115s] INFO:colcon.colcon_core.shell:Creating environment hook '/home/kousei/2DRoboPrac_ws/ros2_ws/install/key_event_msgs/share/key_event_msgs/hook/ld_library_path_lib.sh'
[1.115s] Level 1:colcon.colcon_core.environment:checking '/home/kousei/2DRoboPrac_ws/ros2_ws/install/key_event_msgs/bin'
[1.115s] Level 1:colcon.colcon_core.environment:checking '/home/kousei/2DRoboPrac_ws/ros2_ws/install/key_event_msgs/lib/pkgconfig/key_event_msgs.pc'
[1.115s] Level 1:colcon.colcon_core.environment:checking '/home/kousei/2DRoboPrac_ws/ros2_ws/install/key_event_msgs/lib/python3.10/site-packages'
[1.115s] Level 1:colcon.colcon_core.environment:checking '/home/kousei/2DRoboPrac_ws/ros2_ws/install/key_event_msgs/bin'
[1.122s] INFO:colcon.colcon_core.shell:Creating package script '/home/kousei/2DRoboPrac_ws/ros2_ws/install/key_event_msgs/share/key_event_msgs/package.ps1'
[1.122s] INFO:colcon.colcon_core.shell:Creating package descriptor '/home/kousei/2DRoboPrac_ws/ros2_ws/install/key_event_msgs/share/key_event_msgs/package.dsv'
[1.123s] INFO:colcon.colcon_core.shell:Creating package script '/home/kousei/2DRoboPrac_ws/ros2_ws/install/key_event_msgs/share/key_event_msgs/package.sh'
[1.123s] INFO:colcon.colcon_core.shell:Creating package script '/home/kousei/2DRoboPrac_ws/ros2_ws/install/key_event_msgs/share/key_event_msgs/package.bash'
[1.123s] INFO:colcon.colcon_core.shell:Creating package script '/home/kousei/2DRoboPrac_ws/ros2_ws/install/key_event_msgs/share/key_event_msgs/package.zsh'
[1.123s] Level 1:colcon.colcon_core.environment:create_file_with_runtime_dependencies(/home/kousei/2DRoboPrac_ws/ros2_ws/install/key_event_msgs/share/colcon-core/packages/key_event_msgs)
[1.124s] Level 1:colcon.colcon_core.environment:create_environment_scripts_only(drive_msgs)
[1.125s] DEBUG:colcon.colcon_core.event_handler.log_command:Invoked command in '/home/kousei/2DRoboPrac_ws/ros2_ws/build/drive_msgs' returned '0': CMAKE_PREFIX_PATH=${CMAKE_PREFIX_PATH}:/opt/ros/humble /usr/bin/cmake --install /home/kousei/2DRoboPrac_ws/ros2_ws/build/drive_msgs
[1.134s] Level 1:colcon.colcon_core.environment:checking '/home/kousei/2DRoboPrac_ws/ros2_ws/install/drive_msgs' for CMake module files
[1.134s] Level 1:colcon.colcon_core.environment:checking '/home/kousei/2DRoboPrac_ws/ros2_ws/install/drive_msgs' for CMake config files
[1.135s] Level 1:colcon.colcon_core.shell:create_environment_hook('drive_msgs', 'cmake_prefix_path')
[1.142s] INFO:colcon.colcon_core.shell:Creating environment hook '/home/kousei/2DRoboPrac_ws/ros2_ws/install/drive_msgs/share/drive_msgs/hook/cmake_prefix_path.ps1'
[1.142s] INFO:colcon.colcon_core.shell:Creating environment descriptor '/home/kousei/2DRoboPrac_ws/ros2_ws/install/drive_msgs/share/drive_msgs/hook/cmake_prefix_path.dsv'
[1.142s] INFO:colcon.colcon_core.shell:Creating environment hook '/home/kousei/2DRoboPrac_ws/ros2_ws/install/drive_msgs/share/drive_msgs/hook/cmake_prefix_path.sh'
[1.143s] Level 1:colcon.colcon_core.environment:checking '/home/kousei/2DRoboPrac_ws/ros2_ws/install/drive_msgs/lib'
[1.143s] Level 1:colcon.colcon_core.shell:create_environment_hook('drive_msgs', 'ld_library_path_lib')
[1.150s] INFO:colcon.colcon_core.shell:Creating environment hook '/home/kousei/2DRoboPrac_ws/ros2_ws/install/drive_msgs/share/drive_msgs/hook/ld_library_path_lib.ps1'
[1.150s] INFO:colcon.colcon_core.shell:Creating environment descriptor '/home/kousei/2DRoboPrac_ws/ros2_ws/install/drive_msgs/share/drive_msgs/hook/ld_library_path_lib.dsv'
[1.151s] INFO:colcon.colcon_core.shell:Creating environment hook '/home/kousei/2DRoboPrac_ws/ros2_ws/install/drive_msgs/share/drive_msgs/hook/ld_library_path_lib.sh'
[1.151s] Level 1:colcon.colcon_core.environment:checking '/home/kousei/2DRoboPrac_ws/ros2_ws/install/drive_msgs/bin'
[1.151s] Level 1:colcon.colcon_core.environment:checking '/home/kousei/2DRoboPrac_ws/ros2_ws/install/drive_msgs/lib/pkgconfig/drive_msgs.pc'
[1.151s] Level 1:colcon.colcon_core.environment:checking '/home/kousei/2DRoboPrac_ws/ros2_ws/install/drive_msgs/lib/python3.10/site-packages'
[1.151s] Level 1:colcon.colcon_core.environment:checking '/home/kousei/2DRoboPrac_ws/ros2_ws/install/drive_msgs/bin'
[1.159s] INFO:colcon.colcon_core.shell:Creating package script '/home/kousei/2DRoboPrac_ws/ros2_ws/install/drive_msgs/share/drive_msgs/package.ps1'
[1.159s] INFO:colcon.colcon_core.shell:Creating package descriptor '/home/kousei/2DRoboPrac_ws/ros2_ws/install/drive_msgs/share/drive_msgs/package.dsv'
[1.159s] INFO:colcon.colcon_core.shell:Creating package script '/home/kousei/2DRoboPrac_ws/ros2_ws/install/drive_msgs/share/drive_msgs/package.sh'
[1.160s] INFO:colcon.colcon_core.shell:Creating package script '/home/kousei/2DRoboPrac_ws/ros2_ws/install/drive_msgs/share/drive_msgs/package.bash'
[1.160s] INFO:colcon.colcon_core.shell:Creating package script '/home/kousei/2DRoboPrac_ws/ros2_ws/install/drive_msgs/share/drive_msgs/package.zsh'
[1.160s] Level 1:colcon.colcon_core.environment:create_file_with_runtime_dependencies(/home/kousei/2DRoboPrac_ws/ros2_ws/install/drive_msgs/share/colcon-core/packages/drive_msgs)
[1.169s] Level 1:colcon.colcon_core.environment:create_environment_scripts_only(key_event_msgs)
[1.176s] Level 1:colcon.colcon_core.environment:checking '/home/kousei/2DRoboPrac_ws/ros2_ws/install/key_event_msgs' for CMake module files
[1.176s] Level 1:colcon.colcon_core.environment:checking '/home/kousei/2DRoboPrac_ws/ros2_ws/install/key_event_msgs' for CMake config files
[1.177s] Level 1:colcon.colcon_core.shell:create_environment_hook('key_event_msgs', 'cmake_prefix_path')
[1.184s] INFO:colcon.colcon_core.shell:Creating environment hook '/home/kousei/2DRoboPrac_ws/ros2_ws/install/key_event_msgs/share/key_event_msgs/hook/cmake_prefix_path.ps1'
[1.185s] INFO:colcon.colcon_core.shell:Creating environment descriptor '/home/kousei/2DRoboPrac_ws/ros2_ws/install/key_event_msgs/share/key_event_msgs/hook/cmake_prefix_path.dsv'
[1.185s] INFO:colcon.colcon_core.shell:Creating environment hook '/home/kousei/2DRoboPrac_ws/ros2_ws/install/key_event_msgs/share/key_event_msgs/hook/cmake_prefix_path.sh'
[1.185s] Level 1:colcon.colcon_core.environment:checking '/home/kousei/2DRoboPrac_ws/ros2_ws/install/key_event_msgs/lib'
[1.185s] Level 1:colcon.colcon_core.shell:create_environment_hook('key_event_msgs', 'ld_library_path_lib')
[1.193s] INFO:colcon.colcon_core.shell:Creating environment hook '/home/kousei/2DRoboPrac_ws/ros2_ws/install/key_event_msgs/share/key_event_msgs/hook/ld_library_path_lib.ps1'
[1.193s] INFO:colcon.colcon_core.shell:Creating environment descriptor '/home/kousei/2DRoboPrac_ws/ros2_ws/install/key_event_msgs/share/key_event_msgs/hook/ld_library_path_lib.dsv'
[1.193s] INFO:colcon.colcon_core.shell:Creating environment hook '/home/kousei/2DRoboPrac_ws/ros2_ws/install/key_event_msgs/share/key_event_msgs/hook/ld_library_path_lib.sh'
[1.194s] Level 1:colcon.colcon_core.environment:checking '/home/kousei/2DRoboPrac_ws/ros2_ws/install/key_event_msgs/bin'
[1.194s] Level 1:colcon.colcon_core.environment:checking '/home/kousei/2DRoboPrac_ws/ros2_ws/install/key_event_msgs/lib/pkgconfig/key_event_msgs.pc'
[1.194s] Level 1:colcon.colcon_core.environment:checking '/home/kousei/2DRoboPrac_ws/ros2_ws/install/key_event_msgs/lib/python3.10/site-packages'
[1.194s] Level 1:colcon.colcon_core.environment:checking '/home/kousei/2DRoboPrac_ws/ros2_ws/install/key_event_msgs/bin'
[1.202s] INFO:colcon.colcon_core.shell:Creating package script '/home/kousei/2DRoboPrac_ws/ros2_ws/install/key_event_msgs/share/key_event_msgs/package.ps1'
[1.202s] INFO:colcon.colcon_core.shell:Creating package descriptor '/home/kousei/2DRoboPrac_ws/ros2_ws/install/key_event_msgs/share/key_event_msgs/package.dsv'
[1.203s] INFO:colcon.colcon_core.shell:Creating package script '/home/kousei/2DRoboPrac_ws/ros2_ws/install/key_event_msgs/share/key_event_msgs/package.sh'
[1.203s] INFO:colcon.colcon_core.shell:Creating package script '/home/kousei/2DRoboPrac_ws/ros2_ws/install/key_event_msgs/share/key_event_msgs/package.bash'
[1.203s] INFO:colcon.colcon_core.shell:Creating package script '/home/kousei/2DRoboPrac_ws/ros2_ws/install/key_event_msgs/share/key_event_msgs/package.zsh'
[1.203s] Level 1:colcon.colcon_core.environment:create_file_with_runtime_dependencies(/home/kousei/2DRoboPrac_ws/ros2_ws/install/key_event_msgs/share/colcon-core/packages/key_event_msgs)
[1.204s] INFO:colcon.colcon_ros.task.ament_cmake.build:Building ROS package in '/home/kousei/2DRoboPrac_ws/ros2_ws/src/key_event_nodes' with build type 'ament_cmake'
[1.204s] INFO:colcon.colcon_cmake.task.cmake.build:Building CMake package in '/home/kousei/2DRoboPrac_ws/ros2_ws/src/key_event_nodes'
[1.211s] INFO:colcon.colcon_core.shell:Skip shell extension 'powershell' for command environment: Not usable outside of PowerShell
[1.211s] DEBUG:colcon.colcon_core.shell:Skip shell extension 'dsv' for command environment
[1.241s] Level 1:colcon.colcon_core.environment:create_environment_scripts_only(drive_msgs)
[1.249s] Level 1:colcon.colcon_core.environment:checking '/home/kousei/2DRoboPrac_ws/ros2_ws/install/drive_msgs' for CMake module files
[1.249s] Level 1:colcon.colcon_core.environment:checking '/home/kousei/2DRoboPrac_ws/ros2_ws/install/drive_msgs' for CMake config files
[1.249s] Level 1:colcon.colcon_core.shell:create_environment_hook('drive_msgs', 'cmake_prefix_path')
[1.257s] INFO:colcon.colcon_core.shell:Creating environment hook '/home/kousei/2DRoboPrac_ws/ros2_ws/install/drive_msgs/share/drive_msgs/hook/cmake_prefix_path.ps1'
[1.258s] INFO:colcon.colcon_core.shell:Creating environment descriptor '/home/kousei/2DRoboPrac_ws/ros2_ws/install/drive_msgs/share/drive_msgs/hook/cmake_prefix_path.dsv'
[1.258s] INFO:colcon.colcon_core.shell:Creating environment hook '/home/kousei/2DRoboPrac_ws/ros2_ws/install/drive_msgs/share/drive_msgs/hook/cmake_prefix_path.sh'
[1.258s] Level 1:colcon.colcon_core.environment:checking '/home/kousei/2DRoboPrac_ws/ros2_ws/install/drive_msgs/lib'
[1.259s] Level 1:colcon.colcon_core.shell:create_environment_hook('drive_msgs', 'ld_library_path_lib')
[1.273s] INFO:colcon.colcon_core.shell:Creating environment hook '/home/kousei/2DRoboPrac_ws/ros2_ws/install/drive_msgs/share/drive_msgs/hook/ld_library_path_lib.ps1'
[1.273s] INFO:colcon.colcon_core.shell:Creating environment descriptor '/home/kousei/2DRoboPrac_ws/ros2_ws/install/drive_msgs/share/drive_msgs/hook/ld_library_path_lib.dsv'
[1.273s] INFO:colcon.colcon_core.shell:Creating environment hook '/home/kousei/2DRoboPrac_ws/ros2_ws/install/drive_msgs/share/drive_msgs/hook/ld_library_path_lib.sh'
[1.274s] Level 1:colcon.colcon_core.environment:checking '/home/kousei/2DRoboPrac_ws/ros2_ws/install/drive_msgs/bin'
[1.274s] Level 1:colcon.colcon_core.environment:checking '/home/kousei/2DRoboPrac_ws/ros2_ws/install/drive_msgs/lib/pkgconfig/drive_msgs.pc'
[1.274s] Level 1:colcon.colcon_core.environment:checking '/home/kousei/2DRoboPrac_ws/ros2_ws/install/drive_msgs/lib/python3.10/site-packages'
[1.274s] Level 1:colcon.colcon_core.environment:checking '/home/kousei/2DRoboPrac_ws/ros2_ws/install/drive_msgs/bin'
[1.282s] INFO:colcon.colcon_core.shell:Creating package script '/home/kousei/2DRoboPrac_ws/ros2_ws/install/drive_msgs/share/drive_msgs/package.ps1'
[1.282s] INFO:colcon.colcon_core.shell:Creating package descriptor '/home/kousei/2DRoboPrac_ws/ros2_ws/install/drive_msgs/share/drive_msgs/package.dsv'
[1.282s] INFO:colcon.colcon_core.shell:Creating package script '/home/kousei/2DRoboPrac_ws/ros2_ws/install/drive_msgs/share/drive_msgs/package.sh'
[1.283s] INFO:colcon.colcon_core.shell:Creating package script '/home/kousei/2DRoboPrac_ws/ros2_ws/install/drive_msgs/share/drive_msgs/package.bash'
[1.283s] INFO:colcon.colcon_core.shell:Creating package script '/home/kousei/2DRoboPrac_ws/ros2_ws/install/drive_msgs/share/drive_msgs/package.zsh'
[1.283s] Level 1:colcon.colcon_core.environment:create_file_with_runtime_dependencies(/home/kousei/2DRoboPrac_ws/ros2_ws/install/drive_msgs/share/colcon-core/packages/drive_msgs)
[1.286s] DEBUG:colcon.colcon_core.event_handler.log_command:Invoking command in '/home/kousei/2DRoboPrac_ws/ros2_ws/build/key_event_nodes': CMAKE_PREFIX_PATH=/home/kousei/2DRoboPrac_ws/ros2_ws/install/key_event_msgs:/home/kousei/2DRoboPrac_ws/ros2_ws/install/urg_node2:/home/kousei/2DRoboPrac_ws/ros2_ws/install/nav_real:/home/kousei/2DRoboPrac_ws/ros2_ws/install/nav_dev:/home/kousei/2DRoboPrac_ws/ros2_ws/install/key_event_nodes:/home/kousei/2DRoboPrac_ws/ros2_ws/install/drive_msgs:/opt/ros/humble LD_LIBRARY_PATH=/home/kousei/2DRoboPrac_ws/ros2_ws/install/key_event_msgs/lib:/home/kousei/2DRoboPrac_ws/ros2_ws/install/urg_node2/lib:/home/kousei/2DRoboPrac_ws/ros2_ws/install/key_event_nodes/lib:/home/kousei/2DRoboPrac_ws/ros2_ws/install/drive_msgs/lib:/usr/lib/x86_64-linux-gnu/gazebo-11/plugins:/opt/ros/humble/opt/rviz_ogre_vendor/lib:/opt/ros/humble/lib/x86_64-linux-gnu:/opt/ros/humble/lib /usr/bin/cmake --build /home/kousei/2DRoboPrac_ws/ros2_ws/build/key_event_nodes -- -j16 -l16
[1.328s] DEBUG:colcon.colcon_core.event_handler.log_command:Invoked command in '/home/kousei/2DRoboPrac_ws/ros2_ws/build/key_event_nodes' returned '0': CMAKE_PREFIX_PATH=/home/kousei/2DRoboPrac_ws/ros2_ws/install/key_event_msgs:/home/kousei/2DRoboPrac_ws/ros2_ws/install/urg_node2:/home/kousei/2DRoboPrac_ws/ros2_ws/install/nav_real:/home/kousei/2DRoboPrac_ws/ros2_ws/install/nav_dev:/home/kousei/2DRoboPrac_ws/ros2_ws/install/key_event_nodes:/home/kousei/2DRoboPrac_ws/ros2_ws/install/drive_msgs:/opt/ros/humble LD_LIBRARY_PATH=/home/kousei/2DRoboPrac_ws/ros2_ws/install/key_event_msgs/lib:/home/kousei/2DRoboPrac_ws/ros2_ws/install/urg_node2/lib:/home/kousei/2DRoboPrac_ws/ros2_ws/install/key_event_nodes/lib:/home/kousei/2DRoboPrac_ws/ros2_ws/install/drive_msgs/lib:/usr/lib/x86_64-linux-gnu/gazebo-11/plugins:/opt/ros/humble/opt/rviz_ogre_vendor/lib:/opt/ros/humble/lib/x86_64-linux-gnu:/opt/ros/humble/lib /usr/bin/cmake --build /home/kousei/2DRoboPrac_ws/ros2_ws/build/key_event_nodes -- -j16 -l16
[1.343s] DEBUG:colcon.colcon_core.event_handler.log_command:Invoking command in '/home/kousei/2DRoboPrac_ws/ros2_ws/build/key_event_nodes': CMAKE_PREFIX_PATH=/home/kousei/2DRoboPrac_ws/ros2_ws/install/key_event_msgs:/home/kousei/2DRoboPrac_ws/ros2_ws/install/urg_node2:/home/kousei/2DRoboPrac_ws/ros2_ws/install/nav_real:/home/kousei/2DRoboPrac_ws/ros2_ws/install/nav_dev:/home/kousei/2DRoboPrac_ws/ros2_ws/install/key_event_nodes:/home/kousei/2DRoboPrac_ws/ros2_ws/install/drive_msgs:/opt/ros/humble LD_LIBRARY_PATH=/home/kousei/2DRoboPrac_ws/ros2_ws/install/key_event_msgs/lib:/home/kousei/2DRoboPrac_ws/ros2_ws/install/urg_node2/lib:/home/kousei/2DRoboPrac_ws/ros2_ws/install/key_event_nodes/lib:/home/kousei/2DRoboPrac_ws/ros2_ws/install/drive_msgs/lib:/usr/lib/x86_64-linux-gnu/gazebo-11/plugins:/opt/ros/humble/opt/rviz_ogre_vendor/lib:/opt/ros/humble/lib/x86_64-linux-gnu:/opt/ros/humble/lib /usr/bin/cmake --install /home/kousei/2DRoboPrac_ws/ros2_ws/build/key_event_nodes
[1.350s] Level 1:colcon.colcon_core.environment:create_environment_scripts_only(key_event_nodes)
[1.351s] DEBUG:colcon.colcon_core.event_handler.log_command:Invoked command in '/home/kousei/2DRoboPrac_ws/ros2_ws/build/key_event_nodes' returned '0': CMAKE_PREFIX_PATH=/home/kousei/2DRoboPrac_ws/ros2_ws/install/key_event_msgs:/home/kousei/2DRoboPrac_ws/ros2_ws/install/urg_node2:/home/kousei/2DRoboPrac_ws/ros2_ws/install/nav_real:/home/kousei/2DRoboPrac_ws/ros2_ws/install/nav_dev:/home/kousei/2DRoboPrac_ws/ros2_ws/install/key_event_nodes:/home/kousei/2DRoboPrac_ws/ros2_ws/install/drive_msgs:/opt/ros/humble LD_LIBRARY_PATH=/home/kousei/2DRoboPrac_ws/ros2_ws/install/key_event_msgs/lib:/home/kousei/2DRoboPrac_ws/ros2_ws/install/urg_node2/lib:/home/kousei/2DRoboPrac_ws/ros2_ws/install/key_event_nodes/lib:/home/kousei/2DRoboPrac_ws/ros2_ws/install/drive_msgs/lib:/usr/lib/x86_64-linux-gnu/gazebo-11/plugins:/opt/ros/humble/opt/rviz_ogre_vendor/lib:/opt/ros/humble/lib/x86_64-linux-gnu:/opt/ros/humble/lib /usr/bin/cmake --install /home/kousei/2DRoboPrac_ws/ros2_ws/build/key_event_nodes
[1.359s] Level 1:colcon.colcon_core.environment:checking '/home/kousei/2DRoboPrac_ws/ros2_ws/install/key_event_nodes' for CMake module files
[1.359s] Level 1:colcon.colcon_core.environment:checking '/home/kousei/2DRoboPrac_ws/ros2_ws/install/key_event_nodes' for CMake config files
[1.359s] Level 1:colcon.colcon_core.shell:create_environment_hook('key_event_nodes', 'cmake_prefix_path')
[1.366s] INFO:colcon.colcon_core.shell:Creating environment hook '/home/kousei/2DRoboPrac_ws/ros2_ws/install/key_event_nodes/share/key_event_nodes/hook/cmake_prefix_path.ps1'
[1.366s] INFO:colcon.colcon_core.shell:Creating environment descriptor '/home/kousei/2DRoboPrac_ws/ros2_ws/install/key_event_nodes/share/key_event_nodes/hook/cmake_prefix_path.dsv'
[1.366s] INFO:colcon.colcon_core.shell:Creating environment hook '/home/kousei/2DRoboPrac_ws/ros2_ws/install/key_event_nodes/share/key_event_nodes/hook/cmake_prefix_path.sh'
[1.367s] Level 1:colcon.colcon_core.environment:checking '/home/kousei/2DRoboPrac_ws/ros2_ws/install/key_event_nodes/lib'
[1.367s] Level 1:colcon.colcon_core.shell:create_environment_hook('key_event_nodes', 'ld_library_path_lib')
[1.374s] INFO:colcon.colcon_core.shell:Creating environment hook '/home/kousei/2DRoboPrac_ws/ros2_ws/install/key_event_nodes/share/key_event_nodes/hook/ld_library_path_lib.ps1'
[1.374s] INFO:colcon.colcon_core.shell:Creating environment descriptor '/home/kousei/2DRoboPrac_ws/ros2_ws/install/key_event_nodes/share/key_event_nodes/hook/ld_library_path_lib.dsv'
[1.374s] INFO:colcon.colcon_core.shell:Creating environment hook '/home/kousei/2DRoboPrac_ws/ros2_ws/install/key_event_nodes/share/key_event_nodes/hook/ld_library_path_lib.sh'
[1.374s] Level 1:colcon.colcon_core.environment:checking '/home/kousei/2DRoboPrac_ws/ros2_ws/install/key_event_nodes/bin'
[1.374s] Level 1:colcon.colcon_core.environment:checking '/home/kousei/2DRoboPrac_ws/ros2_ws/install/key_event_nodes/lib/pkgconfig/key_event_nodes.pc'
[1.374s] Level 1:colcon.colcon_core.environment:checking '/home/kousei/2DRoboPrac_ws/ros2_ws/install/key_event_nodes/lib/python3.10/site-packages'
[1.375s] Level 1:colcon.colcon_core.environment:checking '/home/kousei/2DRoboPrac_ws/ros2_ws/install/key_event_nodes/bin'
[1.382s] INFO:colcon.colcon_core.shell:Creating package script '/home/kousei/2DRoboPrac_ws/ros2_ws/install/key_event_nodes/share/key_event_nodes/package.ps1'
[1.382s] INFO:colcon.colcon_core.shell:Creating package descriptor '/home/kousei/2DRoboPrac_ws/ros2_ws/install/key_event_nodes/share/key_event_nodes/package.dsv'
[1.383s] INFO:colcon.colcon_core.shell:Creating package script '/home/kousei/2DRoboPrac_ws/ros2_ws/install/key_event_nodes/share/key_event_nodes/package.sh'
[1.383s] INFO:colcon.colcon_core.shell:Creating package script '/home/kousei/2DRoboPrac_ws/ros2_ws/install/key_event_nodes/share/key_event_nodes/package.bash'
[1.383s] INFO:colcon.colcon_core.shell:Creating package script '/home/kousei/2DRoboPrac_ws/ros2_ws/install/key_event_nodes/share/key_event_nodes/package.zsh'
[1.383s] Level 1:colcon.colcon_core.environment:create_file_with_runtime_dependencies(/home/kousei/2DRoboPrac_ws/ros2_ws/install/key_event_nodes/share/colcon-core/packages/key_event_nodes)
[1.407s] Level 1:colcon.colcon_core.environment:create_environment_scripts_only(key_event_nodes)
[1.414s] Level 1:colcon.colcon_core.environment:checking '/home/kousei/2DRoboPrac_ws/ros2_ws/install/key_event_nodes' for CMake module files
[1.415s] Level 1:colcon.colcon_core.environment:checking '/home/kousei/2DRoboPrac_ws/ros2_ws/install/key_event_nodes' for CMake config files
[1.415s] Level 1:colcon.colcon_core.shell:create_environment_hook('key_event_nodes', 'cmake_prefix_path')
[1.421s] INFO:colcon.colcon_core.shell:Creating environment hook '/home/kousei/2DRoboPrac_ws/ros2_ws/install/key_event_nodes/share/key_event_nodes/hook/cmake_prefix_path.ps1'
[1.422s] INFO:colcon.colcon_core.shell:Creating environment descriptor '/home/kousei/2DRoboPrac_ws/ros2_ws/install/key_event_nodes/share/key_event_nodes/hook/cmake_prefix_path.dsv'
[1.422s] INFO:colcon.colcon_core.shell:Creating environment hook '/home/kousei/2DRoboPrac_ws/ros2_ws/install/key_event_nodes/share/key_event_nodes/hook/cmake_prefix_path.sh'
[1.422s] Level 1:colcon.colcon_core.environment:checking '/home/kousei/2DRoboPrac_ws/ros2_ws/install/key_event_nodes/lib'
[1.422s] Level 1:colcon.colcon_core.shell:create_environment_hook('key_event_nodes', 'ld_library_path_lib')
[1.429s] INFO:colcon.colcon_core.shell:Creating environment hook '/home/kousei/2DRoboPrac_ws/ros2_ws/install/key_event_nodes/share/key_event_nodes/hook/ld_library_path_lib.ps1'
[1.429s] INFO:colcon.colcon_core.shell:Creating environment descriptor '/home/kousei/2DRoboPrac_ws/ros2_ws/install/key_event_nodes/share/key_event_nodes/hook/ld_library_path_lib.dsv'
[1.429s] INFO:colcon.colcon_core.shell:Creating environment hook '/home/kousei/2DRoboPrac_ws/ros2_ws/install/key_event_nodes/share/key_event_nodes/hook/ld_library_path_lib.sh'
[1.429s] Level 1:colcon.colcon_core.environment:checking '/home/kousei/2DRoboPrac_ws/ros2_ws/install/key_event_nodes/bin'
[1.429s] Level 1:colcon.colcon_core.environment:checking '/home/kousei/2DRoboPrac_ws/ros2_ws/install/key_event_nodes/lib/pkgconfig/key_event_nodes.pc'
[1.430s] Level 1:colcon.colcon_core.environment:checking '/home/kousei/2DRoboPrac_ws/ros2_ws/install/key_event_nodes/lib/python3.10/site-packages'
[1.430s] Level 1:colcon.colcon_core.environment:checking '/home/kousei/2DRoboPrac_ws/ros2_ws/install/key_event_nodes/bin'
[1.436s] INFO:colcon.colcon_core.shell:Creating package script '/home/kousei/2DRoboPrac_ws/ros2_ws/install/key_event_nodes/share/key_event_nodes/package.ps1'
[1.437s] INFO:colcon.colcon_core.shell:Creating package descriptor '/home/kousei/2DRoboPrac_ws/ros2_ws/install/key_event_nodes/share/key_event_nodes/package.dsv'
[1.437s] INFO:colcon.colcon_core.shell:Creating package script '/home/kousei/2DRoboPrac_ws/ros2_ws/install/key_event_nodes/share/key_event_nodes/package.sh'
[1.437s] INFO:colcon.colcon_core.shell:Creating package script '/home/kousei/2DRoboPrac_ws/ros2_ws/install/key_event_nodes/share/key_event_nodes/package.bash'
[1.437s] INFO:colcon.colcon_core.shell:Creating package script '/home/kousei/2DRoboPrac_ws/ros2_ws/install/key_event_nodes/share/key_event_nodes/package.zsh'
[1.438s] Level 1:colcon.colcon_core.environment:create_file_with_runtime_dependencies(/home/kousei/2DRoboPrac_ws/ros2_ws/install/key_event_nodes/share/colcon-core/packages/key_event_nodes)
[1.438s] INFO:colcon.colcon_ros.task.ament_cmake.build:Building ROS package in '/home/kousei/2DRoboPrac_ws/ros2_ws/src/nav_dev' with build type 'ament_cmake'
[1.438s] INFO:colcon.colcon_cmake.task.cmake.build:Building CMake package in '/home/kousei/2DRoboPrac_ws/ros2_ws/src/nav_dev'
[1.446s] INFO:colcon.colcon_core.shell:Skip shell extension 'powershell' for command environment: Not usable outside of PowerShell
[1.446s] DEBUG:colcon.colcon_core.shell:Skip shell extension 'dsv' for command environment
[1.471s] INFO:colcon.colcon_ros.task.ament_cmake.build:Building ROS package in '/home/kousei/2DRoboPrac_ws/ros2_ws/src/nav_real' with build type 'ament_cmake'
[1.472s] INFO:colcon.colcon_cmake.task.cmake.build:Building CMake package in '/home/kousei/2DRoboPrac_ws/ros2_ws/src/nav_real'
[1.484s] INFO:colcon.colcon_core.shell:Skip shell extension 'powershell' for command environment: Not usable outside of PowerShell
[1.484s] DEBUG:colcon.colcon_core.shell:Skip shell extension 'dsv' for command environment
[1.510s] DEBUG:colcon.colcon_core.event_handler.log_command:Invoking command in '/home/kousei/2DRoboPrac_ws/ros2_ws/build/nav_dev': CMAKE_PREFIX_PATH=/home/kousei/2DRoboPrac_ws/ros2_ws/install/key_event_nodes:/home/kousei/2DRoboPrac_ws/ros2_ws/install/key_event_msgs:/home/kousei/2DRoboPrac_ws/ros2_ws/install/urg_node2:/home/kousei/2DRoboPrac_ws/ros2_ws/install/nav_real:/home/kousei/2DRoboPrac_ws/ros2_ws/install/nav_dev:/home/kousei/2DRoboPrac_ws/ros2_ws/install/drive_msgs:/opt/ros/humble LD_LIBRARY_PATH=/home/kousei/2DRoboPrac_ws/ros2_ws/install/key_event_nodes/lib:/home/kousei/2DRoboPrac_ws/ros2_ws/install/key_event_msgs/lib:/home/kousei/2DRoboPrac_ws/ros2_ws/install/urg_node2/lib:/home/kousei/2DRoboPrac_ws/ros2_ws/install/drive_msgs/lib:/usr/lib/x86_64-linux-gnu/gazebo-11/plugins:/opt/ros/humble/opt/rviz_ogre_vendor/lib:/opt/ros/humble/lib/x86_64-linux-gnu:/opt/ros/humble/lib /usr/bin/cmake --build /home/kousei/2DRoboPrac_ws/ros2_ws/build/nav_dev -- -j16 -l16
[1.516s] DEBUG:colcon.colcon_core.event_handler.log_command:Invoking command in '/home/kousei/2DRoboPrac_ws/ros2_ws/build/nav_real': CMAKE_PREFIX_PATH=/home/kousei/2DRoboPrac_ws/ros2_ws/install/key_event_nodes:/home/kousei/2DRoboPrac_ws/ros2_ws/install/key_event_msgs:/home/kousei/2DRoboPrac_ws/ros2_ws/install/drive_msgs:/home/kousei/2DRoboPrac_ws/ros2_ws/install/urg_node2:/home/kousei/2DRoboPrac_ws/ros2_ws/install/nav_real:/home/kousei/2DRoboPrac_ws/ros2_ws/install/nav_dev:/opt/ros/humble LD_LIBRARY_PATH=/home/kousei/2DRoboPrac_ws/ros2_ws/install/key_event_nodes/lib:/home/kousei/2DRoboPrac_ws/ros2_ws/install/key_event_msgs/lib:/home/kousei/2DRoboPrac_ws/ros2_ws/install/drive_msgs/lib:/home/kousei/2DRoboPrac_ws/ros2_ws/install/urg_node2/lib:/usr/lib/x86_64-linux-gnu/gazebo-11/plugins:/opt/ros/humble/opt/rviz_ogre_vendor/lib:/opt/ros/humble/lib/x86_64-linux-gnu:/opt/ros/humble/lib /usr/bin/cmake --build /home/kousei/2DRoboPrac_ws/ros2_ws/build/nav_real -- -j16 -l16
[1.554s] DEBUG:colcon.colcon_core.event_handler.log_command:Invoked command in '/home/kousei/2DRoboPrac_ws/ros2_ws/build/nav_dev' returned '0': CMAKE_PREFIX_PATH=/home/kousei/2DRoboPrac_ws/ros2_ws/install/key_event_nodes:/home/kousei/2DRoboPrac_ws/ros2_ws/install/key_event_msgs:/home/kousei/2DRoboPrac_ws/ros2_ws/install/urg_node2:/home/kousei/2DRoboPrac_ws/ros2_ws/install/nav_real:/home/kousei/2DRoboPrac_ws/ros2_ws/install/nav_dev:/home/kousei/2DRoboPrac_ws/ros2_ws/install/drive_msgs:/opt/ros/humble LD_LIBRARY_PATH=/home/kousei/2DRoboPrac_ws/ros2_ws/install/key_event_nodes/lib:/home/kousei/2DRoboPrac_ws/ros2_ws/install/key_event_msgs/lib:/home/kousei/2DRoboPrac_ws/ros2_ws/install/urg_node2/lib:/home/kousei/2DRoboPrac_ws/ros2_ws/install/drive_msgs/lib:/usr/lib/x86_64-linux-gnu/gazebo-11/plugins:/opt/ros/humble/opt/rviz_ogre_vendor/lib:/opt/ros/humble/lib/x86_64-linux-gnu:/opt/ros/humble/lib /usr/bin/cmake --build /home/kousei/2DRoboPrac_ws/ros2_ws/build/nav_dev -- -j16 -l16
[1.575s] DEBUG:colcon.colcon_core.event_handler.log_command:Invoking command in '/home/kousei/2DRoboPrac_ws/ros2_ws/build/nav_dev': CMAKE_PREFIX_PATH=/home/kousei/2DRoboPrac_ws/ros2_ws/install/key_event_nodes:/home/kousei/2DRoboPrac_ws/ros2_ws/install/key_event_msgs:/home/kousei/2DRoboPrac_ws/ros2_ws/install/urg_node2:/home/kousei/2DRoboPrac_ws/ros2_ws/install/nav_real:/home/kousei/2DRoboPrac_ws/ros2_ws/install/nav_dev:/home/kousei/2DRoboPrac_ws/ros2_ws/install/drive_msgs:/opt/ros/humble LD_LIBRARY_PATH=/home/kousei/2DRoboPrac_ws/ros2_ws/install/key_event_nodes/lib:/home/kousei/2DRoboPrac_ws/ros2_ws/install/key_event_msgs/lib:/home/kousei/2DRoboPrac_ws/ros2_ws/install/urg_node2/lib:/home/kousei/2DRoboPrac_ws/ros2_ws/install/drive_msgs/lib:/usr/lib/x86_64-linux-gnu/gazebo-11/plugins:/opt/ros/humble/opt/rviz_ogre_vendor/lib:/opt/ros/humble/lib/x86_64-linux-gnu:/opt/ros/humble/lib /usr/bin/cmake --install /home/kousei/2DRoboPrac_ws/ros2_ws/build/nav_dev
[1.583s] Level 1:colcon.colcon_core.environment:create_environment_scripts_only(nav_dev)
[1.587s] DEBUG:colcon.colcon_core.event_handler.log_command:Invoked command in '/home/kousei/2DRoboPrac_ws/ros2_ws/build/nav_dev' returned '0': CMAKE_PREFIX_PATH=/home/kousei/2DRoboPrac_ws/ros2_ws/install/key_event_nodes:/home/kousei/2DRoboPrac_ws/ros2_ws/install/key_event_msgs:/home/kousei/2DRoboPrac_ws/ros2_ws/install/urg_node2:/home/kousei/2DRoboPrac_ws/ros2_ws/install/nav_real:/home/kousei/2DRoboPrac_ws/ros2_ws/install/nav_dev:/home/kousei/2DRoboPrac_ws/ros2_ws/install/drive_msgs:/opt/ros/humble LD_LIBRARY_PATH=/home/kousei/2DRoboPrac_ws/ros2_ws/install/key_event_nodes/lib:/home/kousei/2DRoboPrac_ws/ros2_ws/install/key_event_msgs/lib:/home/kousei/2DRoboPrac_ws/ros2_ws/install/urg_node2/lib:/home/kousei/2DRoboPrac_ws/ros2_ws/install/drive_msgs/lib:/usr/lib/x86_64-linux-gnu/gazebo-11/plugins:/opt/ros/humble/opt/rviz_ogre_vendor/lib:/opt/ros/humble/lib/x86_64-linux-gnu:/opt/ros/humble/lib /usr/bin/cmake --install /home/kousei/2DRoboPrac_ws/ros2_ws/build/nav_dev
[1.596s] Level 1:colcon.colcon_core.environment:checking '/home/kousei/2DRoboPrac_ws/ros2_ws/install/nav_dev' for CMake module files
[1.596s] Level 1:colcon.colcon_core.environment:checking '/home/kousei/2DRoboPrac_ws/ros2_ws/install/nav_dev' for CMake config files
[1.596s] Level 1:colcon.colcon_core.shell:create_environment_hook('nav_dev', 'cmake_prefix_path')
[1.604s] INFO:colcon.colcon_core.shell:Creating environment hook '/home/kousei/2DRoboPrac_ws/ros2_ws/install/nav_dev/share/nav_dev/hook/cmake_prefix_path.ps1'
[1.604s] INFO:colcon.colcon_core.shell:Creating environment descriptor '/home/kousei/2DRoboPrac_ws/ros2_ws/install/nav_dev/share/nav_dev/hook/cmake_prefix_path.dsv'
[1.605s] INFO:colcon.colcon_core.shell:Creating environment hook '/home/kousei/2DRoboPrac_ws/ros2_ws/install/nav_dev/share/nav_dev/hook/cmake_prefix_path.sh'
[1.605s] Level 1:colcon.colcon_core.environment:checking '/home/kousei/2DRoboPrac_ws/ros2_ws/install/nav_dev/lib'
[1.605s] Level 1:colcon.colcon_core.environment:checking '/home/kousei/2DRoboPrac_ws/ros2_ws/install/nav_dev/bin'
[1.605s] Level 1:colcon.colcon_core.environment:checking '/home/kousei/2DRoboPrac_ws/ros2_ws/install/nav_dev/lib/pkgconfig/nav_dev.pc'
[1.605s] Level 1:colcon.colcon_core.environment:checking '/home/kousei/2DRoboPrac_ws/ros2_ws/install/nav_dev/lib/python3.10/site-packages'
[1.605s] Level 1:colcon.colcon_core.environment:checking '/home/kousei/2DRoboPrac_ws/ros2_ws/install/nav_dev/bin'
[1.613s] INFO:colcon.colcon_core.shell:Creating package script '/home/kousei/2DRoboPrac_ws/ros2_ws/install/nav_dev/share/nav_dev/package.ps1'
[1.613s] INFO:colcon.colcon_core.shell:Creating package descriptor '/home/kousei/2DRoboPrac_ws/ros2_ws/install/nav_dev/share/nav_dev/package.dsv'
[1.613s] INFO:colcon.colcon_core.shell:Creating package script '/home/kousei/2DRoboPrac_ws/ros2_ws/install/nav_dev/share/nav_dev/package.sh'
[1.614s] INFO:colcon.colcon_core.shell:Creating package script '/home/kousei/2DRoboPrac_ws/ros2_ws/install/nav_dev/share/nav_dev/package.bash'
[1.614s] INFO:colcon.colcon_core.shell:Creating package script '/home/kousei/2DRoboPrac_ws/ros2_ws/install/nav_dev/share/nav_dev/package.zsh'
[1.614s] Level 1:colcon.colcon_core.environment:create_file_with_runtime_dependencies(/home/kousei/2DRoboPrac_ws/ros2_ws/install/nav_dev/share/colcon-core/packages/nav_dev)
[1.639s] Level 1:colcon.colcon_core.environment:create_environment_scripts_only(nav_dev)
[1.646s] Level 1:colcon.colcon_core.environment:checking '/home/kousei/2DRoboPrac_ws/ros2_ws/install/nav_dev' for CMake module files
[1.647s] Level 1:colcon.colcon_core.environment:checking '/home/kousei/2DRoboPrac_ws/ros2_ws/install/nav_dev' for CMake config files
[1.647s] Level 1:colcon.colcon_core.shell:create_environment_hook('nav_dev', 'cmake_prefix_path')
[1.654s] INFO:colcon.colcon_core.shell:Creating environment hook '/home/kousei/2DRoboPrac_ws/ros2_ws/install/nav_dev/share/nav_dev/hook/cmake_prefix_path.ps1'
[1.654s] INFO:colcon.colcon_core.shell:Creating environment descriptor '/home/kousei/2DRoboPrac_ws/ros2_ws/install/nav_dev/share/nav_dev/hook/cmake_prefix_path.dsv'
[1.655s] INFO:colcon.colcon_core.shell:Creating environment hook '/home/kousei/2DRoboPrac_ws/ros2_ws/install/nav_dev/share/nav_dev/hook/cmake_prefix_path.sh'
[1.655s] Level 1:colcon.colcon_core.environment:checking '/home/kousei/2DRoboPrac_ws/ros2_ws/install/nav_dev/lib'
[1.655s] Level 1:colcon.colcon_core.environment:checking '/home/kousei/2DRoboPrac_ws/ros2_ws/install/nav_dev/bin'
[1.655s] Level 1:colcon.colcon_core.environment:checking '/home/kousei/2DRoboPrac_ws/ros2_ws/install/nav_dev/lib/pkgconfig/nav_dev.pc'
[1.655s] Level 1:colcon.colcon_core.environment:checking '/home/kousei/2DRoboPrac_ws/ros2_ws/install/nav_dev/lib/python3.10/site-packages'
[1.655s] Level 1:colcon.colcon_core.environment:checking '/home/kousei/2DRoboPrac_ws/ros2_ws/install/nav_dev/bin'
[1.663s] INFO:colcon.colcon_core.shell:Creating package script '/home/kousei/2DRoboPrac_ws/ros2_ws/install/nav_dev/share/nav_dev/package.ps1'
[1.663s] INFO:colcon.colcon_core.shell:Creating package descriptor '/home/kousei/2DRoboPrac_ws/ros2_ws/install/nav_dev/share/nav_dev/package.dsv'
[1.663s] INFO:colcon.colcon_core.shell:Creating package script '/home/kousei/2DRoboPrac_ws/ros2_ws/install/nav_dev/share/nav_dev/package.sh'
[1.664s] INFO:colcon.colcon_core.shell:Creating package script '/home/kousei/2DRoboPrac_ws/ros2_ws/install/nav_dev/share/nav_dev/package.bash'
[1.664s] INFO:colcon.colcon_core.shell:Creating package script '/home/kousei/2DRoboPrac_ws/ros2_ws/install/nav_dev/share/nav_dev/package.zsh'
[1.664s] Level 1:colcon.colcon_core.environment:create_file_with_runtime_dependencies(/home/kousei/2DRoboPrac_ws/ros2_ws/install/nav_dev/share/colcon-core/packages/nav_dev)
[6.774s] DEBUG:colcon.colcon_core.event_handler.log_command:Invoked command in '/home/kousei/2DRoboPrac_ws/ros2_ws/build/nav_real' returned '0': CMAKE_PREFIX_PATH=/home/kousei/2DRoboPrac_ws/ros2_ws/install/key_event_nodes:/home/kousei/2DRoboPrac_ws/ros2_ws/install/key_event_msgs:/home/kousei/2DRoboPrac_ws/ros2_ws/install/drive_msgs:/home/kousei/2DRoboPrac_ws/ros2_ws/install/urg_node2:/home/kousei/2DRoboPrac_ws/ros2_ws/install/nav_real:/home/kousei/2DRoboPrac_ws/ros2_ws/install/nav_dev:/opt/ros/humble LD_LIBRARY_PATH=/home/kousei/2DRoboPrac_ws/ros2_ws/install/key_event_nodes/lib:/home/kousei/2DRoboPrac_ws/ros2_ws/install/key_event_msgs/lib:/home/kousei/2DRoboPrac_ws/ros2_ws/install/drive_msgs/lib:/home/kousei/2DRoboPrac_ws/ros2_ws/install/urg_node2/lib:/usr/lib/x86_64-linux-gnu/gazebo-11/plugins:/opt/ros/humble/opt/rviz_ogre_vendor/lib:/opt/ros/humble/lib/x86_64-linux-gnu:/opt/ros/humble/lib /usr/bin/cmake --build /home/kousei/2DRoboPrac_ws/ros2_ws/build/nav_real -- -j16 -l16
[6.797s] DEBUG:colcon.colcon_core.event_handler.log_command:Invoking command in '/home/kousei/2DRoboPrac_ws/ros2_ws/build/nav_real': CMAKE_PREFIX_PATH=/home/kousei/2DRoboPrac_ws/ros2_ws/install/key_event_nodes:/home/kousei/2DRoboPrac_ws/ros2_ws/install/key_event_msgs:/home/kousei/2DRoboPrac_ws/ros2_ws/install/drive_msgs:/home/kousei/2DRoboPrac_ws/ros2_ws/install/urg_node2:/home/kousei/2DRoboPrac_ws/ros2_ws/install/nav_real:/home/kousei/2DRoboPrac_ws/ros2_ws/install/nav_dev:/opt/ros/humble LD_LIBRARY_PATH=/home/kousei/2DRoboPrac_ws/ros2_ws/install/key_event_nodes/lib:/home/kousei/2DRoboPrac_ws/ros2_ws/install/key_event_msgs/lib:/home/kousei/2DRoboPrac_ws/ros2_ws/install/drive_msgs/lib:/home/kousei/2DRoboPrac_ws/ros2_ws/install/urg_node2/lib:/usr/lib/x86_64-linux-gnu/gazebo-11/plugins:/opt/ros/humble/opt/rviz_ogre_vendor/lib:/opt/ros/humble/lib/x86_64-linux-gnu:/opt/ros/humble/lib /usr/bin/cmake --install /home/kousei/2DRoboPrac_ws/ros2_ws/build/nav_real
[6.806s] Level 1:colcon.colcon_core.environment:create_environment_scripts_only(nav_real)
[6.807s] DEBUG:colcon.colcon_core.event_handler.log_command:Invoked command in '/home/kousei/2DRoboPrac_ws/ros2_ws/build/nav_real' returned '0': CMAKE_PREFIX_PATH=/home/kousei/2DRoboPrac_ws/ros2_ws/install/key_event_nodes:/home/kousei/2DRoboPrac_ws/ros2_ws/install/key_event_msgs:/home/kousei/2DRoboPrac_ws/ros2_ws/install/drive_msgs:/home/kousei/2DRoboPrac_ws/ros2_ws/install/urg_node2:/home/kousei/2DRoboPrac_ws/ros2_ws/install/nav_real:/home/kousei/2DRoboPrac_ws/ros2_ws/install/nav_dev:/opt/ros/humble LD_LIBRARY_PATH=/home/kousei/2DRoboPrac_ws/ros2_ws/install/key_event_nodes/lib:/home/kousei/2DRoboPrac_ws/ros2_ws/install/key_event_msgs/lib:/home/kousei/2DRoboPrac_ws/ros2_ws/install/drive_msgs/lib:/home/kousei/2DRoboPrac_ws/ros2_ws/install/urg_node2/lib:/usr/lib/x86_64-linux-gnu/gazebo-11/plugins:/opt/ros/humble/opt/rviz_ogre_vendor/lib:/opt/ros/humble/lib/x86_64-linux-gnu:/opt/ros/humble/lib /usr/bin/cmake --install /home/kousei/2DRoboPrac_ws/ros2_ws/build/nav_real
[6.815s] Level 1:colcon.colcon_core.environment:checking '/home/kousei/2DRoboPrac_ws/ros2_ws/install/nav_real' for CMake module files
[6.815s] Level 1:colcon.colcon_core.environment:checking '/home/kousei/2DRoboPrac_ws/ros2_ws/install/nav_real' for CMake config files
[6.815s] Level 1:colcon.colcon_core.shell:create_environment_hook('nav_real', 'cmake_prefix_path')
[6.823s] INFO:colcon.colcon_core.shell:Creating environment hook '/home/kousei/2DRoboPrac_ws/ros2_ws/install/nav_real/share/nav_real/hook/cmake_prefix_path.ps1'
[6.823s] INFO:colcon.colcon_core.shell:Creating environment descriptor '/home/kousei/2DRoboPrac_ws/ros2_ws/install/nav_real/share/nav_real/hook/cmake_prefix_path.dsv'
[6.823s] INFO:colcon.colcon_core.shell:Creating environment hook '/home/kousei/2DRoboPrac_ws/ros2_ws/install/nav_real/share/nav_real/hook/cmake_prefix_path.sh'
[6.824s] Level 1:colcon.colcon_core.environment:checking '/home/kousei/2DRoboPrac_ws/ros2_ws/install/nav_real/lib'
[6.824s] Level 1:colcon.colcon_core.environment:checking '/home/kousei/2DRoboPrac_ws/ros2_ws/install/nav_real/bin'
[6.824s] Level 1:colcon.colcon_core.environment:checking '/home/kousei/2DRoboPrac_ws/ros2_ws/install/nav_real/lib/pkgconfig/nav_real.pc'
[6.824s] Level 1:colcon.colcon_core.environment:checking '/home/kousei/2DRoboPrac_ws/ros2_ws/install/nav_real/lib/python3.10/site-packages'
[6.824s] Level 1:colcon.colcon_core.environment:checking '/home/kousei/2DRoboPrac_ws/ros2_ws/install/nav_real/bin'
[6.831s] INFO:colcon.colcon_core.shell:Creating package script '/home/kousei/2DRoboPrac_ws/ros2_ws/install/nav_real/share/nav_real/package.ps1'
[6.832s] INFO:colcon.colcon_core.shell:Creating package descriptor '/home/kousei/2DRoboPrac_ws/ros2_ws/install/nav_real/share/nav_real/package.dsv'
[6.832s] INFO:colcon.colcon_core.shell:Creating package script '/home/kousei/2DRoboPrac_ws/ros2_ws/install/nav_real/share/nav_real/package.sh'
[6.832s] INFO:colcon.colcon_core.shell:Creating package script '/home/kousei/2DRoboPrac_ws/ros2_ws/install/nav_real/share/nav_real/package.bash'
[6.832s] INFO:colcon.colcon_core.shell:Creating package script '/home/kousei/2DRoboPrac_ws/ros2_ws/install/nav_real/share/nav_real/package.zsh'
[6.832s] Level 1:colcon.colcon_core.environment:create_file_with_runtime_dependencies(/home/kousei/2DRoboPrac_ws/ros2_ws/install/nav_real/share/colcon-core/packages/nav_real)
[6.864s] Level 1:colcon.colcon_core.environment:create_environment_scripts_only(nav_real)
[6.871s] Level 1:colcon.colcon_core.environment:checking '/home/kousei/2DRoboPrac_ws/ros2_ws/install/nav_real' for CMake module files
[6.871s] Level 1:colcon.colcon_core.environment:checking '/home/kousei/2DRoboPrac_ws/ros2_ws/install/nav_real' for CMake config files
[6.871s] Level 1:colcon.colcon_core.shell:create_environment_hook('nav_real', 'cmake_prefix_path')
[6.878s] INFO:colcon.colcon_core.shell:Creating environment hook '/home/kousei/2DRoboPrac_ws/ros2_ws/install/nav_real/share/nav_real/hook/cmake_prefix_path.ps1'
[6.878s] INFO:colcon.colcon_core.shell:Creating environment descriptor '/home/kousei/2DRoboPrac_ws/ros2_ws/install/nav_real/share/nav_real/hook/cmake_prefix_path.dsv'
[6.879s] INFO:colcon.colcon_core.shell:Creating environment hook '/home/kousei/2DRoboPrac_ws/ros2_ws/install/nav_real/share/nav_real/hook/cmake_prefix_path.sh'
[6.879s] Level 1:colcon.colcon_core.environment:checking '/home/kousei/2DRoboPrac_ws/ros2_ws/install/nav_real/lib'
[6.879s] Level 1:colcon.colcon_core.environment:checking '/home/kousei/2DRoboPrac_ws/ros2_ws/install/nav_real/bin'
[6.879s] Level 1:colcon.colcon_core.environment:checking '/home/kousei/2DRoboPrac_ws/ros2_ws/install/nav_real/lib/pkgconfig/nav_real.pc'
[6.879s] Level 1:colcon.colcon_core.environment:checking '/home/kousei/2DRoboPrac_ws/ros2_ws/install/nav_real/lib/python3.10/site-packages'
[6.879s] Level 1:colcon.colcon_core.environment:checking '/home/kousei/2DRoboPrac_ws/ros2_ws/install/nav_real/bin'
[6.886s] INFO:colcon.colcon_core.shell:Creating package script '/home/kousei/2DRoboPrac_ws/ros2_ws/install/nav_real/share/nav_real/package.ps1'
[6.887s] INFO:colcon.colcon_core.shell:Creating package descriptor '/home/kousei/2DRoboPrac_ws/ros2_ws/install/nav_real/share/nav_real/package.dsv'
[6.887s] INFO:colcon.colcon_core.shell:Creating package script '/home/kousei/2DRoboPrac_ws/ros2_ws/install/nav_real/share/nav_real/package.sh'
[6.887s] INFO:colcon.colcon_core.shell:Creating package script '/home/kousei/2DRoboPrac_ws/ros2_ws/install/nav_real/share/nav_real/package.bash'
[6.887s] INFO:colcon.colcon_core.shell:Creating package script '/home/kousei/2DRoboPrac_ws/ros2_ws/install/nav_real/share/nav_real/package.zsh'
[6.888s] Level 1:colcon.colcon_core.environment:create_file_with_runtime_dependencies(/home/kousei/2DRoboPrac_ws/ros2_ws/install/nav_real/share/colcon-core/packages/nav_real)
[6.888s] DEBUG:colcon.colcon_parallel_executor.executor.parallel:closing loop
[6.888s] DEBUG:colcon.colcon_parallel_executor.executor.parallel:loop closed
[6.888s] DEBUG:colcon.colcon_parallel_executor.executor.parallel:run_until_complete finished with '0'
[6.888s] DEBUG:colcon.colcon_core.event_reactor:joining thread
[6.903s] INFO:colcon.colcon_core.plugin_system:Skipping extension 'colcon_notification.desktop_notification.terminal_notifier': Not used on non-Darwin systems
[6.903s] INFO:colcon.colcon_core.plugin_system:Skipping extension 'colcon_notification.desktop_notification.win32': Not used on non-Windows systems
[6.903s] INFO:colcon.colcon_notification.desktop_notification:Sending desktop notification using 'notify2'
[6.913s] DEBUG:colcon.colcon_core.event_reactor:joined thread
[6.923s] INFO:colcon.colcon_core.shell:Creating prefix script '/home/kousei/2DRoboPrac_ws/ros2_ws/install/local_setup.ps1'
[6.924s] INFO:colcon.colcon_core.shell:Creating prefix util module '/home/kousei/2DRoboPrac_ws/ros2_ws/install/_local_setup_util_ps1.py'
[6.925s] INFO:colcon.colcon_core.shell:Creating prefix chain script '/home/kousei/2DRoboPrac_ws/ros2_ws/install/setup.ps1'
[6.932s] INFO:colcon.colcon_core.shell:Creating prefix script '/home/kousei/2DRoboPrac_ws/ros2_ws/install/local_setup.sh'
[6.932s] INFO:colcon.colcon_core.shell:Creating prefix util module '/home/kousei/2DRoboPrac_ws/ros2_ws/install/_local_setup_util_sh.py'
[6.932s] INFO:colcon.colcon_core.shell:Creating prefix chain script '/home/kousei/2DRoboPrac_ws/ros2_ws/install/setup.sh'
[6.940s] INFO:colcon.colcon_core.shell:Creating prefix script '/home/kousei/2DRoboPrac_ws/ros2_ws/install/local_setup.bash'
[6.940s] INFO:colcon.colcon_core.shell:Creating prefix chain script '/home/kousei/2DRoboPrac_ws/ros2_ws/install/setup.bash'
[6.948s] INFO:colcon.colcon_core.shell:Creating prefix script '/home/kousei/2DRoboPrac_ws/ros2_ws/install/local_setup.zsh'
[6.948s] INFO:colcon.colcon_core.shell:Creating prefix chain script '/home/kousei/2DRoboPrac_ws/ros2_ws/install/setup.zsh'
