[0.029s] Invoking command in '/home/kousei/2DRoboPrac_ws/build/key_event_msgs': CMAKE_PREFIX_PATH=/opt/ros/humble /usr/bin/cmake /home/kousei/2DRoboPrac_ws/ros2_ws/src/key_event_msgs -DCMAKE_INSTALL_PREFIX=/home/kousei/2DRoboPrac_ws/install/key_event_msgs
[0.110s] -- The C compiler identification is GNU 11.4.0
[0.174s] -- The CXX compiler identification is GNU 11.4.0
[0.180s] -- Detecting C compiler ABI info
[0.225s] -- Detecting C compiler ABI info - done
[0.230s] -- Check for working C compiler: /usr/bin/cc - skipped
[0.230s] -- Detecting C compile features
[0.231s] -- Detecting C compile features - done
[0.233s] -- Detecting CXX compiler ABI info
[0.284s] -- Detecting CXX compiler ABI info - done
[0.289s] -- Check for working CXX compiler: /usr/bin/c++ - skipped
[0.289s] -- Detecting CXX compile features
[0.289s] -- Detecting CXX compile features - done
[0.291s] -- Found ament_cmake: 1.3.6 (/opt/ros/humble/share/ament_cmake/cmake)
[0.413s] -- Found Python3: /usr/bin/python3.10 (found version "3.10.12") found components: Interpreter 
[0.476s] -- Found rosidl_default_generators: 1.2.0 (/opt/ros/humble/share/rosidl_default_generators/cmake)
[0.478s] -- Using all available rosidl_typesupport_c: rosidl_typesupport_fastrtps_c;rosidl_typesupport_introspection_c
[0.482s] -- Found rosidl_adapter: 3.1.5 (/opt/ros/humble/share/rosidl_adapter/cmake)
[0.511s] -- Using all available rosidl_typesupport_cpp: rosidl_typesupport_fastrtps_cpp;rosidl_typesupport_introspection_cpp
[0.686s] -- Found ament_cmake_ros: 0.10.0 (/opt/ros/humble/share/ament_cmake_ros/cmake)
[0.808s] -- Using all available rosidl_typesupport_c: rosidl_typesupport_fastrtps_c;rosidl_typesupport_introspection_c
[0.968s] -- Using all available rosidl_typesupport_cpp: rosidl_typesupport_fastrtps_cpp;rosidl_typesupport_introspection_cpp
[0.985s] -- Found PythonInterp: /usr/bin/python3 (found suitable version "3.10.12", minimum required is "3.6") 
[0.986s] -- Found python_cmake_module: 0.10.0 (/opt/ros/humble/share/python_cmake_module/cmake)
[1.004s] -- Found PythonLibs: /usr/lib/x86_64-linux-gnu/libpython3.10.so (found suitable version "3.10.12", minimum required is "3.5") 
[1.004s] -- Using PYTHON_EXECUTABLE: /usr/bin/python3
[1.004s] -- Using PYTHON_INCLUDE_DIRS: /usr/include/python3.10
[1.004s] -- Using PYTHON_LIBRARIES: /usr/lib/x86_64-linux-gnu/libpython3.10.so
[1.018s] -- Found PythonExtra: .so  
[1.044s] -- Found ament_lint_auto: 0.12.9 (/opt/ros/humble/share/ament_lint_auto/cmake)
[1.058s] -- Added test 'copyright' to check source files copyright and LICENSE
[1.059s] -- Added test 'lint_cmake' to check CMake code style
[1.060s] -- Added test 'xmllint' to check XML markup files
[1.061s] -- Configuring done
[1.077s] -- Generating done
[1.078s] -- Build files have been written to: /home/kousei/2DRoboPrac_ws/build/key_event_msgs
[1.083s] Invoked command in '/home/kousei/2DRoboPrac_ws/build/key_event_msgs' returned '0': CMAKE_PREFIX_PATH=/opt/ros/humble /usr/bin/cmake /home/kousei/2DRoboPrac_ws/ros2_ws/src/key_event_msgs -DCMAKE_INSTALL_PREFIX=/home/kousei/2DRoboPrac_ws/install/key_event_msgs
[1.084s] Invoking command in '/home/kousei/2DRoboPrac_ws/build/key_event_msgs': CMAKE_PREFIX_PATH=/opt/ros/humble /usr/bin/cmake --build /home/kousei/2DRoboPrac_ws/build/key_event_msgs -- -j16 -l16
[1.109s] [  3%] [34m[1mGenerating C code for ROS interfaces[0m
[1.115s] [  6%] [34m[1mGenerating C++ code for ROS interfaces[0m
[1.121s] [  6%] Built target ament_cmake_python_copy_key_event_msgs
[1.275s] [  6%] Built target key_event_msgs__cpp
[1.280s] [  9%] [32mBuilding C object CMakeFiles/key_event_msgs__rosidl_generator_c.dir/rosidl_generator_c/key_event_msgs/msg/detail/key_event__functions.c.o[0m
[1.282s] [ 16%] [34m[1mGenerating C++ type support dispatch for ROS interfaces[0m
[1.282s] [ 16%] [34m[1mGenerating C++ type support for eProsima Fast-RTPS[0m
[1.284s] [ 19%] [34m[1mGenerating C++ introspection for ROS interfaces[0m
[1.303s] running egg_info
[1.304s] creating key_event_msgs.egg-info
[1.304s] writing key_event_msgs.egg-info/PKG-INFO
[1.304s] writing dependency_links to key_event_msgs.egg-info/dependency_links.txt
[1.304s] writing top-level names to key_event_msgs.egg-info/top_level.txt
[1.304s] writing manifest file 'key_event_msgs.egg-info/SOURCES.txt'
[1.306s] reading manifest file 'key_event_msgs.egg-info/SOURCES.txt'
[1.306s] writing manifest file 'key_event_msgs.egg-info/SOURCES.txt'
[1.325s] [ 22%] [32m[1mLinking C shared library libkey_event_msgs__rosidl_generator_c.so[0m
[1.333s] [ 22%] Built target ament_cmake_python_build_key_event_msgs_egg
[1.353s] [ 22%] Built target key_event_msgs__rosidl_generator_c
[1.360s] [ 25%] [34m[1mGenerating C type support for eProsima Fast-RTPS[0m
[1.363s] [ 32%] [34m[1mGenerating C type support dispatch for ROS interfaces[0m
[1.363s] [ 32%] [34m[1mGenerating C introspection for ROS interfaces[0m
[1.431s] [ 35%] [32mBuilding CXX object CMakeFiles/key_event_msgs__rosidl_typesupport_cpp.dir/rosidl_typesupport_cpp/key_event_msgs/msg/key_event__type_support.cpp.o[0m
[1.446s] [ 41%] [32mBuilding CXX object CMakeFiles/key_event_msgs__rosidl_typesupport_fastrtps_cpp.dir/rosidl_typesupport_fastrtps_cpp/key_event_msgs/msg/detail/dds_fastrtps/key_event__type_support.cpp.o[0m
[1.446s] [ 41%] [32mBuilding CXX object CMakeFiles/key_event_msgs__rosidl_typesupport_introspection_cpp.dir/rosidl_typesupport_introspection_cpp/key_event_msgs/msg/detail/key_event__type_support.cpp.o[0m
[1.543s] [ 45%] [32mBuilding CXX object CMakeFiles/key_event_msgs__rosidl_typesupport_c.dir/rosidl_typesupport_c/key_event_msgs/msg/key_event__type_support.cpp.o[0m
[1.544s] [ 48%] [32mBuilding CXX object CMakeFiles/key_event_msgs__rosidl_typesupport_fastrtps_c.dir/rosidl_typesupport_fastrtps_c/key_event_msgs/msg/detail/key_event__type_support_c.cpp.o[0m
[1.557s] [ 51%] [32mBuilding C object CMakeFiles/key_event_msgs__rosidl_typesupport_introspection_c.dir/rosidl_typesupport_introspection_c/key_event_msgs/msg/detail/key_event__type_support.c.o[0m
[1.565s] [ 54%] [32m[1mLinking CXX shared library libkey_event_msgs__rosidl_typesupport_c.so[0m
[1.582s] [ 58%] [32m[1mLinking C shared library libkey_event_msgs__rosidl_typesupport_introspection_c.so[0m
[1.594s] [ 58%] Built target key_event_msgs__rosidl_typesupport_c
[1.610s] [ 58%] Built target key_event_msgs__rosidl_typesupport_introspection_c
[1.626s] [ 61%] [32m[1mLinking CXX shared library libkey_event_msgs__rosidl_typesupport_cpp.so[0m
[1.654s] [ 61%] Built target key_event_msgs__rosidl_typesupport_cpp
[1.708s] [ 64%] [32m[1mLinking CXX shared library libkey_event_msgs__rosidl_typesupport_fastrtps_cpp.so[0m
[1.743s] [ 67%] [32m[1mLinking CXX shared library libkey_event_msgs__rosidl_typesupport_introspection_cpp.so[0m
[1.753s] [ 70%] [32m[1mLinking CXX shared library libkey_event_msgs__rosidl_typesupport_fastrtps_c.so[0m
[1.759s] [ 70%] Built target key_event_msgs__rosidl_typesupport_fastrtps_cpp
[1.768s] [ 70%] Built target key_event_msgs__rosidl_typesupport_introspection_cpp
[1.798s] [ 70%] Built target key_event_msgs__rosidl_typesupport_fastrtps_c
[1.811s] [ 70%] Built target key_event_msgs
[1.824s] [ 74%] [34m[1mGenerating Python code for ROS interfaces[0m
[1.996s] [ 74%] Built target key_event_msgs__py
[2.010s] [ 77%] [32mBuilding C object CMakeFiles/key_event_msgs__rosidl_generator_py.dir/rosidl_generator_py/key_event_msgs/msg/_key_event_s.c.o[0m
[2.081s] [ 80%] [32m[1mLinking C shared library rosidl_generator_py/key_event_msgs/libkey_event_msgs__rosidl_generator_py.so[0m
[2.105s] [ 80%] Built target key_event_msgs__rosidl_generator_py
[2.120s] [ 90%] [32mBuilding C object CMakeFiles/key_event_msgs__rosidl_typesupport_introspection_c__pyext.dir/rosidl_generator_py/key_event_msgs/_key_event_msgs_s.ep.rosidl_typesupport_introspection_c.c.o[0m
[2.120s] [ 90%] [32mBuilding C object CMakeFiles/key_event_msgs__rosidl_typesupport_c__pyext.dir/rosidl_generator_py/key_event_msgs/_key_event_msgs_s.ep.rosidl_typesupport_c.c.o[0m
[2.120s] [ 90%] [32mBuilding C object CMakeFiles/key_event_msgs__rosidl_typesupport_fastrtps_c__pyext.dir/rosidl_generator_py/key_event_msgs/_key_event_msgs_s.ep.rosidl_typesupport_fastrtps_c.c.o[0m
[2.177s] [ 96%] [32m[1mLinking C shared library rosidl_generator_py/key_event_msgs/key_event_msgs_s__rosidl_typesupport_introspection_c.cpython-310-x86_64-linux-gnu.so[0m
[2.177s] [ 96%] [32m[1mLinking C shared library rosidl_generator_py/key_event_msgs/key_event_msgs_s__rosidl_typesupport_c.cpython-310-x86_64-linux-gnu.so[0m
[2.177s] [100%] [32m[1mLinking C shared library rosidl_generator_py/key_event_msgs/key_event_msgs_s__rosidl_typesupport_fastrtps_c.cpython-310-x86_64-linux-gnu.so[0m
[2.197s] [100%] Built target key_event_msgs__rosidl_typesupport_introspection_c__pyext
[2.197s] [100%] Built target key_event_msgs__rosidl_typesupport_c__pyext
[2.197s] [100%] Built target key_event_msgs__rosidl_typesupport_fastrtps_c__pyext
[2.204s] Invoked command in '/home/kousei/2DRoboPrac_ws/build/key_event_msgs' returned '0': CMAKE_PREFIX_PATH=/opt/ros/humble /usr/bin/cmake --build /home/kousei/2DRoboPrac_ws/build/key_event_msgs -- -j16 -l16
[2.244s] Invoking command in '/home/kousei/2DRoboPrac_ws/build/key_event_msgs': CMAKE_PREFIX_PATH=/opt/ros/humble /usr/bin/cmake --install /home/kousei/2DRoboPrac_ws/build/key_event_msgs
[2.248s] -- Install configuration: ""
[2.248s] -- Installing: /home/kousei/2DRoboPrac_ws/install/key_event_msgs/share/ament_index/resource_index/rosidl_interfaces/key_event_msgs
[2.248s] -- Installing: /home/kousei/2DRoboPrac_ws/install/key_event_msgs/include/key_event_msgs/key_event_msgs
[2.249s] -- Installing: /home/kousei/2DRoboPrac_ws/install/key_event_msgs/include/key_event_msgs/key_event_msgs/msg
[2.249s] -- Installing: /home/kousei/2DRoboPrac_ws/install/key_event_msgs/include/key_event_msgs/key_event_msgs/msg/key_event.h
[2.249s] -- Installing: /home/kousei/2DRoboPrac_ws/install/key_event_msgs/include/key_event_msgs/key_event_msgs/msg/rosidl_generator_c__visibility_control.h
[2.249s] -- Installing: /home/kousei/2DRoboPrac_ws/install/key_event_msgs/include/key_event_msgs/key_event_msgs/msg/detail
[2.249s] -- Installing: /home/kousei/2DRoboPrac_ws/install/key_event_msgs/include/key_event_msgs/key_event_msgs/msg/detail/key_event__struct.h
[2.249s] -- Installing: /home/kousei/2DRoboPrac_ws/install/key_event_msgs/include/key_event_msgs/key_event_msgs/msg/detail/key_event__functions.h
[2.249s] -- Installing: /home/kousei/2DRoboPrac_ws/install/key_event_msgs/include/key_event_msgs/key_event_msgs/msg/detail/key_event__functions.c
[2.249s] -- Installing: /home/kousei/2DRoboPrac_ws/install/key_event_msgs/include/key_event_msgs/key_event_msgs/msg/detail/key_event__type_support.h
[2.249s] -- Installing: /home/kousei/2DRoboPrac_ws/install/key_event_msgs/share/key_event_msgs/environment/library_path.sh
[2.249s] -- Installing: /home/kousei/2DRoboPrac_ws/install/key_event_msgs/share/key_event_msgs/environment/library_path.dsv
[2.249s] -- Installing: /home/kousei/2DRoboPrac_ws/install/key_event_msgs/lib/libkey_event_msgs__rosidl_generator_c.so
[2.249s] -- Set runtime path of "/home/kousei/2DRoboPrac_ws/install/key_event_msgs/lib/libkey_event_msgs__rosidl_generator_c.so" to ""
[2.250s] -- Up-to-date: /home/kousei/2DRoboPrac_ws/install/key_event_msgs/include/key_event_msgs/key_event_msgs
[2.250s] -- Up-to-date: /home/kousei/2DRoboPrac_ws/install/key_event_msgs/include/key_event_msgs/key_event_msgs/msg
[2.250s] -- Up-to-date: /home/kousei/2DRoboPrac_ws/install/key_event_msgs/include/key_event_msgs/key_event_msgs/msg/detail
[2.250s] -- Installing: /home/kousei/2DRoboPrac_ws/install/key_event_msgs/include/key_event_msgs/key_event_msgs/msg/detail/key_event__rosidl_typesupport_fastrtps_c.h
[2.250s] -- Installing: /home/kousei/2DRoboPrac_ws/install/key_event_msgs/include/key_event_msgs/key_event_msgs/msg/rosidl_typesupport_fastrtps_c__visibility_control.h
[2.250s] -- Installing: /home/kousei/2DRoboPrac_ws/install/key_event_msgs/lib/libkey_event_msgs__rosidl_typesupport_fastrtps_c.so
[2.250s] -- Set runtime path of "/home/kousei/2DRoboPrac_ws/install/key_event_msgs/lib/libkey_event_msgs__rosidl_typesupport_fastrtps_c.so" to ""
[2.250s] -- Up-to-date: /home/kousei/2DRoboPrac_ws/install/key_event_msgs/include/key_event_msgs/key_event_msgs
[2.250s] -- Up-to-date: /home/kousei/2DRoboPrac_ws/install/key_event_msgs/include/key_event_msgs/key_event_msgs/msg
[2.250s] -- Up-to-date: /home/kousei/2DRoboPrac_ws/install/key_event_msgs/include/key_event_msgs/key_event_msgs/msg/detail
[2.250s] -- Installing: /home/kousei/2DRoboPrac_ws/install/key_event_msgs/include/key_event_msgs/key_event_msgs/msg/detail/key_event__type_support.c
[2.250s] -- Installing: /home/kousei/2DRoboPrac_ws/install/key_event_msgs/include/key_event_msgs/key_event_msgs/msg/detail/key_event__rosidl_typesupport_introspection_c.h
[2.250s] -- Installing: /home/kousei/2DRoboPrac_ws/install/key_event_msgs/include/key_event_msgs/key_event_msgs/msg/rosidl_typesupport_introspection_c__visibility_control.h
[2.251s] -- Installing: /home/kousei/2DRoboPrac_ws/install/key_event_msgs/lib/libkey_event_msgs__rosidl_typesupport_introspection_c.so
[2.251s] -- Set runtime path of "/home/kousei/2DRoboPrac_ws/install/key_event_msgs/lib/libkey_event_msgs__rosidl_typesupport_introspection_c.so" to ""
[2.251s] -- Installing: /home/kousei/2DRoboPrac_ws/install/key_event_msgs/lib/libkey_event_msgs__rosidl_typesupport_c.so
[2.251s] -- Set runtime path of "/home/kousei/2DRoboPrac_ws/install/key_event_msgs/lib/libkey_event_msgs__rosidl_typesupport_c.so" to ""
[2.251s] -- Up-to-date: /home/kousei/2DRoboPrac_ws/install/key_event_msgs/include/key_event_msgs/key_event_msgs
[2.251s] -- Up-to-date: /home/kousei/2DRoboPrac_ws/install/key_event_msgs/include/key_event_msgs/key_event_msgs/msg
[2.251s] -- Installing: /home/kousei/2DRoboPrac_ws/install/key_event_msgs/include/key_event_msgs/key_event_msgs/msg/key_event.hpp
[2.251s] -- Up-to-date: /home/kousei/2DRoboPrac_ws/install/key_event_msgs/include/key_event_msgs/key_event_msgs/msg/detail
[2.251s] -- Installing: /home/kousei/2DRoboPrac_ws/install/key_event_msgs/include/key_event_msgs/key_event_msgs/msg/detail/key_event__traits.hpp
[2.251s] -- Installing: /home/kousei/2DRoboPrac_ws/install/key_event_msgs/include/key_event_msgs/key_event_msgs/msg/detail/key_event__struct.hpp
[2.251s] -- Installing: /home/kousei/2DRoboPrac_ws/install/key_event_msgs/include/key_event_msgs/key_event_msgs/msg/detail/key_event__builder.hpp
[2.251s] -- Up-to-date: /home/kousei/2DRoboPrac_ws/install/key_event_msgs/include/key_event_msgs/key_event_msgs
[2.251s] -- Up-to-date: /home/kousei/2DRoboPrac_ws/install/key_event_msgs/include/key_event_msgs/key_event_msgs/msg
[2.252s] -- Up-to-date: /home/kousei/2DRoboPrac_ws/install/key_event_msgs/include/key_event_msgs/key_event_msgs/msg/detail
[2.252s] -- Installing: /home/kousei/2DRoboPrac_ws/install/key_event_msgs/include/key_event_msgs/key_event_msgs/msg/detail/dds_fastrtps
[2.252s] -- Installing: /home/kousei/2DRoboPrac_ws/install/key_event_msgs/include/key_event_msgs/key_event_msgs/msg/detail/key_event__rosidl_typesupport_fastrtps_cpp.hpp
[2.252s] -- Installing: /home/kousei/2DRoboPrac_ws/install/key_event_msgs/include/key_event_msgs/key_event_msgs/msg/rosidl_typesupport_fastrtps_cpp__visibility_control.h
[2.252s] -- Installing: /home/kousei/2DRoboPrac_ws/install/key_event_msgs/lib/libkey_event_msgs__rosidl_typesupport_fastrtps_cpp.so
[2.252s] -- Set runtime path of "/home/kousei/2DRoboPrac_ws/install/key_event_msgs/lib/libkey_event_msgs__rosidl_typesupport_fastrtps_cpp.so" to ""
[2.252s] -- Up-to-date: /home/kousei/2DRoboPrac_ws/install/key_event_msgs/include/key_event_msgs/key_event_msgs
[2.252s] -- Up-to-date: /home/kousei/2DRoboPrac_ws/install/key_event_msgs/include/key_event_msgs/key_event_msgs/msg
[2.252s] -- Up-to-date: /home/kousei/2DRoboPrac_ws/install/key_event_msgs/include/key_event_msgs/key_event_msgs/msg/detail
[2.252s] -- Installing: /home/kousei/2DRoboPrac_ws/install/key_event_msgs/include/key_event_msgs/key_event_msgs/msg/detail/key_event__rosidl_typesupport_introspection_cpp.hpp
[2.252s] -- Installing: /home/kousei/2DRoboPrac_ws/install/key_event_msgs/include/key_event_msgs/key_event_msgs/msg/detail/key_event__type_support.cpp
[2.252s] -- Installing: /home/kousei/2DRoboPrac_ws/install/key_event_msgs/lib/libkey_event_msgs__rosidl_typesupport_introspection_cpp.so
[2.252s] -- Set runtime path of "/home/kousei/2DRoboPrac_ws/install/key_event_msgs/lib/libkey_event_msgs__rosidl_typesupport_introspection_cpp.so" to ""
[2.253s] -- Installing: /home/kousei/2DRoboPrac_ws/install/key_event_msgs/lib/libkey_event_msgs__rosidl_typesupport_cpp.so
[2.253s] -- Set runtime path of "/home/kousei/2DRoboPrac_ws/install/key_event_msgs/lib/libkey_event_msgs__rosidl_typesupport_cpp.so" to ""
[2.253s] -- Installing: /home/kousei/2DRoboPrac_ws/install/key_event_msgs/share/key_event_msgs/environment/pythonpath.sh
[2.253s] -- Installing: /home/kousei/2DRoboPrac_ws/install/key_event_msgs/share/key_event_msgs/environment/pythonpath.dsv
[2.253s] -- Installing: /home/kousei/2DRoboPrac_ws/install/key_event_msgs/local/lib/python3.10/dist-packages/key_event_msgs-0.0.0-py3.10.egg-info
[2.253s] -- Installing: /home/kousei/2DRoboPrac_ws/install/key_event_msgs/local/lib/python3.10/dist-packages/key_event_msgs-0.0.0-py3.10.egg-info/dependency_links.txt
[2.253s] -- Installing: /home/kousei/2DRoboPrac_ws/install/key_event_msgs/local/lib/python3.10/dist-packages/key_event_msgs-0.0.0-py3.10.egg-info/SOURCES.txt
[2.253s] -- Installing: /home/kousei/2DRoboPrac_ws/install/key_event_msgs/local/lib/python3.10/dist-packages/key_event_msgs-0.0.0-py3.10.egg-info/top_level.txt
[2.253s] -- Installing: /home/kousei/2DRoboPrac_ws/install/key_event_msgs/local/lib/python3.10/dist-packages/key_event_msgs-0.0.0-py3.10.egg-info/PKG-INFO
[2.253s] -- Installing: /home/kousei/2DRoboPrac_ws/install/key_event_msgs/local/lib/python3.10/dist-packages/key_event_msgs
[2.253s] -- Installing: /home/kousei/2DRoboPrac_ws/install/key_event_msgs/local/lib/python3.10/dist-packages/key_event_msgs/_key_event_msgs_s.ep.rosidl_typesupport_introspection_c.c
[2.253s] -- Installing: /home/kousei/2DRoboPrac_ws/install/key_event_msgs/local/lib/python3.10/dist-packages/key_event_msgs/__init__.py
[2.253s] -- Installing: /home/kousei/2DRoboPrac_ws/install/key_event_msgs/local/lib/python3.10/dist-packages/key_event_msgs/key_event_msgs_s__rosidl_typesupport_c.cpython-310-x86_64-linux-gnu.so
[2.253s] -- Installing: /home/kousei/2DRoboPrac_ws/install/key_event_msgs/local/lib/python3.10/dist-packages/key_event_msgs/_key_event_msgs_s.ep.rosidl_typesupport_c.c
[2.253s] -- Installing: /home/kousei/2DRoboPrac_ws/install/key_event_msgs/local/lib/python3.10/dist-packages/key_event_msgs/key_event_msgs_s__rosidl_typesupport_introspection_c.cpython-310-x86_64-linux-gnu.so
[2.253s] -- Installing: /home/kousei/2DRoboPrac_ws/install/key_event_msgs/local/lib/python3.10/dist-packages/key_event_msgs/_key_event_msgs_s.ep.rosidl_typesupport_fastrtps_c.c
[2.254s] -- Installing: /home/kousei/2DRoboPrac_ws/install/key_event_msgs/local/lib/python3.10/dist-packages/key_event_msgs/msg
[2.254s] -- Installing: /home/kousei/2DRoboPrac_ws/install/key_event_msgs/local/lib/python3.10/dist-packages/key_event_msgs/msg/__init__.py
[2.254s] -- Installing: /home/kousei/2DRoboPrac_ws/install/key_event_msgs/local/lib/python3.10/dist-packages/key_event_msgs/msg/_key_event_s.c
[2.254s] -- Installing: /home/kousei/2DRoboPrac_ws/install/key_event_msgs/local/lib/python3.10/dist-packages/key_event_msgs/msg/_key_event.py
[2.254s] -- Installing: /home/kousei/2DRoboPrac_ws/install/key_event_msgs/local/lib/python3.10/dist-packages/key_event_msgs/key_event_msgs_s__rosidl_typesupport_fastrtps_c.cpython-310-x86_64-linux-gnu.so
[2.254s] -- Installing: /home/kousei/2DRoboPrac_ws/install/key_event_msgs/local/lib/python3.10/dist-packages/key_event_msgs/libkey_event_msgs__rosidl_generator_py.so
[2.274s] Listing '/home/kousei/2DRoboPrac_ws/install/key_event_msgs/local/lib/python3.10/dist-packages/key_event_msgs'...
[2.274s] Compiling '/home/kousei/2DRoboPrac_ws/install/key_event_msgs/local/lib/python3.10/dist-packages/key_event_msgs/__init__.py'...
[2.274s] Listing '/home/kousei/2DRoboPrac_ws/install/key_event_msgs/local/lib/python3.10/dist-packages/key_event_msgs/msg'...
[2.274s] Compiling '/home/kousei/2DRoboPrac_ws/install/key_event_msgs/local/lib/python3.10/dist-packages/key_event_msgs/msg/__init__.py'...
[2.274s] Compiling '/home/kousei/2DRoboPrac_ws/install/key_event_msgs/local/lib/python3.10/dist-packages/key_event_msgs/msg/_key_event.py'...
[2.277s] -- Installing: /home/kousei/2DRoboPrac_ws/install/key_event_msgs/local/lib/python3.10/dist-packages/key_event_msgs/key_event_msgs_s__rosidl_typesupport_fastrtps_c.cpython-310-x86_64-linux-gnu.so
[2.278s] -- Set runtime path of "/home/kousei/2DRoboPrac_ws/install/key_event_msgs/local/lib/python3.10/dist-packages/key_event_msgs/key_event_msgs_s__rosidl_typesupport_fastrtps_c.cpython-310-x86_64-linux-gnu.so" to ""
[2.278s] -- Installing: /home/kousei/2DRoboPrac_ws/install/key_event_msgs/local/lib/python3.10/dist-packages/key_event_msgs/key_event_msgs_s__rosidl_typesupport_introspection_c.cpython-310-x86_64-linux-gnu.so
[2.278s] -- Set runtime path of "/home/kousei/2DRoboPrac_ws/install/key_event_msgs/local/lib/python3.10/dist-packages/key_event_msgs/key_event_msgs_s__rosidl_typesupport_introspection_c.cpython-310-x86_64-linux-gnu.so" to ""
[2.278s] -- Installing: /home/kousei/2DRoboPrac_ws/install/key_event_msgs/local/lib/python3.10/dist-packages/key_event_msgs/key_event_msgs_s__rosidl_typesupport_c.cpython-310-x86_64-linux-gnu.so
[2.278s] -- Set runtime path of "/home/kousei/2DRoboPrac_ws/install/key_event_msgs/local/lib/python3.10/dist-packages/key_event_msgs/key_event_msgs_s__rosidl_typesupport_c.cpython-310-x86_64-linux-gnu.so" to ""
[2.278s] -- Installing: /home/kousei/2DRoboPrac_ws/install/key_event_msgs/lib/libkey_event_msgs__rosidl_generator_py.so
[2.278s] -- Set runtime path of "/home/kousei/2DRoboPrac_ws/install/key_event_msgs/lib/libkey_event_msgs__rosidl_generator_py.so" to ""
[2.279s] -- Installing: /home/kousei/2DRoboPrac_ws/install/key_event_msgs/share/key_event_msgs/msg/KeyEvent.idl
[2.279s] -- Installing: /home/kousei/2DRoboPrac_ws/install/key_event_msgs/share/key_event_msgs/msg/KeyEvent.msg
[2.279s] -- Installing: /home/kousei/2DRoboPrac_ws/install/key_event_msgs/share/ament_index/resource_index/package_run_dependencies/key_event_msgs
[2.279s] -- Installing: /home/kousei/2DRoboPrac_ws/install/key_event_msgs/share/ament_index/resource_index/parent_prefix_path/key_event_msgs
[2.279s] -- Installing: /home/kousei/2DRoboPrac_ws/install/key_event_msgs/share/key_event_msgs/environment/ament_prefix_path.sh
[2.279s] -- Installing: /home/kousei/2DRoboPrac_ws/install/key_event_msgs/share/key_event_msgs/environment/ament_prefix_path.dsv
[2.279s] -- Installing: /home/kousei/2DRoboPrac_ws/install/key_event_msgs/share/key_event_msgs/environment/path.sh
[2.279s] -- Installing: /home/kousei/2DRoboPrac_ws/install/key_event_msgs/share/key_event_msgs/environment/path.dsv
[2.279s] -- Installing: /home/kousei/2DRoboPrac_ws/install/key_event_msgs/share/key_event_msgs/local_setup.bash
[2.279s] -- Installing: /home/kousei/2DRoboPrac_ws/install/key_event_msgs/share/key_event_msgs/local_setup.sh
[2.279s] -- Installing: /home/kousei/2DRoboPrac_ws/install/key_event_msgs/share/key_event_msgs/local_setup.zsh
[2.279s] -- Installing: /home/kousei/2DRoboPrac_ws/install/key_event_msgs/share/key_event_msgs/local_setup.dsv
[2.280s] -- Installing: /home/kousei/2DRoboPrac_ws/install/key_event_msgs/share/key_event_msgs/package.dsv
[2.280s] -- Installing: /home/kousei/2DRoboPrac_ws/install/key_event_msgs/share/ament_index/resource_index/packages/key_event_msgs
[2.280s] -- Installing: /home/kousei/2DRoboPrac_ws/install/key_event_msgs/share/key_event_msgs/cmake/export_key_event_msgs__rosidl_generator_cExport.cmake
[2.280s] -- Installing: /home/kousei/2DRoboPrac_ws/install/key_event_msgs/share/key_event_msgs/cmake/export_key_event_msgs__rosidl_generator_cExport-noconfig.cmake
[2.280s] -- Installing: /home/kousei/2DRoboPrac_ws/install/key_event_msgs/share/key_event_msgs/cmake/export_key_event_msgs__rosidl_typesupport_fastrtps_cExport.cmake
[2.280s] -- Installing: /home/kousei/2DRoboPrac_ws/install/key_event_msgs/share/key_event_msgs/cmake/export_key_event_msgs__rosidl_typesupport_fastrtps_cExport-noconfig.cmake
[2.280s] -- Installing: /home/kousei/2DRoboPrac_ws/install/key_event_msgs/share/key_event_msgs/cmake/key_event_msgs__rosidl_typesupport_introspection_cExport.cmake
[2.280s] -- Installing: /home/kousei/2DRoboPrac_ws/install/key_event_msgs/share/key_event_msgs/cmake/key_event_msgs__rosidl_typesupport_introspection_cExport-noconfig.cmake
[2.280s] -- Installing: /home/kousei/2DRoboPrac_ws/install/key_event_msgs/share/key_event_msgs/cmake/key_event_msgs__rosidl_typesupport_cExport.cmake
[2.280s] -- Installing: /home/kousei/2DRoboPrac_ws/install/key_event_msgs/share/key_event_msgs/cmake/key_event_msgs__rosidl_typesupport_cExport-noconfig.cmake
[2.281s] -- Installing: /home/kousei/2DRoboPrac_ws/install/key_event_msgs/share/key_event_msgs/cmake/export_key_event_msgs__rosidl_generator_cppExport.cmake
[2.281s] -- Installing: /home/kousei/2DRoboPrac_ws/install/key_event_msgs/share/key_event_msgs/cmake/export_key_event_msgs__rosidl_typesupport_fastrtps_cppExport.cmake
[2.281s] -- Installing: /home/kousei/2DRoboPrac_ws/install/key_event_msgs/share/key_event_msgs/cmake/export_key_event_msgs__rosidl_typesupport_fastrtps_cppExport-noconfig.cmake
[2.281s] -- Installing: /home/kousei/2DRoboPrac_ws/install/key_event_msgs/share/key_event_msgs/cmake/key_event_msgs__rosidl_typesupport_introspection_cppExport.cmake
[2.281s] -- Installing: /home/kousei/2DRoboPrac_ws/install/key_event_msgs/share/key_event_msgs/cmake/key_event_msgs__rosidl_typesupport_introspection_cppExport-noconfig.cmake
[2.281s] -- Installing: /home/kousei/2DRoboPrac_ws/install/key_event_msgs/share/key_event_msgs/cmake/key_event_msgs__rosidl_typesupport_cppExport.cmake
[2.281s] -- Installing: /home/kousei/2DRoboPrac_ws/install/key_event_msgs/share/key_event_msgs/cmake/key_event_msgs__rosidl_typesupport_cppExport-noconfig.cmake
[2.281s] -- Installing: /home/kousei/2DRoboPrac_ws/install/key_event_msgs/share/key_event_msgs/cmake/export_key_event_msgs__rosidl_generator_pyExport.cmake
[2.281s] -- Installing: /home/kousei/2DRoboPrac_ws/install/key_event_msgs/share/key_event_msgs/cmake/export_key_event_msgs__rosidl_generator_pyExport-noconfig.cmake
[2.281s] -- Installing: /home/kousei/2DRoboPrac_ws/install/key_event_msgs/share/key_event_msgs/cmake/rosidl_cmake-extras.cmake
[2.282s] -- Installing: /home/kousei/2DRoboPrac_ws/install/key_event_msgs/share/key_event_msgs/cmake/ament_cmake_export_include_directories-extras.cmake
[2.282s] -- Installing: /home/kousei/2DRoboPrac_ws/install/key_event_msgs/share/key_event_msgs/cmake/ament_cmake_export_libraries-extras.cmake
[2.282s] -- Installing: /home/kousei/2DRoboPrac_ws/install/key_event_msgs/share/key_event_msgs/cmake/ament_cmake_export_targets-extras.cmake
[2.282s] -- Installing: /home/kousei/2DRoboPrac_ws/install/key_event_msgs/share/key_event_msgs/cmake/rosidl_cmake_export_typesupport_targets-extras.cmake
[2.282s] -- Installing: /home/kousei/2DRoboPrac_ws/install/key_event_msgs/share/key_event_msgs/cmake/ament_cmake_export_dependencies-extras.cmake
[2.282s] -- Installing: /home/kousei/2DRoboPrac_ws/install/key_event_msgs/share/key_event_msgs/cmake/rosidl_cmake_export_typesupport_libraries-extras.cmake
[2.282s] -- Installing: /home/kousei/2DRoboPrac_ws/install/key_event_msgs/share/key_event_msgs/cmake/key_event_msgsConfig.cmake
[2.282s] -- Installing: /home/kousei/2DRoboPrac_ws/install/key_event_msgs/share/key_event_msgs/cmake/key_event_msgsConfig-version.cmake
[2.282s] -- Installing: /home/kousei/2DRoboPrac_ws/install/key_event_msgs/share/key_event_msgs/package.xml
[2.284s] Invoked command in '/home/kousei/2DRoboPrac_ws/build/key_event_msgs' returned '0': CMAKE_PREFIX_PATH=/opt/ros/humble /usr/bin/cmake --install /home/kousei/2DRoboPrac_ws/build/key_event_msgs
