[0.071s] Invoking command in '/home/kousei/2DRoboPrac_ws/ros2_ws/build/drive_msgs': CMAKE_PREFIX_PATH=${CMAKE_PREFIX_PATH}:/opt/ros/humble /usr/bin/cmake --build /home/kousei/2DRoboPrac_ws/ros2_ws/build/drive_msgs -- -j16 -l16
[0.104s] [  3%] Built target drive_msgs__cpp
[0.105s] [ 12%] Built target drive_msgs__rosidl_generator_c
[0.126s] [ 22%] Built target drive_msgs__rosidl_typesupport_introspection_c
[0.127s] [ 35%] Built target drive_msgs__rosidl_typesupport_cpp
[0.127s] [ 51%] Built target drive_msgs__rosidl_typesupport_fastrtps_c
[0.127s] [ 54%] Built target drive_msgs__rosidl_typesupport_introspection_cpp
[0.128s] [ 61%] Built target drive_msgs__rosidl_typesupport_fastrtps_cpp
[0.132s] [ 61%] Built target ament_cmake_python_copy_drive_msgs
[0.135s] [ 70%] Built target drive_msgs__rosidl_typesupport_c
[0.149s] [ 70%] Built target drive_msgs
[0.165s] [ 74%] Built target drive_msgs__py
[0.180s] [ 80%] Built target drive_msgs__rosidl_generator_py
[0.199s] [ 87%] Built target drive_msgs__rosidl_typesupport_fastrtps_c__pyext
[0.201s] [ 93%] Built target drive_msgs__rosidl_typesupport_c__pyext
[0.202s] [100%] Built target drive_msgs__rosidl_typesupport_introspection_c__pyext
[0.285s] running egg_info
[0.286s] writing drive_msgs.egg-info/PKG-INFO
[0.286s] writing dependency_links to drive_msgs.egg-info/dependency_links.txt
[0.286s] writing top-level names to drive_msgs.egg-info/top_level.txt
[0.287s] reading manifest file 'drive_msgs.egg-info/SOURCES.txt'
[0.287s] writing manifest file 'drive_msgs.egg-info/SOURCES.txt'
[0.307s] [100%] Built target ament_cmake_python_build_drive_msgs_egg
[0.332s] Invoked command in '/home/kousei/2DRoboPrac_ws/ros2_ws/build/drive_msgs' returned '0': CMAKE_PREFIX_PATH=${CMAKE_PREFIX_PATH}:/opt/ros/humble /usr/bin/cmake --build /home/kousei/2DRoboPrac_ws/ros2_ws/build/drive_msgs -- -j16 -l16
[0.379s] Invoking command in '/home/kousei/2DRoboPrac_ws/ros2_ws/build/drive_msgs': CMAKE_PREFIX_PATH=${CMAKE_PREFIX_PATH}:/opt/ros/humble /usr/bin/cmake --install /home/kousei/2DRoboPrac_ws/ros2_ws/build/drive_msgs
[0.384s] -- Install configuration: ""
[0.384s] -- Up-to-date: /home/kousei/2DRoboPrac_ws/ros2_ws/install/drive_msgs/share/ament_index/resource_index/rosidl_interfaces/drive_msgs
[0.384s] -- Up-to-date: /home/kousei/2DRoboPrac_ws/ros2_ws/install/drive_msgs/include/drive_msgs/drive_msgs
[0.384s] -- Up-to-date: /home/kousei/2DRoboPrac_ws/ros2_ws/install/drive_msgs/include/drive_msgs/drive_msgs/msg
[0.384s] -- Up-to-date: /home/kousei/2DRoboPrac_ws/ros2_ws/install/drive_msgs/include/drive_msgs/drive_msgs/msg/diff_drive.h
[0.384s] -- Up-to-date: /home/kousei/2DRoboPrac_ws/ros2_ws/install/drive_msgs/include/drive_msgs/drive_msgs/msg/rosidl_generator_c__visibility_control.h
[0.384s] -- Up-to-date: /home/kousei/2DRoboPrac_ws/ros2_ws/install/drive_msgs/include/drive_msgs/drive_msgs/msg/detail
[0.384s] -- Up-to-date: /home/kousei/2DRoboPrac_ws/ros2_ws/install/drive_msgs/include/drive_msgs/drive_msgs/msg/detail/diff_drive__struct.h
[0.384s] -- Up-to-date: /home/kousei/2DRoboPrac_ws/ros2_ws/install/drive_msgs/include/drive_msgs/drive_msgs/msg/detail/diff_drive__type_support.h
[0.384s] -- Up-to-date: /home/kousei/2DRoboPrac_ws/ros2_ws/install/drive_msgs/include/drive_msgs/drive_msgs/msg/detail/diff_drive__functions.c
[0.384s] -- Up-to-date: /home/kousei/2DRoboPrac_ws/ros2_ws/install/drive_msgs/include/drive_msgs/drive_msgs/msg/detail/diff_drive__functions.h
[0.384s] -- Up-to-date: /home/kousei/2DRoboPrac_ws/ros2_ws/install/drive_msgs/share/drive_msgs/environment/library_path.sh
[0.384s] -- Up-to-date: /home/kousei/2DRoboPrac_ws/ros2_ws/install/drive_msgs/share/drive_msgs/environment/library_path.dsv
[0.384s] -- Up-to-date: /home/kousei/2DRoboPrac_ws/ros2_ws/install/drive_msgs/lib/libdrive_msgs__rosidl_generator_c.so
[0.384s] -- Up-to-date: /home/kousei/2DRoboPrac_ws/ros2_ws/install/drive_msgs/include/drive_msgs/drive_msgs
[0.384s] -- Up-to-date: /home/kousei/2DRoboPrac_ws/ros2_ws/install/drive_msgs/include/drive_msgs/drive_msgs/msg
[0.384s] -- Up-to-date: /home/kousei/2DRoboPrac_ws/ros2_ws/install/drive_msgs/include/drive_msgs/drive_msgs/msg/detail
[0.384s] -- Up-to-date: /home/kousei/2DRoboPrac_ws/ros2_ws/install/drive_msgs/include/drive_msgs/drive_msgs/msg/detail/diff_drive__rosidl_typesupport_fastrtps_c.h
[0.384s] -- Up-to-date: /home/kousei/2DRoboPrac_ws/ros2_ws/install/drive_msgs/include/drive_msgs/drive_msgs/msg/rosidl_typesupport_fastrtps_c__visibility_control.h
[0.384s] -- Up-to-date: /home/kousei/2DRoboPrac_ws/ros2_ws/install/drive_msgs/lib/libdrive_msgs__rosidl_typesupport_fastrtps_c.so
[0.384s] -- Up-to-date: /home/kousei/2DRoboPrac_ws/ros2_ws/install/drive_msgs/include/drive_msgs/drive_msgs
[0.384s] -- Up-to-date: /home/kousei/2DRoboPrac_ws/ros2_ws/install/drive_msgs/include/drive_msgs/drive_msgs/msg
[0.384s] -- Up-to-date: /home/kousei/2DRoboPrac_ws/ros2_ws/install/drive_msgs/include/drive_msgs/drive_msgs/msg/diff_drive.hpp
[0.384s] -- Up-to-date: /home/kousei/2DRoboPrac_ws/ros2_ws/install/drive_msgs/include/drive_msgs/drive_msgs/msg/detail
[0.384s] -- Up-to-date: /home/kousei/2DRoboPrac_ws/ros2_ws/install/drive_msgs/include/drive_msgs/drive_msgs/msg/detail/diff_drive__builder.hpp
[0.385s] -- Up-to-date: /home/kousei/2DRoboPrac_ws/ros2_ws/install/drive_msgs/include/drive_msgs/drive_msgs/msg/detail/diff_drive__struct.hpp
[0.385s] -- Up-to-date: /home/kousei/2DRoboPrac_ws/ros2_ws/install/drive_msgs/include/drive_msgs/drive_msgs/msg/detail/diff_drive__traits.hpp
[0.385s] -- Up-to-date: /home/kousei/2DRoboPrac_ws/ros2_ws/install/drive_msgs/include/drive_msgs/drive_msgs
[0.385s] -- Up-to-date: /home/kousei/2DRoboPrac_ws/ros2_ws/install/drive_msgs/include/drive_msgs/drive_msgs/msg
[0.385s] -- Up-to-date: /home/kousei/2DRoboPrac_ws/ros2_ws/install/drive_msgs/include/drive_msgs/drive_msgs/msg/detail
[0.385s] -- Up-to-date: /home/kousei/2DRoboPrac_ws/ros2_ws/install/drive_msgs/include/drive_msgs/drive_msgs/msg/detail/diff_drive__rosidl_typesupport_fastrtps_cpp.hpp
[0.385s] -- Up-to-date: /home/kousei/2DRoboPrac_ws/ros2_ws/install/drive_msgs/include/drive_msgs/drive_msgs/msg/detail/dds_fastrtps
[0.385s] -- Up-to-date: /home/kousei/2DRoboPrac_ws/ros2_ws/install/drive_msgs/include/drive_msgs/drive_msgs/msg/rosidl_typesupport_fastrtps_cpp__visibility_control.h
[0.385s] -- Up-to-date: /home/kousei/2DRoboPrac_ws/ros2_ws/install/drive_msgs/lib/libdrive_msgs__rosidl_typesupport_fastrtps_cpp.so
[0.385s] -- Up-to-date: /home/kousei/2DRoboPrac_ws/ros2_ws/install/drive_msgs/include/drive_msgs/drive_msgs
[0.385s] -- Up-to-date: /home/kousei/2DRoboPrac_ws/ros2_ws/install/drive_msgs/include/drive_msgs/drive_msgs/msg
[0.385s] -- Up-to-date: /home/kousei/2DRoboPrac_ws/ros2_ws/install/drive_msgs/include/drive_msgs/drive_msgs/msg/detail
[0.385s] -- Up-to-date: /home/kousei/2DRoboPrac_ws/ros2_ws/install/drive_msgs/include/drive_msgs/drive_msgs/msg/detail/diff_drive__type_support.c
[0.385s] -- Up-to-date: /home/kousei/2DRoboPrac_ws/ros2_ws/install/drive_msgs/include/drive_msgs/drive_msgs/msg/detail/diff_drive__rosidl_typesupport_introspection_c.h
[0.385s] -- Up-to-date: /home/kousei/2DRoboPrac_ws/ros2_ws/install/drive_msgs/include/drive_msgs/drive_msgs/msg/rosidl_typesupport_introspection_c__visibility_control.h
[0.385s] -- Up-to-date: /home/kousei/2DRoboPrac_ws/ros2_ws/install/drive_msgs/lib/libdrive_msgs__rosidl_typesupport_introspection_c.so
[0.385s] -- Up-to-date: /home/kousei/2DRoboPrac_ws/ros2_ws/install/drive_msgs/lib/libdrive_msgs__rosidl_typesupport_c.so
[0.385s] -- Up-to-date: /home/kousei/2DRoboPrac_ws/ros2_ws/install/drive_msgs/include/drive_msgs/drive_msgs
[0.385s] -- Up-to-date: /home/kousei/2DRoboPrac_ws/ros2_ws/install/drive_msgs/include/drive_msgs/drive_msgs/msg
[0.385s] -- Up-to-date: /home/kousei/2DRoboPrac_ws/ros2_ws/install/drive_msgs/include/drive_msgs/drive_msgs/msg/detail
[0.385s] -- Up-to-date: /home/kousei/2DRoboPrac_ws/ros2_ws/install/drive_msgs/include/drive_msgs/drive_msgs/msg/detail/diff_drive__type_support.cpp
[0.385s] -- Up-to-date: /home/kousei/2DRoboPrac_ws/ros2_ws/install/drive_msgs/include/drive_msgs/drive_msgs/msg/detail/diff_drive__rosidl_typesupport_introspection_cpp.hpp
[0.385s] -- Up-to-date: /home/kousei/2DRoboPrac_ws/ros2_ws/install/drive_msgs/lib/libdrive_msgs__rosidl_typesupport_introspection_cpp.so
[0.386s] -- Up-to-date: /home/kousei/2DRoboPrac_ws/ros2_ws/install/drive_msgs/lib/libdrive_msgs__rosidl_typesupport_cpp.so
[0.386s] -- Up-to-date: /home/kousei/2DRoboPrac_ws/ros2_ws/install/drive_msgs/share/drive_msgs/environment/pythonpath.sh
[0.386s] -- Up-to-date: /home/kousei/2DRoboPrac_ws/ros2_ws/install/drive_msgs/share/drive_msgs/environment/pythonpath.dsv
[0.386s] -- Up-to-date: /home/kousei/2DRoboPrac_ws/ros2_ws/install/drive_msgs/local/lib/python3.10/dist-packages/drive_msgs-0.0.0-py3.10.egg-info
[0.386s] -- Installing: /home/kousei/2DRoboPrac_ws/ros2_ws/install/drive_msgs/local/lib/python3.10/dist-packages/drive_msgs-0.0.0-py3.10.egg-info/dependency_links.txt
[0.386s] -- Installing: /home/kousei/2DRoboPrac_ws/ros2_ws/install/drive_msgs/local/lib/python3.10/dist-packages/drive_msgs-0.0.0-py3.10.egg-info/SOURCES.txt
[0.386s] -- Installing: /home/kousei/2DRoboPrac_ws/ros2_ws/install/drive_msgs/local/lib/python3.10/dist-packages/drive_msgs-0.0.0-py3.10.egg-info/top_level.txt
[0.386s] -- Installing: /home/kousei/2DRoboPrac_ws/ros2_ws/install/drive_msgs/local/lib/python3.10/dist-packages/drive_msgs-0.0.0-py3.10.egg-info/PKG-INFO
[0.386s] -- Up-to-date: /home/kousei/2DRoboPrac_ws/ros2_ws/install/drive_msgs/local/lib/python3.10/dist-packages/drive_msgs
[0.386s] -- Up-to-date: /home/kousei/2DRoboPrac_ws/ros2_ws/install/drive_msgs/local/lib/python3.10/dist-packages/drive_msgs/__init__.py
[0.386s] -- Up-to-date: /home/kousei/2DRoboPrac_ws/ros2_ws/install/drive_msgs/local/lib/python3.10/dist-packages/drive_msgs/_drive_msgs_s.ep.rosidl_typesupport_fastrtps_c.c
[0.386s] -- Up-to-date: /home/kousei/2DRoboPrac_ws/ros2_ws/install/drive_msgs/local/lib/python3.10/dist-packages/drive_msgs/drive_msgs_s__rosidl_typesupport_c.cpython-310-x86_64-linux-gnu.so
[0.386s] -- Up-to-date: /home/kousei/2DRoboPrac_ws/ros2_ws/install/drive_msgs/local/lib/python3.10/dist-packages/drive_msgs/_drive_msgs_s.ep.rosidl_typesupport_introspection_c.c
[0.386s] -- Up-to-date: /home/kousei/2DRoboPrac_ws/ros2_ws/install/drive_msgs/local/lib/python3.10/dist-packages/drive_msgs/drive_msgs_s__rosidl_typesupport_fastrtps_c.cpython-310-x86_64-linux-gnu.so
[0.386s] -- Up-to-date: /home/kousei/2DRoboPrac_ws/ros2_ws/install/drive_msgs/local/lib/python3.10/dist-packages/drive_msgs/_drive_msgs_s.ep.rosidl_typesupport_c.c
[0.386s] -- Up-to-date: /home/kousei/2DRoboPrac_ws/ros2_ws/install/drive_msgs/local/lib/python3.10/dist-packages/drive_msgs/msg
[0.386s] -- Up-to-date: /home/kousei/2DRoboPrac_ws/ros2_ws/install/drive_msgs/local/lib/python3.10/dist-packages/drive_msgs/msg/__init__.py
[0.386s] -- Up-to-date: /home/kousei/2DRoboPrac_ws/ros2_ws/install/drive_msgs/local/lib/python3.10/dist-packages/drive_msgs/msg/_diff_drive_s.c
[0.386s] -- Up-to-date: /home/kousei/2DRoboPrac_ws/ros2_ws/install/drive_msgs/local/lib/python3.10/dist-packages/drive_msgs/msg/_diff_drive.py
[0.387s] -- Up-to-date: /home/kousei/2DRoboPrac_ws/ros2_ws/install/drive_msgs/local/lib/python3.10/dist-packages/drive_msgs/libdrive_msgs__rosidl_generator_py.so
[0.387s] -- Up-to-date: /home/kousei/2DRoboPrac_ws/ros2_ws/install/drive_msgs/local/lib/python3.10/dist-packages/drive_msgs/drive_msgs_s__rosidl_typesupport_introspection_c.cpython-310-x86_64-linux-gnu.so
[0.406s] Listing '/home/kousei/2DRoboPrac_ws/ros2_ws/install/drive_msgs/local/lib/python3.10/dist-packages/drive_msgs'...
[0.406s] Listing '/home/kousei/2DRoboPrac_ws/ros2_ws/install/drive_msgs/local/lib/python3.10/dist-packages/drive_msgs/msg'...
[0.412s] -- Up-to-date: /home/kousei/2DRoboPrac_ws/ros2_ws/install/drive_msgs/local/lib/python3.10/dist-packages/drive_msgs/drive_msgs_s__rosidl_typesupport_fastrtps_c.cpython-310-x86_64-linux-gnu.so
[0.413s] -- Up-to-date: /home/kousei/2DRoboPrac_ws/ros2_ws/install/drive_msgs/local/lib/python3.10/dist-packages/drive_msgs/drive_msgs_s__rosidl_typesupport_introspection_c.cpython-310-x86_64-linux-gnu.so
[0.413s] -- Up-to-date: /home/kousei/2DRoboPrac_ws/ros2_ws/install/drive_msgs/local/lib/python3.10/dist-packages/drive_msgs/drive_msgs_s__rosidl_typesupport_c.cpython-310-x86_64-linux-gnu.so
[0.413s] -- Up-to-date: /home/kousei/2DRoboPrac_ws/ros2_ws/install/drive_msgs/lib/libdrive_msgs__rosidl_generator_py.so
[0.413s] -- Up-to-date: /home/kousei/2DRoboPrac_ws/ros2_ws/install/drive_msgs/share/drive_msgs/msg/DiffDrive.idl
[0.413s] -- Up-to-date: /home/kousei/2DRoboPrac_ws/ros2_ws/install/drive_msgs/share/drive_msgs/msg/DiffDrive.msg
[0.413s] -- Up-to-date: /home/kousei/2DRoboPrac_ws/ros2_ws/install/drive_msgs/include
[0.414s] -- Up-to-date: /home/kousei/2DRoboPrac_ws/ros2_ws/install/drive_msgs/include/drive_msgs
[0.414s] -- Up-to-date: /home/kousei/2DRoboPrac_ws/ros2_ws/install/drive_msgs/share/ament_index/resource_index/package_run_dependencies/drive_msgs
[0.414s] -- Up-to-date: /home/kousei/2DRoboPrac_ws/ros2_ws/install/drive_msgs/share/ament_index/resource_index/parent_prefix_path/drive_msgs
[0.414s] -- Up-to-date: /home/kousei/2DRoboPrac_ws/ros2_ws/install/drive_msgs/share/drive_msgs/environment/ament_prefix_path.sh
[0.414s] -- Up-to-date: /home/kousei/2DRoboPrac_ws/ros2_ws/install/drive_msgs/share/drive_msgs/environment/ament_prefix_path.dsv
[0.414s] -- Up-to-date: /home/kousei/2DRoboPrac_ws/ros2_ws/install/drive_msgs/share/drive_msgs/environment/path.sh
[0.414s] -- Up-to-date: /home/kousei/2DRoboPrac_ws/ros2_ws/install/drive_msgs/share/drive_msgs/environment/path.dsv
[0.414s] -- Up-to-date: /home/kousei/2DRoboPrac_ws/ros2_ws/install/drive_msgs/share/drive_msgs/local_setup.bash
[0.414s] -- Up-to-date: /home/kousei/2DRoboPrac_ws/ros2_ws/install/drive_msgs/share/drive_msgs/local_setup.sh
[0.414s] -- Up-to-date: /home/kousei/2DRoboPrac_ws/ros2_ws/install/drive_msgs/share/drive_msgs/local_setup.zsh
[0.415s] -- Up-to-date: /home/kousei/2DRoboPrac_ws/ros2_ws/install/drive_msgs/share/drive_msgs/local_setup.dsv
[0.415s] -- Installing: /home/kousei/2DRoboPrac_ws/ros2_ws/install/drive_msgs/share/drive_msgs/package.dsv
[0.415s] -- Up-to-date: /home/kousei/2DRoboPrac_ws/ros2_ws/install/drive_msgs/share/ament_index/resource_index/packages/drive_msgs
[0.415s] -- Up-to-date: /home/kousei/2DRoboPrac_ws/ros2_ws/install/drive_msgs/share/drive_msgs/cmake/export_drive_msgs__rosidl_generator_cExport.cmake
[0.415s] -- Up-to-date: /home/kousei/2DRoboPrac_ws/ros2_ws/install/drive_msgs/share/drive_msgs/cmake/export_drive_msgs__rosidl_generator_cExport-noconfig.cmake
[0.415s] -- Up-to-date: /home/kousei/2DRoboPrac_ws/ros2_ws/install/drive_msgs/share/drive_msgs/cmake/export_drive_msgs__rosidl_typesupport_fastrtps_cExport.cmake
[0.415s] -- Up-to-date: /home/kousei/2DRoboPrac_ws/ros2_ws/install/drive_msgs/share/drive_msgs/cmake/export_drive_msgs__rosidl_typesupport_fastrtps_cExport-noconfig.cmake
[0.415s] -- Up-to-date: /home/kousei/2DRoboPrac_ws/ros2_ws/install/drive_msgs/share/drive_msgs/cmake/export_drive_msgs__rosidl_generator_cppExport.cmake
[0.415s] -- Up-to-date: /home/kousei/2DRoboPrac_ws/ros2_ws/install/drive_msgs/share/drive_msgs/cmake/export_drive_msgs__rosidl_typesupport_fastrtps_cppExport.cmake
[0.415s] -- Up-to-date: /home/kousei/2DRoboPrac_ws/ros2_ws/install/drive_msgs/share/drive_msgs/cmake/export_drive_msgs__rosidl_typesupport_fastrtps_cppExport-noconfig.cmake
[0.416s] -- Up-to-date: /home/kousei/2DRoboPrac_ws/ros2_ws/install/drive_msgs/share/drive_msgs/cmake/drive_msgs__rosidl_typesupport_introspection_cExport.cmake
[0.416s] -- Up-to-date: /home/kousei/2DRoboPrac_ws/ros2_ws/install/drive_msgs/share/drive_msgs/cmake/drive_msgs__rosidl_typesupport_introspection_cExport-noconfig.cmake
[0.416s] -- Up-to-date: /home/kousei/2DRoboPrac_ws/ros2_ws/install/drive_msgs/share/drive_msgs/cmake/drive_msgs__rosidl_typesupport_cExport.cmake
[0.416s] -- Up-to-date: /home/kousei/2DRoboPrac_ws/ros2_ws/install/drive_msgs/share/drive_msgs/cmake/drive_msgs__rosidl_typesupport_cExport-noconfig.cmake
[0.416s] -- Up-to-date: /home/kousei/2DRoboPrac_ws/ros2_ws/install/drive_msgs/share/drive_msgs/cmake/drive_msgs__rosidl_typesupport_introspection_cppExport.cmake
[0.416s] -- Up-to-date: /home/kousei/2DRoboPrac_ws/ros2_ws/install/drive_msgs/share/drive_msgs/cmake/drive_msgs__rosidl_typesupport_introspection_cppExport-noconfig.cmake
[0.416s] -- Up-to-date: /home/kousei/2DRoboPrac_ws/ros2_ws/install/drive_msgs/share/drive_msgs/cmake/drive_msgs__rosidl_typesupport_cppExport.cmake
[0.416s] -- Up-to-date: /home/kousei/2DRoboPrac_ws/ros2_ws/install/drive_msgs/share/drive_msgs/cmake/drive_msgs__rosidl_typesupport_cppExport-noconfig.cmake
[0.416s] -- Up-to-date: /home/kousei/2DRoboPrac_ws/ros2_ws/install/drive_msgs/share/drive_msgs/cmake/export_drive_msgs__rosidl_generator_pyExport.cmake
[0.416s] -- Up-to-date: /home/kousei/2DRoboPrac_ws/ros2_ws/install/drive_msgs/share/drive_msgs/cmake/export_drive_msgs__rosidl_generator_pyExport-noconfig.cmake
[0.416s] -- Up-to-date: /home/kousei/2DRoboPrac_ws/ros2_ws/install/drive_msgs/share/drive_msgs/cmake/rosidl_cmake-extras.cmake
[0.417s] -- Up-to-date: /home/kousei/2DRoboPrac_ws/ros2_ws/install/drive_msgs/share/drive_msgs/cmake/ament_cmake_export_dependencies-extras.cmake
[0.417s] -- Up-to-date: /home/kousei/2DRoboPrac_ws/ros2_ws/install/drive_msgs/share/drive_msgs/cmake/ament_cmake_export_include_directories-extras.cmake
[0.417s] -- Up-to-date: /home/kousei/2DRoboPrac_ws/ros2_ws/install/drive_msgs/share/drive_msgs/cmake/ament_cmake_export_libraries-extras.cmake
[0.417s] -- Up-to-date: /home/kousei/2DRoboPrac_ws/ros2_ws/install/drive_msgs/share/drive_msgs/cmake/ament_cmake_export_targets-extras.cmake
[0.417s] -- Up-to-date: /home/kousei/2DRoboPrac_ws/ros2_ws/install/drive_msgs/share/drive_msgs/cmake/rosidl_cmake_export_typesupport_targets-extras.cmake
[0.417s] -- Up-to-date: /home/kousei/2DRoboPrac_ws/ros2_ws/install/drive_msgs/share/drive_msgs/cmake/rosidl_cmake_export_typesupport_libraries-extras.cmake
[0.417s] -- Up-to-date: /home/kousei/2DRoboPrac_ws/ros2_ws/install/drive_msgs/share/drive_msgs/cmake/drive_msgsConfig.cmake
[0.417s] -- Up-to-date: /home/kousei/2DRoboPrac_ws/ros2_ws/install/drive_msgs/share/drive_msgs/cmake/drive_msgsConfig-version.cmake
[0.417s] -- Up-to-date: /home/kousei/2DRoboPrac_ws/ros2_ws/install/drive_msgs/share/drive_msgs/package.xml
[0.456s] Invoked command in '/home/kousei/2DRoboPrac_ws/ros2_ws/build/drive_msgs' returned '0': CMAKE_PREFIX_PATH=${CMAKE_PREFIX_PATH}:/opt/ros/humble /usr/bin/cmake --install /home/kousei/2DRoboPrac_ws/ros2_ws/build/drive_msgs
