[0.032s] Invoking command in '/home/kousei/2DRoboPrac_ws/ros2_ws/build/key_event_nodes': CMAKE_PREFIX_PATH=/home/kousei/2DRoboPrac_ws/ros2_ws/install/key_event_msgs:/home/kousei/2DRoboPrac_ws/ros2_ws/install/urdf_tutorial:/home/kousei/2DRoboPrac_ws/ros2_ws/install/rviz_test:/home/kousei/2DRoboPrac_ws/ros2_ws/install/nav_dev:/home/kousei/2DRoboPrac_ws/ros2_ws/install/ign_template:/home/kousei/2DRoboPrac_ws/ros2_ws/install/key_event_nodes:/home/kousei/2DRoboPrac_ws/install/urdf_tutorial:/home/kousei/2DRoboPrac_ws/install/rviz_test:/home/kousei/2DRoboPrac_ws/install/nav_dev:/home/kousei/2DRoboPrac_ws/install/ign_template:/home/kousei/2DRoboPrac_ws/install/key_event_nodes:/home/kousei/2DRoboPrac_ws/install/key_event_msgs:/opt/ros/humble LD_LIBRARY_PATH=/home/kousei/2DRoboPrac_ws/ros2_ws/install/key_event_msgs/lib:/home/kousei/2DRoboPrac_ws/ros2_ws/install/key_event_nodes/lib:/home/kousei/2DRoboPrac_ws/install/key_event_nodes/lib:/home/kousei/2DRoboPrac_ws/install/key_event_msgs/lib:/usr/lib/x86_64-linux-gnu/gazebo-11/plugins:/opt/ros/humble/opt/rviz_ogre_vendor/lib:/opt/ros/humble/lib/x86_64-linux-gnu:/opt/ros/humble/lib /usr/bin/cmake /home/kousei/2DRoboPrac_ws/ros2_ws/src/key_event_nodes -DCMAKE_INSTALL_PREFIX=/home/kousei/2DRoboPrac_ws/ros2_ws/install/key_event_nodes
[0.061s] -- The C compiler identification is GNU 11.4.0
[0.093s] -- The CXX compiler identification is GNU 11.4.0
[0.097s] -- Detecting C compiler ABI info
[0.134s] -- Detecting C compiler ABI info - done
[0.138s] -- Check for working C compiler: /usr/bin/cc - skipped
[0.138s] -- Detecting C compile features
[0.138s] -- Detecting C compile features - done
[0.140s] -- Detecting CXX compiler ABI info
[0.184s] -- Detecting CXX compiler ABI info - done
[0.188s] -- Check for working CXX compiler: /usr/bin/c++ - skipped
[0.188s] -- Detecting CXX compile features
[0.188s] -- Detecting CXX compile features - done
[0.190s] -- Found ament_cmake: 1.3.6 (/opt/ros/humble/share/ament_cmake/cmake)
[0.286s] -- Found Python3: /usr/bin/python3.10 (found version "3.10.12") found components: Interpreter 
[0.336s] -- Found rclcpp: 16.0.7 (/opt/ros/humble/share/rclcpp/cmake)
[0.361s] -- Found rosidl_generator_c: 3.1.5 (/opt/ros/humble/share/rosidl_generator_c/cmake)
[0.364s] -- Found rosidl_adapter: 3.1.5 (/opt/ros/humble/share/rosidl_adapter/cmake)
[0.369s] -- Found rosidl_generator_cpp: 3.1.5 (/opt/ros/humble/share/rosidl_generator_cpp/cmake)
[0.377s] -- Using all available rosidl_typesupport_c: rosidl_typesupport_fastrtps_c;rosidl_typesupport_introspection_c
[0.388s] -- Using all available rosidl_typesupport_cpp: rosidl_typesupport_fastrtps_cpp;rosidl_typesupport_introspection_cpp
[0.428s] -- Found rmw_implementation_cmake: 6.1.1 (/opt/ros/humble/share/rmw_implementation_cmake/cmake)
[0.429s] -- Found rmw_fastrtps_cpp: 6.2.5 (/opt/ros/humble/share/rmw_fastrtps_cpp/cmake)
[0.484s] -- Found OpenSSL: /usr/lib/x86_64-linux-gnu/libcrypto.so (found version "3.0.2")  
[0.500s] -- Found FastRTPS: /opt/ros/humble/include  
[0.528s] -- Using RMW implementation 'rmw_fastrtps_cpp' as default
[0.533s] -- Looking for pthread.h
[0.572s] -- Looking for pthread.h - found
[0.573s] -- Performing Test CMAKE_HAVE_LIBC_PTHREAD
[0.614s] -- Performing Test CMAKE_HAVE_LIBC_PTHREAD - Success
[0.614s] -- Found Threads: TRUE  
[0.703s] -- Found rclcpp_components: 16.0.7 (/opt/ros/humble/share/rclcpp_components/cmake)
[0.741s] -- Found key_event_msgs: 0.0.0 (/home/kousei/2DRoboPrac_ws/ros2_ws/install/key_event_msgs/share/key_event_msgs/cmake)
[0.752s] -- Found ament_lint_auto: 0.12.9 (/opt/ros/humble/share/ament_lint_auto/cmake)
[0.799s] -- Added test 'copyright' to check source files copyright and LICENSE
[0.800s] -- Added test 'cppcheck' to perform static code analysis on C / C++ code
[0.800s] -- Configured cppcheck include dirs: $<BUILD_INTERFACE:/home/kousei/2DRoboPrac_ws/ros2_ws/src/key_event_nodes/include>
[0.800s] -- Configured cppcheck exclude dirs and/or files: 
[0.800s] -- Added test 'cpplint' to check C / C++ code against the Google style
[0.800s] -- Configured cpplint exclude dirs and/or files: 
[0.801s] -- Added test 'lint_cmake' to check CMake code style
[0.802s] -- Added test 'uncrustify' to check C / C++ code style
[0.802s] -- Configured uncrustify additional arguments: 
[0.802s] -- Added test 'xmllint' to check XML markup files
[0.803s] -- Configuring done
[0.808s] -- Generating done
[0.809s] -- Build files have been written to: /home/kousei/2DRoboPrac_ws/ros2_ws/build/key_event_nodes
[0.815s] Invoked command in '/home/kousei/2DRoboPrac_ws/ros2_ws/build/key_event_nodes' returned '0': CMAKE_PREFIX_PATH=/home/kousei/2DRoboPrac_ws/ros2_ws/install/key_event_msgs:/home/kousei/2DRoboPrac_ws/ros2_ws/install/urdf_tutorial:/home/kousei/2DRoboPrac_ws/ros2_ws/install/rviz_test:/home/kousei/2DRoboPrac_ws/ros2_ws/install/nav_dev:/home/kousei/2DRoboPrac_ws/ros2_ws/install/ign_template:/home/kousei/2DRoboPrac_ws/ros2_ws/install/key_event_nodes:/home/kousei/2DRoboPrac_ws/install/urdf_tutorial:/home/kousei/2DRoboPrac_ws/install/rviz_test:/home/kousei/2DRoboPrac_ws/install/nav_dev:/home/kousei/2DRoboPrac_ws/install/ign_template:/home/kousei/2DRoboPrac_ws/install/key_event_nodes:/home/kousei/2DRoboPrac_ws/install/key_event_msgs:/opt/ros/humble LD_LIBRARY_PATH=/home/kousei/2DRoboPrac_ws/ros2_ws/install/key_event_msgs/lib:/home/kousei/2DRoboPrac_ws/ros2_ws/install/key_event_nodes/lib:/home/kousei/2DRoboPrac_ws/install/key_event_nodes/lib:/home/kousei/2DRoboPrac_ws/install/key_event_msgs/lib:/usr/lib/x86_64-linux-gnu/gazebo-11/plugins:/opt/ros/humble/opt/rviz_ogre_vendor/lib:/opt/ros/humble/lib/x86_64-linux-gnu:/opt/ros/humble/lib /usr/bin/cmake /home/kousei/2DRoboPrac_ws/ros2_ws/src/key_event_nodes -DCMAKE_INSTALL_PREFIX=/home/kousei/2DRoboPrac_ws/ros2_ws/install/key_event_nodes
[0.816s] Invoking command in '/home/kousei/2DRoboPrac_ws/ros2_ws/build/key_event_nodes': CMAKE_PREFIX_PATH=/home/kousei/2DRoboPrac_ws/ros2_ws/install/key_event_msgs:/home/kousei/2DRoboPrac_ws/ros2_ws/install/urdf_tutorial:/home/kousei/2DRoboPrac_ws/ros2_ws/install/rviz_test:/home/kousei/2DRoboPrac_ws/ros2_ws/install/nav_dev:/home/kousei/2DRoboPrac_ws/ros2_ws/install/ign_template:/home/kousei/2DRoboPrac_ws/ros2_ws/install/key_event_nodes:/home/kousei/2DRoboPrac_ws/install/urdf_tutorial:/home/kousei/2DRoboPrac_ws/install/rviz_test:/home/kousei/2DRoboPrac_ws/install/nav_dev:/home/kousei/2DRoboPrac_ws/install/ign_template:/home/kousei/2DRoboPrac_ws/install/key_event_nodes:/home/kousei/2DRoboPrac_ws/install/key_event_msgs:/opt/ros/humble LD_LIBRARY_PATH=/home/kousei/2DRoboPrac_ws/ros2_ws/install/key_event_msgs/lib:/home/kousei/2DRoboPrac_ws/ros2_ws/install/key_event_nodes/lib:/home/kousei/2DRoboPrac_ws/install/key_event_nodes/lib:/home/kousei/2DRoboPrac_ws/install/key_event_msgs/lib:/usr/lib/x86_64-linux-gnu/gazebo-11/plugins:/opt/ros/humble/opt/rviz_ogre_vendor/lib:/opt/ros/humble/lib/x86_64-linux-gnu:/opt/ros/humble/lib /usr/bin/cmake --build /home/kousei/2DRoboPrac_ws/ros2_ws/build/key_event_nodes -- -j16 -l16
[0.844s] [ 50%] [32mBuilding CXX object CMakeFiles/key_hit_event_node.dir/src/key_hit_event_node.cpp.o[0m
[3.139s] [100%] [32m[1mLinking CXX shared library libkey_hit_event_node.so[0m
[3.240s] [100%] Built target key_hit_event_node
[3.246s] Invoked command in '/home/kousei/2DRoboPrac_ws/ros2_ws/build/key_event_nodes' returned '0': CMAKE_PREFIX_PATH=/home/kousei/2DRoboPrac_ws/ros2_ws/install/key_event_msgs:/home/kousei/2DRoboPrac_ws/ros2_ws/install/urdf_tutorial:/home/kousei/2DRoboPrac_ws/ros2_ws/install/rviz_test:/home/kousei/2DRoboPrac_ws/ros2_ws/install/nav_dev:/home/kousei/2DRoboPrac_ws/ros2_ws/install/ign_template:/home/kousei/2DRoboPrac_ws/ros2_ws/install/key_event_nodes:/home/kousei/2DRoboPrac_ws/install/urdf_tutorial:/home/kousei/2DRoboPrac_ws/install/rviz_test:/home/kousei/2DRoboPrac_ws/install/nav_dev:/home/kousei/2DRoboPrac_ws/install/ign_template:/home/kousei/2DRoboPrac_ws/install/key_event_nodes:/home/kousei/2DRoboPrac_ws/install/key_event_msgs:/opt/ros/humble LD_LIBRARY_PATH=/home/kousei/2DRoboPrac_ws/ros2_ws/install/key_event_msgs/lib:/home/kousei/2DRoboPrac_ws/ros2_ws/install/key_event_nodes/lib:/home/kousei/2DRoboPrac_ws/install/key_event_nodes/lib:/home/kousei/2DRoboPrac_ws/install/key_event_msgs/lib:/usr/lib/x86_64-linux-gnu/gazebo-11/plugins:/opt/ros/humble/opt/rviz_ogre_vendor/lib:/opt/ros/humble/lib/x86_64-linux-gnu:/opt/ros/humble/lib /usr/bin/cmake --build /home/kousei/2DRoboPrac_ws/ros2_ws/build/key_event_nodes -- -j16 -l16
[3.261s] Invoking command in '/home/kousei/2DRoboPrac_ws/ros2_ws/build/key_event_nodes': CMAKE_PREFIX_PATH=/home/kousei/2DRoboPrac_ws/ros2_ws/install/key_event_msgs:/home/kousei/2DRoboPrac_ws/ros2_ws/install/urdf_tutorial:/home/kousei/2DRoboPrac_ws/ros2_ws/install/rviz_test:/home/kousei/2DRoboPrac_ws/ros2_ws/install/nav_dev:/home/kousei/2DRoboPrac_ws/ros2_ws/install/ign_template:/home/kousei/2DRoboPrac_ws/ros2_ws/install/key_event_nodes:/home/kousei/2DRoboPrac_ws/install/urdf_tutorial:/home/kousei/2DRoboPrac_ws/install/rviz_test:/home/kousei/2DRoboPrac_ws/install/nav_dev:/home/kousei/2DRoboPrac_ws/install/ign_template:/home/kousei/2DRoboPrac_ws/install/key_event_nodes:/home/kousei/2DRoboPrac_ws/install/key_event_msgs:/opt/ros/humble LD_LIBRARY_PATH=/home/kousei/2DRoboPrac_ws/ros2_ws/install/key_event_msgs/lib:/home/kousei/2DRoboPrac_ws/ros2_ws/install/key_event_nodes/lib:/home/kousei/2DRoboPrac_ws/install/key_event_nodes/lib:/home/kousei/2DRoboPrac_ws/install/key_event_msgs/lib:/usr/lib/x86_64-linux-gnu/gazebo-11/plugins:/opt/ros/humble/opt/rviz_ogre_vendor/lib:/opt/ros/humble/lib/x86_64-linux-gnu:/opt/ros/humble/lib /usr/bin/cmake --install /home/kousei/2DRoboPrac_ws/ros2_ws/build/key_event_nodes
[3.265s] -- Install configuration: ""
[3.265s] -- Installing: /home/kousei/2DRoboPrac_ws/ros2_ws/install/key_event_nodes/share/key_event_nodes/environment/library_path.sh
[3.265s] -- Installing: /home/kousei/2DRoboPrac_ws/ros2_ws/install/key_event_nodes/share/key_event_nodes/environment/library_path.dsv
[3.265s] -- Up-to-date: /home/kousei/2DRoboPrac_ws/ros2_ws/install/key_event_nodes/share/key_event_nodes/environment/library_path.sh
[3.266s] -- Up-to-date: /home/kousei/2DRoboPrac_ws/ros2_ws/install/key_event_nodes/share/key_event_nodes/environment/library_path.dsv
[3.266s] -- Installing: /home/kousei/2DRoboPrac_ws/ros2_ws/install/key_event_nodes/include
[3.266s] -- Installing: /home/kousei/2DRoboPrac_ws/ros2_ws/install/key_event_nodes/include/key_event_nodes
[3.266s] -- Installing: /home/kousei/2DRoboPrac_ws/ros2_ws/install/key_event_nodes/include/key_event_nodes/visibility.h
[3.266s] -- Installing: /home/kousei/2DRoboPrac_ws/ros2_ws/install/key_event_nodes/include/key_event_nodes/key_hit_event_node.hpp
[3.266s] -- Installing: /home/kousei/2DRoboPrac_ws/ros2_ws/install/key_event_nodes/lib/libkey_hit_event_node.so
[3.267s] -- Set runtime path of "/home/kousei/2DRoboPrac_ws/ros2_ws/install/key_event_nodes/lib/libkey_hit_event_node.so" to ""
[3.267s] -- Installing: /home/kousei/2DRoboPrac_ws/ros2_ws/install/key_event_nodes/share/ament_index/resource_index/package_run_dependencies/key_event_nodes
[3.267s] -- Installing: /home/kousei/2DRoboPrac_ws/ros2_ws/install/key_event_nodes/share/ament_index/resource_index/parent_prefix_path/key_event_nodes
[3.267s] -- Installing: /home/kousei/2DRoboPrac_ws/ros2_ws/install/key_event_nodes/share/key_event_nodes/environment/ament_prefix_path.sh
[3.267s] -- Installing: /home/kousei/2DRoboPrac_ws/ros2_ws/install/key_event_nodes/share/key_event_nodes/environment/ament_prefix_path.dsv
[3.267s] -- Installing: /home/kousei/2DRoboPrac_ws/ros2_ws/install/key_event_nodes/share/key_event_nodes/environment/path.sh
[3.267s] -- Installing: /home/kousei/2DRoboPrac_ws/ros2_ws/install/key_event_nodes/share/key_event_nodes/environment/path.dsv
[3.267s] -- Installing: /home/kousei/2DRoboPrac_ws/ros2_ws/install/key_event_nodes/share/key_event_nodes/local_setup.bash
[3.267s] -- Installing: /home/kousei/2DRoboPrac_ws/ros2_ws/install/key_event_nodes/share/key_event_nodes/local_setup.sh
[3.267s] -- Installing: /home/kousei/2DRoboPrac_ws/ros2_ws/install/key_event_nodes/share/key_event_nodes/local_setup.zsh
[3.267s] -- Installing: /home/kousei/2DRoboPrac_ws/ros2_ws/install/key_event_nodes/share/key_event_nodes/local_setup.dsv
[3.267s] -- Installing: /home/kousei/2DRoboPrac_ws/ros2_ws/install/key_event_nodes/share/key_event_nodes/package.dsv
[3.267s] -- Installing: /home/kousei/2DRoboPrac_ws/ros2_ws/install/key_event_nodes/share/ament_index/resource_index/packages/key_event_nodes
[3.267s] -- Installing: /home/kousei/2DRoboPrac_ws/ros2_ws/install/key_event_nodes/share/ament_index/resource_index/rclcpp_components/key_event_nodes
[3.267s] -- Installing: /home/kousei/2DRoboPrac_ws/ros2_ws/install/key_event_nodes/share/key_event_nodes/cmake/export_key_event_nodesExport.cmake
[3.267s] -- Installing: /home/kousei/2DRoboPrac_ws/ros2_ws/install/key_event_nodes/share/key_event_nodes/cmake/export_key_event_nodesExport-noconfig.cmake
[3.268s] -- Installing: /home/kousei/2DRoboPrac_ws/ros2_ws/install/key_event_nodes/share/key_event_nodes/cmake/ament_cmake_export_targets-extras.cmake
[3.268s] -- Installing: /home/kousei/2DRoboPrac_ws/ros2_ws/install/key_event_nodes/share/key_event_nodes/cmake/ament_cmake_export_dependencies-extras.cmake
[3.268s] -- Installing: /home/kousei/2DRoboPrac_ws/ros2_ws/install/key_event_nodes/share/key_event_nodes/cmake/key_event_nodesConfig.cmake
[3.268s] -- Installing: /home/kousei/2DRoboPrac_ws/ros2_ws/install/key_event_nodes/share/key_event_nodes/cmake/key_event_nodesConfig-version.cmake
[3.268s] -- Installing: /home/kousei/2DRoboPrac_ws/ros2_ws/install/key_event_nodes/share/key_event_nodes/package.xml
[3.269s] Invoked command in '/home/kousei/2DRoboPrac_ws/ros2_ws/build/key_event_nodes' returned '0': CMAKE_PREFIX_PATH=/home/kousei/2DRoboPrac_ws/ros2_ws/install/key_event_msgs:/home/kousei/2DRoboPrac_ws/ros2_ws/install/urdf_tutorial:/home/kousei/2DRoboPrac_ws/ros2_ws/install/rviz_test:/home/kousei/2DRoboPrac_ws/ros2_ws/install/nav_dev:/home/kousei/2DRoboPrac_ws/ros2_ws/install/ign_template:/home/kousei/2DRoboPrac_ws/ros2_ws/install/key_event_nodes:/home/kousei/2DRoboPrac_ws/install/urdf_tutorial:/home/kousei/2DRoboPrac_ws/install/rviz_test:/home/kousei/2DRoboPrac_ws/install/nav_dev:/home/kousei/2DRoboPrac_ws/install/ign_template:/home/kousei/2DRoboPrac_ws/install/key_event_nodes:/home/kousei/2DRoboPrac_ws/install/key_event_msgs:/opt/ros/humble LD_LIBRARY_PATH=/home/kousei/2DRoboPrac_ws/ros2_ws/install/key_event_msgs/lib:/home/kousei/2DRoboPrac_ws/ros2_ws/install/key_event_nodes/lib:/home/kousei/2DRoboPrac_ws/install/key_event_nodes/lib:/home/kousei/2DRoboPrac_ws/install/key_event_msgs/lib:/usr/lib/x86_64-linux-gnu/gazebo-11/plugins:/opt/ros/humble/opt/rviz_ogre_vendor/lib:/opt/ros/humble/lib/x86_64-linux-gnu:/opt/ros/humble/lib /usr/bin/cmake --install /home/kousei/2DRoboPrac_ws/ros2_ws/build/key_event_nodes
