[0.068s] Invoking command in '/home/kousei/2DRoboPrac_ws/ros2_ws/build/drive_msgs': CMAKE_PREFIX_PATH=${CMAKE_PREFIX_PATH}:/opt/ros/humble /usr/bin/cmake --build /home/kousei/2DRoboPrac_ws/ros2_ws/build/drive_msgs -- -j16 -l16
[0.085s] -- Found ament_cmake_auto: 1.3.6 (/opt/ros/humble/share/ament_cmake_auto/cmake)
[0.259s] -- Found rosidl_generator_c: 3.1.5 (/opt/ros/humble/share/rosidl_generator_c/cmake)
[0.261s] -- Found rosidl_adapter: 3.1.5 (/opt/ros/humble/share/rosidl_adapter/cmake)
[0.266s] -- Found rosidl_generator_cpp: 3.1.5 (/opt/ros/humble/share/rosidl_generator_cpp/cmake)
[0.273s] -- Using all available rosidl_typesupport_c: rosidl_typesupport_fastrtps_c;rosidl_typesupport_introspection_c
[0.284s] -- Using all available rosidl_typesupport_cpp: rosidl_typesupport_fastrtps_cpp;rosidl_typesupport_introspection_cpp
[0.324s] -- Found rmw_implementation_cmake: 6.1.1 (/opt/ros/humble/share/rmw_implementation_cmake/cmake)
[0.325s] -- Found rmw_fastrtps_cpp: 6.2.5 (/opt/ros/humble/share/rmw_fastrtps_cpp/cmake)
[0.411s] -- Using RMW implementation 'rmw_fastrtps_cpp' as default
[0.635s] -- Found ament_lint_auto: 0.12.9 (/opt/ros/humble/share/ament_lint_auto/cmake)
[0.798s] -- Found ament_cmake_ros: 0.10.0 (/opt/ros/humble/share/ament_cmake_ros/cmake)
[1.075s] -- Using all available rosidl_typesupport_c: rosidl_typesupport_fastrtps_c;rosidl_typesupport_introspection_c
[1.179s] -- Using all available rosidl_typesupport_cpp: rosidl_typesupport_fastrtps_cpp;rosidl_typesupport_introspection_cpp
[1.193s] -- Found python_cmake_module: 0.10.0 (/opt/ros/humble/share/python_cmake_module/cmake)
[1.206s] -- Using PYTHON_EXECUTABLE: /usr/bin/python3
[1.206s] -- Using PYTHON_INCLUDE_DIRS: /usr/include/python3.10
[1.206s] -- Using PYTHON_LIBRARIES: /usr/lib/x86_64-linux-gnu/libpython3.10.so
[1.241s] -- Added test 'lint_cmake' to check CMake code style
[1.241s] -- Added test 'xmllint' to check XML markup files
[1.243s] -- Configuring done
[1.267s] -- Generating done
[1.268s] -- Build files have been written to: /home/kousei/2DRoboPrac_ws/ros2_ws/build/drive_msgs
[1.287s] [35m[1mConsolidate compiler generated dependencies of target drive_msgs__rosidl_generator_c[0m
[1.295s] [  3%] Built target drive_msgs__cpp
[1.295s] [ 12%] Built target drive_msgs__rosidl_generator_c
[1.302s] [ 12%] Built target ament_cmake_python_copy_drive_msgs
[1.303s] [35m[1mConsolidate compiler generated dependencies of target drive_msgs__rosidl_typesupport_cpp[0m
[1.304s] [35m[1mConsolidate compiler generated dependencies of target drive_msgs__rosidl_typesupport_fastrtps_cpp[0m
[1.304s] [35m[1mConsolidate compiler generated dependencies of target drive_msgs__rosidl_typesupport_introspection_cpp[0m
[1.307s] [35m[1mConsolidate compiler generated dependencies of target drive_msgs__rosidl_typesupport_introspection_c[0m
[1.308s] [35m[1mConsolidate compiler generated dependencies of target drive_msgs__rosidl_typesupport_fastrtps_c[0m
[1.308s] [35m[1mConsolidate compiler generated dependencies of target drive_msgs__rosidl_typesupport_c[0m
[1.315s] [ 22%] Built target drive_msgs__rosidl_typesupport_introspection_cpp
[1.315s] [ 32%] Built target drive_msgs__rosidl_typesupport_cpp
[1.318s] [ 41%] Built target drive_msgs__rosidl_typesupport_fastrtps_cpp
[1.318s] [ 51%] Built target drive_msgs__rosidl_typesupport_introspection_c
[1.319s] [ 61%] Built target drive_msgs__rosidl_typesupport_fastrtps_c
[1.320s] [ 70%] Built target drive_msgs__rosidl_typesupport_c
[1.334s] [ 70%] Built target drive_msgs
[1.348s] [ 74%] Built target drive_msgs__py
[1.354s] [35m[1mConsolidate compiler generated dependencies of target drive_msgs__rosidl_generator_py[0m
[1.363s] [ 80%] Built target drive_msgs__rosidl_generator_py
[1.370s] [35m[1mConsolidate compiler generated dependencies of target drive_msgs__rosidl_typesupport_introspection_c__pyext[0m
[1.371s] [35m[1mConsolidate compiler generated dependencies of target drive_msgs__rosidl_typesupport_fastrtps_c__pyext[0m
[1.373s] [35m[1mConsolidate compiler generated dependencies of target drive_msgs__rosidl_typesupport_c__pyext[0m
[1.381s] [ 93%] Built target drive_msgs__rosidl_typesupport_fastrtps_c__pyext
[1.381s] [ 93%] Built target drive_msgs__rosidl_typesupport_introspection_c__pyext
[1.387s] [100%] Built target drive_msgs__rosidl_typesupport_c__pyext
[1.451s] running egg_info
[1.452s] writing drive_msgs.egg-info/PKG-INFO
[1.452s] writing dependency_links to drive_msgs.egg-info/dependency_links.txt
[1.452s] writing top-level names to drive_msgs.egg-info/top_level.txt
[1.453s] reading manifest file 'drive_msgs.egg-info/SOURCES.txt'
[1.453s] writing manifest file 'drive_msgs.egg-info/SOURCES.txt'
[1.471s] [100%] Built target ament_cmake_python_build_drive_msgs_egg
[1.479s] Invoked command in '/home/kousei/2DRoboPrac_ws/ros2_ws/build/drive_msgs' returned '0': CMAKE_PREFIX_PATH=${CMAKE_PREFIX_PATH}:/opt/ros/humble /usr/bin/cmake --build /home/kousei/2DRoboPrac_ws/ros2_ws/build/drive_msgs -- -j16 -l16
[1.518s] Invoking command in '/home/kousei/2DRoboPrac_ws/ros2_ws/build/drive_msgs': CMAKE_PREFIX_PATH=${CMAKE_PREFIX_PATH}:/opt/ros/humble /usr/bin/cmake --install /home/kousei/2DRoboPrac_ws/ros2_ws/build/drive_msgs
[1.523s] -- Install configuration: ""
[1.523s] -- Up-to-date: /home/kousei/2DRoboPrac_ws/ros2_ws/install/drive_msgs/share/ament_index/resource_index/rosidl_interfaces/drive_msgs
[1.523s] -- Up-to-date: /home/kousei/2DRoboPrac_ws/ros2_ws/install/drive_msgs/include/drive_msgs/drive_msgs
[1.524s] -- Up-to-date: /home/kousei/2DRoboPrac_ws/ros2_ws/install/drive_msgs/include/drive_msgs/drive_msgs/msg
[1.524s] -- Up-to-date: /home/kousei/2DRoboPrac_ws/ros2_ws/install/drive_msgs/include/drive_msgs/drive_msgs/msg/diff_drive.h
[1.524s] -- Up-to-date: /home/kousei/2DRoboPrac_ws/ros2_ws/install/drive_msgs/include/drive_msgs/drive_msgs/msg/rosidl_generator_c__visibility_control.h
[1.524s] -- Up-to-date: /home/kousei/2DRoboPrac_ws/ros2_ws/install/drive_msgs/include/drive_msgs/drive_msgs/msg/detail
[1.524s] -- Up-to-date: /home/kousei/2DRoboPrac_ws/ros2_ws/install/drive_msgs/include/drive_msgs/drive_msgs/msg/detail/diff_drive__struct.h
[1.524s] -- Up-to-date: /home/kousei/2DRoboPrac_ws/ros2_ws/install/drive_msgs/include/drive_msgs/drive_msgs/msg/detail/diff_drive__type_support.h
[1.524s] -- Up-to-date: /home/kousei/2DRoboPrac_ws/ros2_ws/install/drive_msgs/include/drive_msgs/drive_msgs/msg/detail/diff_drive__functions.c
[1.524s] -- Up-to-date: /home/kousei/2DRoboPrac_ws/ros2_ws/install/drive_msgs/include/drive_msgs/drive_msgs/msg/detail/diff_drive__functions.h
[1.524s] -- Up-to-date: /home/kousei/2DRoboPrac_ws/ros2_ws/install/drive_msgs/share/drive_msgs/environment/library_path.sh
[1.524s] -- Installing: /home/kousei/2DRoboPrac_ws/ros2_ws/install/drive_msgs/share/drive_msgs/environment/library_path.dsv
[1.525s] -- Up-to-date: /home/kousei/2DRoboPrac_ws/ros2_ws/install/drive_msgs/lib/libdrive_msgs__rosidl_generator_c.so
[1.525s] -- Up-to-date: /home/kousei/2DRoboPrac_ws/ros2_ws/install/drive_msgs/include/drive_msgs/drive_msgs
[1.525s] -- Up-to-date: /home/kousei/2DRoboPrac_ws/ros2_ws/install/drive_msgs/include/drive_msgs/drive_msgs/msg
[1.525s] -- Up-to-date: /home/kousei/2DRoboPrac_ws/ros2_ws/install/drive_msgs/include/drive_msgs/drive_msgs/msg/detail
[1.525s] -- Up-to-date: /home/kousei/2DRoboPrac_ws/ros2_ws/install/drive_msgs/include/drive_msgs/drive_msgs/msg/detail/diff_drive__rosidl_typesupport_fastrtps_c.h
[1.525s] -- Up-to-date: /home/kousei/2DRoboPrac_ws/ros2_ws/install/drive_msgs/include/drive_msgs/drive_msgs/msg/rosidl_typesupport_fastrtps_c__visibility_control.h
[1.525s] -- Up-to-date: /home/kousei/2DRoboPrac_ws/ros2_ws/install/drive_msgs/lib/libdrive_msgs__rosidl_typesupport_fastrtps_c.so
[1.525s] -- Up-to-date: /home/kousei/2DRoboPrac_ws/ros2_ws/install/drive_msgs/include/drive_msgs/drive_msgs
[1.525s] -- Up-to-date: /home/kousei/2DRoboPrac_ws/ros2_ws/install/drive_msgs/include/drive_msgs/drive_msgs/msg
[1.525s] -- Up-to-date: /home/kousei/2DRoboPrac_ws/ros2_ws/install/drive_msgs/include/drive_msgs/drive_msgs/msg/diff_drive.hpp
[1.525s] -- Up-to-date: /home/kousei/2DRoboPrac_ws/ros2_ws/install/drive_msgs/include/drive_msgs/drive_msgs/msg/detail
[1.526s] -- Up-to-date: /home/kousei/2DRoboPrac_ws/ros2_ws/install/drive_msgs/include/drive_msgs/drive_msgs/msg/detail/diff_drive__builder.hpp
[1.526s] -- Up-to-date: /home/kousei/2DRoboPrac_ws/ros2_ws/install/drive_msgs/include/drive_msgs/drive_msgs/msg/detail/diff_drive__struct.hpp
[1.526s] -- Up-to-date: /home/kousei/2DRoboPrac_ws/ros2_ws/install/drive_msgs/include/drive_msgs/drive_msgs/msg/detail/diff_drive__traits.hpp
[1.526s] -- Up-to-date: /home/kousei/2DRoboPrac_ws/ros2_ws/install/drive_msgs/include/drive_msgs/drive_msgs
[1.526s] -- Up-to-date: /home/kousei/2DRoboPrac_ws/ros2_ws/install/drive_msgs/include/drive_msgs/drive_msgs/msg
[1.526s] -- Up-to-date: /home/kousei/2DRoboPrac_ws/ros2_ws/install/drive_msgs/include/drive_msgs/drive_msgs/msg/detail
[1.526s] -- Up-to-date: /home/kousei/2DRoboPrac_ws/ros2_ws/install/drive_msgs/include/drive_msgs/drive_msgs/msg/detail/diff_drive__rosidl_typesupport_fastrtps_cpp.hpp
[1.526s] -- Up-to-date: /home/kousei/2DRoboPrac_ws/ros2_ws/install/drive_msgs/include/drive_msgs/drive_msgs/msg/detail/dds_fastrtps
[1.526s] -- Up-to-date: /home/kousei/2DRoboPrac_ws/ros2_ws/install/drive_msgs/include/drive_msgs/drive_msgs/msg/rosidl_typesupport_fastrtps_cpp__visibility_control.h
[1.526s] -- Up-to-date: /home/kousei/2DRoboPrac_ws/ros2_ws/install/drive_msgs/lib/libdrive_msgs__rosidl_typesupport_fastrtps_cpp.so
[1.526s] -- Up-to-date: /home/kousei/2DRoboPrac_ws/ros2_ws/install/drive_msgs/include/drive_msgs/drive_msgs
[1.526s] -- Up-to-date: /home/kousei/2DRoboPrac_ws/ros2_ws/install/drive_msgs/include/drive_msgs/drive_msgs/msg
[1.526s] -- Up-to-date: /home/kousei/2DRoboPrac_ws/ros2_ws/install/drive_msgs/include/drive_msgs/drive_msgs/msg/detail
[1.526s] -- Up-to-date: /home/kousei/2DRoboPrac_ws/ros2_ws/install/drive_msgs/include/drive_msgs/drive_msgs/msg/detail/diff_drive__type_support.c
[1.527s] -- Up-to-date: /home/kousei/2DRoboPrac_ws/ros2_ws/install/drive_msgs/include/drive_msgs/drive_msgs/msg/detail/diff_drive__rosidl_typesupport_introspection_c.h
[1.527s] -- Up-to-date: /home/kousei/2DRoboPrac_ws/ros2_ws/install/drive_msgs/include/drive_msgs/drive_msgs/msg/rosidl_typesupport_introspection_c__visibility_control.h
[1.527s] -- Up-to-date: /home/kousei/2DRoboPrac_ws/ros2_ws/install/drive_msgs/lib/libdrive_msgs__rosidl_typesupport_introspection_c.so
[1.527s] -- Up-to-date: /home/kousei/2DRoboPrac_ws/ros2_ws/install/drive_msgs/lib/libdrive_msgs__rosidl_typesupport_c.so
[1.527s] -- Up-to-date: /home/kousei/2DRoboPrac_ws/ros2_ws/install/drive_msgs/include/drive_msgs/drive_msgs
[1.527s] -- Up-to-date: /home/kousei/2DRoboPrac_ws/ros2_ws/install/drive_msgs/include/drive_msgs/drive_msgs/msg
[1.527s] -- Up-to-date: /home/kousei/2DRoboPrac_ws/ros2_ws/install/drive_msgs/include/drive_msgs/drive_msgs/msg/detail
[1.527s] -- Up-to-date: /home/kousei/2DRoboPrac_ws/ros2_ws/install/drive_msgs/include/drive_msgs/drive_msgs/msg/detail/diff_drive__type_support.cpp
[1.527s] -- Up-to-date: /home/kousei/2DRoboPrac_ws/ros2_ws/install/drive_msgs/include/drive_msgs/drive_msgs/msg/detail/diff_drive__rosidl_typesupport_introspection_cpp.hpp
[1.527s] -- Up-to-date: /home/kousei/2DRoboPrac_ws/ros2_ws/install/drive_msgs/lib/libdrive_msgs__rosidl_typesupport_introspection_cpp.so
[1.527s] -- Up-to-date: /home/kousei/2DRoboPrac_ws/ros2_ws/install/drive_msgs/lib/libdrive_msgs__rosidl_typesupport_cpp.so
[1.527s] -- Up-to-date: /home/kousei/2DRoboPrac_ws/ros2_ws/install/drive_msgs/share/drive_msgs/environment/pythonpath.sh
[1.527s] -- Installing: /home/kousei/2DRoboPrac_ws/ros2_ws/install/drive_msgs/share/drive_msgs/environment/pythonpath.dsv
[1.527s] -- Up-to-date: /home/kousei/2DRoboPrac_ws/ros2_ws/install/drive_msgs/local/lib/python3.10/dist-packages/drive_msgs-0.0.0-py3.10.egg-info
[1.528s] -- Installing: /home/kousei/2DRoboPrac_ws/ros2_ws/install/drive_msgs/local/lib/python3.10/dist-packages/drive_msgs-0.0.0-py3.10.egg-info/dependency_links.txt
[1.528s] -- Installing: /home/kousei/2DRoboPrac_ws/ros2_ws/install/drive_msgs/local/lib/python3.10/dist-packages/drive_msgs-0.0.0-py3.10.egg-info/SOURCES.txt
[1.528s] -- Installing: /home/kousei/2DRoboPrac_ws/ros2_ws/install/drive_msgs/local/lib/python3.10/dist-packages/drive_msgs-0.0.0-py3.10.egg-info/top_level.txt
[1.528s] -- Installing: /home/kousei/2DRoboPrac_ws/ros2_ws/install/drive_msgs/local/lib/python3.10/dist-packages/drive_msgs-0.0.0-py3.10.egg-info/PKG-INFO
[1.528s] -- Up-to-date: /home/kousei/2DRoboPrac_ws/ros2_ws/install/drive_msgs/local/lib/python3.10/dist-packages/drive_msgs
[1.528s] -- Installing: /home/kousei/2DRoboPrac_ws/ros2_ws/install/drive_msgs/local/lib/python3.10/dist-packages/drive_msgs/__init__.py
[1.528s] -- Up-to-date: /home/kousei/2DRoboPrac_ws/ros2_ws/install/drive_msgs/local/lib/python3.10/dist-packages/drive_msgs/_drive_msgs_s.ep.rosidl_typesupport_fastrtps_c.c
[1.528s] -- Up-to-date: /home/kousei/2DRoboPrac_ws/ros2_ws/install/drive_msgs/local/lib/python3.10/dist-packages/drive_msgs/drive_msgs_s__rosidl_typesupport_c.cpython-310-x86_64-linux-gnu.so
[1.528s] -- Up-to-date: /home/kousei/2DRoboPrac_ws/ros2_ws/install/drive_msgs/local/lib/python3.10/dist-packages/drive_msgs/_drive_msgs_s.ep.rosidl_typesupport_introspection_c.c
[1.528s] -- Up-to-date: /home/kousei/2DRoboPrac_ws/ros2_ws/install/drive_msgs/local/lib/python3.10/dist-packages/drive_msgs/drive_msgs_s__rosidl_typesupport_fastrtps_c.cpython-310-x86_64-linux-gnu.so
[1.528s] -- Up-to-date: /home/kousei/2DRoboPrac_ws/ros2_ws/install/drive_msgs/local/lib/python3.10/dist-packages/drive_msgs/_drive_msgs_s.ep.rosidl_typesupport_c.c
[1.528s] -- Up-to-date: /home/kousei/2DRoboPrac_ws/ros2_ws/install/drive_msgs/local/lib/python3.10/dist-packages/drive_msgs/msg
[1.528s] -- Up-to-date: /home/kousei/2DRoboPrac_ws/ros2_ws/install/drive_msgs/local/lib/python3.10/dist-packages/drive_msgs/msg/__init__.py
[1.528s] -- Up-to-date: /home/kousei/2DRoboPrac_ws/ros2_ws/install/drive_msgs/local/lib/python3.10/dist-packages/drive_msgs/msg/_diff_drive_s.c
[1.528s] -- Up-to-date: /home/kousei/2DRoboPrac_ws/ros2_ws/install/drive_msgs/local/lib/python3.10/dist-packages/drive_msgs/msg/_diff_drive.py
[1.528s] -- Up-to-date: /home/kousei/2DRoboPrac_ws/ros2_ws/install/drive_msgs/local/lib/python3.10/dist-packages/drive_msgs/libdrive_msgs__rosidl_generator_py.so
[1.528s] -- Up-to-date: /home/kousei/2DRoboPrac_ws/ros2_ws/install/drive_msgs/local/lib/python3.10/dist-packages/drive_msgs/drive_msgs_s__rosidl_typesupport_introspection_c.cpython-310-x86_64-linux-gnu.so
[1.545s] Listing '/home/kousei/2DRoboPrac_ws/ros2_ws/install/drive_msgs/local/lib/python3.10/dist-packages/drive_msgs'...
[1.546s] Compiling '/home/kousei/2DRoboPrac_ws/ros2_ws/install/drive_msgs/local/lib/python3.10/dist-packages/drive_msgs/__init__.py'...
[1.546s] Listing '/home/kousei/2DRoboPrac_ws/ros2_ws/install/drive_msgs/local/lib/python3.10/dist-packages/drive_msgs/msg'...
[1.548s] -- Up-to-date: /home/kousei/2DRoboPrac_ws/ros2_ws/install/drive_msgs/local/lib/python3.10/dist-packages/drive_msgs/drive_msgs_s__rosidl_typesupport_fastrtps_c.cpython-310-x86_64-linux-gnu.so
[1.549s] -- Up-to-date: /home/kousei/2DRoboPrac_ws/ros2_ws/install/drive_msgs/local/lib/python3.10/dist-packages/drive_msgs/drive_msgs_s__rosidl_typesupport_introspection_c.cpython-310-x86_64-linux-gnu.so
[1.549s] -- Up-to-date: /home/kousei/2DRoboPrac_ws/ros2_ws/install/drive_msgs/local/lib/python3.10/dist-packages/drive_msgs/drive_msgs_s__rosidl_typesupport_c.cpython-310-x86_64-linux-gnu.so
[1.549s] -- Up-to-date: /home/kousei/2DRoboPrac_ws/ros2_ws/install/drive_msgs/lib/libdrive_msgs__rosidl_generator_py.so
[1.549s] [31mCMake Error at cmake_install.cmake:367 (file):
[1.549s]   file INSTALL cannot find
[1.549s]   "/home/kousei/2DRoboPrac_ws/ros2_ws/src/drive_msgs/lib": No such file or
[1.549s]   directory.
[1.549s] 
[1.549s] [0m
[1.549s] -- Up-to-date: /home/kousei/2DRoboPrac_ws/ros2_ws/install/drive_msgs/share/drive_msgs/msg/DiffDrive.idl
[1.549s] -- Up-to-date: /home/kousei/2DRoboPrac_ws/ros2_ws/install/drive_msgs/share/drive_msgs/msg/DiffDrive.msg
[1.551s] Invoked command in '/home/kousei/2DRoboPrac_ws/ros2_ws/build/drive_msgs' returned '1': CMAKE_PREFIX_PATH=${CMAKE_PREFIX_PATH}:/opt/ros/humble /usr/bin/cmake --install /home/kousei/2DRoboPrac_ws/ros2_ws/build/drive_msgs
