[0.045s] Invoking command in '/home/kousei/2DRoboPrac_ws/ros2_ws/build/nav_real': AMENT_PREFIX_PATH=/home/kousei/2DRoboPrac_ws/ros2_ws/install/drive_msgs:${AMENT_PREFIX_PATH} CMAKE_PREFIX_PATH=/home/kousei/2DRoboPrac_ws/ros2_ws/install/key_event_nodes:/home/kousei/2DRoboPrac_ws/ros2_ws/install/key_event_msgs:/home/kousei/2DRoboPrac_ws/ros2_ws/install/drive_msgs:/home/kousei/2DRoboPrac_ws/ros2_ws/install/urg_node2:/home/kousei/2DRoboPrac_ws/ros2_ws/install/nav_real:/home/kousei/2DRoboPrac_ws/ros2_ws/install/nav_dev:/home/kousei/2DRoboPrac_ws/ros2_ws/install/drive_pkg:/home/kousei/2DRoboPrac_ws/ros2_ws/install/cpp_topic_pubsub:/opt/ros/humble LD_LIBRARY_PATH=/home/kousei/2DRoboPrac_ws/ros2_ws/install/key_event_nodes/lib:/home/kousei/2DRoboPrac_ws/ros2_ws/install/key_event_msgs/lib:/home/kousei/2DRoboPrac_ws/ros2_ws/install/drive_msgs/lib:/home/kousei/2DRoboPrac_ws/ros2_ws/install/urg_node2/lib:/home/kousei/2DRoboPrac_ws/ros2_ws/install/drive_pkg/lib:/home/kousei/2DRoboPrac_ws/ros2_ws/install/cpp_topic_pubsub/lib:/usr/lib/x86_64-linux-gnu/gazebo-11/plugins:/opt/ros/humble/opt/rviz_ogre_vendor/lib:/opt/ros/humble/lib/x86_64-linux-gnu:/opt/ros/humble/lib PYTHONPATH=/home/kousei/2DRoboPrac_ws/ros2_ws/install/drive_msgs/local/lib/python3.10/dist-packages:${PYTHONPATH} /usr/bin/cmake --build /home/kousei/2DRoboPrac_ws/ros2_ws/build/nav_real -- -j16 -l16
[0.077s] [35m[1mConsolidate compiler generated dependencies of target counter_node[0m
[0.077s] [35m[1mConsolidate compiler generated dependencies of target simple_dd_node[0m
[0.080s] [35m[1mConsolidate compiler generated dependencies of target raspi_node[0m
[0.080s] [35m[1mConsolidate compiler generated dependencies of target test_pub_node[0m
[0.080s] [35m[1mConsolidate compiler generated dependencies of target joy_transrate_node[0m
[0.080s] [35m[1mConsolidate compiler generated dependencies of target diff_drive_node[0m
[0.095s] [ 16%] Built target simple_dd_node
[0.095s] [ 33%] Built target counter_node
[0.104s] [ 50%] Built target test_pub_node
[0.106s] [ 66%] Built target raspi_node
[0.110s] [100%] Built target diff_drive_node
[0.110s] [ 91%] Built target joy_transrate_node
[0.117s] Invoked command in '/home/kousei/2DRoboPrac_ws/ros2_ws/build/nav_real' returned '0': AMENT_PREFIX_PATH=/home/kousei/2DRoboPrac_ws/ros2_ws/install/drive_msgs:${AMENT_PREFIX_PATH} CMAKE_PREFIX_PATH=/home/kousei/2DRoboPrac_ws/ros2_ws/install/key_event_nodes:/home/kousei/2DRoboPrac_ws/ros2_ws/install/key_event_msgs:/home/kousei/2DRoboPrac_ws/ros2_ws/install/drive_msgs:/home/kousei/2DRoboPrac_ws/ros2_ws/install/urg_node2:/home/kousei/2DRoboPrac_ws/ros2_ws/install/nav_real:/home/kousei/2DRoboPrac_ws/ros2_ws/install/nav_dev:/home/kousei/2DRoboPrac_ws/ros2_ws/install/drive_pkg:/home/kousei/2DRoboPrac_ws/ros2_ws/install/cpp_topic_pubsub:/opt/ros/humble LD_LIBRARY_PATH=/home/kousei/2DRoboPrac_ws/ros2_ws/install/key_event_nodes/lib:/home/kousei/2DRoboPrac_ws/ros2_ws/install/key_event_msgs/lib:/home/kousei/2DRoboPrac_ws/ros2_ws/install/drive_msgs/lib:/home/kousei/2DRoboPrac_ws/ros2_ws/install/urg_node2/lib:/home/kousei/2DRoboPrac_ws/ros2_ws/install/drive_pkg/lib:/home/kousei/2DRoboPrac_ws/ros2_ws/install/cpp_topic_pubsub/lib:/usr/lib/x86_64-linux-gnu/gazebo-11/plugins:/opt/ros/humble/opt/rviz_ogre_vendor/lib:/opt/ros/humble/lib/x86_64-linux-gnu:/opt/ros/humble/lib PYTHONPATH=/home/kousei/2DRoboPrac_ws/ros2_ws/install/drive_msgs/local/lib/python3.10/dist-packages:${PYTHONPATH} /usr/bin/cmake --build /home/kousei/2DRoboPrac_ws/ros2_ws/build/nav_real -- -j16 -l16
[0.169s] Invoking command in '/home/kousei/2DRoboPrac_ws/ros2_ws/build/nav_real': AMENT_PREFIX_PATH=/home/kousei/2DRoboPrac_ws/ros2_ws/install/drive_msgs:${AMENT_PREFIX_PATH} CMAKE_PREFIX_PATH=/home/kousei/2DRoboPrac_ws/ros2_ws/install/key_event_nodes:/home/kousei/2DRoboPrac_ws/ros2_ws/install/key_event_msgs:/home/kousei/2DRoboPrac_ws/ros2_ws/install/drive_msgs:/home/kousei/2DRoboPrac_ws/ros2_ws/install/urg_node2:/home/kousei/2DRoboPrac_ws/ros2_ws/install/nav_real:/home/kousei/2DRoboPrac_ws/ros2_ws/install/nav_dev:/home/kousei/2DRoboPrac_ws/ros2_ws/install/drive_pkg:/home/kousei/2DRoboPrac_ws/ros2_ws/install/cpp_topic_pubsub:/opt/ros/humble LD_LIBRARY_PATH=/home/kousei/2DRoboPrac_ws/ros2_ws/install/key_event_nodes/lib:/home/kousei/2DRoboPrac_ws/ros2_ws/install/key_event_msgs/lib:/home/kousei/2DRoboPrac_ws/ros2_ws/install/drive_msgs/lib:/home/kousei/2DRoboPrac_ws/ros2_ws/install/urg_node2/lib:/home/kousei/2DRoboPrac_ws/ros2_ws/install/drive_pkg/lib:/home/kousei/2DRoboPrac_ws/ros2_ws/install/cpp_topic_pubsub/lib:/usr/lib/x86_64-linux-gnu/gazebo-11/plugins:/opt/ros/humble/opt/rviz_ogre_vendor/lib:/opt/ros/humble/lib/x86_64-linux-gnu:/opt/ros/humble/lib PYTHONPATH=/home/kousei/2DRoboPrac_ws/ros2_ws/install/drive_msgs/local/lib/python3.10/dist-packages:${PYTHONPATH} /usr/bin/cmake --install /home/kousei/2DRoboPrac_ws/ros2_ws/build/nav_real
[0.174s] -- Install configuration: ""
[0.174s] -- Up-to-date: /home/kousei/2DRoboPrac_ws/ros2_ws/install/nav_real/include
[0.174s] -- Up-to-date: /home/kousei/2DRoboPrac_ws/ros2_ws/install/nav_real/include/nav_real
[0.174s] -- Up-to-date: /home/kousei/2DRoboPrac_ws/ros2_ws/install/nav_real/lib/nav_real/counter_node
[0.175s] -- Up-to-date: /home/kousei/2DRoboPrac_ws/ros2_ws/install/nav_real/lib/nav_real/test_pub_node
[0.175s] -- Up-to-date: /home/kousei/2DRoboPrac_ws/ros2_ws/install/nav_real/lib/nav_real/raspi_node
[0.175s] -- Up-to-date: /home/kousei/2DRoboPrac_ws/ros2_ws/install/nav_real/lib/nav_real/joy_transrate_node
[0.175s] -- Up-to-date: /home/kousei/2DRoboPrac_ws/ros2_ws/install/nav_real/lib/nav_real/diff_drive_node
[0.175s] -- Up-to-date: /home/kousei/2DRoboPrac_ws/ros2_ws/install/nav_real/lib/nav_real/simple_dd_node
[0.175s] -- Up-to-date: /home/kousei/2DRoboPrac_ws/ros2_ws/install/nav_real/share/nav_real/config
[0.176s] -- Up-to-date: /home/kousei/2DRoboPrac_ws/ros2_ws/install/nav_real/share/nav_real/config/params.yaml
[0.176s] -- Up-to-date: /home/kousei/2DRoboPrac_ws/ros2_ws/install/nav_real/share/nav_real/launch
[0.176s] -- Up-to-date: /home/kousei/2DRoboPrac_ws/ros2_ws/install/nav_real/share/nav_real/launch/diff_drive.launch.py
[0.176s] -- Up-to-date: /home/kousei/2DRoboPrac_ws/ros2_ws/install/nav_real/share/ament_index/resource_index/package_run_dependencies/nav_real
[0.176s] -- Up-to-date: /home/kousei/2DRoboPrac_ws/ros2_ws/install/nav_real/share/ament_index/resource_index/parent_prefix_path/nav_real
[0.177s] -- Up-to-date: /home/kousei/2DRoboPrac_ws/ros2_ws/install/nav_real/share/nav_real/environment/ament_prefix_path.sh
[0.177s] -- Up-to-date: /home/kousei/2DRoboPrac_ws/ros2_ws/install/nav_real/share/nav_real/environment/ament_prefix_path.dsv
[0.177s] -- Up-to-date: /home/kousei/2DRoboPrac_ws/ros2_ws/install/nav_real/share/nav_real/environment/path.sh
[0.177s] -- Up-to-date: /home/kousei/2DRoboPrac_ws/ros2_ws/install/nav_real/share/nav_real/environment/path.dsv
[0.178s] -- Up-to-date: /home/kousei/2DRoboPrac_ws/ros2_ws/install/nav_real/share/nav_real/local_setup.bash
[0.178s] -- Up-to-date: /home/kousei/2DRoboPrac_ws/ros2_ws/install/nav_real/share/nav_real/local_setup.sh
[0.178s] -- Up-to-date: /home/kousei/2DRoboPrac_ws/ros2_ws/install/nav_real/share/nav_real/local_setup.zsh
[0.178s] -- Up-to-date: /home/kousei/2DRoboPrac_ws/ros2_ws/install/nav_real/share/nav_real/local_setup.dsv
[0.178s] -- Installing: /home/kousei/2DRoboPrac_ws/ros2_ws/install/nav_real/share/nav_real/package.dsv
[0.179s] -- Up-to-date: /home/kousei/2DRoboPrac_ws/ros2_ws/install/nav_real/share/ament_index/resource_index/packages/nav_real
[0.179s] -- Up-to-date: /home/kousei/2DRoboPrac_ws/ros2_ws/install/nav_real/share/nav_real/cmake/ament_cmake_export_dependencies-extras.cmake
[0.179s] -- Up-to-date: /home/kousei/2DRoboPrac_ws/ros2_ws/install/nav_real/share/nav_real/cmake/ament_cmake_export_include_directories-extras.cmake
[0.179s] -- Up-to-date: /home/kousei/2DRoboPrac_ws/ros2_ws/install/nav_real/share/nav_real/cmake/nav_realConfig.cmake
[0.179s] -- Up-to-date: /home/kousei/2DRoboPrac_ws/ros2_ws/install/nav_real/share/nav_real/cmake/nav_realConfig-version.cmake
[0.180s] -- Up-to-date: /home/kousei/2DRoboPrac_ws/ros2_ws/install/nav_real/share/nav_real/package.xml
[0.180s] Invoked command in '/home/kousei/2DRoboPrac_ws/ros2_ws/build/nav_real' returned '0': AMENT_PREFIX_PATH=/home/kousei/2DRoboPrac_ws/ros2_ws/install/drive_msgs:${AMENT_PREFIX_PATH} CMAKE_PREFIX_PATH=/home/kousei/2DRoboPrac_ws/ros2_ws/install/key_event_nodes:/home/kousei/2DRoboPrac_ws/ros2_ws/install/key_event_msgs:/home/kousei/2DRoboPrac_ws/ros2_ws/install/drive_msgs:/home/kousei/2DRoboPrac_ws/ros2_ws/install/urg_node2:/home/kousei/2DRoboPrac_ws/ros2_ws/install/nav_real:/home/kousei/2DRoboPrac_ws/ros2_ws/install/nav_dev:/home/kousei/2DRoboPrac_ws/ros2_ws/install/drive_pkg:/home/kousei/2DRoboPrac_ws/ros2_ws/install/cpp_topic_pubsub:/opt/ros/humble LD_LIBRARY_PATH=/home/kousei/2DRoboPrac_ws/ros2_ws/install/key_event_nodes/lib:/home/kousei/2DRoboPrac_ws/ros2_ws/install/key_event_msgs/lib:/home/kousei/2DRoboPrac_ws/ros2_ws/install/drive_msgs/lib:/home/kousei/2DRoboPrac_ws/ros2_ws/install/urg_node2/lib:/home/kousei/2DRoboPrac_ws/ros2_ws/install/drive_pkg/lib:/home/kousei/2DRoboPrac_ws/ros2_ws/install/cpp_topic_pubsub/lib:/usr/lib/x86_64-linux-gnu/gazebo-11/plugins:/opt/ros/humble/opt/rviz_ogre_vendor/lib:/opt/ros/humble/lib/x86_64-linux-gnu:/opt/ros/humble/lib PYTHONPATH=/home/kousei/2DRoboPrac_ws/ros2_ws/install/drive_msgs/local/lib/python3.10/dist-packages:${PYTHONPATH} /usr/bin/cmake --install /home/kousei/2DRoboPrac_ws/ros2_ws/build/nav_real
