[0.449s] DEBUG:colcon:Command line arguments: ['/usr/bin/colcon', 'build']
[0.449s] DEBUG:colcon:Parsed command line arguments: Namespace(log_base=None, log_level=None, verb_name='build', build_base='build', install_base='install', merge_install=False, symlink_install=False, test_result_base=None, continue_on_error=False, executor='parallel', parallel_workers=16, event_handlers=None, ignore_user_meta=False, metas=['./colcon.meta'], base_paths=['.'], packages_ignore=None, packages_ignore_regex=None, paths=None, packages_up_to=None, packages_up_to_regex=None, packages_above=None, packages_above_and_dependencies=None, packages_above_depth=None, packages_select_by_dep=None, packages_skip_by_dep=None, packages_skip_up_to=None, packages_select_build_failed=False, packages_skip_build_finished=False, packages_select_test_failures=False, packages_skip_test_passed=False, packages_select=None, packages_skip=None, packages_select_regex=None, packages_skip_regex=None, packages_start=None, packages_end=None, allow_overriding=[], cmake_args=None, cmake_target=None, cmake_target_skip_unavailable=False, cmake_clean_cache=False, cmake_clean_first=False, cmake_force_configure=False, ament_cmake_args=None, catkin_cmake_args=None, catkin_skip_building_tests=False, verb_parser=<colcon_defaults.argument_parser.defaults.DefaultArgumentsDecorator object at 0x7facb312f400>, verb_extension=<colcon_core.verb.build.BuildVerb object at 0x7facb35d3910>, main=<bound method BuildVerb.main of <colcon_core.verb.build.BuildVerb object at 0x7facb35d3910>>)
[0.471s] Level 1:colcon.colcon_core.package_discovery:discover_packages(colcon_meta) check parameters
[0.471s] Level 1:colcon.colcon_core.package_discovery:discover_packages(recursive) check parameters
[0.471s] Level 1:colcon.colcon_core.package_discovery:discover_packages(ignore) check parameters
[0.471s] Level 1:colcon.colcon_core.package_discovery:discover_packages(path) check parameters
[0.471s] Level 1:colcon.colcon_core.package_discovery:discover_packages(colcon_meta) discover
[0.471s] Level 1:colcon.colcon_core.package_discovery:discover_packages(recursive) discover
[0.471s] INFO:colcon.colcon_core.package_discovery:Crawling recursively for packages in '/home/kousei/2DRoboPrac_ws/ros2_ws'
[0.471s] Level 1:colcon.colcon_core.package_identification:_identify(.) by extensions ['ignore', 'ignore_ament_install']
[0.471s] Level 1:colcon.colcon_core.package_identification:_identify(.) by extension 'ignore'
[0.471s] Level 1:colcon.colcon_core.package_identification:_identify(.) by extension 'ignore_ament_install'
[0.471s] Level 1:colcon.colcon_core.package_identification:_identify(.) by extensions ['colcon_pkg']
[0.471s] Level 1:colcon.colcon_core.package_identification:_identify(.) by extension 'colcon_pkg'
[0.471s] Level 1:colcon.colcon_core.package_identification:_identify(.) by extensions ['colcon_meta']
[0.471s] Level 1:colcon.colcon_core.package_identification:_identify(.) by extension 'colcon_meta'
[0.471s] Level 1:colcon.colcon_core.package_identification:_identify(.) by extensions ['ros']
[0.471s] Level 1:colcon.colcon_core.package_identification:_identify(.) by extension 'ros'
[0.477s] Level 1:colcon.colcon_core.package_identification:_identify(.) by extensions ['cmake', 'python']
[0.477s] Level 1:colcon.colcon_core.package_identification:_identify(.) by extension 'cmake'
[0.477s] Level 1:colcon.colcon_core.package_identification:_identify(.) by extension 'python'
[0.477s] Level 1:colcon.colcon_core.package_identification:_identify(.) by extensions ['python_setup_py']
[0.477s] Level 1:colcon.colcon_core.package_identification:_identify(.) by extension 'python_setup_py'
[0.477s] Level 1:colcon.colcon_core.package_identification:_identify(build) by extensions ['ignore', 'ignore_ament_install']
[0.478s] Level 1:colcon.colcon_core.package_identification:_identify(build) by extension 'ignore'
[0.478s] Level 1:colcon.colcon_core.package_identification:_identify(build) ignored
[0.478s] Level 1:colcon.colcon_core.package_identification:_identify(install) by extensions ['ignore', 'ignore_ament_install']
[0.478s] Level 1:colcon.colcon_core.package_identification:_identify(install) by extension 'ignore'
[0.478s] Level 1:colcon.colcon_core.package_identification:_identify(install) ignored
[0.478s] Level 1:colcon.colcon_core.package_identification:_identify(log) by extensions ['ignore', 'ignore_ament_install']
[0.478s] Level 1:colcon.colcon_core.package_identification:_identify(log) by extension 'ignore'
[0.478s] Level 1:colcon.colcon_core.package_identification:_identify(log) ignored
[0.478s] Level 1:colcon.colcon_core.package_identification:_identify(src) by extensions ['ignore', 'ignore_ament_install']
[0.478s] Level 1:colcon.colcon_core.package_identification:_identify(src) by extension 'ignore'
[0.478s] Level 1:colcon.colcon_core.package_identification:_identify(src) by extension 'ignore_ament_install'
[0.478s] Level 1:colcon.colcon_core.package_identification:_identify(src) by extensions ['colcon_pkg']
[0.478s] Level 1:colcon.colcon_core.package_identification:_identify(src) by extension 'colcon_pkg'
[0.478s] Level 1:colcon.colcon_core.package_identification:_identify(src) by extensions ['colcon_meta']
[0.478s] Level 1:colcon.colcon_core.package_identification:_identify(src) by extension 'colcon_meta'
[0.478s] Level 1:colcon.colcon_core.package_identification:_identify(src) by extensions ['ros']
[0.478s] Level 1:colcon.colcon_core.package_identification:_identify(src) by extension 'ros'
[0.478s] Level 1:colcon.colcon_core.package_identification:_identify(src) by extensions ['cmake', 'python']
[0.478s] Level 1:colcon.colcon_core.package_identification:_identify(src) by extension 'cmake'
[0.478s] Level 1:colcon.colcon_core.package_identification:_identify(src) by extension 'python'
[0.478s] Level 1:colcon.colcon_core.package_identification:_identify(src) by extensions ['python_setup_py']
[0.478s] Level 1:colcon.colcon_core.package_identification:_identify(src) by extension 'python_setup_py'
[0.478s] Level 1:colcon.colcon_core.package_identification:_identify(src/ign_template) by extensions ['ignore', 'ignore_ament_install']
[0.478s] Level 1:colcon.colcon_core.package_identification:_identify(src/ign_template) by extension 'ignore'
[0.478s] Level 1:colcon.colcon_core.package_identification:_identify(src/ign_template) by extension 'ignore_ament_install'
[0.478s] Level 1:colcon.colcon_core.package_identification:_identify(src/ign_template) by extensions ['colcon_pkg']
[0.478s] Level 1:colcon.colcon_core.package_identification:_identify(src/ign_template) by extension 'colcon_pkg'
[0.478s] Level 1:colcon.colcon_core.package_identification:_identify(src/ign_template) by extensions ['colcon_meta']
[0.478s] Level 1:colcon.colcon_core.package_identification:_identify(src/ign_template) by extension 'colcon_meta'
[0.478s] Level 1:colcon.colcon_core.package_identification:_identify(src/ign_template) by extensions ['ros']
[0.478s] Level 1:colcon.colcon_core.package_identification:_identify(src/ign_template) by extension 'ros'
[0.480s] DEBUG:colcon.colcon_core.package_identification:Package 'src/ign_template' with type 'ros.ament_cmake' and name 'ign_template'
[0.480s] Level 1:colcon.colcon_core.package_identification:_identify(src/key_event_msgs) by extensions ['ignore', 'ignore_ament_install']
[0.480s] Level 1:colcon.colcon_core.package_identification:_identify(src/key_event_msgs) by extension 'ignore'
[0.480s] Level 1:colcon.colcon_core.package_identification:_identify(src/key_event_msgs) by extension 'ignore_ament_install'
[0.480s] Level 1:colcon.colcon_core.package_identification:_identify(src/key_event_msgs) by extensions ['colcon_pkg']
[0.480s] Level 1:colcon.colcon_core.package_identification:_identify(src/key_event_msgs) by extension 'colcon_pkg'
[0.480s] Level 1:colcon.colcon_core.package_identification:_identify(src/key_event_msgs) by extensions ['colcon_meta']
[0.480s] Level 1:colcon.colcon_core.package_identification:_identify(src/key_event_msgs) by extension 'colcon_meta'
[0.480s] Level 1:colcon.colcon_core.package_identification:_identify(src/key_event_msgs) by extensions ['ros']
[0.480s] Level 1:colcon.colcon_core.package_identification:_identify(src/key_event_msgs) by extension 'ros'
[0.480s] DEBUG:colcon.colcon_core.package_identification:Package 'src/key_event_msgs' with type 'ros.ament_cmake' and name 'key_event_msgs'
[0.480s] Level 1:colcon.colcon_core.package_identification:_identify(src/key_event_nodes) by extensions ['ignore', 'ignore_ament_install']
[0.480s] Level 1:colcon.colcon_core.package_identification:_identify(src/key_event_nodes) by extension 'ignore'
[0.480s] Level 1:colcon.colcon_core.package_identification:_identify(src/key_event_nodes) by extension 'ignore_ament_install'
[0.480s] Level 1:colcon.colcon_core.package_identification:_identify(src/key_event_nodes) by extensions ['colcon_pkg']
[0.480s] Level 1:colcon.colcon_core.package_identification:_identify(src/key_event_nodes) by extension 'colcon_pkg'
[0.480s] Level 1:colcon.colcon_core.package_identification:_identify(src/key_event_nodes) by extensions ['colcon_meta']
[0.481s] Level 1:colcon.colcon_core.package_identification:_identify(src/key_event_nodes) by extension 'colcon_meta'
[0.481s] Level 1:colcon.colcon_core.package_identification:_identify(src/key_event_nodes) by extensions ['ros']
[0.481s] Level 1:colcon.colcon_core.package_identification:_identify(src/key_event_nodes) by extension 'ros'
[0.481s] DEBUG:colcon.colcon_core.package_identification:Package 'src/key_event_nodes' with type 'ros.ament_cmake' and name 'key_event_nodes'
[0.481s] Level 1:colcon.colcon_core.package_identification:_identify(src/nav_dev) by extensions ['ignore', 'ignore_ament_install']
[0.481s] Level 1:colcon.colcon_core.package_identification:_identify(src/nav_dev) by extension 'ignore'
[0.481s] Level 1:colcon.colcon_core.package_identification:_identify(src/nav_dev) by extension 'ignore_ament_install'
[0.481s] Level 1:colcon.colcon_core.package_identification:_identify(src/nav_dev) by extensions ['colcon_pkg']
[0.481s] Level 1:colcon.colcon_core.package_identification:_identify(src/nav_dev) by extension 'colcon_pkg'
[0.481s] Level 1:colcon.colcon_core.package_identification:_identify(src/nav_dev) by extensions ['colcon_meta']
[0.481s] Level 1:colcon.colcon_core.package_identification:_identify(src/nav_dev) by extension 'colcon_meta'
[0.481s] Level 1:colcon.colcon_core.package_identification:_identify(src/nav_dev) by extensions ['ros']
[0.481s] Level 1:colcon.colcon_core.package_identification:_identify(src/nav_dev) by extension 'ros'
[0.481s] DEBUG:colcon.colcon_core.package_identification:Package 'src/nav_dev' with type 'ros.ament_cmake' and name 'nav_dev'
[0.481s] Level 1:colcon.colcon_core.package_identification:_identify(src/rviz_test) by extensions ['ignore', 'ignore_ament_install']
[0.481s] Level 1:colcon.colcon_core.package_identification:_identify(src/rviz_test) by extension 'ignore'
[0.481s] Level 1:colcon.colcon_core.package_identification:_identify(src/rviz_test) by extension 'ignore_ament_install'
[0.481s] Level 1:colcon.colcon_core.package_identification:_identify(src/rviz_test) by extensions ['colcon_pkg']
[0.481s] Level 1:colcon.colcon_core.package_identification:_identify(src/rviz_test) by extension 'colcon_pkg'
[0.482s] Level 1:colcon.colcon_core.package_identification:_identify(src/rviz_test) by extensions ['colcon_meta']
[0.482s] Level 1:colcon.colcon_core.package_identification:_identify(src/rviz_test) by extension 'colcon_meta'
[0.482s] Level 1:colcon.colcon_core.package_identification:_identify(src/rviz_test) by extensions ['ros']
[0.482s] Level 1:colcon.colcon_core.package_identification:_identify(src/rviz_test) by extension 'ros'
[0.482s] DEBUG:colcon.colcon_core.package_identification:Package 'src/rviz_test' with type 'ros.ament_cmake' and name 'rviz_test'
[0.482s] Level 1:colcon.colcon_core.package_identification:_identify(src/urdf_tutorial) by extensions ['ignore', 'ignore_ament_install']
[0.482s] Level 1:colcon.colcon_core.package_identification:_identify(src/urdf_tutorial) by extension 'ignore'
[0.482s] Level 1:colcon.colcon_core.package_identification:_identify(src/urdf_tutorial) by extension 'ignore_ament_install'
[0.482s] Level 1:colcon.colcon_core.package_identification:_identify(src/urdf_tutorial) by extensions ['colcon_pkg']
[0.482s] Level 1:colcon.colcon_core.package_identification:_identify(src/urdf_tutorial) by extension 'colcon_pkg'
[0.482s] Level 1:colcon.colcon_core.package_identification:_identify(src/urdf_tutorial) by extensions ['colcon_meta']
[0.482s] Level 1:colcon.colcon_core.package_identification:_identify(src/urdf_tutorial) by extension 'colcon_meta'
[0.482s] Level 1:colcon.colcon_core.package_identification:_identify(src/urdf_tutorial) by extensions ['ros']
[0.482s] Level 1:colcon.colcon_core.package_identification:_identify(src/urdf_tutorial) by extension 'ros'
[0.483s] DEBUG:colcon.colcon_core.package_identification:Package 'src/urdf_tutorial' with type 'ros.ament_cmake' and name 'urdf_tutorial'
[0.483s] Level 1:colcon.colcon_core.package_discovery:discover_packages(recursive) using defaults
[0.483s] Level 1:colcon.colcon_core.package_discovery:discover_packages(ignore) discover
[0.483s] Level 1:colcon.colcon_core.package_discovery:discover_packages(ignore) using defaults
[0.483s] Level 1:colcon.colcon_core.package_discovery:discover_packages(path) discover
[0.483s] Level 1:colcon.colcon_core.package_discovery:discover_packages(path) using defaults
[0.524s] Level 1:colcon.colcon_core.package_discovery:discover_packages(prefix_path) check parameters
[0.524s] Level 1:colcon.colcon_core.package_discovery:discover_packages(prefix_path) discover
[0.531s] WARNING:colcon.colcon_core.prefix_path.colcon:The path '/home/kousei/2DRoboPrac_ws/install' in the environment variable COLCON_PREFIX_PATH doesn't exist
[0.531s] WARNING:colcon.colcon_ros.prefix_path.ament:The path '/home/kousei/2DRoboPrac_ws/install/urdf_tutorial' in the environment variable AMENT_PREFIX_PATH doesn't exist
[0.531s] WARNING:colcon.colcon_ros.prefix_path.ament:The path '/home/kousei/2DRoboPrac_ws/install/rviz_test' in the environment variable AMENT_PREFIX_PATH doesn't exist
[0.531s] WARNING:colcon.colcon_ros.prefix_path.ament:The path '/home/kousei/2DRoboPrac_ws/install/nav_dev' in the environment variable AMENT_PREFIX_PATH doesn't exist
[0.531s] WARNING:colcon.colcon_ros.prefix_path.ament:The path '/home/kousei/2DRoboPrac_ws/install/ign_template' in the environment variable AMENT_PREFIX_PATH doesn't exist
[0.531s] WARNING:colcon.colcon_ros.prefix_path.ament:The path '/home/kousei/2DRoboPrac_ws/install/key_event_nodes' in the environment variable AMENT_PREFIX_PATH doesn't exist
[0.531s] WARNING:colcon.colcon_ros.prefix_path.ament:The path '/home/kousei/2DRoboPrac_ws/install/key_event_msgs' in the environment variable AMENT_PREFIX_PATH doesn't exist
[0.531s] WARNING:colcon.colcon_ros.prefix_path.catkin:The path '/home/kousei/2DRoboPrac_ws/install/urdf_tutorial' in the environment variable CMAKE_PREFIX_PATH doesn't exist
[0.531s] WARNING:colcon.colcon_ros.prefix_path.catkin:The path '/home/kousei/2DRoboPrac_ws/install/rviz_test' in the environment variable CMAKE_PREFIX_PATH doesn't exist
[0.531s] WARNING:colcon.colcon_ros.prefix_path.catkin:The path '/home/kousei/2DRoboPrac_ws/install/nav_dev' in the environment variable CMAKE_PREFIX_PATH doesn't exist
[0.531s] WARNING:colcon.colcon_ros.prefix_path.catkin:The path '/home/kousei/2DRoboPrac_ws/install/ign_template' in the environment variable CMAKE_PREFIX_PATH doesn't exist
[0.531s] WARNING:colcon.colcon_ros.prefix_path.catkin:The path '/home/kousei/2DRoboPrac_ws/install/key_event_nodes' in the environment variable CMAKE_PREFIX_PATH doesn't exist
[0.531s] WARNING:colcon.colcon_ros.prefix_path.catkin:The path '/home/kousei/2DRoboPrac_ws/install/key_event_msgs' in the environment variable CMAKE_PREFIX_PATH doesn't exist
[0.538s] DEBUG:colcon.colcon_installed_package_information.package_discovery:Found 6 installed packages in /home/kousei/2DRoboPrac_ws/ros2_ws/install
[0.547s] DEBUG:colcon.colcon_installed_package_information.package_discovery:Found 411 installed packages in /opt/ros/humble
[0.548s] Level 1:colcon.colcon_core.package_discovery:discover_packages(prefix_path) using defaults
[0.607s] Level 5:colcon.colcon_core.verb:set package 'key_event_msgs' build argument 'cmake_args' from command line to 'None'
[0.607s] Level 5:colcon.colcon_core.verb:set package 'key_event_msgs' build argument 'cmake_target' from command line to 'None'
[0.607s] Level 5:colcon.colcon_core.verb:set package 'key_event_msgs' build argument 'cmake_target_skip_unavailable' from command line to 'False'
[0.607s] Level 5:colcon.colcon_core.verb:set package 'key_event_msgs' build argument 'cmake_clean_cache' from command line to 'False'
[0.607s] Level 5:colcon.colcon_core.verb:set package 'key_event_msgs' build argument 'cmake_clean_first' from command line to 'False'
[0.607s] Level 5:colcon.colcon_core.verb:set package 'key_event_msgs' build argument 'cmake_force_configure' from command line to 'False'
[0.607s] Level 5:colcon.colcon_core.verb:set package 'key_event_msgs' build argument 'ament_cmake_args' from command line to 'None'
[0.607s] Level 5:colcon.colcon_core.verb:set package 'key_event_msgs' build argument 'catkin_cmake_args' from command line to 'None'
[0.607s] Level 5:colcon.colcon_core.verb:set package 'key_event_msgs' build argument 'catkin_skip_building_tests' from command line to 'False'
[0.607s] DEBUG:colcon.colcon_core.verb:Building package 'key_event_msgs' with the following arguments: {'ament_cmake_args': None, 'build_base': '/home/kousei/2DRoboPrac_ws/ros2_ws/build/key_event_msgs', 'catkin_cmake_args': None, 'catkin_skip_building_tests': False, 'cmake_args': None, 'cmake_clean_cache': False, 'cmake_clean_first': False, 'cmake_force_configure': False, 'cmake_target': None, 'cmake_target_skip_unavailable': False, 'install_base': '/home/kousei/2DRoboPrac_ws/ros2_ws/install/key_event_msgs', 'merge_install': False, 'path': '/home/kousei/2DRoboPrac_ws/ros2_ws/src/key_event_msgs', 'symlink_install': False, 'test_result_base': None}
[0.614s] Level 5:colcon.colcon_core.verb:set package 'nav_dev' build argument 'cmake_args' from command line to 'None'
[0.614s] Level 5:colcon.colcon_core.verb:set package 'nav_dev' build argument 'cmake_target' from command line to 'None'
[0.614s] Level 5:colcon.colcon_core.verb:set package 'nav_dev' build argument 'cmake_target_skip_unavailable' from command line to 'False'
[0.614s] Level 5:colcon.colcon_core.verb:set package 'nav_dev' build argument 'cmake_clean_cache' from command line to 'False'
[0.614s] Level 5:colcon.colcon_core.verb:set package 'nav_dev' build argument 'cmake_clean_first' from command line to 'False'
[0.614s] Level 5:colcon.colcon_core.verb:set package 'nav_dev' build argument 'cmake_force_configure' from command line to 'False'
[0.614s] Level 5:colcon.colcon_core.verb:set package 'nav_dev' build argument 'ament_cmake_args' from command line to 'None'
[0.614s] Level 5:colcon.colcon_core.verb:set package 'nav_dev' build argument 'catkin_cmake_args' from command line to 'None'
[0.614s] Level 5:colcon.colcon_core.verb:set package 'nav_dev' build argument 'catkin_skip_building_tests' from command line to 'False'
[0.614s] DEBUG:colcon.colcon_core.verb:Building package 'nav_dev' with the following arguments: {'ament_cmake_args': None, 'build_base': '/home/kousei/2DRoboPrac_ws/ros2_ws/build/nav_dev', 'catkin_cmake_args': None, 'catkin_skip_building_tests': False, 'cmake_args': None, 'cmake_clean_cache': False, 'cmake_clean_first': False, 'cmake_force_configure': False, 'cmake_target': None, 'cmake_target_skip_unavailable': False, 'install_base': '/home/kousei/2DRoboPrac_ws/ros2_ws/install/nav_dev', 'merge_install': False, 'path': '/home/kousei/2DRoboPrac_ws/ros2_ws/src/nav_dev', 'symlink_install': False, 'test_result_base': None}
[0.620s] Level 5:colcon.colcon_core.verb:set package 'urdf_tutorial' build argument 'cmake_args' from command line to 'None'
[0.620s] Level 5:colcon.colcon_core.verb:set package 'urdf_tutorial' build argument 'cmake_target' from command line to 'None'
[0.621s] Level 5:colcon.colcon_core.verb:set package 'urdf_tutorial' build argument 'cmake_target_skip_unavailable' from command line to 'False'
[0.621s] Level 5:colcon.colcon_core.verb:set package 'urdf_tutorial' build argument 'cmake_clean_cache' from command line to 'False'
[0.621s] Level 5:colcon.colcon_core.verb:set package 'urdf_tutorial' build argument 'cmake_clean_first' from command line to 'False'
[0.621s] Level 5:colcon.colcon_core.verb:set package 'urdf_tutorial' build argument 'cmake_force_configure' from command line to 'False'
[0.621s] Level 5:colcon.colcon_core.verb:set package 'urdf_tutorial' build argument 'ament_cmake_args' from command line to 'None'
[0.621s] Level 5:colcon.colcon_core.verb:set package 'urdf_tutorial' build argument 'catkin_cmake_args' from command line to 'None'
[0.621s] Level 5:colcon.colcon_core.verb:set package 'urdf_tutorial' build argument 'catkin_skip_building_tests' from command line to 'False'
[0.621s] DEBUG:colcon.colcon_core.verb:Building package 'urdf_tutorial' with the following arguments: {'ament_cmake_args': None, 'build_base': '/home/kousei/2DRoboPrac_ws/ros2_ws/build/urdf_tutorial', 'catkin_cmake_args': None, 'catkin_skip_building_tests': False, 'cmake_args': None, 'cmake_clean_cache': False, 'cmake_clean_first': False, 'cmake_force_configure': False, 'cmake_target': None, 'cmake_target_skip_unavailable': False, 'install_base': '/home/kousei/2DRoboPrac_ws/ros2_ws/install/urdf_tutorial', 'merge_install': False, 'path': '/home/kousei/2DRoboPrac_ws/ros2_ws/src/urdf_tutorial', 'symlink_install': False, 'test_result_base': None}
[0.627s] Level 5:colcon.colcon_core.verb:set package 'key_event_nodes' build argument 'cmake_args' from command line to 'None'
[0.627s] Level 5:colcon.colcon_core.verb:set package 'key_event_nodes' build argument 'cmake_target' from command line to 'None'
[0.627s] Level 5:colcon.colcon_core.verb:set package 'key_event_nodes' build argument 'cmake_target_skip_unavailable' from command line to 'False'
[0.627s] Level 5:colcon.colcon_core.verb:set package 'key_event_nodes' build argument 'cmake_clean_cache' from command line to 'False'
[0.627s] Level 5:colcon.colcon_core.verb:set package 'key_event_nodes' build argument 'cmake_clean_first' from command line to 'False'
[0.627s] Level 5:colcon.colcon_core.verb:set package 'key_event_nodes' build argument 'cmake_force_configure' from command line to 'False'
[0.627s] Level 5:colcon.colcon_core.verb:set package 'key_event_nodes' build argument 'ament_cmake_args' from command line to 'None'
[0.627s] Level 5:colcon.colcon_core.verb:set package 'key_event_nodes' build argument 'catkin_cmake_args' from command line to 'None'
[0.627s] Level 5:colcon.colcon_core.verb:set package 'key_event_nodes' build argument 'catkin_skip_building_tests' from command line to 'False'
[0.627s] DEBUG:colcon.colcon_core.verb:Building package 'key_event_nodes' with the following arguments: {'ament_cmake_args': None, 'build_base': '/home/kousei/2DRoboPrac_ws/ros2_ws/build/key_event_nodes', 'catkin_cmake_args': None, 'catkin_skip_building_tests': False, 'cmake_args': None, 'cmake_clean_cache': False, 'cmake_clean_first': False, 'cmake_force_configure': False, 'cmake_target': None, 'cmake_target_skip_unavailable': False, 'install_base': '/home/kousei/2DRoboPrac_ws/ros2_ws/install/key_event_nodes', 'merge_install': False, 'path': '/home/kousei/2DRoboPrac_ws/ros2_ws/src/key_event_nodes', 'symlink_install': False, 'test_result_base': None}
[0.633s] Level 5:colcon.colcon_core.verb:set package 'ign_template' build argument 'cmake_args' from command line to 'None'
[0.633s] Level 5:colcon.colcon_core.verb:set package 'ign_template' build argument 'cmake_target' from command line to 'None'
[0.633s] Level 5:colcon.colcon_core.verb:set package 'ign_template' build argument 'cmake_target_skip_unavailable' from command line to 'False'
[0.633s] Level 5:colcon.colcon_core.verb:set package 'ign_template' build argument 'cmake_clean_cache' from command line to 'False'
[0.633s] Level 5:colcon.colcon_core.verb:set package 'ign_template' build argument 'cmake_clean_first' from command line to 'False'
[0.633s] Level 5:colcon.colcon_core.verb:set package 'ign_template' build argument 'cmake_force_configure' from command line to 'False'
[0.633s] Level 5:colcon.colcon_core.verb:set package 'ign_template' build argument 'ament_cmake_args' from command line to 'None'
[0.633s] Level 5:colcon.colcon_core.verb:set package 'ign_template' build argument 'catkin_cmake_args' from command line to 'None'
[0.633s] Level 5:colcon.colcon_core.verb:set package 'ign_template' build argument 'catkin_skip_building_tests' from command line to 'False'
[0.633s] DEBUG:colcon.colcon_core.verb:Building package 'ign_template' with the following arguments: {'ament_cmake_args': None, 'build_base': '/home/kousei/2DRoboPrac_ws/ros2_ws/build/ign_template', 'catkin_cmake_args': None, 'catkin_skip_building_tests': False, 'cmake_args': None, 'cmake_clean_cache': False, 'cmake_clean_first': False, 'cmake_force_configure': False, 'cmake_target': None, 'cmake_target_skip_unavailable': False, 'install_base': '/home/kousei/2DRoboPrac_ws/ros2_ws/install/ign_template', 'merge_install': False, 'path': '/home/kousei/2DRoboPrac_ws/ros2_ws/src/ign_template', 'symlink_install': False, 'test_result_base': None}
[0.640s] Level 5:colcon.colcon_core.verb:set package 'rviz_test' build argument 'cmake_args' from command line to 'None'
[0.640s] Level 5:colcon.colcon_core.verb:set package 'rviz_test' build argument 'cmake_target' from command line to 'None'
[0.640s] Level 5:colcon.colcon_core.verb:set package 'rviz_test' build argument 'cmake_target_skip_unavailable' from command line to 'False'
[0.640s] Level 5:colcon.colcon_core.verb:set package 'rviz_test' build argument 'cmake_clean_cache' from command line to 'False'
[0.640s] Level 5:colcon.colcon_core.verb:set package 'rviz_test' build argument 'cmake_clean_first' from command line to 'False'
[0.640s] Level 5:colcon.colcon_core.verb:set package 'rviz_test' build argument 'cmake_force_configure' from command line to 'False'
[0.640s] Level 5:colcon.colcon_core.verb:set package 'rviz_test' build argument 'ament_cmake_args' from command line to 'None'
[0.640s] Level 5:colcon.colcon_core.verb:set package 'rviz_test' build argument 'catkin_cmake_args' from command line to 'None'
[0.640s] Level 5:colcon.colcon_core.verb:set package 'rviz_test' build argument 'catkin_skip_building_tests' from command line to 'False'
[0.640s] DEBUG:colcon.colcon_core.verb:Building package 'rviz_test' with the following arguments: {'ament_cmake_args': None, 'build_base': '/home/kousei/2DRoboPrac_ws/ros2_ws/build/rviz_test', 'catkin_cmake_args': None, 'catkin_skip_building_tests': False, 'cmake_args': None, 'cmake_clean_cache': False, 'cmake_clean_first': False, 'cmake_force_configure': False, 'cmake_target': None, 'cmake_target_skip_unavailable': False, 'install_base': '/home/kousei/2DRoboPrac_ws/ros2_ws/install/rviz_test', 'merge_install': False, 'path': '/home/kousei/2DRoboPrac_ws/ros2_ws/src/rviz_test', 'symlink_install': False, 'test_result_base': None}
[0.646s] INFO:colcon.colcon_core.executor:Executing jobs using 'parallel' executor
[0.653s] DEBUG:colcon.colcon_parallel_executor.executor.parallel:run_until_complete
[0.653s] INFO:colcon.colcon_ros.task.ament_cmake.build:Building ROS package in '/home/kousei/2DRoboPrac_ws/ros2_ws/src/key_event_msgs' with build type 'ament_cmake'
[0.653s] INFO:colcon.colcon_cmake.task.cmake.build:Building CMake package in '/home/kousei/2DRoboPrac_ws/ros2_ws/src/key_event_msgs'
[0.661s] INFO:colcon.colcon_core.plugin_system:Skipping extension 'colcon_core.shell.bat': Not used on non-Windows systems
[0.661s] INFO:colcon.colcon_core.shell:Skip shell extension 'powershell' for command environment: Not usable outside of PowerShell
[0.661s] DEBUG:colcon.colcon_core.shell:Skip shell extension 'dsv' for command environment
[0.683s] INFO:colcon.colcon_ros.task.ament_cmake.build:Building ROS package in '/home/kousei/2DRoboPrac_ws/ros2_ws/src/nav_dev' with build type 'ament_cmake'
[0.683s] INFO:colcon.colcon_cmake.task.cmake.build:Building CMake package in '/home/kousei/2DRoboPrac_ws/ros2_ws/src/nav_dev'
[0.690s] INFO:colcon.colcon_core.shell:Skip shell extension 'powershell' for command environment: Not usable outside of PowerShell
[0.690s] DEBUG:colcon.colcon_core.shell:Skip shell extension 'dsv' for command environment
[0.712s] INFO:colcon.colcon_ros.task.ament_cmake.build:Building ROS package in '/home/kousei/2DRoboPrac_ws/ros2_ws/src/urdf_tutorial' with build type 'ament_cmake'
[0.712s] INFO:colcon.colcon_cmake.task.cmake.build:Building CMake package in '/home/kousei/2DRoboPrac_ws/ros2_ws/src/urdf_tutorial'
[0.719s] INFO:colcon.colcon_core.shell:Skip shell extension 'powershell' for command environment: Not usable outside of PowerShell
[0.719s] DEBUG:colcon.colcon_core.shell:Skip shell extension 'dsv' for command environment
[0.743s] DEBUG:colcon.colcon_core.event_handler.log_command:Invoking command in '/home/kousei/2DRoboPrac_ws/ros2_ws/build/key_event_msgs': CMAKE_PREFIX_PATH=${CMAKE_PREFIX_PATH}:/opt/ros/humble /usr/bin/cmake --build /home/kousei/2DRoboPrac_ws/ros2_ws/build/key_event_msgs -- -j16 -l16
[0.746s] DEBUG:colcon.colcon_core.event_handler.log_command:Invoking command in '/home/kousei/2DRoboPrac_ws/ros2_ws/build/nav_dev': CMAKE_PREFIX_PATH=${CMAKE_PREFIX_PATH}:/opt/ros/humble /usr/bin/cmake --build /home/kousei/2DRoboPrac_ws/ros2_ws/build/nav_dev -- -j16 -l16
[0.748s] DEBUG:colcon.colcon_core.event_handler.log_command:Invoking command in '/home/kousei/2DRoboPrac_ws/ros2_ws/build/urdf_tutorial': CMAKE_PREFIX_PATH=${CMAKE_PREFIX_PATH}:/opt/ros/humble /usr/bin/cmake --build /home/kousei/2DRoboPrac_ws/ros2_ws/build/urdf_tutorial -- -j16 -l16
[0.768s] DEBUG:colcon.colcon_core.event_handler.log_command:Invoked command in '/home/kousei/2DRoboPrac_ws/ros2_ws/build/nav_dev' returned '0': CMAKE_PREFIX_PATH=${CMAKE_PREFIX_PATH}:/opt/ros/humble /usr/bin/cmake --build /home/kousei/2DRoboPrac_ws/ros2_ws/build/nav_dev -- -j16 -l16
[0.769s] DEBUG:colcon.colcon_core.event_handler.log_command:Invoked command in '/home/kousei/2DRoboPrac_ws/ros2_ws/build/urdf_tutorial' returned '0': CMAKE_PREFIX_PATH=${CMAKE_PREFIX_PATH}:/opt/ros/humble /usr/bin/cmake --build /home/kousei/2DRoboPrac_ws/ros2_ws/build/urdf_tutorial -- -j16 -l16
[0.787s] DEBUG:colcon.colcon_core.event_handler.log_command:Invoking command in '/home/kousei/2DRoboPrac_ws/ros2_ws/build/nav_dev': CMAKE_PREFIX_PATH=${CMAKE_PREFIX_PATH}:/opt/ros/humble /usr/bin/cmake --install /home/kousei/2DRoboPrac_ws/ros2_ws/build/nav_dev
[0.790s] DEBUG:colcon.colcon_core.event_handler.log_command:Invoking command in '/home/kousei/2DRoboPrac_ws/ros2_ws/build/urdf_tutorial': CMAKE_PREFIX_PATH=${CMAKE_PREFIX_PATH}:/opt/ros/humble /usr/bin/cmake --install /home/kousei/2DRoboPrac_ws/ros2_ws/build/urdf_tutorial
[0.795s] Level 1:colcon.colcon_core.environment:create_environment_scripts_only(urdf_tutorial)
[0.803s] DEBUG:colcon.colcon_core.event_handler.log_command:Invoked command in '/home/kousei/2DRoboPrac_ws/ros2_ws/build/urdf_tutorial' returned '0': CMAKE_PREFIX_PATH=${CMAKE_PREFIX_PATH}:/opt/ros/humble /usr/bin/cmake --install /home/kousei/2DRoboPrac_ws/ros2_ws/build/urdf_tutorial
[0.813s] Level 1:colcon.colcon_core.environment:checking '/home/kousei/2DRoboPrac_ws/ros2_ws/install/urdf_tutorial' for CMake module files
[0.813s] Level 1:colcon.colcon_core.environment:checking '/home/kousei/2DRoboPrac_ws/ros2_ws/install/urdf_tutorial' for CMake config files
[0.813s] Level 1:colcon.colcon_core.shell:create_environment_hook('urdf_tutorial', 'cmake_prefix_path')
[0.821s] INFO:colcon.colcon_core.shell:Creating environment hook '/home/kousei/2DRoboPrac_ws/ros2_ws/install/urdf_tutorial/share/urdf_tutorial/hook/cmake_prefix_path.ps1'
[0.822s] INFO:colcon.colcon_core.shell:Creating environment descriptor '/home/kousei/2DRoboPrac_ws/ros2_ws/install/urdf_tutorial/share/urdf_tutorial/hook/cmake_prefix_path.dsv'
[0.822s] INFO:colcon.colcon_core.shell:Creating environment hook '/home/kousei/2DRoboPrac_ws/ros2_ws/install/urdf_tutorial/share/urdf_tutorial/hook/cmake_prefix_path.sh'
[0.823s] Level 1:colcon.colcon_core.environment:checking '/home/kousei/2DRoboPrac_ws/ros2_ws/install/urdf_tutorial/bin'
[0.823s] Level 1:colcon.colcon_core.environment:checking '/home/kousei/2DRoboPrac_ws/ros2_ws/install/urdf_tutorial/lib/pkgconfig/urdf_tutorial.pc'
[0.823s] Level 1:colcon.colcon_core.environment:checking '/home/kousei/2DRoboPrac_ws/ros2_ws/install/urdf_tutorial/lib/python3.10/site-packages'
[0.823s] Level 1:colcon.colcon_core.environment:checking '/home/kousei/2DRoboPrac_ws/ros2_ws/install/urdf_tutorial/bin'
[0.831s] INFO:colcon.colcon_core.shell:Creating package script '/home/kousei/2DRoboPrac_ws/ros2_ws/install/urdf_tutorial/share/urdf_tutorial/package.ps1'
[0.831s] INFO:colcon.colcon_core.shell:Creating package descriptor '/home/kousei/2DRoboPrac_ws/ros2_ws/install/urdf_tutorial/share/urdf_tutorial/package.dsv'
[0.832s] INFO:colcon.colcon_core.shell:Creating package script '/home/kousei/2DRoboPrac_ws/ros2_ws/install/urdf_tutorial/share/urdf_tutorial/package.sh'
[0.832s] INFO:colcon.colcon_core.shell:Creating package script '/home/kousei/2DRoboPrac_ws/ros2_ws/install/urdf_tutorial/share/urdf_tutorial/package.bash'
[0.832s] INFO:colcon.colcon_core.shell:Creating package script '/home/kousei/2DRoboPrac_ws/ros2_ws/install/urdf_tutorial/share/urdf_tutorial/package.zsh'
[0.833s] Level 1:colcon.colcon_core.environment:create_file_with_runtime_dependencies(/home/kousei/2DRoboPrac_ws/ros2_ws/install/urdf_tutorial/share/colcon-core/packages/urdf_tutorial)
[0.834s] Level 1:colcon.colcon_core.environment:create_environment_scripts_only(nav_dev)
[0.834s] DEBUG:colcon.colcon_core.event_handler.log_command:Invoked command in '/home/kousei/2DRoboPrac_ws/ros2_ws/build/nav_dev' returned '0': CMAKE_PREFIX_PATH=${CMAKE_PREFIX_PATH}:/opt/ros/humble /usr/bin/cmake --install /home/kousei/2DRoboPrac_ws/ros2_ws/build/nav_dev
[0.850s] Level 1:colcon.colcon_core.environment:checking '/home/kousei/2DRoboPrac_ws/ros2_ws/install/nav_dev' for CMake module files
[0.851s] Level 1:colcon.colcon_core.environment:checking '/home/kousei/2DRoboPrac_ws/ros2_ws/install/nav_dev' for CMake config files
[0.851s] Level 1:colcon.colcon_core.shell:create_environment_hook('nav_dev', 'cmake_prefix_path')
[0.858s] INFO:colcon.colcon_core.shell:Creating environment hook '/home/kousei/2DRoboPrac_ws/ros2_ws/install/nav_dev/share/nav_dev/hook/cmake_prefix_path.ps1'
[0.859s] INFO:colcon.colcon_core.shell:Creating environment descriptor '/home/kousei/2DRoboPrac_ws/ros2_ws/install/nav_dev/share/nav_dev/hook/cmake_prefix_path.dsv'
[0.859s] INFO:colcon.colcon_core.shell:Creating environment hook '/home/kousei/2DRoboPrac_ws/ros2_ws/install/nav_dev/share/nav_dev/hook/cmake_prefix_path.sh'
[0.859s] Level 1:colcon.colcon_core.environment:checking '/home/kousei/2DRoboPrac_ws/ros2_ws/install/nav_dev/bin'
[0.859s] Level 1:colcon.colcon_core.environment:checking '/home/kousei/2DRoboPrac_ws/ros2_ws/install/nav_dev/lib/pkgconfig/nav_dev.pc'
[0.859s] Level 1:colcon.colcon_core.environment:checking '/home/kousei/2DRoboPrac_ws/ros2_ws/install/nav_dev/lib/python3.10/site-packages'
[0.859s] Level 1:colcon.colcon_core.environment:checking '/home/kousei/2DRoboPrac_ws/ros2_ws/install/nav_dev/bin'
[0.867s] INFO:colcon.colcon_core.shell:Creating package script '/home/kousei/2DRoboPrac_ws/ros2_ws/install/nav_dev/share/nav_dev/package.ps1'
[0.867s] INFO:colcon.colcon_core.shell:Creating package descriptor '/home/kousei/2DRoboPrac_ws/ros2_ws/install/nav_dev/share/nav_dev/package.dsv'
[0.867s] INFO:colcon.colcon_core.shell:Creating package script '/home/kousei/2DRoboPrac_ws/ros2_ws/install/nav_dev/share/nav_dev/package.sh'
[0.867s] INFO:colcon.colcon_core.shell:Creating package script '/home/kousei/2DRoboPrac_ws/ros2_ws/install/nav_dev/share/nav_dev/package.bash'
[0.868s] INFO:colcon.colcon_core.shell:Creating package script '/home/kousei/2DRoboPrac_ws/ros2_ws/install/nav_dev/share/nav_dev/package.zsh'
[0.868s] Level 1:colcon.colcon_core.environment:create_file_with_runtime_dependencies(/home/kousei/2DRoboPrac_ws/ros2_ws/install/nav_dev/share/colcon-core/packages/nav_dev)
[0.877s] Level 1:colcon.colcon_core.environment:create_environment_scripts_only(urdf_tutorial)
[0.885s] Level 1:colcon.colcon_core.environment:checking '/home/kousei/2DRoboPrac_ws/ros2_ws/install/urdf_tutorial' for CMake module files
[0.885s] Level 1:colcon.colcon_core.environment:checking '/home/kousei/2DRoboPrac_ws/ros2_ws/install/urdf_tutorial' for CMake config files
[0.885s] Level 1:colcon.colcon_core.shell:create_environment_hook('urdf_tutorial', 'cmake_prefix_path')
[0.892s] INFO:colcon.colcon_core.shell:Creating environment hook '/home/kousei/2DRoboPrac_ws/ros2_ws/install/urdf_tutorial/share/urdf_tutorial/hook/cmake_prefix_path.ps1'
[0.892s] INFO:colcon.colcon_core.shell:Creating environment descriptor '/home/kousei/2DRoboPrac_ws/ros2_ws/install/urdf_tutorial/share/urdf_tutorial/hook/cmake_prefix_path.dsv'
[0.892s] INFO:colcon.colcon_core.shell:Creating environment hook '/home/kousei/2DRoboPrac_ws/ros2_ws/install/urdf_tutorial/share/urdf_tutorial/hook/cmake_prefix_path.sh'
[0.892s] Level 1:colcon.colcon_core.environment:checking '/home/kousei/2DRoboPrac_ws/ros2_ws/install/urdf_tutorial/bin'
[0.893s] Level 1:colcon.colcon_core.environment:checking '/home/kousei/2DRoboPrac_ws/ros2_ws/install/urdf_tutorial/lib/pkgconfig/urdf_tutorial.pc'
[0.893s] Level 1:colcon.colcon_core.environment:checking '/home/kousei/2DRoboPrac_ws/ros2_ws/install/urdf_tutorial/lib/python3.10/site-packages'
[0.893s] Level 1:colcon.colcon_core.environment:checking '/home/kousei/2DRoboPrac_ws/ros2_ws/install/urdf_tutorial/bin'
[0.899s] INFO:colcon.colcon_core.shell:Creating package script '/home/kousei/2DRoboPrac_ws/ros2_ws/install/urdf_tutorial/share/urdf_tutorial/package.ps1'
[0.900s] INFO:colcon.colcon_core.shell:Creating package descriptor '/home/kousei/2DRoboPrac_ws/ros2_ws/install/urdf_tutorial/share/urdf_tutorial/package.dsv'
[0.900s] INFO:colcon.colcon_core.shell:Creating package script '/home/kousei/2DRoboPrac_ws/ros2_ws/install/urdf_tutorial/share/urdf_tutorial/package.sh'
[0.900s] INFO:colcon.colcon_core.shell:Creating package script '/home/kousei/2DRoboPrac_ws/ros2_ws/install/urdf_tutorial/share/urdf_tutorial/package.bash'
[0.900s] INFO:colcon.colcon_core.shell:Creating package script '/home/kousei/2DRoboPrac_ws/ros2_ws/install/urdf_tutorial/share/urdf_tutorial/package.zsh'
[0.901s] Level 1:colcon.colcon_core.environment:create_file_with_runtime_dependencies(/home/kousei/2DRoboPrac_ws/ros2_ws/install/urdf_tutorial/share/colcon-core/packages/urdf_tutorial)
[0.909s] Level 1:colcon.colcon_core.environment:create_environment_scripts_only(nav_dev)
[0.926s] Level 1:colcon.colcon_core.environment:checking '/home/kousei/2DRoboPrac_ws/ros2_ws/install/nav_dev' for CMake module files
[0.926s] Level 1:colcon.colcon_core.environment:checking '/home/kousei/2DRoboPrac_ws/ros2_ws/install/nav_dev' for CMake config files
[0.926s] Level 1:colcon.colcon_core.shell:create_environment_hook('nav_dev', 'cmake_prefix_path')
[0.933s] INFO:colcon.colcon_core.shell:Creating environment hook '/home/kousei/2DRoboPrac_ws/ros2_ws/install/nav_dev/share/nav_dev/hook/cmake_prefix_path.ps1'
[0.933s] INFO:colcon.colcon_core.shell:Creating environment descriptor '/home/kousei/2DRoboPrac_ws/ros2_ws/install/nav_dev/share/nav_dev/hook/cmake_prefix_path.dsv'
[0.933s] INFO:colcon.colcon_core.shell:Creating environment hook '/home/kousei/2DRoboPrac_ws/ros2_ws/install/nav_dev/share/nav_dev/hook/cmake_prefix_path.sh'
[0.934s] Level 1:colcon.colcon_core.environment:checking '/home/kousei/2DRoboPrac_ws/ros2_ws/install/nav_dev/bin'
[0.934s] Level 1:colcon.colcon_core.environment:checking '/home/kousei/2DRoboPrac_ws/ros2_ws/install/nav_dev/lib/pkgconfig/nav_dev.pc'
[0.934s] Level 1:colcon.colcon_core.environment:checking '/home/kousei/2DRoboPrac_ws/ros2_ws/install/nav_dev/lib/python3.10/site-packages'
[0.934s] Level 1:colcon.colcon_core.environment:checking '/home/kousei/2DRoboPrac_ws/ros2_ws/install/nav_dev/bin'
[0.941s] INFO:colcon.colcon_core.shell:Creating package script '/home/kousei/2DRoboPrac_ws/ros2_ws/install/nav_dev/share/nav_dev/package.ps1'
[0.942s] INFO:colcon.colcon_core.shell:Creating package descriptor '/home/kousei/2DRoboPrac_ws/ros2_ws/install/nav_dev/share/nav_dev/package.dsv'
[0.942s] INFO:colcon.colcon_core.shell:Creating package script '/home/kousei/2DRoboPrac_ws/ros2_ws/install/nav_dev/share/nav_dev/package.sh'
[0.942s] INFO:colcon.colcon_core.shell:Creating package script '/home/kousei/2DRoboPrac_ws/ros2_ws/install/nav_dev/share/nav_dev/package.bash'
[0.942s] INFO:colcon.colcon_core.shell:Creating package script '/home/kousei/2DRoboPrac_ws/ros2_ws/install/nav_dev/share/nav_dev/package.zsh'
[0.942s] Level 1:colcon.colcon_core.environment:create_file_with_runtime_dependencies(/home/kousei/2DRoboPrac_ws/ros2_ws/install/nav_dev/share/colcon-core/packages/nav_dev)
[0.946s] DEBUG:colcon.colcon_core.event_handler.log_command:Invoked command in '/home/kousei/2DRoboPrac_ws/ros2_ws/build/key_event_msgs' returned '0': CMAKE_PREFIX_PATH=${CMAKE_PREFIX_PATH}:/opt/ros/humble /usr/bin/cmake --build /home/kousei/2DRoboPrac_ws/ros2_ws/build/key_event_msgs -- -j16 -l16
[0.982s] DEBUG:colcon.colcon_core.event_handler.log_command:Invoking command in '/home/kousei/2DRoboPrac_ws/ros2_ws/build/key_event_msgs': CMAKE_PREFIX_PATH=${CMAKE_PREFIX_PATH}:/opt/ros/humble /usr/bin/cmake --install /home/kousei/2DRoboPrac_ws/ros2_ws/build/key_event_msgs
[1.016s] Level 1:colcon.colcon_core.environment:create_environment_scripts_only(key_event_msgs)
[1.017s] DEBUG:colcon.colcon_core.event_handler.log_command:Invoked command in '/home/kousei/2DRoboPrac_ws/ros2_ws/build/key_event_msgs' returned '0': CMAKE_PREFIX_PATH=${CMAKE_PREFIX_PATH}:/opt/ros/humble /usr/bin/cmake --install /home/kousei/2DRoboPrac_ws/ros2_ws/build/key_event_msgs
[1.024s] Level 1:colcon.colcon_core.environment:checking '/home/kousei/2DRoboPrac_ws/ros2_ws/install/key_event_msgs' for CMake module files
[1.024s] Level 1:colcon.colcon_core.environment:checking '/home/kousei/2DRoboPrac_ws/ros2_ws/install/key_event_msgs' for CMake config files
[1.025s] Level 1:colcon.colcon_core.shell:create_environment_hook('key_event_msgs', 'cmake_prefix_path')
[1.032s] INFO:colcon.colcon_core.shell:Creating environment hook '/home/kousei/2DRoboPrac_ws/ros2_ws/install/key_event_msgs/share/key_event_msgs/hook/cmake_prefix_path.ps1'
[1.032s] INFO:colcon.colcon_core.shell:Creating environment descriptor '/home/kousei/2DRoboPrac_ws/ros2_ws/install/key_event_msgs/share/key_event_msgs/hook/cmake_prefix_path.dsv'
[1.032s] INFO:colcon.colcon_core.shell:Creating environment hook '/home/kousei/2DRoboPrac_ws/ros2_ws/install/key_event_msgs/share/key_event_msgs/hook/cmake_prefix_path.sh'
[1.032s] Level 1:colcon.colcon_core.environment:checking '/home/kousei/2DRoboPrac_ws/ros2_ws/install/key_event_msgs/lib'
[1.033s] Level 1:colcon.colcon_core.shell:create_environment_hook('key_event_msgs', 'ld_library_path_lib')
[1.040s] INFO:colcon.colcon_core.shell:Creating environment hook '/home/kousei/2DRoboPrac_ws/ros2_ws/install/key_event_msgs/share/key_event_msgs/hook/ld_library_path_lib.ps1'
[1.041s] INFO:colcon.colcon_core.shell:Creating environment descriptor '/home/kousei/2DRoboPrac_ws/ros2_ws/install/key_event_msgs/share/key_event_msgs/hook/ld_library_path_lib.dsv'
[1.041s] INFO:colcon.colcon_core.shell:Creating environment hook '/home/kousei/2DRoboPrac_ws/ros2_ws/install/key_event_msgs/share/key_event_msgs/hook/ld_library_path_lib.sh'
[1.041s] Level 1:colcon.colcon_core.environment:checking '/home/kousei/2DRoboPrac_ws/ros2_ws/install/key_event_msgs/bin'
[1.041s] Level 1:colcon.colcon_core.environment:checking '/home/kousei/2DRoboPrac_ws/ros2_ws/install/key_event_msgs/lib/pkgconfig/key_event_msgs.pc'
[1.041s] Level 1:colcon.colcon_core.environment:checking '/home/kousei/2DRoboPrac_ws/ros2_ws/install/key_event_msgs/lib/python3.10/site-packages'
[1.041s] Level 1:colcon.colcon_core.environment:checking '/home/kousei/2DRoboPrac_ws/ros2_ws/install/key_event_msgs/bin'
[1.049s] INFO:colcon.colcon_core.shell:Creating package script '/home/kousei/2DRoboPrac_ws/ros2_ws/install/key_event_msgs/share/key_event_msgs/package.ps1'
[1.049s] INFO:colcon.colcon_core.shell:Creating package descriptor '/home/kousei/2DRoboPrac_ws/ros2_ws/install/key_event_msgs/share/key_event_msgs/package.dsv'
[1.049s] INFO:colcon.colcon_core.shell:Creating package script '/home/kousei/2DRoboPrac_ws/ros2_ws/install/key_event_msgs/share/key_event_msgs/package.sh'
[1.050s] INFO:colcon.colcon_core.shell:Creating package script '/home/kousei/2DRoboPrac_ws/ros2_ws/install/key_event_msgs/share/key_event_msgs/package.bash'
[1.050s] INFO:colcon.colcon_core.shell:Creating package script '/home/kousei/2DRoboPrac_ws/ros2_ws/install/key_event_msgs/share/key_event_msgs/package.zsh'
[1.050s] Level 1:colcon.colcon_core.environment:create_file_with_runtime_dependencies(/home/kousei/2DRoboPrac_ws/ros2_ws/install/key_event_msgs/share/colcon-core/packages/key_event_msgs)
[1.088s] Level 1:colcon.colcon_core.environment:create_environment_scripts_only(key_event_msgs)
[1.095s] Level 1:colcon.colcon_core.environment:checking '/home/kousei/2DRoboPrac_ws/ros2_ws/install/key_event_msgs' for CMake module files
[1.095s] Level 1:colcon.colcon_core.environment:checking '/home/kousei/2DRoboPrac_ws/ros2_ws/install/key_event_msgs' for CMake config files
[1.095s] Level 1:colcon.colcon_core.shell:create_environment_hook('key_event_msgs', 'cmake_prefix_path')
[1.102s] INFO:colcon.colcon_core.shell:Creating environment hook '/home/kousei/2DRoboPrac_ws/ros2_ws/install/key_event_msgs/share/key_event_msgs/hook/cmake_prefix_path.ps1'
[1.102s] INFO:colcon.colcon_core.shell:Creating environment descriptor '/home/kousei/2DRoboPrac_ws/ros2_ws/install/key_event_msgs/share/key_event_msgs/hook/cmake_prefix_path.dsv'
[1.102s] INFO:colcon.colcon_core.shell:Creating environment hook '/home/kousei/2DRoboPrac_ws/ros2_ws/install/key_event_msgs/share/key_event_msgs/hook/cmake_prefix_path.sh'
[1.103s] Level 1:colcon.colcon_core.environment:checking '/home/kousei/2DRoboPrac_ws/ros2_ws/install/key_event_msgs/lib'
[1.103s] Level 1:colcon.colcon_core.shell:create_environment_hook('key_event_msgs', 'ld_library_path_lib')
[1.109s] INFO:colcon.colcon_core.shell:Creating environment hook '/home/kousei/2DRoboPrac_ws/ros2_ws/install/key_event_msgs/share/key_event_msgs/hook/ld_library_path_lib.ps1'
[1.109s] INFO:colcon.colcon_core.shell:Creating environment descriptor '/home/kousei/2DRoboPrac_ws/ros2_ws/install/key_event_msgs/share/key_event_msgs/hook/ld_library_path_lib.dsv'
[1.109s] INFO:colcon.colcon_core.shell:Creating environment hook '/home/kousei/2DRoboPrac_ws/ros2_ws/install/key_event_msgs/share/key_event_msgs/hook/ld_library_path_lib.sh'
[1.110s] Level 1:colcon.colcon_core.environment:checking '/home/kousei/2DRoboPrac_ws/ros2_ws/install/key_event_msgs/bin'
[1.110s] Level 1:colcon.colcon_core.environment:checking '/home/kousei/2DRoboPrac_ws/ros2_ws/install/key_event_msgs/lib/pkgconfig/key_event_msgs.pc'
[1.110s] Level 1:colcon.colcon_core.environment:checking '/home/kousei/2DRoboPrac_ws/ros2_ws/install/key_event_msgs/lib/python3.10/site-packages'
[1.110s] Level 1:colcon.colcon_core.environment:checking '/home/kousei/2DRoboPrac_ws/ros2_ws/install/key_event_msgs/bin'
[1.116s] INFO:colcon.colcon_core.shell:Creating package script '/home/kousei/2DRoboPrac_ws/ros2_ws/install/key_event_msgs/share/key_event_msgs/package.ps1'
[1.117s] INFO:colcon.colcon_core.shell:Creating package descriptor '/home/kousei/2DRoboPrac_ws/ros2_ws/install/key_event_msgs/share/key_event_msgs/package.dsv'
[1.117s] INFO:colcon.colcon_core.shell:Creating package script '/home/kousei/2DRoboPrac_ws/ros2_ws/install/key_event_msgs/share/key_event_msgs/package.sh'
[1.117s] INFO:colcon.colcon_core.shell:Creating package script '/home/kousei/2DRoboPrac_ws/ros2_ws/install/key_event_msgs/share/key_event_msgs/package.bash'
[1.117s] INFO:colcon.colcon_core.shell:Creating package script '/home/kousei/2DRoboPrac_ws/ros2_ws/install/key_event_msgs/share/key_event_msgs/package.zsh'
[1.117s] Level 1:colcon.colcon_core.environment:create_file_with_runtime_dependencies(/home/kousei/2DRoboPrac_ws/ros2_ws/install/key_event_msgs/share/colcon-core/packages/key_event_msgs)
[1.118s] INFO:colcon.colcon_ros.task.ament_cmake.build:Building ROS package in '/home/kousei/2DRoboPrac_ws/ros2_ws/src/key_event_nodes' with build type 'ament_cmake'
[1.118s] INFO:colcon.colcon_cmake.task.cmake.build:Building CMake package in '/home/kousei/2DRoboPrac_ws/ros2_ws/src/key_event_nodes'
[1.125s] INFO:colcon.colcon_core.shell:Skip shell extension 'powershell' for command environment: Not usable outside of PowerShell
[1.125s] DEBUG:colcon.colcon_core.shell:Skip shell extension 'dsv' for command environment
[1.151s] DEBUG:colcon.colcon_core.event_handler.log_command:Invoking command in '/home/kousei/2DRoboPrac_ws/ros2_ws/build/key_event_nodes': CMAKE_PREFIX_PATH=/home/kousei/2DRoboPrac_ws/ros2_ws/install/key_event_msgs:/home/kousei/2DRoboPrac_ws/ros2_ws/install/urdf_tutorial:/home/kousei/2DRoboPrac_ws/ros2_ws/install/rviz_test:/home/kousei/2DRoboPrac_ws/ros2_ws/install/nav_dev:/home/kousei/2DRoboPrac_ws/ros2_ws/install/ign_template:/home/kousei/2DRoboPrac_ws/ros2_ws/install/key_event_nodes:/home/kousei/2DRoboPrac_ws/install/urdf_tutorial:/home/kousei/2DRoboPrac_ws/install/rviz_test:/home/kousei/2DRoboPrac_ws/install/nav_dev:/home/kousei/2DRoboPrac_ws/install/ign_template:/home/kousei/2DRoboPrac_ws/install/key_event_nodes:/home/kousei/2DRoboPrac_ws/install/key_event_msgs:/opt/ros/humble LD_LIBRARY_PATH=/home/kousei/2DRoboPrac_ws/ros2_ws/install/key_event_msgs/lib:/home/kousei/2DRoboPrac_ws/ros2_ws/install/key_event_nodes/lib:/home/kousei/2DRoboPrac_ws/install/key_event_nodes/lib:/home/kousei/2DRoboPrac_ws/install/key_event_msgs/lib:/usr/lib/x86_64-linux-gnu/gazebo-11/plugins:/opt/ros/humble/opt/rviz_ogre_vendor/lib:/opt/ros/humble/lib/x86_64-linux-gnu:/opt/ros/humble/lib /usr/bin/cmake --build /home/kousei/2DRoboPrac_ws/ros2_ws/build/key_event_nodes -- -j16 -l16
[1.193s] DEBUG:colcon.colcon_core.event_handler.log_command:Invoked command in '/home/kousei/2DRoboPrac_ws/ros2_ws/build/key_event_nodes' returned '0': CMAKE_PREFIX_PATH=/home/kousei/2DRoboPrac_ws/ros2_ws/install/key_event_msgs:/home/kousei/2DRoboPrac_ws/ros2_ws/install/urdf_tutorial:/home/kousei/2DRoboPrac_ws/ros2_ws/install/rviz_test:/home/kousei/2DRoboPrac_ws/ros2_ws/install/nav_dev:/home/kousei/2DRoboPrac_ws/ros2_ws/install/ign_template:/home/kousei/2DRoboPrac_ws/ros2_ws/install/key_event_nodes:/home/kousei/2DRoboPrac_ws/install/urdf_tutorial:/home/kousei/2DRoboPrac_ws/install/rviz_test:/home/kousei/2DRoboPrac_ws/install/nav_dev:/home/kousei/2DRoboPrac_ws/install/ign_template:/home/kousei/2DRoboPrac_ws/install/key_event_nodes:/home/kousei/2DRoboPrac_ws/install/key_event_msgs:/opt/ros/humble LD_LIBRARY_PATH=/home/kousei/2DRoboPrac_ws/ros2_ws/install/key_event_msgs/lib:/home/kousei/2DRoboPrac_ws/ros2_ws/install/key_event_nodes/lib:/home/kousei/2DRoboPrac_ws/install/key_event_nodes/lib:/home/kousei/2DRoboPrac_ws/install/key_event_msgs/lib:/usr/lib/x86_64-linux-gnu/gazebo-11/plugins:/opt/ros/humble/opt/rviz_ogre_vendor/lib:/opt/ros/humble/lib/x86_64-linux-gnu:/opt/ros/humble/lib /usr/bin/cmake --build /home/kousei/2DRoboPrac_ws/ros2_ws/build/key_event_nodes -- -j16 -l16
[1.207s] DEBUG:colcon.colcon_core.event_handler.log_command:Invoking command in '/home/kousei/2DRoboPrac_ws/ros2_ws/build/key_event_nodes': CMAKE_PREFIX_PATH=/home/kousei/2DRoboPrac_ws/ros2_ws/install/key_event_msgs:/home/kousei/2DRoboPrac_ws/ros2_ws/install/urdf_tutorial:/home/kousei/2DRoboPrac_ws/ros2_ws/install/rviz_test:/home/kousei/2DRoboPrac_ws/ros2_ws/install/nav_dev:/home/kousei/2DRoboPrac_ws/ros2_ws/install/ign_template:/home/kousei/2DRoboPrac_ws/ros2_ws/install/key_event_nodes:/home/kousei/2DRoboPrac_ws/install/urdf_tutorial:/home/kousei/2DRoboPrac_ws/install/rviz_test:/home/kousei/2DRoboPrac_ws/install/nav_dev:/home/kousei/2DRoboPrac_ws/install/ign_template:/home/kousei/2DRoboPrac_ws/install/key_event_nodes:/home/kousei/2DRoboPrac_ws/install/key_event_msgs:/opt/ros/humble LD_LIBRARY_PATH=/home/kousei/2DRoboPrac_ws/ros2_ws/install/key_event_msgs/lib:/home/kousei/2DRoboPrac_ws/ros2_ws/install/key_event_nodes/lib:/home/kousei/2DRoboPrac_ws/install/key_event_nodes/lib:/home/kousei/2DRoboPrac_ws/install/key_event_msgs/lib:/usr/lib/x86_64-linux-gnu/gazebo-11/plugins:/opt/ros/humble/opt/rviz_ogre_vendor/lib:/opt/ros/humble/lib/x86_64-linux-gnu:/opt/ros/humble/lib /usr/bin/cmake --install /home/kousei/2DRoboPrac_ws/ros2_ws/build/key_event_nodes
[1.214s] Level 1:colcon.colcon_core.environment:create_environment_scripts_only(key_event_nodes)
[1.215s] DEBUG:colcon.colcon_core.event_handler.log_command:Invoked command in '/home/kousei/2DRoboPrac_ws/ros2_ws/build/key_event_nodes' returned '0': CMAKE_PREFIX_PATH=/home/kousei/2DRoboPrac_ws/ros2_ws/install/key_event_msgs:/home/kousei/2DRoboPrac_ws/ros2_ws/install/urdf_tutorial:/home/kousei/2DRoboPrac_ws/ros2_ws/install/rviz_test:/home/kousei/2DRoboPrac_ws/ros2_ws/install/nav_dev:/home/kousei/2DRoboPrac_ws/ros2_ws/install/ign_template:/home/kousei/2DRoboPrac_ws/ros2_ws/install/key_event_nodes:/home/kousei/2DRoboPrac_ws/install/urdf_tutorial:/home/kousei/2DRoboPrac_ws/install/rviz_test:/home/kousei/2DRoboPrac_ws/install/nav_dev:/home/kousei/2DRoboPrac_ws/install/ign_template:/home/kousei/2DRoboPrac_ws/install/key_event_nodes:/home/kousei/2DRoboPrac_ws/install/key_event_msgs:/opt/ros/humble LD_LIBRARY_PATH=/home/kousei/2DRoboPrac_ws/ros2_ws/install/key_event_msgs/lib:/home/kousei/2DRoboPrac_ws/ros2_ws/install/key_event_nodes/lib:/home/kousei/2DRoboPrac_ws/install/key_event_nodes/lib:/home/kousei/2DRoboPrac_ws/install/key_event_msgs/lib:/usr/lib/x86_64-linux-gnu/gazebo-11/plugins:/opt/ros/humble/opt/rviz_ogre_vendor/lib:/opt/ros/humble/lib/x86_64-linux-gnu:/opt/ros/humble/lib /usr/bin/cmake --install /home/kousei/2DRoboPrac_ws/ros2_ws/build/key_event_nodes
[1.224s] Level 1:colcon.colcon_core.environment:checking '/home/kousei/2DRoboPrac_ws/ros2_ws/install/key_event_nodes' for CMake module files
[1.224s] Level 1:colcon.colcon_core.environment:checking '/home/kousei/2DRoboPrac_ws/ros2_ws/install/key_event_nodes' for CMake config files
[1.224s] Level 1:colcon.colcon_core.shell:create_environment_hook('key_event_nodes', 'cmake_prefix_path')
[1.231s] INFO:colcon.colcon_core.shell:Creating environment hook '/home/kousei/2DRoboPrac_ws/ros2_ws/install/key_event_nodes/share/key_event_nodes/hook/cmake_prefix_path.ps1'
[1.231s] INFO:colcon.colcon_core.shell:Creating environment descriptor '/home/kousei/2DRoboPrac_ws/ros2_ws/install/key_event_nodes/share/key_event_nodes/hook/cmake_prefix_path.dsv'
[1.231s] INFO:colcon.colcon_core.shell:Creating environment hook '/home/kousei/2DRoboPrac_ws/ros2_ws/install/key_event_nodes/share/key_event_nodes/hook/cmake_prefix_path.sh'
[1.231s] Level 1:colcon.colcon_core.environment:checking '/home/kousei/2DRoboPrac_ws/ros2_ws/install/key_event_nodes/lib'
[1.231s] Level 1:colcon.colcon_core.shell:create_environment_hook('key_event_nodes', 'ld_library_path_lib')
[1.244s] INFO:colcon.colcon_core.shell:Creating environment hook '/home/kousei/2DRoboPrac_ws/ros2_ws/install/key_event_nodes/share/key_event_nodes/hook/ld_library_path_lib.ps1'
[1.244s] INFO:colcon.colcon_core.shell:Creating environment descriptor '/home/kousei/2DRoboPrac_ws/ros2_ws/install/key_event_nodes/share/key_event_nodes/hook/ld_library_path_lib.dsv'
[1.244s] INFO:colcon.colcon_core.shell:Creating environment hook '/home/kousei/2DRoboPrac_ws/ros2_ws/install/key_event_nodes/share/key_event_nodes/hook/ld_library_path_lib.sh'
[1.244s] Level 1:colcon.colcon_core.environment:checking '/home/kousei/2DRoboPrac_ws/ros2_ws/install/key_event_nodes/bin'
[1.244s] Level 1:colcon.colcon_core.environment:checking '/home/kousei/2DRoboPrac_ws/ros2_ws/install/key_event_nodes/lib/pkgconfig/key_event_nodes.pc'
[1.245s] Level 1:colcon.colcon_core.environment:checking '/home/kousei/2DRoboPrac_ws/ros2_ws/install/key_event_nodes/lib/python3.10/site-packages'
[1.245s] Level 1:colcon.colcon_core.environment:checking '/home/kousei/2DRoboPrac_ws/ros2_ws/install/key_event_nodes/bin'
[1.251s] INFO:colcon.colcon_core.shell:Creating package script '/home/kousei/2DRoboPrac_ws/ros2_ws/install/key_event_nodes/share/key_event_nodes/package.ps1'
[1.251s] INFO:colcon.colcon_core.shell:Creating package descriptor '/home/kousei/2DRoboPrac_ws/ros2_ws/install/key_event_nodes/share/key_event_nodes/package.dsv'
[1.252s] INFO:colcon.colcon_core.shell:Creating package script '/home/kousei/2DRoboPrac_ws/ros2_ws/install/key_event_nodes/share/key_event_nodes/package.sh'
[1.252s] INFO:colcon.colcon_core.shell:Creating package script '/home/kousei/2DRoboPrac_ws/ros2_ws/install/key_event_nodes/share/key_event_nodes/package.bash'
[1.252s] INFO:colcon.colcon_core.shell:Creating package script '/home/kousei/2DRoboPrac_ws/ros2_ws/install/key_event_nodes/share/key_event_nodes/package.zsh'
[1.252s] Level 1:colcon.colcon_core.environment:create_file_with_runtime_dependencies(/home/kousei/2DRoboPrac_ws/ros2_ws/install/key_event_nodes/share/colcon-core/packages/key_event_nodes)
[1.275s] Level 1:colcon.colcon_core.environment:create_environment_scripts_only(key_event_nodes)
[1.281s] Level 1:colcon.colcon_core.environment:checking '/home/kousei/2DRoboPrac_ws/ros2_ws/install/key_event_nodes' for CMake module files
[1.282s] Level 1:colcon.colcon_core.environment:checking '/home/kousei/2DRoboPrac_ws/ros2_ws/install/key_event_nodes' for CMake config files
[1.282s] Level 1:colcon.colcon_core.shell:create_environment_hook('key_event_nodes', 'cmake_prefix_path')
[1.288s] INFO:colcon.colcon_core.shell:Creating environment hook '/home/kousei/2DRoboPrac_ws/ros2_ws/install/key_event_nodes/share/key_event_nodes/hook/cmake_prefix_path.ps1'
[1.288s] INFO:colcon.colcon_core.shell:Creating environment descriptor '/home/kousei/2DRoboPrac_ws/ros2_ws/install/key_event_nodes/share/key_event_nodes/hook/cmake_prefix_path.dsv'
[1.289s] INFO:colcon.colcon_core.shell:Creating environment hook '/home/kousei/2DRoboPrac_ws/ros2_ws/install/key_event_nodes/share/key_event_nodes/hook/cmake_prefix_path.sh'
[1.289s] Level 1:colcon.colcon_core.environment:checking '/home/kousei/2DRoboPrac_ws/ros2_ws/install/key_event_nodes/lib'
[1.289s] Level 1:colcon.colcon_core.shell:create_environment_hook('key_event_nodes', 'ld_library_path_lib')
[1.295s] INFO:colcon.colcon_core.shell:Creating environment hook '/home/kousei/2DRoboPrac_ws/ros2_ws/install/key_event_nodes/share/key_event_nodes/hook/ld_library_path_lib.ps1'
[1.295s] INFO:colcon.colcon_core.shell:Creating environment descriptor '/home/kousei/2DRoboPrac_ws/ros2_ws/install/key_event_nodes/share/key_event_nodes/hook/ld_library_path_lib.dsv'
[1.296s] INFO:colcon.colcon_core.shell:Creating environment hook '/home/kousei/2DRoboPrac_ws/ros2_ws/install/key_event_nodes/share/key_event_nodes/hook/ld_library_path_lib.sh'
[1.296s] Level 1:colcon.colcon_core.environment:checking '/home/kousei/2DRoboPrac_ws/ros2_ws/install/key_event_nodes/bin'
[1.296s] Level 1:colcon.colcon_core.environment:checking '/home/kousei/2DRoboPrac_ws/ros2_ws/install/key_event_nodes/lib/pkgconfig/key_event_nodes.pc'
[1.296s] Level 1:colcon.colcon_core.environment:checking '/home/kousei/2DRoboPrac_ws/ros2_ws/install/key_event_nodes/lib/python3.10/site-packages'
[1.296s] Level 1:colcon.colcon_core.environment:checking '/home/kousei/2DRoboPrac_ws/ros2_ws/install/key_event_nodes/bin'
[1.302s] INFO:colcon.colcon_core.shell:Creating package script '/home/kousei/2DRoboPrac_ws/ros2_ws/install/key_event_nodes/share/key_event_nodes/package.ps1'
[1.303s] INFO:colcon.colcon_core.shell:Creating package descriptor '/home/kousei/2DRoboPrac_ws/ros2_ws/install/key_event_nodes/share/key_event_nodes/package.dsv'
[1.303s] INFO:colcon.colcon_core.shell:Creating package script '/home/kousei/2DRoboPrac_ws/ros2_ws/install/key_event_nodes/share/key_event_nodes/package.sh'
[1.303s] INFO:colcon.colcon_core.shell:Creating package script '/home/kousei/2DRoboPrac_ws/ros2_ws/install/key_event_nodes/share/key_event_nodes/package.bash'
[1.303s] INFO:colcon.colcon_core.shell:Creating package script '/home/kousei/2DRoboPrac_ws/ros2_ws/install/key_event_nodes/share/key_event_nodes/package.zsh'
[1.303s] Level 1:colcon.colcon_core.environment:create_file_with_runtime_dependencies(/home/kousei/2DRoboPrac_ws/ros2_ws/install/key_event_nodes/share/colcon-core/packages/key_event_nodes)
[1.304s] INFO:colcon.colcon_ros.task.ament_cmake.build:Building ROS package in '/home/kousei/2DRoboPrac_ws/ros2_ws/src/ign_template' with build type 'ament_cmake'
[1.304s] INFO:colcon.colcon_cmake.task.cmake.build:Building CMake package in '/home/kousei/2DRoboPrac_ws/ros2_ws/src/ign_template'
[1.311s] INFO:colcon.colcon_core.shell:Skip shell extension 'powershell' for command environment: Not usable outside of PowerShell
[1.311s] DEBUG:colcon.colcon_core.shell:Skip shell extension 'dsv' for command environment
[1.333s] INFO:colcon.colcon_ros.task.ament_cmake.build:Building ROS package in '/home/kousei/2DRoboPrac_ws/ros2_ws/src/rviz_test' with build type 'ament_cmake'
[1.333s] INFO:colcon.colcon_cmake.task.cmake.build:Building CMake package in '/home/kousei/2DRoboPrac_ws/ros2_ws/src/rviz_test'
[1.340s] INFO:colcon.colcon_core.shell:Skip shell extension 'powershell' for command environment: Not usable outside of PowerShell
[1.340s] DEBUG:colcon.colcon_core.shell:Skip shell extension 'dsv' for command environment
[1.365s] DEBUG:colcon.colcon_core.event_handler.log_command:Invoking command in '/home/kousei/2DRoboPrac_ws/ros2_ws/build/ign_template': CMAKE_PREFIX_PATH=/home/kousei/2DRoboPrac_ws/ros2_ws/install/key_event_nodes:/home/kousei/2DRoboPrac_ws/ros2_ws/install/key_event_msgs:/home/kousei/2DRoboPrac_ws/ros2_ws/install/urdf_tutorial:/home/kousei/2DRoboPrac_ws/ros2_ws/install/rviz_test:/home/kousei/2DRoboPrac_ws/ros2_ws/install/nav_dev:/home/kousei/2DRoboPrac_ws/ros2_ws/install/ign_template:/home/kousei/2DRoboPrac_ws/install/urdf_tutorial:/home/kousei/2DRoboPrac_ws/install/rviz_test:/home/kousei/2DRoboPrac_ws/install/nav_dev:/home/kousei/2DRoboPrac_ws/install/ign_template:/home/kousei/2DRoboPrac_ws/install/key_event_nodes:/home/kousei/2DRoboPrac_ws/install/key_event_msgs:/opt/ros/humble /usr/bin/cmake --build /home/kousei/2DRoboPrac_ws/ros2_ws/build/ign_template -- -j16 -l16
[1.370s] DEBUG:colcon.colcon_core.event_handler.log_command:Invoking command in '/home/kousei/2DRoboPrac_ws/ros2_ws/build/rviz_test': CMAKE_PREFIX_PATH=/home/kousei/2DRoboPrac_ws/ros2_ws/install/key_event_nodes:/home/kousei/2DRoboPrac_ws/ros2_ws/install/key_event_msgs:/home/kousei/2DRoboPrac_ws/ros2_ws/install/urdf_tutorial:/home/kousei/2DRoboPrac_ws/ros2_ws/install/rviz_test:/home/kousei/2DRoboPrac_ws/ros2_ws/install/nav_dev:/home/kousei/2DRoboPrac_ws/ros2_ws/install/ign_template:/home/kousei/2DRoboPrac_ws/install/urdf_tutorial:/home/kousei/2DRoboPrac_ws/install/rviz_test:/home/kousei/2DRoboPrac_ws/install/nav_dev:/home/kousei/2DRoboPrac_ws/install/ign_template:/home/kousei/2DRoboPrac_ws/install/key_event_nodes:/home/kousei/2DRoboPrac_ws/install/key_event_msgs:/opt/ros/humble /usr/bin/cmake --build /home/kousei/2DRoboPrac_ws/ros2_ws/build/rviz_test -- -j16 -l16
[1.393s] DEBUG:colcon.colcon_core.event_handler.log_command:Invoked command in '/home/kousei/2DRoboPrac_ws/ros2_ws/build/rviz_test' returned '0': CMAKE_PREFIX_PATH=/home/kousei/2DRoboPrac_ws/ros2_ws/install/key_event_nodes:/home/kousei/2DRoboPrac_ws/ros2_ws/install/key_event_msgs:/home/kousei/2DRoboPrac_ws/ros2_ws/install/urdf_tutorial:/home/kousei/2DRoboPrac_ws/ros2_ws/install/rviz_test:/home/kousei/2DRoboPrac_ws/ros2_ws/install/nav_dev:/home/kousei/2DRoboPrac_ws/ros2_ws/install/ign_template:/home/kousei/2DRoboPrac_ws/install/urdf_tutorial:/home/kousei/2DRoboPrac_ws/install/rviz_test:/home/kousei/2DRoboPrac_ws/install/nav_dev:/home/kousei/2DRoboPrac_ws/install/ign_template:/home/kousei/2DRoboPrac_ws/install/key_event_nodes:/home/kousei/2DRoboPrac_ws/install/key_event_msgs:/opt/ros/humble /usr/bin/cmake --build /home/kousei/2DRoboPrac_ws/ros2_ws/build/rviz_test -- -j16 -l16
[1.405s] DEBUG:colcon.colcon_core.event_handler.log_command:Invoked command in '/home/kousei/2DRoboPrac_ws/ros2_ws/build/ign_template' returned '0': CMAKE_PREFIX_PATH=/home/kousei/2DRoboPrac_ws/ros2_ws/install/key_event_nodes:/home/kousei/2DRoboPrac_ws/ros2_ws/install/key_event_msgs:/home/kousei/2DRoboPrac_ws/ros2_ws/install/urdf_tutorial:/home/kousei/2DRoboPrac_ws/ros2_ws/install/rviz_test:/home/kousei/2DRoboPrac_ws/ros2_ws/install/nav_dev:/home/kousei/2DRoboPrac_ws/ros2_ws/install/ign_template:/home/kousei/2DRoboPrac_ws/install/urdf_tutorial:/home/kousei/2DRoboPrac_ws/install/rviz_test:/home/kousei/2DRoboPrac_ws/install/nav_dev:/home/kousei/2DRoboPrac_ws/install/ign_template:/home/kousei/2DRoboPrac_ws/install/key_event_nodes:/home/kousei/2DRoboPrac_ws/install/key_event_msgs:/opt/ros/humble /usr/bin/cmake --build /home/kousei/2DRoboPrac_ws/ros2_ws/build/ign_template -- -j16 -l16
[1.408s] DEBUG:colcon.colcon_core.event_handler.log_command:Invoking command in '/home/kousei/2DRoboPrac_ws/ros2_ws/build/rviz_test': CMAKE_PREFIX_PATH=/home/kousei/2DRoboPrac_ws/ros2_ws/install/key_event_nodes:/home/kousei/2DRoboPrac_ws/ros2_ws/install/key_event_msgs:/home/kousei/2DRoboPrac_ws/ros2_ws/install/urdf_tutorial:/home/kousei/2DRoboPrac_ws/ros2_ws/install/rviz_test:/home/kousei/2DRoboPrac_ws/ros2_ws/install/nav_dev:/home/kousei/2DRoboPrac_ws/ros2_ws/install/ign_template:/home/kousei/2DRoboPrac_ws/install/urdf_tutorial:/home/kousei/2DRoboPrac_ws/install/rviz_test:/home/kousei/2DRoboPrac_ws/install/nav_dev:/home/kousei/2DRoboPrac_ws/install/ign_template:/home/kousei/2DRoboPrac_ws/install/key_event_nodes:/home/kousei/2DRoboPrac_ws/install/key_event_msgs:/opt/ros/humble /usr/bin/cmake --install /home/kousei/2DRoboPrac_ws/ros2_ws/build/rviz_test
[1.414s] Level 1:colcon.colcon_core.environment:create_environment_scripts_only(rviz_test)
[1.416s] DEBUG:colcon.colcon_core.event_handler.log_command:Invoked command in '/home/kousei/2DRoboPrac_ws/ros2_ws/build/rviz_test' returned '0': CMAKE_PREFIX_PATH=/home/kousei/2DRoboPrac_ws/ros2_ws/install/key_event_nodes:/home/kousei/2DRoboPrac_ws/ros2_ws/install/key_event_msgs:/home/kousei/2DRoboPrac_ws/ros2_ws/install/urdf_tutorial:/home/kousei/2DRoboPrac_ws/ros2_ws/install/rviz_test:/home/kousei/2DRoboPrac_ws/ros2_ws/install/nav_dev:/home/kousei/2DRoboPrac_ws/ros2_ws/install/ign_template:/home/kousei/2DRoboPrac_ws/install/urdf_tutorial:/home/kousei/2DRoboPrac_ws/install/rviz_test:/home/kousei/2DRoboPrac_ws/install/nav_dev:/home/kousei/2DRoboPrac_ws/install/ign_template:/home/kousei/2DRoboPrac_ws/install/key_event_nodes:/home/kousei/2DRoboPrac_ws/install/key_event_msgs:/opt/ros/humble /usr/bin/cmake --install /home/kousei/2DRoboPrac_ws/ros2_ws/build/rviz_test
[1.423s] Level 1:colcon.colcon_core.environment:checking '/home/kousei/2DRoboPrac_ws/ros2_ws/install/rviz_test' for CMake module files
[1.423s] Level 1:colcon.colcon_core.environment:checking '/home/kousei/2DRoboPrac_ws/ros2_ws/install/rviz_test' for CMake config files
[1.423s] Level 1:colcon.colcon_core.shell:create_environment_hook('rviz_test', 'cmake_prefix_path')
[1.430s] INFO:colcon.colcon_core.shell:Creating environment hook '/home/kousei/2DRoboPrac_ws/ros2_ws/install/rviz_test/share/rviz_test/hook/cmake_prefix_path.ps1'
[1.430s] INFO:colcon.colcon_core.shell:Creating environment descriptor '/home/kousei/2DRoboPrac_ws/ros2_ws/install/rviz_test/share/rviz_test/hook/cmake_prefix_path.dsv'
[1.431s] INFO:colcon.colcon_core.shell:Creating environment hook '/home/kousei/2DRoboPrac_ws/ros2_ws/install/rviz_test/share/rviz_test/hook/cmake_prefix_path.sh'
[1.431s] Level 1:colcon.colcon_core.environment:checking '/home/kousei/2DRoboPrac_ws/ros2_ws/install/rviz_test/bin'
[1.431s] Level 1:colcon.colcon_core.environment:checking '/home/kousei/2DRoboPrac_ws/ros2_ws/install/rviz_test/lib/pkgconfig/rviz_test.pc'
[1.431s] Level 1:colcon.colcon_core.environment:checking '/home/kousei/2DRoboPrac_ws/ros2_ws/install/rviz_test/lib/python3.10/site-packages'
[1.431s] Level 1:colcon.colcon_core.environment:checking '/home/kousei/2DRoboPrac_ws/ros2_ws/install/rviz_test/bin'
[1.438s] INFO:colcon.colcon_core.shell:Creating package script '/home/kousei/2DRoboPrac_ws/ros2_ws/install/rviz_test/share/rviz_test/package.ps1'
[1.438s] INFO:colcon.colcon_core.shell:Creating package descriptor '/home/kousei/2DRoboPrac_ws/ros2_ws/install/rviz_test/share/rviz_test/package.dsv'
[1.439s] INFO:colcon.colcon_core.shell:Creating package script '/home/kousei/2DRoboPrac_ws/ros2_ws/install/rviz_test/share/rviz_test/package.sh'
[1.439s] INFO:colcon.colcon_core.shell:Creating package script '/home/kousei/2DRoboPrac_ws/ros2_ws/install/rviz_test/share/rviz_test/package.bash'
[1.439s] INFO:colcon.colcon_core.shell:Creating package script '/home/kousei/2DRoboPrac_ws/ros2_ws/install/rviz_test/share/rviz_test/package.zsh'
[1.439s] Level 1:colcon.colcon_core.environment:create_file_with_runtime_dependencies(/home/kousei/2DRoboPrac_ws/ros2_ws/install/rviz_test/share/colcon-core/packages/rviz_test)
[1.441s] DEBUG:colcon.colcon_core.event_handler.log_command:Invoking command in '/home/kousei/2DRoboPrac_ws/ros2_ws/build/ign_template': CMAKE_PREFIX_PATH=/home/kousei/2DRoboPrac_ws/ros2_ws/install/key_event_nodes:/home/kousei/2DRoboPrac_ws/ros2_ws/install/key_event_msgs:/home/kousei/2DRoboPrac_ws/ros2_ws/install/urdf_tutorial:/home/kousei/2DRoboPrac_ws/ros2_ws/install/rviz_test:/home/kousei/2DRoboPrac_ws/ros2_ws/install/nav_dev:/home/kousei/2DRoboPrac_ws/ros2_ws/install/ign_template:/home/kousei/2DRoboPrac_ws/install/urdf_tutorial:/home/kousei/2DRoboPrac_ws/install/rviz_test:/home/kousei/2DRoboPrac_ws/install/nav_dev:/home/kousei/2DRoboPrac_ws/install/ign_template:/home/kousei/2DRoboPrac_ws/install/key_event_nodes:/home/kousei/2DRoboPrac_ws/install/key_event_msgs:/opt/ros/humble /usr/bin/cmake --install /home/kousei/2DRoboPrac_ws/ros2_ws/build/ign_template
[1.447s] Level 1:colcon.colcon_core.environment:create_environment_scripts_only(ign_template)
[1.449s] DEBUG:colcon.colcon_core.event_handler.log_command:Invoked command in '/home/kousei/2DRoboPrac_ws/ros2_ws/build/ign_template' returned '0': CMAKE_PREFIX_PATH=/home/kousei/2DRoboPrac_ws/ros2_ws/install/key_event_nodes:/home/kousei/2DRoboPrac_ws/ros2_ws/install/key_event_msgs:/home/kousei/2DRoboPrac_ws/ros2_ws/install/urdf_tutorial:/home/kousei/2DRoboPrac_ws/ros2_ws/install/rviz_test:/home/kousei/2DRoboPrac_ws/ros2_ws/install/nav_dev:/home/kousei/2DRoboPrac_ws/ros2_ws/install/ign_template:/home/kousei/2DRoboPrac_ws/install/urdf_tutorial:/home/kousei/2DRoboPrac_ws/install/rviz_test:/home/kousei/2DRoboPrac_ws/install/nav_dev:/home/kousei/2DRoboPrac_ws/install/ign_template:/home/kousei/2DRoboPrac_ws/install/key_event_nodes:/home/kousei/2DRoboPrac_ws/install/key_event_msgs:/opt/ros/humble /usr/bin/cmake --install /home/kousei/2DRoboPrac_ws/ros2_ws/build/ign_template
[1.457s] Level 1:colcon.colcon_core.environment:checking '/home/kousei/2DRoboPrac_ws/ros2_ws/install/ign_template' for CMake module files
[1.458s] Level 1:colcon.colcon_core.environment:checking '/home/kousei/2DRoboPrac_ws/ros2_ws/install/ign_template' for CMake config files
[1.458s] Level 1:colcon.colcon_core.shell:create_environment_hook('ign_template', 'cmake_prefix_path')
[1.464s] INFO:colcon.colcon_core.shell:Creating environment hook '/home/kousei/2DRoboPrac_ws/ros2_ws/install/ign_template/share/ign_template/hook/cmake_prefix_path.ps1'
[1.465s] INFO:colcon.colcon_core.shell:Creating environment descriptor '/home/kousei/2DRoboPrac_ws/ros2_ws/install/ign_template/share/ign_template/hook/cmake_prefix_path.dsv'
[1.465s] INFO:colcon.colcon_core.shell:Creating environment hook '/home/kousei/2DRoboPrac_ws/ros2_ws/install/ign_template/share/ign_template/hook/cmake_prefix_path.sh'
[1.465s] Level 1:colcon.colcon_core.environment:checking '/home/kousei/2DRoboPrac_ws/ros2_ws/install/ign_template/lib'
[1.465s] Level 1:colcon.colcon_core.environment:checking '/home/kousei/2DRoboPrac_ws/ros2_ws/install/ign_template/bin'
[1.465s] Level 1:colcon.colcon_core.environment:checking '/home/kousei/2DRoboPrac_ws/ros2_ws/install/ign_template/lib/pkgconfig/ign_template.pc'
[1.465s] Level 1:colcon.colcon_core.environment:checking '/home/kousei/2DRoboPrac_ws/ros2_ws/install/ign_template/lib/python3.10/site-packages'
[1.465s] Level 1:colcon.colcon_core.environment:checking '/home/kousei/2DRoboPrac_ws/ros2_ws/install/ign_template/bin'
[1.472s] INFO:colcon.colcon_core.shell:Creating package script '/home/kousei/2DRoboPrac_ws/ros2_ws/install/ign_template/share/ign_template/package.ps1'
[1.472s] INFO:colcon.colcon_core.shell:Creating package descriptor '/home/kousei/2DRoboPrac_ws/ros2_ws/install/ign_template/share/ign_template/package.dsv'
[1.472s] INFO:colcon.colcon_core.shell:Creating package script '/home/kousei/2DRoboPrac_ws/ros2_ws/install/ign_template/share/ign_template/package.sh'
[1.472s] INFO:colcon.colcon_core.shell:Creating package script '/home/kousei/2DRoboPrac_ws/ros2_ws/install/ign_template/share/ign_template/package.bash'
[1.473s] INFO:colcon.colcon_core.shell:Creating package script '/home/kousei/2DRoboPrac_ws/ros2_ws/install/ign_template/share/ign_template/package.zsh'
[1.473s] Level 1:colcon.colcon_core.environment:create_file_with_runtime_dependencies(/home/kousei/2DRoboPrac_ws/ros2_ws/install/ign_template/share/colcon-core/packages/ign_template)
[1.481s] Level 1:colcon.colcon_core.environment:create_environment_scripts_only(rviz_test)
[1.489s] Level 1:colcon.colcon_core.environment:checking '/home/kousei/2DRoboPrac_ws/ros2_ws/install/rviz_test' for CMake module files
[1.489s] Level 1:colcon.colcon_core.environment:checking '/home/kousei/2DRoboPrac_ws/ros2_ws/install/rviz_test' for CMake config files
[1.489s] Level 1:colcon.colcon_core.shell:create_environment_hook('rviz_test', 'cmake_prefix_path')
[1.496s] INFO:colcon.colcon_core.shell:Creating environment hook '/home/kousei/2DRoboPrac_ws/ros2_ws/install/rviz_test/share/rviz_test/hook/cmake_prefix_path.ps1'
[1.497s] INFO:colcon.colcon_core.shell:Creating environment descriptor '/home/kousei/2DRoboPrac_ws/ros2_ws/install/rviz_test/share/rviz_test/hook/cmake_prefix_path.dsv'
[1.497s] INFO:colcon.colcon_core.shell:Creating environment hook '/home/kousei/2DRoboPrac_ws/ros2_ws/install/rviz_test/share/rviz_test/hook/cmake_prefix_path.sh'
[1.497s] Level 1:colcon.colcon_core.environment:checking '/home/kousei/2DRoboPrac_ws/ros2_ws/install/rviz_test/bin'
[1.497s] Level 1:colcon.colcon_core.environment:checking '/home/kousei/2DRoboPrac_ws/ros2_ws/install/rviz_test/lib/pkgconfig/rviz_test.pc'
[1.497s] Level 1:colcon.colcon_core.environment:checking '/home/kousei/2DRoboPrac_ws/ros2_ws/install/rviz_test/lib/python3.10/site-packages'
[1.497s] Level 1:colcon.colcon_core.environment:checking '/home/kousei/2DRoboPrac_ws/ros2_ws/install/rviz_test/bin'
[1.504s] INFO:colcon.colcon_core.shell:Creating package script '/home/kousei/2DRoboPrac_ws/ros2_ws/install/rviz_test/share/rviz_test/package.ps1'
[1.504s] INFO:colcon.colcon_core.shell:Creating package descriptor '/home/kousei/2DRoboPrac_ws/ros2_ws/install/rviz_test/share/rviz_test/package.dsv'
[1.504s] INFO:colcon.colcon_core.shell:Creating package script '/home/kousei/2DRoboPrac_ws/ros2_ws/install/rviz_test/share/rviz_test/package.sh'
[1.504s] INFO:colcon.colcon_core.shell:Creating package script '/home/kousei/2DRoboPrac_ws/ros2_ws/install/rviz_test/share/rviz_test/package.bash'
[1.505s] INFO:colcon.colcon_core.shell:Creating package script '/home/kousei/2DRoboPrac_ws/ros2_ws/install/rviz_test/share/rviz_test/package.zsh'
[1.505s] Level 1:colcon.colcon_core.environment:create_file_with_runtime_dependencies(/home/kousei/2DRoboPrac_ws/ros2_ws/install/rviz_test/share/colcon-core/packages/rviz_test)
[1.512s] Level 1:colcon.colcon_core.environment:create_environment_scripts_only(ign_template)
[1.519s] Level 1:colcon.colcon_core.environment:checking '/home/kousei/2DRoboPrac_ws/ros2_ws/install/ign_template' for CMake module files
[1.519s] Level 1:colcon.colcon_core.environment:checking '/home/kousei/2DRoboPrac_ws/ros2_ws/install/ign_template' for CMake config files
[1.519s] Level 1:colcon.colcon_core.shell:create_environment_hook('ign_template', 'cmake_prefix_path')
[1.526s] INFO:colcon.colcon_core.shell:Creating environment hook '/home/kousei/2DRoboPrac_ws/ros2_ws/install/ign_template/share/ign_template/hook/cmake_prefix_path.ps1'
[1.526s] INFO:colcon.colcon_core.shell:Creating environment descriptor '/home/kousei/2DRoboPrac_ws/ros2_ws/install/ign_template/share/ign_template/hook/cmake_prefix_path.dsv'
[1.526s] INFO:colcon.colcon_core.shell:Creating environment hook '/home/kousei/2DRoboPrac_ws/ros2_ws/install/ign_template/share/ign_template/hook/cmake_prefix_path.sh'
[1.526s] Level 1:colcon.colcon_core.environment:checking '/home/kousei/2DRoboPrac_ws/ros2_ws/install/ign_template/lib'
[1.526s] Level 1:colcon.colcon_core.environment:checking '/home/kousei/2DRoboPrac_ws/ros2_ws/install/ign_template/bin'
[1.526s] Level 1:colcon.colcon_core.environment:checking '/home/kousei/2DRoboPrac_ws/ros2_ws/install/ign_template/lib/pkgconfig/ign_template.pc'
[1.527s] Level 1:colcon.colcon_core.environment:checking '/home/kousei/2DRoboPrac_ws/ros2_ws/install/ign_template/lib/python3.10/site-packages'
[1.527s] Level 1:colcon.colcon_core.environment:checking '/home/kousei/2DRoboPrac_ws/ros2_ws/install/ign_template/bin'
[1.533s] INFO:colcon.colcon_core.shell:Creating package script '/home/kousei/2DRoboPrac_ws/ros2_ws/install/ign_template/share/ign_template/package.ps1'
[1.533s] INFO:colcon.colcon_core.shell:Creating package descriptor '/home/kousei/2DRoboPrac_ws/ros2_ws/install/ign_template/share/ign_template/package.dsv'
[1.534s] INFO:colcon.colcon_core.shell:Creating package script '/home/kousei/2DRoboPrac_ws/ros2_ws/install/ign_template/share/ign_template/package.sh'
[1.534s] INFO:colcon.colcon_core.shell:Creating package script '/home/kousei/2DRoboPrac_ws/ros2_ws/install/ign_template/share/ign_template/package.bash'
[1.534s] INFO:colcon.colcon_core.shell:Creating package script '/home/kousei/2DRoboPrac_ws/ros2_ws/install/ign_template/share/ign_template/package.zsh'
[1.534s] Level 1:colcon.colcon_core.environment:create_file_with_runtime_dependencies(/home/kousei/2DRoboPrac_ws/ros2_ws/install/ign_template/share/colcon-core/packages/ign_template)
[1.534s] DEBUG:colcon.colcon_parallel_executor.executor.parallel:closing loop
[1.534s] DEBUG:colcon.colcon_parallel_executor.executor.parallel:loop closed
[1.534s] DEBUG:colcon.colcon_parallel_executor.executor.parallel:run_until_complete finished with '0'
[1.534s] DEBUG:colcon.colcon_core.event_reactor:joining thread
[1.547s] INFO:colcon.colcon_core.plugin_system:Skipping extension 'colcon_notification.desktop_notification.terminal_notifier': Not used on non-Darwin systems
[1.547s] INFO:colcon.colcon_core.plugin_system:Skipping extension 'colcon_notification.desktop_notification.win32': Not used on non-Windows systems
[1.547s] INFO:colcon.colcon_notification.desktop_notification:Sending desktop notification using 'notify2'
[1.558s] DEBUG:colcon.colcon_core.event_reactor:joined thread
[1.565s] INFO:colcon.colcon_core.shell:Creating prefix script '/home/kousei/2DRoboPrac_ws/ros2_ws/install/local_setup.ps1'
[1.565s] INFO:colcon.colcon_core.shell:Creating prefix util module '/home/kousei/2DRoboPrac_ws/ros2_ws/install/_local_setup_util_ps1.py'
[1.566s] INFO:colcon.colcon_core.shell:Creating prefix chain script '/home/kousei/2DRoboPrac_ws/ros2_ws/install/setup.ps1'
[1.573s] INFO:colcon.colcon_core.shell:Creating prefix script '/home/kousei/2DRoboPrac_ws/ros2_ws/install/local_setup.sh'
[1.573s] INFO:colcon.colcon_core.shell:Creating prefix util module '/home/kousei/2DRoboPrac_ws/ros2_ws/install/_local_setup_util_sh.py'
[1.573s] INFO:colcon.colcon_core.shell:Creating prefix chain script '/home/kousei/2DRoboPrac_ws/ros2_ws/install/setup.sh'
[1.580s] INFO:colcon.colcon_core.shell:Creating prefix script '/home/kousei/2DRoboPrac_ws/ros2_ws/install/local_setup.bash'
[1.580s] INFO:colcon.colcon_core.shell:Creating prefix chain script '/home/kousei/2DRoboPrac_ws/ros2_ws/install/setup.bash'
[1.587s] INFO:colcon.colcon_core.shell:Creating prefix script '/home/kousei/2DRoboPrac_ws/ros2_ws/install/local_setup.zsh'
[1.587s] INFO:colcon.colcon_core.shell:Creating prefix chain script '/home/kousei/2DRoboPrac_ws/ros2_ws/install/setup.zsh'
