[0.484s] DEBUG:colcon:Command line arguments: ['/usr/bin/colcon', 'build']
[0.484s] DEBUG:colcon:Parsed command line arguments: Namespace(log_base=None, log_level=None, verb_name='build', build_base='build', install_base='install', merge_install=False, symlink_install=False, test_result_base=None, continue_on_error=False, executor='parallel', parallel_workers=16, event_handlers=None, ignore_user_meta=False, metas=['./colcon.meta'], base_paths=['.'], packages_ignore=None, packages_ignore_regex=None, paths=None, packages_up_to=None, packages_up_to_regex=None, packages_above=None, packages_above_and_dependencies=None, packages_above_depth=None, packages_select_by_dep=None, packages_skip_by_dep=None, packages_skip_up_to=None, packages_select_build_failed=False, packages_skip_build_finished=False, packages_select_test_failures=False, packages_skip_test_passed=False, packages_select=None, packages_skip=None, packages_select_regex=None, packages_skip_regex=None, packages_start=None, packages_end=None, allow_overriding=[], cmake_args=None, cmake_target=None, cmake_target_skip_unavailable=False, cmake_clean_cache=False, cmake_clean_first=False, cmake_force_configure=False, ament_cmake_args=None, catkin_cmake_args=None, catkin_skip_building_tests=False, verb_parser=<colcon_defaults.argument_parser.defaults.DefaultArgumentsDecorator object at 0x7f5be08ab430>, verb_extension=<colcon_core.verb.build.BuildVerb object at 0x7f5be0cbbeb0>, main=<bound method BuildVerb.main of <colcon_core.verb.build.BuildVerb object at 0x7f5be0cbbeb0>>)
[0.508s] Level 1:colcon.colcon_core.package_discovery:discover_packages(colcon_meta) check parameters
[0.508s] Level 1:colcon.colcon_core.package_discovery:discover_packages(recursive) check parameters
[0.508s] Level 1:colcon.colcon_core.package_discovery:discover_packages(ignore) check parameters
[0.508s] Level 1:colcon.colcon_core.package_discovery:discover_packages(path) check parameters
[0.508s] Level 1:colcon.colcon_core.package_discovery:discover_packages(colcon_meta) discover
[0.508s] Level 1:colcon.colcon_core.package_discovery:discover_packages(recursive) discover
[0.508s] INFO:colcon.colcon_core.package_discovery:Crawling recursively for packages in '/home/kousei/2DRoboPrac_ws/ros2_ws'
[0.508s] Level 1:colcon.colcon_core.package_identification:_identify(.) by extensions ['ignore', 'ignore_ament_install']
[0.508s] Level 1:colcon.colcon_core.package_identification:_identify(.) by extension 'ignore'
[0.508s] Level 1:colcon.colcon_core.package_identification:_identify(.) by extension 'ignore_ament_install'
[0.508s] Level 1:colcon.colcon_core.package_identification:_identify(.) by extensions ['colcon_pkg']
[0.508s] Level 1:colcon.colcon_core.package_identification:_identify(.) by extension 'colcon_pkg'
[0.508s] Level 1:colcon.colcon_core.package_identification:_identify(.) by extensions ['colcon_meta']
[0.508s] Level 1:colcon.colcon_core.package_identification:_identify(.) by extension 'colcon_meta'
[0.508s] Level 1:colcon.colcon_core.package_identification:_identify(.) by extensions ['ros']
[0.508s] Level 1:colcon.colcon_core.package_identification:_identify(.) by extension 'ros'
[0.515s] Level 1:colcon.colcon_core.package_identification:_identify(.) by extensions ['cmake', 'python']
[0.515s] Level 1:colcon.colcon_core.package_identification:_identify(.) by extension 'cmake'
[0.515s] Level 1:colcon.colcon_core.package_identification:_identify(.) by extension 'python'
[0.515s] Level 1:colcon.colcon_core.package_identification:_identify(.) by extensions ['python_setup_py']
[0.515s] Level 1:colcon.colcon_core.package_identification:_identify(.) by extension 'python_setup_py'
[0.515s] Level 1:colcon.colcon_core.package_identification:_identify(build) by extensions ['ignore', 'ignore_ament_install']
[0.516s] Level 1:colcon.colcon_core.package_identification:_identify(build) by extension 'ignore'
[0.516s] Level 1:colcon.colcon_core.package_identification:_identify(build) ignored
[0.516s] Level 1:colcon.colcon_core.package_identification:_identify(install) by extensions ['ignore', 'ignore_ament_install']
[0.516s] Level 1:colcon.colcon_core.package_identification:_identify(install) by extension 'ignore'
[0.516s] Level 1:colcon.colcon_core.package_identification:_identify(install) ignored
[0.516s] Level 1:colcon.colcon_core.package_identification:_identify(log) by extensions ['ignore', 'ignore_ament_install']
[0.516s] Level 1:colcon.colcon_core.package_identification:_identify(log) by extension 'ignore'
[0.516s] Level 1:colcon.colcon_core.package_identification:_identify(log) ignored
[0.516s] Level 1:colcon.colcon_core.package_identification:_identify(src) by extensions ['ignore', 'ignore_ament_install']
[0.516s] Level 1:colcon.colcon_core.package_identification:_identify(src) by extension 'ignore'
[0.516s] Level 1:colcon.colcon_core.package_identification:_identify(src) by extension 'ignore_ament_install'
[0.516s] Level 1:colcon.colcon_core.package_identification:_identify(src) by extensions ['colcon_pkg']
[0.516s] Level 1:colcon.colcon_core.package_identification:_identify(src) by extension 'colcon_pkg'
[0.516s] Level 1:colcon.colcon_core.package_identification:_identify(src) by extensions ['colcon_meta']
[0.516s] Level 1:colcon.colcon_core.package_identification:_identify(src) by extension 'colcon_meta'
[0.516s] Level 1:colcon.colcon_core.package_identification:_identify(src) by extensions ['ros']
[0.516s] Level 1:colcon.colcon_core.package_identification:_identify(src) by extension 'ros'
[0.516s] Level 1:colcon.colcon_core.package_identification:_identify(src) by extensions ['cmake', 'python']
[0.516s] Level 1:colcon.colcon_core.package_identification:_identify(src) by extension 'cmake'
[0.516s] Level 1:colcon.colcon_core.package_identification:_identify(src) by extension 'python'
[0.516s] Level 1:colcon.colcon_core.package_identification:_identify(src) by extensions ['python_setup_py']
[0.516s] Level 1:colcon.colcon_core.package_identification:_identify(src) by extension 'python_setup_py'
[0.516s] Level 1:colcon.colcon_core.package_identification:_identify(src/drive_msgs) by extensions ['ignore', 'ignore_ament_install']
[0.516s] Level 1:colcon.colcon_core.package_identification:_identify(src/drive_msgs) by extension 'ignore'
[0.516s] Level 1:colcon.colcon_core.package_identification:_identify(src/drive_msgs) by extension 'ignore_ament_install'
[0.516s] Level 1:colcon.colcon_core.package_identification:_identify(src/drive_msgs) by extensions ['colcon_pkg']
[0.516s] Level 1:colcon.colcon_core.package_identification:_identify(src/drive_msgs) by extension 'colcon_pkg'
[0.516s] Level 1:colcon.colcon_core.package_identification:_identify(src/drive_msgs) by extensions ['colcon_meta']
[0.516s] Level 1:colcon.colcon_core.package_identification:_identify(src/drive_msgs) by extension 'colcon_meta'
[0.516s] Level 1:colcon.colcon_core.package_identification:_identify(src/drive_msgs) by extensions ['ros']
[0.517s] Level 1:colcon.colcon_core.package_identification:_identify(src/drive_msgs) by extension 'ros'
[0.518s] DEBUG:colcon.colcon_core.package_identification:Package 'src/drive_msgs' with type 'ros.ament_cmake' and name 'drive_msgs'
[0.518s] Level 1:colcon.colcon_core.package_identification:_identify(src/key_event_msgs) by extensions ['ignore', 'ignore_ament_install']
[0.518s] Level 1:colcon.colcon_core.package_identification:_identify(src/key_event_msgs) by extension 'ignore'
[0.518s] Level 1:colcon.colcon_core.package_identification:_identify(src/key_event_msgs) by extension 'ignore_ament_install'
[0.518s] Level 1:colcon.colcon_core.package_identification:_identify(src/key_event_msgs) by extensions ['colcon_pkg']
[0.518s] Level 1:colcon.colcon_core.package_identification:_identify(src/key_event_msgs) by extension 'colcon_pkg'
[0.518s] Level 1:colcon.colcon_core.package_identification:_identify(src/key_event_msgs) by extensions ['colcon_meta']
[0.518s] Level 1:colcon.colcon_core.package_identification:_identify(src/key_event_msgs) by extension 'colcon_meta'
[0.518s] Level 1:colcon.colcon_core.package_identification:_identify(src/key_event_msgs) by extensions ['ros']
[0.518s] Level 1:colcon.colcon_core.package_identification:_identify(src/key_event_msgs) by extension 'ros'
[0.519s] DEBUG:colcon.colcon_core.package_identification:Package 'src/key_event_msgs' with type 'ros.ament_cmake' and name 'key_event_msgs'
[0.519s] Level 1:colcon.colcon_core.package_identification:_identify(src/key_event_nodes) by extensions ['ignore', 'ignore_ament_install']
[0.519s] Level 1:colcon.colcon_core.package_identification:_identify(src/key_event_nodes) by extension 'ignore'
[0.519s] Level 1:colcon.colcon_core.package_identification:_identify(src/key_event_nodes) by extension 'ignore_ament_install'
[0.519s] Level 1:colcon.colcon_core.package_identification:_identify(src/key_event_nodes) by extensions ['colcon_pkg']
[0.519s] Level 1:colcon.colcon_core.package_identification:_identify(src/key_event_nodes) by extension 'colcon_pkg'
[0.519s] Level 1:colcon.colcon_core.package_identification:_identify(src/key_event_nodes) by extensions ['colcon_meta']
[0.519s] Level 1:colcon.colcon_core.package_identification:_identify(src/key_event_nodes) by extension 'colcon_meta'
[0.519s] Level 1:colcon.colcon_core.package_identification:_identify(src/key_event_nodes) by extensions ['ros']
[0.519s] Level 1:colcon.colcon_core.package_identification:_identify(src/key_event_nodes) by extension 'ros'
[0.519s] DEBUG:colcon.colcon_core.package_identification:Package 'src/key_event_nodes' with type 'ros.ament_cmake' and name 'key_event_nodes'
[0.519s] Level 1:colcon.colcon_core.package_identification:_identify(src/nav_dev) by extensions ['ignore', 'ignore_ament_install']
[0.520s] Level 1:colcon.colcon_core.package_identification:_identify(src/nav_dev) by extension 'ignore'
[0.520s] Level 1:colcon.colcon_core.package_identification:_identify(src/nav_dev) by extension 'ignore_ament_install'
[0.520s] Level 1:colcon.colcon_core.package_identification:_identify(src/nav_dev) by extensions ['colcon_pkg']
[0.520s] Level 1:colcon.colcon_core.package_identification:_identify(src/nav_dev) by extension 'colcon_pkg'
[0.520s] Level 1:colcon.colcon_core.package_identification:_identify(src/nav_dev) by extensions ['colcon_meta']
[0.520s] Level 1:colcon.colcon_core.package_identification:_identify(src/nav_dev) by extension 'colcon_meta'
[0.520s] Level 1:colcon.colcon_core.package_identification:_identify(src/nav_dev) by extensions ['ros']
[0.520s] Level 1:colcon.colcon_core.package_identification:_identify(src/nav_dev) by extension 'ros'
[0.520s] DEBUG:colcon.colcon_core.package_identification:Package 'src/nav_dev' with type 'ros.ament_cmake' and name 'nav_dev'
[0.520s] Level 1:colcon.colcon_core.package_identification:_identify(src/nav_real) by extensions ['ignore', 'ignore_ament_install']
[0.520s] Level 1:colcon.colcon_core.package_identification:_identify(src/nav_real) by extension 'ignore'
[0.520s] Level 1:colcon.colcon_core.package_identification:_identify(src/nav_real) by extension 'ignore_ament_install'
[0.520s] Level 1:colcon.colcon_core.package_identification:_identify(src/nav_real) by extensions ['colcon_pkg']
[0.520s] Level 1:colcon.colcon_core.package_identification:_identify(src/nav_real) by extension 'colcon_pkg'
[0.520s] Level 1:colcon.colcon_core.package_identification:_identify(src/nav_real) by extensions ['colcon_meta']
[0.520s] Level 1:colcon.colcon_core.package_identification:_identify(src/nav_real) by extension 'colcon_meta'
[0.520s] Level 1:colcon.colcon_core.package_identification:_identify(src/nav_real) by extensions ['ros']
[0.520s] Level 1:colcon.colcon_core.package_identification:_identify(src/nav_real) by extension 'ros'
[0.521s] DEBUG:colcon.colcon_core.package_identification:Package 'src/nav_real' with type 'ros.ament_cmake' and name 'nav_real'
[0.521s] Level 1:colcon.colcon_core.package_identification:_identify(src/urg_node2) by extensions ['ignore', 'ignore_ament_install']
[0.521s] Level 1:colcon.colcon_core.package_identification:_identify(src/urg_node2) by extension 'ignore'
[0.521s] Level 1:colcon.colcon_core.package_identification:_identify(src/urg_node2) by extension 'ignore_ament_install'
[0.521s] Level 1:colcon.colcon_core.package_identification:_identify(src/urg_node2) by extensions ['colcon_pkg']
[0.521s] Level 1:colcon.colcon_core.package_identification:_identify(src/urg_node2) by extension 'colcon_pkg'
[0.521s] Level 1:colcon.colcon_core.package_identification:_identify(src/urg_node2) by extensions ['colcon_meta']
[0.521s] Level 1:colcon.colcon_core.package_identification:_identify(src/urg_node2) by extension 'colcon_meta'
[0.521s] Level 1:colcon.colcon_core.package_identification:_identify(src/urg_node2) by extensions ['ros']
[0.521s] Level 1:colcon.colcon_core.package_identification:_identify(src/urg_node2) by extension 'ros'
[0.522s] DEBUG:colcon.colcon_core.package_identification:Package 'src/urg_node2' with type 'ros.ament_cmake' and name 'urg_node2'
[0.522s] Level 1:colcon.colcon_core.package_discovery:discover_packages(recursive) using defaults
[0.522s] Level 1:colcon.colcon_core.package_discovery:discover_packages(ignore) discover
[0.522s] Level 1:colcon.colcon_core.package_discovery:discover_packages(ignore) using defaults
[0.522s] Level 1:colcon.colcon_core.package_discovery:discover_packages(path) discover
[0.522s] Level 1:colcon.colcon_core.package_discovery:discover_packages(path) using defaults
[0.568s] Level 1:colcon.colcon_core.package_discovery:discover_packages(prefix_path) check parameters
[0.569s] Level 1:colcon.colcon_core.package_discovery:discover_packages(prefix_path) discover
[0.583s] DEBUG:colcon.colcon_installed_package_information.package_discovery:Found 6 installed packages in /home/kousei/2DRoboPrac_ws/ros2_ws/install
[0.590s] DEBUG:colcon.colcon_installed_package_information.package_discovery:Found 412 installed packages in /opt/ros/humble
[0.591s] Level 1:colcon.colcon_core.package_discovery:discover_packages(prefix_path) using defaults
[0.654s] Level 5:colcon.colcon_core.verb:set package 'drive_msgs' build argument 'cmake_args' from command line to 'None'
[0.654s] Level 5:colcon.colcon_core.verb:set package 'drive_msgs' build argument 'cmake_target' from command line to 'None'
[0.654s] Level 5:colcon.colcon_core.verb:set package 'drive_msgs' build argument 'cmake_target_skip_unavailable' from command line to 'False'
[0.654s] Level 5:colcon.colcon_core.verb:set package 'drive_msgs' build argument 'cmake_clean_cache' from command line to 'False'
[0.654s] Level 5:colcon.colcon_core.verb:set package 'drive_msgs' build argument 'cmake_clean_first' from command line to 'False'
[0.654s] Level 5:colcon.colcon_core.verb:set package 'drive_msgs' build argument 'cmake_force_configure' from command line to 'False'
[0.654s] Level 5:colcon.colcon_core.verb:set package 'drive_msgs' build argument 'ament_cmake_args' from command line to 'None'
[0.654s] Level 5:colcon.colcon_core.verb:set package 'drive_msgs' build argument 'catkin_cmake_args' from command line to 'None'
[0.654s] Level 5:colcon.colcon_core.verb:set package 'drive_msgs' build argument 'catkin_skip_building_tests' from command line to 'False'
[0.654s] DEBUG:colcon.colcon_core.verb:Building package 'drive_msgs' with the following arguments: {'ament_cmake_args': None, 'build_base': '/home/kousei/2DRoboPrac_ws/ros2_ws/build/drive_msgs', 'catkin_cmake_args': None, 'catkin_skip_building_tests': False, 'cmake_args': None, 'cmake_clean_cache': False, 'cmake_clean_first': False, 'cmake_force_configure': False, 'cmake_target': None, 'cmake_target_skip_unavailable': False, 'install_base': '/home/kousei/2DRoboPrac_ws/ros2_ws/install/drive_msgs', 'merge_install': False, 'path': '/home/kousei/2DRoboPrac_ws/ros2_ws/src/drive_msgs', 'symlink_install': False, 'test_result_base': None}
[0.661s] Level 5:colcon.colcon_core.verb:set package 'key_event_msgs' build argument 'cmake_args' from command line to 'None'
[0.661s] Level 5:colcon.colcon_core.verb:set package 'key_event_msgs' build argument 'cmake_target' from command line to 'None'
[0.661s] Level 5:colcon.colcon_core.verb:set package 'key_event_msgs' build argument 'cmake_target_skip_unavailable' from command line to 'False'
[0.661s] Level 5:colcon.colcon_core.verb:set package 'key_event_msgs' build argument 'cmake_clean_cache' from command line to 'False'
[0.661s] Level 5:colcon.colcon_core.verb:set package 'key_event_msgs' build argument 'cmake_clean_first' from command line to 'False'
[0.661s] Level 5:colcon.colcon_core.verb:set package 'key_event_msgs' build argument 'cmake_force_configure' from command line to 'False'
[0.661s] Level 5:colcon.colcon_core.verb:set package 'key_event_msgs' build argument 'ament_cmake_args' from command line to 'None'
[0.661s] Level 5:colcon.colcon_core.verb:set package 'key_event_msgs' build argument 'catkin_cmake_args' from command line to 'None'
[0.661s] Level 5:colcon.colcon_core.verb:set package 'key_event_msgs' build argument 'catkin_skip_building_tests' from command line to 'False'
[0.661s] DEBUG:colcon.colcon_core.verb:Building package 'key_event_msgs' with the following arguments: {'ament_cmake_args': None, 'build_base': '/home/kousei/2DRoboPrac_ws/ros2_ws/build/key_event_msgs', 'catkin_cmake_args': None, 'catkin_skip_building_tests': False, 'cmake_args': None, 'cmake_clean_cache': False, 'cmake_clean_first': False, 'cmake_force_configure': False, 'cmake_target': None, 'cmake_target_skip_unavailable': False, 'install_base': '/home/kousei/2DRoboPrac_ws/ros2_ws/install/key_event_msgs', 'merge_install': False, 'path': '/home/kousei/2DRoboPrac_ws/ros2_ws/src/key_event_msgs', 'symlink_install': False, 'test_result_base': None}
[0.668s] Level 5:colcon.colcon_core.verb:set package 'urg_node2' build argument 'cmake_args' from command line to 'None'
[0.668s] Level 5:colcon.colcon_core.verb:set package 'urg_node2' build argument 'cmake_target' from command line to 'None'
[0.668s] Level 5:colcon.colcon_core.verb:set package 'urg_node2' build argument 'cmake_target_skip_unavailable' from command line to 'False'
[0.668s] Level 5:colcon.colcon_core.verb:set package 'urg_node2' build argument 'cmake_clean_cache' from command line to 'False'
[0.668s] Level 5:colcon.colcon_core.verb:set package 'urg_node2' build argument 'cmake_clean_first' from command line to 'False'
[0.668s] Level 5:colcon.colcon_core.verb:set package 'urg_node2' build argument 'cmake_force_configure' from command line to 'False'
[0.668s] Level 5:colcon.colcon_core.verb:set package 'urg_node2' build argument 'ament_cmake_args' from command line to 'None'
[0.668s] Level 5:colcon.colcon_core.verb:set package 'urg_node2' build argument 'catkin_cmake_args' from command line to 'None'
[0.668s] Level 5:colcon.colcon_core.verb:set package 'urg_node2' build argument 'catkin_skip_building_tests' from command line to 'False'
[0.668s] DEBUG:colcon.colcon_core.verb:Building package 'urg_node2' with the following arguments: {'ament_cmake_args': None, 'build_base': '/home/kousei/2DRoboPrac_ws/ros2_ws/build/urg_node2', 'catkin_cmake_args': None, 'catkin_skip_building_tests': False, 'cmake_args': None, 'cmake_clean_cache': False, 'cmake_clean_first': False, 'cmake_force_configure': False, 'cmake_target': None, 'cmake_target_skip_unavailable': False, 'install_base': '/home/kousei/2DRoboPrac_ws/ros2_ws/install/urg_node2', 'merge_install': False, 'path': '/home/kousei/2DRoboPrac_ws/ros2_ws/src/urg_node2', 'symlink_install': False, 'test_result_base': None}
[0.675s] Level 5:colcon.colcon_core.verb:set package 'key_event_nodes' build argument 'cmake_args' from command line to 'None'
[0.675s] Level 5:colcon.colcon_core.verb:set package 'key_event_nodes' build argument 'cmake_target' from command line to 'None'
[0.675s] Level 5:colcon.colcon_core.verb:set package 'key_event_nodes' build argument 'cmake_target_skip_unavailable' from command line to 'False'
[0.675s] Level 5:colcon.colcon_core.verb:set package 'key_event_nodes' build argument 'cmake_clean_cache' from command line to 'False'
[0.675s] Level 5:colcon.colcon_core.verb:set package 'key_event_nodes' build argument 'cmake_clean_first' from command line to 'False'
[0.675s] Level 5:colcon.colcon_core.verb:set package 'key_event_nodes' build argument 'cmake_force_configure' from command line to 'False'
[0.675s] Level 5:colcon.colcon_core.verb:set package 'key_event_nodes' build argument 'ament_cmake_args' from command line to 'None'
[0.675s] Level 5:colcon.colcon_core.verb:set package 'key_event_nodes' build argument 'catkin_cmake_args' from command line to 'None'
[0.675s] Level 5:colcon.colcon_core.verb:set package 'key_event_nodes' build argument 'catkin_skip_building_tests' from command line to 'False'
[0.675s] DEBUG:colcon.colcon_core.verb:Building package 'key_event_nodes' with the following arguments: {'ament_cmake_args': None, 'build_base': '/home/kousei/2DRoboPrac_ws/ros2_ws/build/key_event_nodes', 'catkin_cmake_args': None, 'catkin_skip_building_tests': False, 'cmake_args': None, 'cmake_clean_cache': False, 'cmake_clean_first': False, 'cmake_force_configure': False, 'cmake_target': None, 'cmake_target_skip_unavailable': False, 'install_base': '/home/kousei/2DRoboPrac_ws/ros2_ws/install/key_event_nodes', 'merge_install': False, 'path': '/home/kousei/2DRoboPrac_ws/ros2_ws/src/key_event_nodes', 'symlink_install': False, 'test_result_base': None}
[0.681s] Level 5:colcon.colcon_core.verb:set package 'nav_dev' build argument 'cmake_args' from command line to 'None'
[0.681s] Level 5:colcon.colcon_core.verb:set package 'nav_dev' build argument 'cmake_target' from command line to 'None'
[0.681s] Level 5:colcon.colcon_core.verb:set package 'nav_dev' build argument 'cmake_target_skip_unavailable' from command line to 'False'
[0.681s] Level 5:colcon.colcon_core.verb:set package 'nav_dev' build argument 'cmake_clean_cache' from command line to 'False'
[0.681s] Level 5:colcon.colcon_core.verb:set package 'nav_dev' build argument 'cmake_clean_first' from command line to 'False'
[0.681s] Level 5:colcon.colcon_core.verb:set package 'nav_dev' build argument 'cmake_force_configure' from command line to 'False'
[0.681s] Level 5:colcon.colcon_core.verb:set package 'nav_dev' build argument 'ament_cmake_args' from command line to 'None'
[0.681s] Level 5:colcon.colcon_core.verb:set package 'nav_dev' build argument 'catkin_cmake_args' from command line to 'None'
[0.682s] Level 5:colcon.colcon_core.verb:set package 'nav_dev' build argument 'catkin_skip_building_tests' from command line to 'False'
[0.682s] DEBUG:colcon.colcon_core.verb:Building package 'nav_dev' with the following arguments: {'ament_cmake_args': None, 'build_base': '/home/kousei/2DRoboPrac_ws/ros2_ws/build/nav_dev', 'catkin_cmake_args': None, 'catkin_skip_building_tests': False, 'cmake_args': None, 'cmake_clean_cache': False, 'cmake_clean_first': False, 'cmake_force_configure': False, 'cmake_target': None, 'cmake_target_skip_unavailable': False, 'install_base': '/home/kousei/2DRoboPrac_ws/ros2_ws/install/nav_dev', 'merge_install': False, 'path': '/home/kousei/2DRoboPrac_ws/ros2_ws/src/nav_dev', 'symlink_install': False, 'test_result_base': None}
[0.688s] Level 5:colcon.colcon_core.verb:set package 'nav_real' build argument 'cmake_args' from command line to 'None'
[0.688s] Level 5:colcon.colcon_core.verb:set package 'nav_real' build argument 'cmake_target' from command line to 'None'
[0.688s] Level 5:colcon.colcon_core.verb:set package 'nav_real' build argument 'cmake_target_skip_unavailable' from command line to 'False'
[0.688s] Level 5:colcon.colcon_core.verb:set package 'nav_real' build argument 'cmake_clean_cache' from command line to 'False'
[0.688s] Level 5:colcon.colcon_core.verb:set package 'nav_real' build argument 'cmake_clean_first' from command line to 'False'
[0.688s] Level 5:colcon.colcon_core.verb:set package 'nav_real' build argument 'cmake_force_configure' from command line to 'False'
[0.688s] Level 5:colcon.colcon_core.verb:set package 'nav_real' build argument 'ament_cmake_args' from command line to 'None'
[0.688s] Level 5:colcon.colcon_core.verb:set package 'nav_real' build argument 'catkin_cmake_args' from command line to 'None'
[0.688s] Level 5:colcon.colcon_core.verb:set package 'nav_real' build argument 'catkin_skip_building_tests' from command line to 'False'
[0.688s] DEBUG:colcon.colcon_core.verb:Building package 'nav_real' with the following arguments: {'ament_cmake_args': None, 'build_base': '/home/kousei/2DRoboPrac_ws/ros2_ws/build/nav_real', 'catkin_cmake_args': None, 'catkin_skip_building_tests': False, 'cmake_args': None, 'cmake_clean_cache': False, 'cmake_clean_first': False, 'cmake_force_configure': False, 'cmake_target': None, 'cmake_target_skip_unavailable': False, 'install_base': '/home/kousei/2DRoboPrac_ws/ros2_ws/install/nav_real', 'merge_install': False, 'path': '/home/kousei/2DRoboPrac_ws/ros2_ws/src/nav_real', 'symlink_install': False, 'test_result_base': None}
[0.695s] INFO:colcon.colcon_core.executor:Executing jobs using 'parallel' executor
[0.702s] DEBUG:colcon.colcon_parallel_executor.executor.parallel:run_until_complete
[0.703s] INFO:colcon.colcon_ros.task.ament_cmake.build:Building ROS package in '/home/kousei/2DRoboPrac_ws/ros2_ws/src/key_event_msgs' with build type 'ament_cmake'
[0.703s] INFO:colcon.colcon_cmake.task.cmake.build:Building CMake package in '/home/kousei/2DRoboPrac_ws/ros2_ws/src/key_event_msgs'
[0.710s] INFO:colcon.colcon_core.plugin_system:Skipping extension 'colcon_core.shell.bat': Not used on non-Windows systems
[0.711s] INFO:colcon.colcon_core.shell:Skip shell extension 'powershell' for command environment: Not usable outside of PowerShell
[0.711s] DEBUG:colcon.colcon_core.shell:Skip shell extension 'dsv' for command environment
[0.743s] INFO:colcon.colcon_ros.task.ament_cmake.build:Building ROS package in '/home/kousei/2DRoboPrac_ws/ros2_ws/src/drive_msgs' with build type 'ament_cmake'
[0.744s] INFO:colcon.colcon_cmake.task.cmake.build:Building CMake package in '/home/kousei/2DRoboPrac_ws/ros2_ws/src/drive_msgs'
[0.753s] INFO:colcon.colcon_core.shell:Skip shell extension 'powershell' for command environment: Not usable outside of PowerShell
[0.753s] DEBUG:colcon.colcon_core.shell:Skip shell extension 'dsv' for command environment
[0.775s] INFO:colcon.colcon_ros.task.ament_cmake.build:Building ROS package in '/home/kousei/2DRoboPrac_ws/ros2_ws/src/urg_node2' with build type 'ament_cmake'
[0.776s] INFO:colcon.colcon_cmake.task.cmake.build:Building CMake package in '/home/kousei/2DRoboPrac_ws/ros2_ws/src/urg_node2'
[0.783s] INFO:colcon.colcon_core.shell:Skip shell extension 'powershell' for command environment: Not usable outside of PowerShell
[0.783s] DEBUG:colcon.colcon_core.shell:Skip shell extension 'dsv' for command environment
[0.809s] DEBUG:colcon.colcon_core.event_handler.log_command:Invoking command in '/home/kousei/2DRoboPrac_ws/ros2_ws/build/key_event_msgs': CMAKE_PREFIX_PATH=${CMAKE_PREFIX_PATH}:/opt/ros/humble /usr/bin/cmake --build /home/kousei/2DRoboPrac_ws/ros2_ws/build/key_event_msgs -- -j16 -l16
[0.812s] DEBUG:colcon.colcon_core.event_handler.log_command:Invoking command in '/home/kousei/2DRoboPrac_ws/ros2_ws/build/drive_msgs': CMAKE_PREFIX_PATH=${CMAKE_PREFIX_PATH}:/opt/ros/humble /usr/bin/cmake --build /home/kousei/2DRoboPrac_ws/ros2_ws/build/drive_msgs -- -j16 -l16
[0.815s] DEBUG:colcon.colcon_core.event_handler.log_command:Invoking command in '/home/kousei/2DRoboPrac_ws/ros2_ws/build/urg_node2': CMAKE_PREFIX_PATH=${CMAKE_PREFIX_PATH}:/opt/ros/humble /usr/bin/cmake --build /home/kousei/2DRoboPrac_ws/ros2_ws/build/urg_node2 -- -j16 -l16
[0.893s] DEBUG:colcon.colcon_core.event_handler.log_command:Invoked command in '/home/kousei/2DRoboPrac_ws/ros2_ws/build/urg_node2' returned '0': CMAKE_PREFIX_PATH=${CMAKE_PREFIX_PATH}:/opt/ros/humble /usr/bin/cmake --build /home/kousei/2DRoboPrac_ws/ros2_ws/build/urg_node2 -- -j16 -l16
[0.941s] DEBUG:colcon.colcon_core.event_handler.log_command:Invoking command in '/home/kousei/2DRoboPrac_ws/ros2_ws/build/urg_node2': CMAKE_PREFIX_PATH=${CMAKE_PREFIX_PATH}:/opt/ros/humble /usr/bin/cmake --install /home/kousei/2DRoboPrac_ws/ros2_ws/build/urg_node2
[0.953s] Level 1:colcon.colcon_core.environment:create_environment_scripts_only(urg_node2)
[0.953s] DEBUG:colcon.colcon_core.event_handler.log_command:Invoked command in '/home/kousei/2DRoboPrac_ws/ros2_ws/build/urg_node2' returned '0': CMAKE_PREFIX_PATH=${CMAKE_PREFIX_PATH}:/opt/ros/humble /usr/bin/cmake --install /home/kousei/2DRoboPrac_ws/ros2_ws/build/urg_node2
[0.963s] Level 1:colcon.colcon_core.environment:checking '/home/kousei/2DRoboPrac_ws/ros2_ws/install/urg_node2' for CMake module files
[0.963s] Level 1:colcon.colcon_core.environment:checking '/home/kousei/2DRoboPrac_ws/ros2_ws/install/urg_node2' for CMake config files
[0.964s] Level 1:colcon.colcon_core.shell:create_environment_hook('urg_node2', 'cmake_prefix_path')
[0.972s] INFO:colcon.colcon_core.shell:Creating environment hook '/home/kousei/2DRoboPrac_ws/ros2_ws/install/urg_node2/share/urg_node2/hook/cmake_prefix_path.ps1'
[0.973s] INFO:colcon.colcon_core.shell:Creating environment descriptor '/home/kousei/2DRoboPrac_ws/ros2_ws/install/urg_node2/share/urg_node2/hook/cmake_prefix_path.dsv'
[0.973s] INFO:colcon.colcon_core.shell:Creating environment hook '/home/kousei/2DRoboPrac_ws/ros2_ws/install/urg_node2/share/urg_node2/hook/cmake_prefix_path.sh'
[0.973s] Level 1:colcon.colcon_core.environment:checking '/home/kousei/2DRoboPrac_ws/ros2_ws/install/urg_node2/lib'
[0.974s] Level 1:colcon.colcon_core.shell:create_environment_hook('urg_node2', 'ld_library_path_lib')
[0.982s] INFO:colcon.colcon_core.shell:Creating environment hook '/home/kousei/2DRoboPrac_ws/ros2_ws/install/urg_node2/share/urg_node2/hook/ld_library_path_lib.ps1'
[0.982s] INFO:colcon.colcon_core.shell:Creating environment descriptor '/home/kousei/2DRoboPrac_ws/ros2_ws/install/urg_node2/share/urg_node2/hook/ld_library_path_lib.dsv'
[0.983s] INFO:colcon.colcon_core.shell:Creating environment hook '/home/kousei/2DRoboPrac_ws/ros2_ws/install/urg_node2/share/urg_node2/hook/ld_library_path_lib.sh'
[0.983s] Level 1:colcon.colcon_core.environment:checking '/home/kousei/2DRoboPrac_ws/ros2_ws/install/urg_node2/bin'
[0.983s] Level 1:colcon.colcon_core.environment:checking '/home/kousei/2DRoboPrac_ws/ros2_ws/install/urg_node2/lib/pkgconfig/urg_node2.pc'
[0.983s] Level 1:colcon.colcon_core.environment:checking '/home/kousei/2DRoboPrac_ws/ros2_ws/install/urg_node2/lib/python3.10/site-packages'
[0.983s] Level 1:colcon.colcon_core.environment:checking '/home/kousei/2DRoboPrac_ws/ros2_ws/install/urg_node2/bin'
[0.991s] INFO:colcon.colcon_core.shell:Creating package script '/home/kousei/2DRoboPrac_ws/ros2_ws/install/urg_node2/share/urg_node2/package.ps1'
[0.992s] INFO:colcon.colcon_core.shell:Creating package descriptor '/home/kousei/2DRoboPrac_ws/ros2_ws/install/urg_node2/share/urg_node2/package.dsv'
[0.992s] INFO:colcon.colcon_core.shell:Creating package script '/home/kousei/2DRoboPrac_ws/ros2_ws/install/urg_node2/share/urg_node2/package.sh'
[0.993s] INFO:colcon.colcon_core.shell:Creating package script '/home/kousei/2DRoboPrac_ws/ros2_ws/install/urg_node2/share/urg_node2/package.bash'
[0.993s] INFO:colcon.colcon_core.shell:Creating package script '/home/kousei/2DRoboPrac_ws/ros2_ws/install/urg_node2/share/urg_node2/package.zsh'
[0.993s] Level 1:colcon.colcon_core.environment:create_file_with_runtime_dependencies(/home/kousei/2DRoboPrac_ws/ros2_ws/install/urg_node2/share/colcon-core/packages/urg_node2)
[1.038s] Level 1:colcon.colcon_core.environment:create_environment_scripts_only(urg_node2)
[1.046s] Level 1:colcon.colcon_core.environment:checking '/home/kousei/2DRoboPrac_ws/ros2_ws/install/urg_node2' for CMake module files
[1.046s] Level 1:colcon.colcon_core.environment:checking '/home/kousei/2DRoboPrac_ws/ros2_ws/install/urg_node2' for CMake config files
[1.046s] Level 1:colcon.colcon_core.shell:create_environment_hook('urg_node2', 'cmake_prefix_path')
[1.054s] INFO:colcon.colcon_core.shell:Creating environment hook '/home/kousei/2DRoboPrac_ws/ros2_ws/install/urg_node2/share/urg_node2/hook/cmake_prefix_path.ps1'
[1.055s] INFO:colcon.colcon_core.shell:Creating environment descriptor '/home/kousei/2DRoboPrac_ws/ros2_ws/install/urg_node2/share/urg_node2/hook/cmake_prefix_path.dsv'
[1.055s] INFO:colcon.colcon_core.shell:Creating environment hook '/home/kousei/2DRoboPrac_ws/ros2_ws/install/urg_node2/share/urg_node2/hook/cmake_prefix_path.sh'
[1.055s] Level 1:colcon.colcon_core.environment:checking '/home/kousei/2DRoboPrac_ws/ros2_ws/install/urg_node2/lib'
[1.055s] Level 1:colcon.colcon_core.shell:create_environment_hook('urg_node2', 'ld_library_path_lib')
[1.062s] INFO:colcon.colcon_core.shell:Creating environment hook '/home/kousei/2DRoboPrac_ws/ros2_ws/install/urg_node2/share/urg_node2/hook/ld_library_path_lib.ps1'
[1.063s] INFO:colcon.colcon_core.shell:Creating environment descriptor '/home/kousei/2DRoboPrac_ws/ros2_ws/install/urg_node2/share/urg_node2/hook/ld_library_path_lib.dsv'
[1.063s] INFO:colcon.colcon_core.shell:Creating environment hook '/home/kousei/2DRoboPrac_ws/ros2_ws/install/urg_node2/share/urg_node2/hook/ld_library_path_lib.sh'
[1.063s] Level 1:colcon.colcon_core.environment:checking '/home/kousei/2DRoboPrac_ws/ros2_ws/install/urg_node2/bin'
[1.063s] Level 1:colcon.colcon_core.environment:checking '/home/kousei/2DRoboPrac_ws/ros2_ws/install/urg_node2/lib/pkgconfig/urg_node2.pc'
[1.063s] Level 1:colcon.colcon_core.environment:checking '/home/kousei/2DRoboPrac_ws/ros2_ws/install/urg_node2/lib/python3.10/site-packages'
[1.063s] Level 1:colcon.colcon_core.environment:checking '/home/kousei/2DRoboPrac_ws/ros2_ws/install/urg_node2/bin'
[1.070s] INFO:colcon.colcon_core.shell:Creating package script '/home/kousei/2DRoboPrac_ws/ros2_ws/install/urg_node2/share/urg_node2/package.ps1'
[1.070s] INFO:colcon.colcon_core.shell:Creating package descriptor '/home/kousei/2DRoboPrac_ws/ros2_ws/install/urg_node2/share/urg_node2/package.dsv'
[1.071s] INFO:colcon.colcon_core.shell:Creating package script '/home/kousei/2DRoboPrac_ws/ros2_ws/install/urg_node2/share/urg_node2/package.sh'
[1.071s] INFO:colcon.colcon_core.shell:Creating package script '/home/kousei/2DRoboPrac_ws/ros2_ws/install/urg_node2/share/urg_node2/package.bash'
[1.071s] INFO:colcon.colcon_core.shell:Creating package script '/home/kousei/2DRoboPrac_ws/ros2_ws/install/urg_node2/share/urg_node2/package.zsh'
[1.071s] Level 1:colcon.colcon_core.environment:create_file_with_runtime_dependencies(/home/kousei/2DRoboPrac_ws/ros2_ws/install/urg_node2/share/colcon-core/packages/urg_node2)
[1.074s] DEBUG:colcon.colcon_core.event_handler.log_command:Invoked command in '/home/kousei/2DRoboPrac_ws/ros2_ws/build/key_event_msgs' returned '0': CMAKE_PREFIX_PATH=${CMAKE_PREFIX_PATH}:/opt/ros/humble /usr/bin/cmake --build /home/kousei/2DRoboPrac_ws/ros2_ws/build/key_event_msgs -- -j16 -l16
[1.074s] DEBUG:colcon.colcon_core.event_handler.log_command:Invoked command in '/home/kousei/2DRoboPrac_ws/ros2_ws/build/drive_msgs' returned '0': CMAKE_PREFIX_PATH=${CMAKE_PREFIX_PATH}:/opt/ros/humble /usr/bin/cmake --build /home/kousei/2DRoboPrac_ws/ros2_ws/build/drive_msgs -- -j16 -l16
[1.108s] DEBUG:colcon.colcon_core.event_handler.log_command:Invoking command in '/home/kousei/2DRoboPrac_ws/ros2_ws/build/key_event_msgs': CMAKE_PREFIX_PATH=${CMAKE_PREFIX_PATH}:/opt/ros/humble /usr/bin/cmake --install /home/kousei/2DRoboPrac_ws/ros2_ws/build/key_event_msgs
[1.110s] DEBUG:colcon.colcon_core.event_handler.log_command:Invoking command in '/home/kousei/2DRoboPrac_ws/ros2_ws/build/drive_msgs': CMAKE_PREFIX_PATH=${CMAKE_PREFIX_PATH}:/opt/ros/humble /usr/bin/cmake --install /home/kousei/2DRoboPrac_ws/ros2_ws/build/drive_msgs
[1.145s] Level 1:colcon.colcon_core.environment:create_environment_scripts_only(key_event_msgs)
[1.151s] DEBUG:colcon.colcon_core.event_handler.log_command:Invoked command in '/home/kousei/2DRoboPrac_ws/ros2_ws/build/key_event_msgs' returned '0': CMAKE_PREFIX_PATH=${CMAKE_PREFIX_PATH}:/opt/ros/humble /usr/bin/cmake --install /home/kousei/2DRoboPrac_ws/ros2_ws/build/key_event_msgs
[1.158s] Level 1:colcon.colcon_core.environment:checking '/home/kousei/2DRoboPrac_ws/ros2_ws/install/key_event_msgs' for CMake module files
[1.159s] Level 1:colcon.colcon_core.environment:checking '/home/kousei/2DRoboPrac_ws/ros2_ws/install/key_event_msgs' for CMake config files
[1.159s] Level 1:colcon.colcon_core.shell:create_environment_hook('key_event_msgs', 'cmake_prefix_path')
[1.166s] INFO:colcon.colcon_core.shell:Creating environment hook '/home/kousei/2DRoboPrac_ws/ros2_ws/install/key_event_msgs/share/key_event_msgs/hook/cmake_prefix_path.ps1'
[1.166s] INFO:colcon.colcon_core.shell:Creating environment descriptor '/home/kousei/2DRoboPrac_ws/ros2_ws/install/key_event_msgs/share/key_event_msgs/hook/cmake_prefix_path.dsv'
[1.166s] INFO:colcon.colcon_core.shell:Creating environment hook '/home/kousei/2DRoboPrac_ws/ros2_ws/install/key_event_msgs/share/key_event_msgs/hook/cmake_prefix_path.sh'
[1.167s] Level 1:colcon.colcon_core.environment:checking '/home/kousei/2DRoboPrac_ws/ros2_ws/install/key_event_msgs/lib'
[1.167s] Level 1:colcon.colcon_core.shell:create_environment_hook('key_event_msgs', 'ld_library_path_lib')
[1.174s] INFO:colcon.colcon_core.shell:Creating environment hook '/home/kousei/2DRoboPrac_ws/ros2_ws/install/key_event_msgs/share/key_event_msgs/hook/ld_library_path_lib.ps1'
[1.174s] INFO:colcon.colcon_core.shell:Creating environment descriptor '/home/kousei/2DRoboPrac_ws/ros2_ws/install/key_event_msgs/share/key_event_msgs/hook/ld_library_path_lib.dsv'
[1.174s] INFO:colcon.colcon_core.shell:Creating environment hook '/home/kousei/2DRoboPrac_ws/ros2_ws/install/key_event_msgs/share/key_event_msgs/hook/ld_library_path_lib.sh'
[1.175s] Level 1:colcon.colcon_core.environment:checking '/home/kousei/2DRoboPrac_ws/ros2_ws/install/key_event_msgs/bin'
[1.175s] Level 1:colcon.colcon_core.environment:checking '/home/kousei/2DRoboPrac_ws/ros2_ws/install/key_event_msgs/lib/pkgconfig/key_event_msgs.pc'
[1.175s] Level 1:colcon.colcon_core.environment:checking '/home/kousei/2DRoboPrac_ws/ros2_ws/install/key_event_msgs/lib/python3.10/site-packages'
[1.175s] Level 1:colcon.colcon_core.environment:checking '/home/kousei/2DRoboPrac_ws/ros2_ws/install/key_event_msgs/bin'
[1.182s] INFO:colcon.colcon_core.shell:Creating package script '/home/kousei/2DRoboPrac_ws/ros2_ws/install/key_event_msgs/share/key_event_msgs/package.ps1'
[1.182s] INFO:colcon.colcon_core.shell:Creating package descriptor '/home/kousei/2DRoboPrac_ws/ros2_ws/install/key_event_msgs/share/key_event_msgs/package.dsv'
[1.182s] INFO:colcon.colcon_core.shell:Creating package script '/home/kousei/2DRoboPrac_ws/ros2_ws/install/key_event_msgs/share/key_event_msgs/package.sh'
[1.183s] INFO:colcon.colcon_core.shell:Creating package script '/home/kousei/2DRoboPrac_ws/ros2_ws/install/key_event_msgs/share/key_event_msgs/package.bash'
[1.183s] INFO:colcon.colcon_core.shell:Creating package script '/home/kousei/2DRoboPrac_ws/ros2_ws/install/key_event_msgs/share/key_event_msgs/package.zsh'
[1.183s] Level 1:colcon.colcon_core.environment:create_file_with_runtime_dependencies(/home/kousei/2DRoboPrac_ws/ros2_ws/install/key_event_msgs/share/colcon-core/packages/key_event_msgs)
[1.184s] Level 1:colcon.colcon_core.environment:create_environment_scripts_only(drive_msgs)
[1.184s] DEBUG:colcon.colcon_core.event_handler.log_command:Invoked command in '/home/kousei/2DRoboPrac_ws/ros2_ws/build/drive_msgs' returned '0': CMAKE_PREFIX_PATH=${CMAKE_PREFIX_PATH}:/opt/ros/humble /usr/bin/cmake --install /home/kousei/2DRoboPrac_ws/ros2_ws/build/drive_msgs
[1.191s] Level 1:colcon.colcon_core.environment:checking '/home/kousei/2DRoboPrac_ws/ros2_ws/install/drive_msgs' for CMake module files
[1.192s] Level 1:colcon.colcon_core.environment:checking '/home/kousei/2DRoboPrac_ws/ros2_ws/install/drive_msgs' for CMake config files
[1.192s] Level 1:colcon.colcon_core.shell:create_environment_hook('drive_msgs', 'cmake_prefix_path')
[1.200s] INFO:colcon.colcon_core.shell:Creating environment hook '/home/kousei/2DRoboPrac_ws/ros2_ws/install/drive_msgs/share/drive_msgs/hook/cmake_prefix_path.ps1'
[1.200s] INFO:colcon.colcon_core.shell:Creating environment descriptor '/home/kousei/2DRoboPrac_ws/ros2_ws/install/drive_msgs/share/drive_msgs/hook/cmake_prefix_path.dsv'
[1.200s] INFO:colcon.colcon_core.shell:Creating environment hook '/home/kousei/2DRoboPrac_ws/ros2_ws/install/drive_msgs/share/drive_msgs/hook/cmake_prefix_path.sh'
[1.200s] Level 1:colcon.colcon_core.environment:checking '/home/kousei/2DRoboPrac_ws/ros2_ws/install/drive_msgs/lib'
[1.200s] Level 1:colcon.colcon_core.shell:create_environment_hook('drive_msgs', 'ld_library_path_lib')
[1.208s] INFO:colcon.colcon_core.shell:Creating environment hook '/home/kousei/2DRoboPrac_ws/ros2_ws/install/drive_msgs/share/drive_msgs/hook/ld_library_path_lib.ps1'
[1.209s] INFO:colcon.colcon_core.shell:Creating environment descriptor '/home/kousei/2DRoboPrac_ws/ros2_ws/install/drive_msgs/share/drive_msgs/hook/ld_library_path_lib.dsv'
[1.209s] INFO:colcon.colcon_core.shell:Creating environment hook '/home/kousei/2DRoboPrac_ws/ros2_ws/install/drive_msgs/share/drive_msgs/hook/ld_library_path_lib.sh'
[1.209s] Level 1:colcon.colcon_core.environment:checking '/home/kousei/2DRoboPrac_ws/ros2_ws/install/drive_msgs/bin'
[1.209s] Level 1:colcon.colcon_core.environment:checking '/home/kousei/2DRoboPrac_ws/ros2_ws/install/drive_msgs/lib/pkgconfig/drive_msgs.pc'
[1.209s] Level 1:colcon.colcon_core.environment:checking '/home/kousei/2DRoboPrac_ws/ros2_ws/install/drive_msgs/lib/python3.10/site-packages'
[1.209s] Level 1:colcon.colcon_core.environment:checking '/home/kousei/2DRoboPrac_ws/ros2_ws/install/drive_msgs/bin'
[1.217s] INFO:colcon.colcon_core.shell:Creating package script '/home/kousei/2DRoboPrac_ws/ros2_ws/install/drive_msgs/share/drive_msgs/package.ps1'
[1.217s] INFO:colcon.colcon_core.shell:Creating package descriptor '/home/kousei/2DRoboPrac_ws/ros2_ws/install/drive_msgs/share/drive_msgs/package.dsv'
[1.218s] INFO:colcon.colcon_core.shell:Creating package script '/home/kousei/2DRoboPrac_ws/ros2_ws/install/drive_msgs/share/drive_msgs/package.sh'
[1.218s] INFO:colcon.colcon_core.shell:Creating package script '/home/kousei/2DRoboPrac_ws/ros2_ws/install/drive_msgs/share/drive_msgs/package.bash'
[1.218s] INFO:colcon.colcon_core.shell:Creating package script '/home/kousei/2DRoboPrac_ws/ros2_ws/install/drive_msgs/share/drive_msgs/package.zsh'
[1.218s] Level 1:colcon.colcon_core.environment:create_file_with_runtime_dependencies(/home/kousei/2DRoboPrac_ws/ros2_ws/install/drive_msgs/share/colcon-core/packages/drive_msgs)
[1.227s] Level 1:colcon.colcon_core.environment:create_environment_scripts_only(key_event_msgs)
[1.235s] Level 1:colcon.colcon_core.environment:checking '/home/kousei/2DRoboPrac_ws/ros2_ws/install/key_event_msgs' for CMake module files
[1.235s] Level 1:colcon.colcon_core.environment:checking '/home/kousei/2DRoboPrac_ws/ros2_ws/install/key_event_msgs' for CMake config files
[1.235s] Level 1:colcon.colcon_core.shell:create_environment_hook('key_event_msgs', 'cmake_prefix_path')
[1.243s] INFO:colcon.colcon_core.shell:Creating environment hook '/home/kousei/2DRoboPrac_ws/ros2_ws/install/key_event_msgs/share/key_event_msgs/hook/cmake_prefix_path.ps1'
[1.243s] INFO:colcon.colcon_core.shell:Creating environment descriptor '/home/kousei/2DRoboPrac_ws/ros2_ws/install/key_event_msgs/share/key_event_msgs/hook/cmake_prefix_path.dsv'
[1.243s] INFO:colcon.colcon_core.shell:Creating environment hook '/home/kousei/2DRoboPrac_ws/ros2_ws/install/key_event_msgs/share/key_event_msgs/hook/cmake_prefix_path.sh'
[1.244s] Level 1:colcon.colcon_core.environment:checking '/home/kousei/2DRoboPrac_ws/ros2_ws/install/key_event_msgs/lib'
[1.244s] Level 1:colcon.colcon_core.shell:create_environment_hook('key_event_msgs', 'ld_library_path_lib')
[1.252s] INFO:colcon.colcon_core.shell:Creating environment hook '/home/kousei/2DRoboPrac_ws/ros2_ws/install/key_event_msgs/share/key_event_msgs/hook/ld_library_path_lib.ps1'
[1.252s] INFO:colcon.colcon_core.shell:Creating environment descriptor '/home/kousei/2DRoboPrac_ws/ros2_ws/install/key_event_msgs/share/key_event_msgs/hook/ld_library_path_lib.dsv'
[1.252s] INFO:colcon.colcon_core.shell:Creating environment hook '/home/kousei/2DRoboPrac_ws/ros2_ws/install/key_event_msgs/share/key_event_msgs/hook/ld_library_path_lib.sh'
[1.252s] Level 1:colcon.colcon_core.environment:checking '/home/kousei/2DRoboPrac_ws/ros2_ws/install/key_event_msgs/bin'
[1.252s] Level 1:colcon.colcon_core.environment:checking '/home/kousei/2DRoboPrac_ws/ros2_ws/install/key_event_msgs/lib/pkgconfig/key_event_msgs.pc'
[1.253s] Level 1:colcon.colcon_core.environment:checking '/home/kousei/2DRoboPrac_ws/ros2_ws/install/key_event_msgs/lib/python3.10/site-packages'
[1.253s] Level 1:colcon.colcon_core.environment:checking '/home/kousei/2DRoboPrac_ws/ros2_ws/install/key_event_msgs/bin'
[1.260s] INFO:colcon.colcon_core.shell:Creating package script '/home/kousei/2DRoboPrac_ws/ros2_ws/install/key_event_msgs/share/key_event_msgs/package.ps1'
[1.261s] INFO:colcon.colcon_core.shell:Creating package descriptor '/home/kousei/2DRoboPrac_ws/ros2_ws/install/key_event_msgs/share/key_event_msgs/package.dsv'
[1.261s] INFO:colcon.colcon_core.shell:Creating package script '/home/kousei/2DRoboPrac_ws/ros2_ws/install/key_event_msgs/share/key_event_msgs/package.sh'
[1.261s] INFO:colcon.colcon_core.shell:Creating package script '/home/kousei/2DRoboPrac_ws/ros2_ws/install/key_event_msgs/share/key_event_msgs/package.bash'
[1.261s] INFO:colcon.colcon_core.shell:Creating package script '/home/kousei/2DRoboPrac_ws/ros2_ws/install/key_event_msgs/share/key_event_msgs/package.zsh'
[1.261s] Level 1:colcon.colcon_core.environment:create_file_with_runtime_dependencies(/home/kousei/2DRoboPrac_ws/ros2_ws/install/key_event_msgs/share/colcon-core/packages/key_event_msgs)
[1.262s] INFO:colcon.colcon_ros.task.ament_cmake.build:Building ROS package in '/home/kousei/2DRoboPrac_ws/ros2_ws/src/key_event_nodes' with build type 'ament_cmake'
[1.262s] INFO:colcon.colcon_cmake.task.cmake.build:Building CMake package in '/home/kousei/2DRoboPrac_ws/ros2_ws/src/key_event_nodes'
[1.270s] INFO:colcon.colcon_core.shell:Skip shell extension 'powershell' for command environment: Not usable outside of PowerShell
[1.270s] DEBUG:colcon.colcon_core.shell:Skip shell extension 'dsv' for command environment
[1.302s] Level 1:colcon.colcon_core.environment:create_environment_scripts_only(drive_msgs)
[1.310s] Level 1:colcon.colcon_core.environment:checking '/home/kousei/2DRoboPrac_ws/ros2_ws/install/drive_msgs' for CMake module files
[1.311s] Level 1:colcon.colcon_core.environment:checking '/home/kousei/2DRoboPrac_ws/ros2_ws/install/drive_msgs' for CMake config files
[1.311s] Level 1:colcon.colcon_core.shell:create_environment_hook('drive_msgs', 'cmake_prefix_path')
[1.319s] INFO:colcon.colcon_core.shell:Creating environment hook '/home/kousei/2DRoboPrac_ws/ros2_ws/install/drive_msgs/share/drive_msgs/hook/cmake_prefix_path.ps1'
[1.319s] INFO:colcon.colcon_core.shell:Creating environment descriptor '/home/kousei/2DRoboPrac_ws/ros2_ws/install/drive_msgs/share/drive_msgs/hook/cmake_prefix_path.dsv'
[1.319s] INFO:colcon.colcon_core.shell:Creating environment hook '/home/kousei/2DRoboPrac_ws/ros2_ws/install/drive_msgs/share/drive_msgs/hook/cmake_prefix_path.sh'
[1.320s] Level 1:colcon.colcon_core.environment:checking '/home/kousei/2DRoboPrac_ws/ros2_ws/install/drive_msgs/lib'
[1.320s] Level 1:colcon.colcon_core.shell:create_environment_hook('drive_msgs', 'ld_library_path_lib')
[1.335s] INFO:colcon.colcon_core.shell:Creating environment hook '/home/kousei/2DRoboPrac_ws/ros2_ws/install/drive_msgs/share/drive_msgs/hook/ld_library_path_lib.ps1'
[1.335s] INFO:colcon.colcon_core.shell:Creating environment descriptor '/home/kousei/2DRoboPrac_ws/ros2_ws/install/drive_msgs/share/drive_msgs/hook/ld_library_path_lib.dsv'
[1.335s] INFO:colcon.colcon_core.shell:Creating environment hook '/home/kousei/2DRoboPrac_ws/ros2_ws/install/drive_msgs/share/drive_msgs/hook/ld_library_path_lib.sh'
[1.336s] Level 1:colcon.colcon_core.environment:checking '/home/kousei/2DRoboPrac_ws/ros2_ws/install/drive_msgs/bin'
[1.336s] Level 1:colcon.colcon_core.environment:checking '/home/kousei/2DRoboPrac_ws/ros2_ws/install/drive_msgs/lib/pkgconfig/drive_msgs.pc'
[1.336s] Level 1:colcon.colcon_core.environment:checking '/home/kousei/2DRoboPrac_ws/ros2_ws/install/drive_msgs/lib/python3.10/site-packages'
[1.336s] Level 1:colcon.colcon_core.environment:checking '/home/kousei/2DRoboPrac_ws/ros2_ws/install/drive_msgs/bin'
[1.344s] INFO:colcon.colcon_core.shell:Creating package script '/home/kousei/2DRoboPrac_ws/ros2_ws/install/drive_msgs/share/drive_msgs/package.ps1'
[1.344s] INFO:colcon.colcon_core.shell:Creating package descriptor '/home/kousei/2DRoboPrac_ws/ros2_ws/install/drive_msgs/share/drive_msgs/package.dsv'
[1.344s] INFO:colcon.colcon_core.shell:Creating package script '/home/kousei/2DRoboPrac_ws/ros2_ws/install/drive_msgs/share/drive_msgs/package.sh'
[1.344s] INFO:colcon.colcon_core.shell:Creating package script '/home/kousei/2DRoboPrac_ws/ros2_ws/install/drive_msgs/share/drive_msgs/package.bash'
[1.345s] INFO:colcon.colcon_core.shell:Creating package script '/home/kousei/2DRoboPrac_ws/ros2_ws/install/drive_msgs/share/drive_msgs/package.zsh'
[1.345s] Level 1:colcon.colcon_core.environment:create_file_with_runtime_dependencies(/home/kousei/2DRoboPrac_ws/ros2_ws/install/drive_msgs/share/colcon-core/packages/drive_msgs)
[1.348s] DEBUG:colcon.colcon_core.event_handler.log_command:Invoking command in '/home/kousei/2DRoboPrac_ws/ros2_ws/build/key_event_nodes': CMAKE_PREFIX_PATH=/home/kousei/2DRoboPrac_ws/ros2_ws/install/key_event_msgs:/home/kousei/2DRoboPrac_ws/ros2_ws/install/urg_node2:/home/kousei/2DRoboPrac_ws/ros2_ws/install/nav_real:/home/kousei/2DRoboPrac_ws/ros2_ws/install/nav_dev:/home/kousei/2DRoboPrac_ws/ros2_ws/install/key_event_nodes:/home/kousei/2DRoboPrac_ws/ros2_ws/install/drive_msgs:/opt/ros/humble LD_LIBRARY_PATH=/home/kousei/2DRoboPrac_ws/ros2_ws/install/key_event_msgs/lib:/home/kousei/2DRoboPrac_ws/ros2_ws/install/urg_node2/lib:/home/kousei/2DRoboPrac_ws/ros2_ws/install/key_event_nodes/lib:/home/kousei/2DRoboPrac_ws/ros2_ws/install/drive_msgs/lib:/usr/lib/x86_64-linux-gnu/gazebo-11/plugins:/opt/ros/humble/opt/rviz_ogre_vendor/lib:/opt/ros/humble/lib/x86_64-linux-gnu:/opt/ros/humble/lib /usr/bin/cmake --build /home/kousei/2DRoboPrac_ws/ros2_ws/build/key_event_nodes -- -j16 -l16
[1.391s] DEBUG:colcon.colcon_core.event_handler.log_command:Invoked command in '/home/kousei/2DRoboPrac_ws/ros2_ws/build/key_event_nodes' returned '0': CMAKE_PREFIX_PATH=/home/kousei/2DRoboPrac_ws/ros2_ws/install/key_event_msgs:/home/kousei/2DRoboPrac_ws/ros2_ws/install/urg_node2:/home/kousei/2DRoboPrac_ws/ros2_ws/install/nav_real:/home/kousei/2DRoboPrac_ws/ros2_ws/install/nav_dev:/home/kousei/2DRoboPrac_ws/ros2_ws/install/key_event_nodes:/home/kousei/2DRoboPrac_ws/ros2_ws/install/drive_msgs:/opt/ros/humble LD_LIBRARY_PATH=/home/kousei/2DRoboPrac_ws/ros2_ws/install/key_event_msgs/lib:/home/kousei/2DRoboPrac_ws/ros2_ws/install/urg_node2/lib:/home/kousei/2DRoboPrac_ws/ros2_ws/install/key_event_nodes/lib:/home/kousei/2DRoboPrac_ws/ros2_ws/install/drive_msgs/lib:/usr/lib/x86_64-linux-gnu/gazebo-11/plugins:/opt/ros/humble/opt/rviz_ogre_vendor/lib:/opt/ros/humble/lib/x86_64-linux-gnu:/opt/ros/humble/lib /usr/bin/cmake --build /home/kousei/2DRoboPrac_ws/ros2_ws/build/key_event_nodes -- -j16 -l16
[1.408s] DEBUG:colcon.colcon_core.event_handler.log_command:Invoking command in '/home/kousei/2DRoboPrac_ws/ros2_ws/build/key_event_nodes': CMAKE_PREFIX_PATH=/home/kousei/2DRoboPrac_ws/ros2_ws/install/key_event_msgs:/home/kousei/2DRoboPrac_ws/ros2_ws/install/urg_node2:/home/kousei/2DRoboPrac_ws/ros2_ws/install/nav_real:/home/kousei/2DRoboPrac_ws/ros2_ws/install/nav_dev:/home/kousei/2DRoboPrac_ws/ros2_ws/install/key_event_nodes:/home/kousei/2DRoboPrac_ws/ros2_ws/install/drive_msgs:/opt/ros/humble LD_LIBRARY_PATH=/home/kousei/2DRoboPrac_ws/ros2_ws/install/key_event_msgs/lib:/home/kousei/2DRoboPrac_ws/ros2_ws/install/urg_node2/lib:/home/kousei/2DRoboPrac_ws/ros2_ws/install/key_event_nodes/lib:/home/kousei/2DRoboPrac_ws/ros2_ws/install/drive_msgs/lib:/usr/lib/x86_64-linux-gnu/gazebo-11/plugins:/opt/ros/humble/opt/rviz_ogre_vendor/lib:/opt/ros/humble/lib/x86_64-linux-gnu:/opt/ros/humble/lib /usr/bin/cmake --install /home/kousei/2DRoboPrac_ws/ros2_ws/build/key_event_nodes
[1.414s] Level 1:colcon.colcon_core.environment:create_environment_scripts_only(key_event_nodes)
[1.417s] DEBUG:colcon.colcon_core.event_handler.log_command:Invoked command in '/home/kousei/2DRoboPrac_ws/ros2_ws/build/key_event_nodes' returned '0': CMAKE_PREFIX_PATH=/home/kousei/2DRoboPrac_ws/ros2_ws/install/key_event_msgs:/home/kousei/2DRoboPrac_ws/ros2_ws/install/urg_node2:/home/kousei/2DRoboPrac_ws/ros2_ws/install/nav_real:/home/kousei/2DRoboPrac_ws/ros2_ws/install/nav_dev:/home/kousei/2DRoboPrac_ws/ros2_ws/install/key_event_nodes:/home/kousei/2DRoboPrac_ws/ros2_ws/install/drive_msgs:/opt/ros/humble LD_LIBRARY_PATH=/home/kousei/2DRoboPrac_ws/ros2_ws/install/key_event_msgs/lib:/home/kousei/2DRoboPrac_ws/ros2_ws/install/urg_node2/lib:/home/kousei/2DRoboPrac_ws/ros2_ws/install/key_event_nodes/lib:/home/kousei/2DRoboPrac_ws/ros2_ws/install/drive_msgs/lib:/usr/lib/x86_64-linux-gnu/gazebo-11/plugins:/opt/ros/humble/opt/rviz_ogre_vendor/lib:/opt/ros/humble/lib/x86_64-linux-gnu:/opt/ros/humble/lib /usr/bin/cmake --install /home/kousei/2DRoboPrac_ws/ros2_ws/build/key_event_nodes
[1.424s] Level 1:colcon.colcon_core.environment:checking '/home/kousei/2DRoboPrac_ws/ros2_ws/install/key_event_nodes' for CMake module files
[1.425s] Level 1:colcon.colcon_core.environment:checking '/home/kousei/2DRoboPrac_ws/ros2_ws/install/key_event_nodes' for CMake config files
[1.425s] Level 1:colcon.colcon_core.shell:create_environment_hook('key_event_nodes', 'cmake_prefix_path')
[1.432s] INFO:colcon.colcon_core.shell:Creating environment hook '/home/kousei/2DRoboPrac_ws/ros2_ws/install/key_event_nodes/share/key_event_nodes/hook/cmake_prefix_path.ps1'
[1.432s] INFO:colcon.colcon_core.shell:Creating environment descriptor '/home/kousei/2DRoboPrac_ws/ros2_ws/install/key_event_nodes/share/key_event_nodes/hook/cmake_prefix_path.dsv'
[1.432s] INFO:colcon.colcon_core.shell:Creating environment hook '/home/kousei/2DRoboPrac_ws/ros2_ws/install/key_event_nodes/share/key_event_nodes/hook/cmake_prefix_path.sh'
[1.433s] Level 1:colcon.colcon_core.environment:checking '/home/kousei/2DRoboPrac_ws/ros2_ws/install/key_event_nodes/lib'
[1.433s] Level 1:colcon.colcon_core.shell:create_environment_hook('key_event_nodes', 'ld_library_path_lib')
[1.443s] INFO:colcon.colcon_core.shell:Creating environment hook '/home/kousei/2DRoboPrac_ws/ros2_ws/install/key_event_nodes/share/key_event_nodes/hook/ld_library_path_lib.ps1'
[1.443s] INFO:colcon.colcon_core.shell:Creating environment descriptor '/home/kousei/2DRoboPrac_ws/ros2_ws/install/key_event_nodes/share/key_event_nodes/hook/ld_library_path_lib.dsv'
[1.443s] INFO:colcon.colcon_core.shell:Creating environment hook '/home/kousei/2DRoboPrac_ws/ros2_ws/install/key_event_nodes/share/key_event_nodes/hook/ld_library_path_lib.sh'
[1.444s] Level 1:colcon.colcon_core.environment:checking '/home/kousei/2DRoboPrac_ws/ros2_ws/install/key_event_nodes/bin'
[1.444s] Level 1:colcon.colcon_core.environment:checking '/home/kousei/2DRoboPrac_ws/ros2_ws/install/key_event_nodes/lib/pkgconfig/key_event_nodes.pc'
[1.444s] Level 1:colcon.colcon_core.environment:checking '/home/kousei/2DRoboPrac_ws/ros2_ws/install/key_event_nodes/lib/python3.10/site-packages'
[1.444s] Level 1:colcon.colcon_core.environment:checking '/home/kousei/2DRoboPrac_ws/ros2_ws/install/key_event_nodes/bin'
[1.452s] INFO:colcon.colcon_core.shell:Creating package script '/home/kousei/2DRoboPrac_ws/ros2_ws/install/key_event_nodes/share/key_event_nodes/package.ps1'
[1.452s] INFO:colcon.colcon_core.shell:Creating package descriptor '/home/kousei/2DRoboPrac_ws/ros2_ws/install/key_event_nodes/share/key_event_nodes/package.dsv'
[1.453s] INFO:colcon.colcon_core.shell:Creating package script '/home/kousei/2DRoboPrac_ws/ros2_ws/install/key_event_nodes/share/key_event_nodes/package.sh'
[1.453s] INFO:colcon.colcon_core.shell:Creating package script '/home/kousei/2DRoboPrac_ws/ros2_ws/install/key_event_nodes/share/key_event_nodes/package.bash'
[1.453s] INFO:colcon.colcon_core.shell:Creating package script '/home/kousei/2DRoboPrac_ws/ros2_ws/install/key_event_nodes/share/key_event_nodes/package.zsh'
[1.453s] Level 1:colcon.colcon_core.environment:create_file_with_runtime_dependencies(/home/kousei/2DRoboPrac_ws/ros2_ws/install/key_event_nodes/share/colcon-core/packages/key_event_nodes)
[1.477s] Level 1:colcon.colcon_core.environment:create_environment_scripts_only(key_event_nodes)
[1.484s] Level 1:colcon.colcon_core.environment:checking '/home/kousei/2DRoboPrac_ws/ros2_ws/install/key_event_nodes' for CMake module files
[1.484s] Level 1:colcon.colcon_core.environment:checking '/home/kousei/2DRoboPrac_ws/ros2_ws/install/key_event_nodes' for CMake config files
[1.485s] Level 1:colcon.colcon_core.shell:create_environment_hook('key_event_nodes', 'cmake_prefix_path')
[1.492s] INFO:colcon.colcon_core.shell:Creating environment hook '/home/kousei/2DRoboPrac_ws/ros2_ws/install/key_event_nodes/share/key_event_nodes/hook/cmake_prefix_path.ps1'
[1.492s] INFO:colcon.colcon_core.shell:Creating environment descriptor '/home/kousei/2DRoboPrac_ws/ros2_ws/install/key_event_nodes/share/key_event_nodes/hook/cmake_prefix_path.dsv'
[1.492s] INFO:colcon.colcon_core.shell:Creating environment hook '/home/kousei/2DRoboPrac_ws/ros2_ws/install/key_event_nodes/share/key_event_nodes/hook/cmake_prefix_path.sh'
[1.492s] Level 1:colcon.colcon_core.environment:checking '/home/kousei/2DRoboPrac_ws/ros2_ws/install/key_event_nodes/lib'
[1.493s] Level 1:colcon.colcon_core.shell:create_environment_hook('key_event_nodes', 'ld_library_path_lib')
[1.500s] INFO:colcon.colcon_core.shell:Creating environment hook '/home/kousei/2DRoboPrac_ws/ros2_ws/install/key_event_nodes/share/key_event_nodes/hook/ld_library_path_lib.ps1'
[1.500s] INFO:colcon.colcon_core.shell:Creating environment descriptor '/home/kousei/2DRoboPrac_ws/ros2_ws/install/key_event_nodes/share/key_event_nodes/hook/ld_library_path_lib.dsv'
[1.500s] INFO:colcon.colcon_core.shell:Creating environment hook '/home/kousei/2DRoboPrac_ws/ros2_ws/install/key_event_nodes/share/key_event_nodes/hook/ld_library_path_lib.sh'
[1.500s] Level 1:colcon.colcon_core.environment:checking '/home/kousei/2DRoboPrac_ws/ros2_ws/install/key_event_nodes/bin'
[1.500s] Level 1:colcon.colcon_core.environment:checking '/home/kousei/2DRoboPrac_ws/ros2_ws/install/key_event_nodes/lib/pkgconfig/key_event_nodes.pc'
[1.500s] Level 1:colcon.colcon_core.environment:checking '/home/kousei/2DRoboPrac_ws/ros2_ws/install/key_event_nodes/lib/python3.10/site-packages'
[1.500s] Level 1:colcon.colcon_core.environment:checking '/home/kousei/2DRoboPrac_ws/ros2_ws/install/key_event_nodes/bin'
[1.508s] INFO:colcon.colcon_core.shell:Creating package script '/home/kousei/2DRoboPrac_ws/ros2_ws/install/key_event_nodes/share/key_event_nodes/package.ps1'
[1.508s] INFO:colcon.colcon_core.shell:Creating package descriptor '/home/kousei/2DRoboPrac_ws/ros2_ws/install/key_event_nodes/share/key_event_nodes/package.dsv'
[1.509s] INFO:colcon.colcon_core.shell:Creating package script '/home/kousei/2DRoboPrac_ws/ros2_ws/install/key_event_nodes/share/key_event_nodes/package.sh'
[1.509s] INFO:colcon.colcon_core.shell:Creating package script '/home/kousei/2DRoboPrac_ws/ros2_ws/install/key_event_nodes/share/key_event_nodes/package.bash'
[1.509s] INFO:colcon.colcon_core.shell:Creating package script '/home/kousei/2DRoboPrac_ws/ros2_ws/install/key_event_nodes/share/key_event_nodes/package.zsh'
[1.509s] Level 1:colcon.colcon_core.environment:create_file_with_runtime_dependencies(/home/kousei/2DRoboPrac_ws/ros2_ws/install/key_event_nodes/share/colcon-core/packages/key_event_nodes)
[1.509s] INFO:colcon.colcon_ros.task.ament_cmake.build:Building ROS package in '/home/kousei/2DRoboPrac_ws/ros2_ws/src/nav_dev' with build type 'ament_cmake'
[1.509s] INFO:colcon.colcon_cmake.task.cmake.build:Building CMake package in '/home/kousei/2DRoboPrac_ws/ros2_ws/src/nav_dev'
[1.518s] INFO:colcon.colcon_core.shell:Skip shell extension 'powershell' for command environment: Not usable outside of PowerShell
[1.518s] DEBUG:colcon.colcon_core.shell:Skip shell extension 'dsv' for command environment
[1.541s] INFO:colcon.colcon_ros.task.ament_cmake.build:Building ROS package in '/home/kousei/2DRoboPrac_ws/ros2_ws/src/nav_real' with build type 'ament_cmake'
[1.542s] INFO:colcon.colcon_cmake.task.cmake.build:Building CMake package in '/home/kousei/2DRoboPrac_ws/ros2_ws/src/nav_real'
[1.550s] INFO:colcon.colcon_core.shell:Skip shell extension 'powershell' for command environment: Not usable outside of PowerShell
[1.550s] DEBUG:colcon.colcon_core.shell:Skip shell extension 'dsv' for command environment
[1.578s] DEBUG:colcon.colcon_core.event_handler.log_command:Invoking command in '/home/kousei/2DRoboPrac_ws/ros2_ws/build/nav_dev': CMAKE_PREFIX_PATH=/home/kousei/2DRoboPrac_ws/ros2_ws/install/key_event_nodes:/home/kousei/2DRoboPrac_ws/ros2_ws/install/key_event_msgs:/home/kousei/2DRoboPrac_ws/ros2_ws/install/urg_node2:/home/kousei/2DRoboPrac_ws/ros2_ws/install/nav_real:/home/kousei/2DRoboPrac_ws/ros2_ws/install/nav_dev:/home/kousei/2DRoboPrac_ws/ros2_ws/install/drive_msgs:/opt/ros/humble LD_LIBRARY_PATH=/home/kousei/2DRoboPrac_ws/ros2_ws/install/key_event_nodes/lib:/home/kousei/2DRoboPrac_ws/ros2_ws/install/key_event_msgs/lib:/home/kousei/2DRoboPrac_ws/ros2_ws/install/urg_node2/lib:/home/kousei/2DRoboPrac_ws/ros2_ws/install/drive_msgs/lib:/usr/lib/x86_64-linux-gnu/gazebo-11/plugins:/opt/ros/humble/opt/rviz_ogre_vendor/lib:/opt/ros/humble/lib/x86_64-linux-gnu:/opt/ros/humble/lib /usr/bin/cmake --build /home/kousei/2DRoboPrac_ws/ros2_ws/build/nav_dev -- -j16 -l16
[1.585s] DEBUG:colcon.colcon_core.event_handler.log_command:Invoking command in '/home/kousei/2DRoboPrac_ws/ros2_ws/build/nav_real': CMAKE_PREFIX_PATH=/home/kousei/2DRoboPrac_ws/ros2_ws/install/key_event_nodes:/home/kousei/2DRoboPrac_ws/ros2_ws/install/key_event_msgs:/home/kousei/2DRoboPrac_ws/ros2_ws/install/drive_msgs:/home/kousei/2DRoboPrac_ws/ros2_ws/install/urg_node2:/home/kousei/2DRoboPrac_ws/ros2_ws/install/nav_real:/home/kousei/2DRoboPrac_ws/ros2_ws/install/nav_dev:/opt/ros/humble LD_LIBRARY_PATH=/home/kousei/2DRoboPrac_ws/ros2_ws/install/key_event_nodes/lib:/home/kousei/2DRoboPrac_ws/ros2_ws/install/key_event_msgs/lib:/home/kousei/2DRoboPrac_ws/ros2_ws/install/drive_msgs/lib:/home/kousei/2DRoboPrac_ws/ros2_ws/install/urg_node2/lib:/usr/lib/x86_64-linux-gnu/gazebo-11/plugins:/opt/ros/humble/opt/rviz_ogre_vendor/lib:/opt/ros/humble/lib/x86_64-linux-gnu:/opt/ros/humble/lib /usr/bin/cmake --build /home/kousei/2DRoboPrac_ws/ros2_ws/build/nav_real -- -j16 -l16
[1.628s] DEBUG:colcon.colcon_core.event_handler.log_command:Invoked command in '/home/kousei/2DRoboPrac_ws/ros2_ws/build/nav_dev' returned '0': CMAKE_PREFIX_PATH=/home/kousei/2DRoboPrac_ws/ros2_ws/install/key_event_nodes:/home/kousei/2DRoboPrac_ws/ros2_ws/install/key_event_msgs:/home/kousei/2DRoboPrac_ws/ros2_ws/install/urg_node2:/home/kousei/2DRoboPrac_ws/ros2_ws/install/nav_real:/home/kousei/2DRoboPrac_ws/ros2_ws/install/nav_dev:/home/kousei/2DRoboPrac_ws/ros2_ws/install/drive_msgs:/opt/ros/humble LD_LIBRARY_PATH=/home/kousei/2DRoboPrac_ws/ros2_ws/install/key_event_nodes/lib:/home/kousei/2DRoboPrac_ws/ros2_ws/install/key_event_msgs/lib:/home/kousei/2DRoboPrac_ws/ros2_ws/install/urg_node2/lib:/home/kousei/2DRoboPrac_ws/ros2_ws/install/drive_msgs/lib:/usr/lib/x86_64-linux-gnu/gazebo-11/plugins:/opt/ros/humble/opt/rviz_ogre_vendor/lib:/opt/ros/humble/lib/x86_64-linux-gnu:/opt/ros/humble/lib /usr/bin/cmake --build /home/kousei/2DRoboPrac_ws/ros2_ws/build/nav_dev -- -j16 -l16
[1.647s] DEBUG:colcon.colcon_core.event_handler.log_command:Invoking command in '/home/kousei/2DRoboPrac_ws/ros2_ws/build/nav_dev': CMAKE_PREFIX_PATH=/home/kousei/2DRoboPrac_ws/ros2_ws/install/key_event_nodes:/home/kousei/2DRoboPrac_ws/ros2_ws/install/key_event_msgs:/home/kousei/2DRoboPrac_ws/ros2_ws/install/urg_node2:/home/kousei/2DRoboPrac_ws/ros2_ws/install/nav_real:/home/kousei/2DRoboPrac_ws/ros2_ws/install/nav_dev:/home/kousei/2DRoboPrac_ws/ros2_ws/install/drive_msgs:/opt/ros/humble LD_LIBRARY_PATH=/home/kousei/2DRoboPrac_ws/ros2_ws/install/key_event_nodes/lib:/home/kousei/2DRoboPrac_ws/ros2_ws/install/key_event_msgs/lib:/home/kousei/2DRoboPrac_ws/ros2_ws/install/urg_node2/lib:/home/kousei/2DRoboPrac_ws/ros2_ws/install/drive_msgs/lib:/usr/lib/x86_64-linux-gnu/gazebo-11/plugins:/opt/ros/humble/opt/rviz_ogre_vendor/lib:/opt/ros/humble/lib/x86_64-linux-gnu:/opt/ros/humble/lib /usr/bin/cmake --install /home/kousei/2DRoboPrac_ws/ros2_ws/build/nav_dev
[1.655s] Level 1:colcon.colcon_core.environment:create_environment_scripts_only(nav_dev)
[1.670s] Level 1:colcon.colcon_core.environment:checking '/home/kousei/2DRoboPrac_ws/ros2_ws/install/nav_dev' for CMake module files
[1.671s] Level 1:colcon.colcon_core.environment:checking '/home/kousei/2DRoboPrac_ws/ros2_ws/install/nav_dev' for CMake config files
[1.671s] DEBUG:colcon.colcon_core.event_handler.log_command:Invoked command in '/home/kousei/2DRoboPrac_ws/ros2_ws/build/nav_dev' returned '0': CMAKE_PREFIX_PATH=/home/kousei/2DRoboPrac_ws/ros2_ws/install/key_event_nodes:/home/kousei/2DRoboPrac_ws/ros2_ws/install/key_event_msgs:/home/kousei/2DRoboPrac_ws/ros2_ws/install/urg_node2:/home/kousei/2DRoboPrac_ws/ros2_ws/install/nav_real:/home/kousei/2DRoboPrac_ws/ros2_ws/install/nav_dev:/home/kousei/2DRoboPrac_ws/ros2_ws/install/drive_msgs:/opt/ros/humble LD_LIBRARY_PATH=/home/kousei/2DRoboPrac_ws/ros2_ws/install/key_event_nodes/lib:/home/kousei/2DRoboPrac_ws/ros2_ws/install/key_event_msgs/lib:/home/kousei/2DRoboPrac_ws/ros2_ws/install/urg_node2/lib:/home/kousei/2DRoboPrac_ws/ros2_ws/install/drive_msgs/lib:/usr/lib/x86_64-linux-gnu/gazebo-11/plugins:/opt/ros/humble/opt/rviz_ogre_vendor/lib:/opt/ros/humble/lib/x86_64-linux-gnu:/opt/ros/humble/lib /usr/bin/cmake --install /home/kousei/2DRoboPrac_ws/ros2_ws/build/nav_dev
[1.672s] Level 1:colcon.colcon_core.shell:create_environment_hook('nav_dev', 'cmake_prefix_path')
[1.680s] INFO:colcon.colcon_core.shell:Creating environment hook '/home/kousei/2DRoboPrac_ws/ros2_ws/install/nav_dev/share/nav_dev/hook/cmake_prefix_path.ps1'
[1.680s] INFO:colcon.colcon_core.shell:Creating environment descriptor '/home/kousei/2DRoboPrac_ws/ros2_ws/install/nav_dev/share/nav_dev/hook/cmake_prefix_path.dsv'
[1.680s] INFO:colcon.colcon_core.shell:Creating environment hook '/home/kousei/2DRoboPrac_ws/ros2_ws/install/nav_dev/share/nav_dev/hook/cmake_prefix_path.sh'
[1.681s] Level 1:colcon.colcon_core.environment:checking '/home/kousei/2DRoboPrac_ws/ros2_ws/install/nav_dev/lib'
[1.681s] Level 1:colcon.colcon_core.environment:checking '/home/kousei/2DRoboPrac_ws/ros2_ws/install/nav_dev/bin'
[1.681s] Level 1:colcon.colcon_core.environment:checking '/home/kousei/2DRoboPrac_ws/ros2_ws/install/nav_dev/lib/pkgconfig/nav_dev.pc'
[1.681s] Level 1:colcon.colcon_core.environment:checking '/home/kousei/2DRoboPrac_ws/ros2_ws/install/nav_dev/lib/python3.10/site-packages'
[1.681s] Level 1:colcon.colcon_core.environment:checking '/home/kousei/2DRoboPrac_ws/ros2_ws/install/nav_dev/bin'
[1.689s] INFO:colcon.colcon_core.shell:Creating package script '/home/kousei/2DRoboPrac_ws/ros2_ws/install/nav_dev/share/nav_dev/package.ps1'
[1.689s] INFO:colcon.colcon_core.shell:Creating package descriptor '/home/kousei/2DRoboPrac_ws/ros2_ws/install/nav_dev/share/nav_dev/package.dsv'
[1.690s] INFO:colcon.colcon_core.shell:Creating package script '/home/kousei/2DRoboPrac_ws/ros2_ws/install/nav_dev/share/nav_dev/package.sh'
[1.690s] INFO:colcon.colcon_core.shell:Creating package script '/home/kousei/2DRoboPrac_ws/ros2_ws/install/nav_dev/share/nav_dev/package.bash'
[1.690s] INFO:colcon.colcon_core.shell:Creating package script '/home/kousei/2DRoboPrac_ws/ros2_ws/install/nav_dev/share/nav_dev/package.zsh'
[1.690s] Level 1:colcon.colcon_core.environment:create_file_with_runtime_dependencies(/home/kousei/2DRoboPrac_ws/ros2_ws/install/nav_dev/share/colcon-core/packages/nav_dev)
[1.726s] Level 1:colcon.colcon_core.environment:create_environment_scripts_only(nav_dev)
[1.734s] Level 1:colcon.colcon_core.environment:checking '/home/kousei/2DRoboPrac_ws/ros2_ws/install/nav_dev' for CMake module files
[1.734s] Level 1:colcon.colcon_core.environment:checking '/home/kousei/2DRoboPrac_ws/ros2_ws/install/nav_dev' for CMake config files
[1.734s] Level 1:colcon.colcon_core.shell:create_environment_hook('nav_dev', 'cmake_prefix_path')
[1.745s] INFO:colcon.colcon_core.shell:Creating environment hook '/home/kousei/2DRoboPrac_ws/ros2_ws/install/nav_dev/share/nav_dev/hook/cmake_prefix_path.ps1'
[1.745s] INFO:colcon.colcon_core.shell:Creating environment descriptor '/home/kousei/2DRoboPrac_ws/ros2_ws/install/nav_dev/share/nav_dev/hook/cmake_prefix_path.dsv'
[1.746s] INFO:colcon.colcon_core.shell:Creating environment hook '/home/kousei/2DRoboPrac_ws/ros2_ws/install/nav_dev/share/nav_dev/hook/cmake_prefix_path.sh'
[1.746s] Level 1:colcon.colcon_core.environment:checking '/home/kousei/2DRoboPrac_ws/ros2_ws/install/nav_dev/lib'
[1.746s] Level 1:colcon.colcon_core.environment:checking '/home/kousei/2DRoboPrac_ws/ros2_ws/install/nav_dev/bin'
[1.746s] Level 1:colcon.colcon_core.environment:checking '/home/kousei/2DRoboPrac_ws/ros2_ws/install/nav_dev/lib/pkgconfig/nav_dev.pc'
[1.746s] Level 1:colcon.colcon_core.environment:checking '/home/kousei/2DRoboPrac_ws/ros2_ws/install/nav_dev/lib/python3.10/site-packages'
[1.746s] Level 1:colcon.colcon_core.environment:checking '/home/kousei/2DRoboPrac_ws/ros2_ws/install/nav_dev/bin'
[1.754s] INFO:colcon.colcon_core.shell:Creating package script '/home/kousei/2DRoboPrac_ws/ros2_ws/install/nav_dev/share/nav_dev/package.ps1'
[1.755s] INFO:colcon.colcon_core.shell:Creating package descriptor '/home/kousei/2DRoboPrac_ws/ros2_ws/install/nav_dev/share/nav_dev/package.dsv'
[1.755s] INFO:colcon.colcon_core.shell:Creating package script '/home/kousei/2DRoboPrac_ws/ros2_ws/install/nav_dev/share/nav_dev/package.sh'
[1.755s] INFO:colcon.colcon_core.shell:Creating package script '/home/kousei/2DRoboPrac_ws/ros2_ws/install/nav_dev/share/nav_dev/package.bash'
[1.755s] INFO:colcon.colcon_core.shell:Creating package script '/home/kousei/2DRoboPrac_ws/ros2_ws/install/nav_dev/share/nav_dev/package.zsh'
[1.756s] Level 1:colcon.colcon_core.environment:create_file_with_runtime_dependencies(/home/kousei/2DRoboPrac_ws/ros2_ws/install/nav_dev/share/colcon-core/packages/nav_dev)
[7.022s] DEBUG:colcon.colcon_core.event_handler.log_command:Invoked command in '/home/kousei/2DRoboPrac_ws/ros2_ws/build/nav_real' returned '0': CMAKE_PREFIX_PATH=/home/kousei/2DRoboPrac_ws/ros2_ws/install/key_event_nodes:/home/kousei/2DRoboPrac_ws/ros2_ws/install/key_event_msgs:/home/kousei/2DRoboPrac_ws/ros2_ws/install/drive_msgs:/home/kousei/2DRoboPrac_ws/ros2_ws/install/urg_node2:/home/kousei/2DRoboPrac_ws/ros2_ws/install/nav_real:/home/kousei/2DRoboPrac_ws/ros2_ws/install/nav_dev:/opt/ros/humble LD_LIBRARY_PATH=/home/kousei/2DRoboPrac_ws/ros2_ws/install/key_event_nodes/lib:/home/kousei/2DRoboPrac_ws/ros2_ws/install/key_event_msgs/lib:/home/kousei/2DRoboPrac_ws/ros2_ws/install/drive_msgs/lib:/home/kousei/2DRoboPrac_ws/ros2_ws/install/urg_node2/lib:/usr/lib/x86_64-linux-gnu/gazebo-11/plugins:/opt/ros/humble/opt/rviz_ogre_vendor/lib:/opt/ros/humble/lib/x86_64-linux-gnu:/opt/ros/humble/lib /usr/bin/cmake --build /home/kousei/2DRoboPrac_ws/ros2_ws/build/nav_real -- -j16 -l16
[7.047s] DEBUG:colcon.colcon_core.event_handler.log_command:Invoking command in '/home/kousei/2DRoboPrac_ws/ros2_ws/build/nav_real': CMAKE_PREFIX_PATH=/home/kousei/2DRoboPrac_ws/ros2_ws/install/key_event_nodes:/home/kousei/2DRoboPrac_ws/ros2_ws/install/key_event_msgs:/home/kousei/2DRoboPrac_ws/ros2_ws/install/drive_msgs:/home/kousei/2DRoboPrac_ws/ros2_ws/install/urg_node2:/home/kousei/2DRoboPrac_ws/ros2_ws/install/nav_real:/home/kousei/2DRoboPrac_ws/ros2_ws/install/nav_dev:/opt/ros/humble LD_LIBRARY_PATH=/home/kousei/2DRoboPrac_ws/ros2_ws/install/key_event_nodes/lib:/home/kousei/2DRoboPrac_ws/ros2_ws/install/key_event_msgs/lib:/home/kousei/2DRoboPrac_ws/ros2_ws/install/drive_msgs/lib:/home/kousei/2DRoboPrac_ws/ros2_ws/install/urg_node2/lib:/usr/lib/x86_64-linux-gnu/gazebo-11/plugins:/opt/ros/humble/opt/rviz_ogre_vendor/lib:/opt/ros/humble/lib/x86_64-linux-gnu:/opt/ros/humble/lib /usr/bin/cmake --install /home/kousei/2DRoboPrac_ws/ros2_ws/build/nav_real
[7.058s] Level 1:colcon.colcon_core.environment:create_environment_scripts_only(nav_real)
[7.058s] DEBUG:colcon.colcon_core.event_handler.log_command:Invoked command in '/home/kousei/2DRoboPrac_ws/ros2_ws/build/nav_real' returned '0': CMAKE_PREFIX_PATH=/home/kousei/2DRoboPrac_ws/ros2_ws/install/key_event_nodes:/home/kousei/2DRoboPrac_ws/ros2_ws/install/key_event_msgs:/home/kousei/2DRoboPrac_ws/ros2_ws/install/drive_msgs:/home/kousei/2DRoboPrac_ws/ros2_ws/install/urg_node2:/home/kousei/2DRoboPrac_ws/ros2_ws/install/nav_real:/home/kousei/2DRoboPrac_ws/ros2_ws/install/nav_dev:/opt/ros/humble LD_LIBRARY_PATH=/home/kousei/2DRoboPrac_ws/ros2_ws/install/key_event_nodes/lib:/home/kousei/2DRoboPrac_ws/ros2_ws/install/key_event_msgs/lib:/home/kousei/2DRoboPrac_ws/ros2_ws/install/drive_msgs/lib:/home/kousei/2DRoboPrac_ws/ros2_ws/install/urg_node2/lib:/usr/lib/x86_64-linux-gnu/gazebo-11/plugins:/opt/ros/humble/opt/rviz_ogre_vendor/lib:/opt/ros/humble/lib/x86_64-linux-gnu:/opt/ros/humble/lib /usr/bin/cmake --install /home/kousei/2DRoboPrac_ws/ros2_ws/build/nav_real
[7.067s] Level 1:colcon.colcon_core.environment:checking '/home/kousei/2DRoboPrac_ws/ros2_ws/install/nav_real' for CMake module files
[7.067s] Level 1:colcon.colcon_core.environment:checking '/home/kousei/2DRoboPrac_ws/ros2_ws/install/nav_real' for CMake config files
[7.067s] Level 1:colcon.colcon_core.shell:create_environment_hook('nav_real', 'cmake_prefix_path')
[7.075s] INFO:colcon.colcon_core.shell:Creating environment hook '/home/kousei/2DRoboPrac_ws/ros2_ws/install/nav_real/share/nav_real/hook/cmake_prefix_path.ps1'
[7.075s] INFO:colcon.colcon_core.shell:Creating environment descriptor '/home/kousei/2DRoboPrac_ws/ros2_ws/install/nav_real/share/nav_real/hook/cmake_prefix_path.dsv'
[7.075s] INFO:colcon.colcon_core.shell:Creating environment hook '/home/kousei/2DRoboPrac_ws/ros2_ws/install/nav_real/share/nav_real/hook/cmake_prefix_path.sh'
[7.075s] Level 1:colcon.colcon_core.environment:checking '/home/kousei/2DRoboPrac_ws/ros2_ws/install/nav_real/lib'
[7.076s] Level 1:colcon.colcon_core.environment:checking '/home/kousei/2DRoboPrac_ws/ros2_ws/install/nav_real/bin'
[7.076s] Level 1:colcon.colcon_core.environment:checking '/home/kousei/2DRoboPrac_ws/ros2_ws/install/nav_real/lib/pkgconfig/nav_real.pc'
[7.076s] Level 1:colcon.colcon_core.environment:checking '/home/kousei/2DRoboPrac_ws/ros2_ws/install/nav_real/lib/python3.10/site-packages'
[7.076s] Level 1:colcon.colcon_core.environment:checking '/home/kousei/2DRoboPrac_ws/ros2_ws/install/nav_real/bin'
[7.083s] INFO:colcon.colcon_core.shell:Creating package script '/home/kousei/2DRoboPrac_ws/ros2_ws/install/nav_real/share/nav_real/package.ps1'
[7.083s] INFO:colcon.colcon_core.shell:Creating package descriptor '/home/kousei/2DRoboPrac_ws/ros2_ws/install/nav_real/share/nav_real/package.dsv'
[7.083s] INFO:colcon.colcon_core.shell:Creating package script '/home/kousei/2DRoboPrac_ws/ros2_ws/install/nav_real/share/nav_real/package.sh'
[7.084s] INFO:colcon.colcon_core.shell:Creating package script '/home/kousei/2DRoboPrac_ws/ros2_ws/install/nav_real/share/nav_real/package.bash'
[7.084s] INFO:colcon.colcon_core.shell:Creating package script '/home/kousei/2DRoboPrac_ws/ros2_ws/install/nav_real/share/nav_real/package.zsh'
[7.084s] Level 1:colcon.colcon_core.environment:create_file_with_runtime_dependencies(/home/kousei/2DRoboPrac_ws/ros2_ws/install/nav_real/share/colcon-core/packages/nav_real)
[7.118s] Level 1:colcon.colcon_core.environment:create_environment_scripts_only(nav_real)
[7.125s] Level 1:colcon.colcon_core.environment:checking '/home/kousei/2DRoboPrac_ws/ros2_ws/install/nav_real' for CMake module files
[7.126s] Level 1:colcon.colcon_core.environment:checking '/home/kousei/2DRoboPrac_ws/ros2_ws/install/nav_real' for CMake config files
[7.126s] Level 1:colcon.colcon_core.shell:create_environment_hook('nav_real', 'cmake_prefix_path')
[7.133s] INFO:colcon.colcon_core.shell:Creating environment hook '/home/kousei/2DRoboPrac_ws/ros2_ws/install/nav_real/share/nav_real/hook/cmake_prefix_path.ps1'
[7.134s] INFO:colcon.colcon_core.shell:Creating environment descriptor '/home/kousei/2DRoboPrac_ws/ros2_ws/install/nav_real/share/nav_real/hook/cmake_prefix_path.dsv'
[7.134s] INFO:colcon.colcon_core.shell:Creating environment hook '/home/kousei/2DRoboPrac_ws/ros2_ws/install/nav_real/share/nav_real/hook/cmake_prefix_path.sh'
[7.134s] Level 1:colcon.colcon_core.environment:checking '/home/kousei/2DRoboPrac_ws/ros2_ws/install/nav_real/lib'
[7.134s] Level 1:colcon.colcon_core.environment:checking '/home/kousei/2DRoboPrac_ws/ros2_ws/install/nav_real/bin'
[7.134s] Level 1:colcon.colcon_core.environment:checking '/home/kousei/2DRoboPrac_ws/ros2_ws/install/nav_real/lib/pkgconfig/nav_real.pc'
[7.135s] Level 1:colcon.colcon_core.environment:checking '/home/kousei/2DRoboPrac_ws/ros2_ws/install/nav_real/lib/python3.10/site-packages'
[7.135s] Level 1:colcon.colcon_core.environment:checking '/home/kousei/2DRoboPrac_ws/ros2_ws/install/nav_real/bin'
[7.143s] INFO:colcon.colcon_core.shell:Creating package script '/home/kousei/2DRoboPrac_ws/ros2_ws/install/nav_real/share/nav_real/package.ps1'
[7.143s] INFO:colcon.colcon_core.shell:Creating package descriptor '/home/kousei/2DRoboPrac_ws/ros2_ws/install/nav_real/share/nav_real/package.dsv'
[7.143s] INFO:colcon.colcon_core.shell:Creating package script '/home/kousei/2DRoboPrac_ws/ros2_ws/install/nav_real/share/nav_real/package.sh'
[7.143s] INFO:colcon.colcon_core.shell:Creating package script '/home/kousei/2DRoboPrac_ws/ros2_ws/install/nav_real/share/nav_real/package.bash'
[7.144s] INFO:colcon.colcon_core.shell:Creating package script '/home/kousei/2DRoboPrac_ws/ros2_ws/install/nav_real/share/nav_real/package.zsh'
[7.144s] Level 1:colcon.colcon_core.environment:create_file_with_runtime_dependencies(/home/kousei/2DRoboPrac_ws/ros2_ws/install/nav_real/share/colcon-core/packages/nav_real)
[7.144s] DEBUG:colcon.colcon_parallel_executor.executor.parallel:closing loop
[7.144s] DEBUG:colcon.colcon_parallel_executor.executor.parallel:loop closed
[7.144s] DEBUG:colcon.colcon_parallel_executor.executor.parallel:run_until_complete finished with '0'
[7.144s] DEBUG:colcon.colcon_core.event_reactor:joining thread
[7.157s] INFO:colcon.colcon_core.plugin_system:Skipping extension 'colcon_notification.desktop_notification.terminal_notifier': Not used on non-Darwin systems
[7.157s] INFO:colcon.colcon_core.plugin_system:Skipping extension 'colcon_notification.desktop_notification.win32': Not used on non-Windows systems
[7.158s] INFO:colcon.colcon_notification.desktop_notification:Sending desktop notification using 'notify2'
[7.166s] DEBUG:colcon.colcon_core.event_reactor:joined thread
[7.173s] INFO:colcon.colcon_core.shell:Creating prefix script '/home/kousei/2DRoboPrac_ws/ros2_ws/install/local_setup.ps1'
[7.174s] INFO:colcon.colcon_core.shell:Creating prefix util module '/home/kousei/2DRoboPrac_ws/ros2_ws/install/_local_setup_util_ps1.py'
[7.175s] INFO:colcon.colcon_core.shell:Creating prefix chain script '/home/kousei/2DRoboPrac_ws/ros2_ws/install/setup.ps1'
[7.183s] INFO:colcon.colcon_core.shell:Creating prefix script '/home/kousei/2DRoboPrac_ws/ros2_ws/install/local_setup.sh'
[7.183s] INFO:colcon.colcon_core.shell:Creating prefix util module '/home/kousei/2DRoboPrac_ws/ros2_ws/install/_local_setup_util_sh.py'
[7.184s] INFO:colcon.colcon_core.shell:Creating prefix chain script '/home/kousei/2DRoboPrac_ws/ros2_ws/install/setup.sh'
[7.192s] INFO:colcon.colcon_core.shell:Creating prefix script '/home/kousei/2DRoboPrac_ws/ros2_ws/install/local_setup.bash'
[7.192s] INFO:colcon.colcon_core.shell:Creating prefix chain script '/home/kousei/2DRoboPrac_ws/ros2_ws/install/setup.bash'
[7.200s] INFO:colcon.colcon_core.shell:Creating prefix script '/home/kousei/2DRoboPrac_ws/ros2_ws/install/local_setup.zsh'
[7.200s] INFO:colcon.colcon_core.shell:Creating prefix chain script '/home/kousei/2DRoboPrac_ws/ros2_ws/install/setup.zsh'
