[0.107s] Invoking command in '/home/kousei/2DRoboPrac_ws/ros2_ws/build/key_event_msgs': CMAKE_PREFIX_PATH=${CMAKE_PREFIX_PATH}:/opt/ros/humble /usr/bin/cmake /home/kousei/2DRoboPrac_ws/ros2_ws/src/key_event_msgs -DCMAKE_INSTALL_PREFIX=/home/kousei/2DRoboPrac_ws/ros2_ws/install/key_event_msgs
[0.140s] -- The C compiler identification is GNU 11.4.0
[0.177s] -- The CXX compiler identification is GNU 11.4.0
[0.181s] -- Detecting C compiler ABI info
[0.223s] -- Detecting C compiler ABI info - done
[0.227s] -- Check for working C compiler: /usr/bin/cc - skipped
[0.227s] -- Detecting C compile features
[0.227s] -- Detecting C compile features - done
[0.230s] -- Detecting CXX compiler ABI info
[0.278s] -- Detecting CXX compiler ABI info - done
[0.285s] -- Check for working CXX compiler: /usr/bin/c++ - skipped
[0.285s] -- Detecting CXX compile features
[0.285s] -- Detecting CXX compile features - done
[0.287s] -- Found ament_cmake: 1.3.6 (/opt/ros/humble/share/ament_cmake/cmake)
[0.400s] -- Found Python3: /usr/bin/python3.10 (found version "3.10.12") found components: Interpreter 
[0.459s] -- Found rosidl_default_generators: 1.2.0 (/opt/ros/humble/share/rosidl_default_generators/cmake)
[0.463s] -- Using all available rosidl_typesupport_c: rosidl_typesupport_fastrtps_c;rosidl_typesupport_introspection_c
[0.467s] -- Found rosidl_adapter: 3.1.5 (/opt/ros/humble/share/rosidl_adapter/cmake)
[0.493s] -- Using all available rosidl_typesupport_cpp: rosidl_typesupport_fastrtps_cpp;rosidl_typesupport_introspection_cpp
[0.664s] -- Found ament_cmake_ros: 0.10.0 (/opt/ros/humble/share/ament_cmake_ros/cmake)
[0.769s] -- Using all available rosidl_typesupport_c: rosidl_typesupport_fastrtps_c;rosidl_typesupport_introspection_c
[0.898s] -- Using all available rosidl_typesupport_cpp: rosidl_typesupport_fastrtps_cpp;rosidl_typesupport_introspection_cpp
[0.910s] -- Found PythonInterp: /usr/bin/python3 (found suitable version "3.10.12", minimum required is "3.6") 
[0.911s] -- Found python_cmake_module: 0.10.0 (/opt/ros/humble/share/python_cmake_module/cmake)
[0.927s] -- Found PythonLibs: /usr/lib/x86_64-linux-gnu/libpython3.10.so (found suitable version "3.10.12", minimum required is "3.5") 
[0.927s] -- Using PYTHON_EXECUTABLE: /usr/bin/python3
[0.927s] -- Using PYTHON_INCLUDE_DIRS: /usr/include/python3.10
[0.927s] -- Using PYTHON_LIBRARIES: /usr/lib/x86_64-linux-gnu/libpython3.10.so
[0.939s] -- Found PythonExtra: .so  
[0.959s] -- Found ament_lint_auto: 0.12.9 (/opt/ros/humble/share/ament_lint_auto/cmake)
[0.971s] -- Added test 'copyright' to check source files copyright and LICENSE
[0.972s] -- Added test 'lint_cmake' to check CMake code style
[0.972s] -- Added test 'xmllint' to check XML markup files
[0.973s] -- Configuring done
[0.987s] -- Generating done
[0.988s] -- Build files have been written to: /home/kousei/2DRoboPrac_ws/ros2_ws/build/key_event_msgs
[0.992s] Invoked command in '/home/kousei/2DRoboPrac_ws/ros2_ws/build/key_event_msgs' returned '0': CMAKE_PREFIX_PATH=${CMAKE_PREFIX_PATH}:/opt/ros/humble /usr/bin/cmake /home/kousei/2DRoboPrac_ws/ros2_ws/src/key_event_msgs -DCMAKE_INSTALL_PREFIX=/home/kousei/2DRoboPrac_ws/ros2_ws/install/key_event_msgs
[0.993s] Invoking command in '/home/kousei/2DRoboPrac_ws/ros2_ws/build/key_event_msgs': CMAKE_PREFIX_PATH=${CMAKE_PREFIX_PATH}:/opt/ros/humble /usr/bin/cmake --build /home/kousei/2DRoboPrac_ws/ros2_ws/build/key_event_msgs -- -j16 -l16
[1.015s] [  3%] [34m[1mGenerating C code for ROS interfaces[0m
[1.021s] [  6%] [34m[1mGenerating C++ code for ROS interfaces[0m
[1.026s] [  6%] Built target ament_cmake_python_copy_key_event_msgs
[1.159s] [  6%] Built target key_event_msgs__cpp
[1.165s] [ 16%] [32mBuilding C object CMakeFiles/key_event_msgs__rosidl_generator_c.dir/rosidl_generator_c/key_event_msgs/msg/detail/key_event__functions.c.o[0m
[1.165s] [ 16%] [34m[1mGenerating C++ type support for eProsima Fast-RTPS[0m
[1.165s] [ 16%] [34m[1mGenerating C++ type support dispatch for ROS interfaces[0m
[1.167s] running egg_info
[1.167s] creating key_event_msgs.egg-info
[1.167s] writing key_event_msgs.egg-info/PKG-INFO
[1.167s] writing dependency_links to key_event_msgs.egg-info/dependency_links.txt
[1.168s] writing top-level names to key_event_msgs.egg-info/top_level.txt
[1.168s] writing manifest file 'key_event_msgs.egg-info/SOURCES.txt'
[1.168s] [ 19%] [34m[1mGenerating C++ introspection for ROS interfaces[0m
[1.169s] reading manifest file 'key_event_msgs.egg-info/SOURCES.txt'
[1.169s] writing manifest file 'key_event_msgs.egg-info/SOURCES.txt'
[1.187s] [ 19%] Built target ament_cmake_python_build_key_event_msgs_egg
[1.193s] [ 22%] [32m[1mLinking C shared library libkey_event_msgs__rosidl_generator_c.so[0m
[1.216s] [ 22%] Built target key_event_msgs__rosidl_generator_c
[1.222s] [ 25%] [34m[1mGenerating C type support for eProsima Fast-RTPS[0m
[1.225s] [ 32%] [34m[1mGenerating C introspection for ROS interfaces[0m
[1.225s] [ 32%] [34m[1mGenerating C type support dispatch for ROS interfaces[0m
[1.298s] [ 35%] [32mBuilding CXX object CMakeFiles/key_event_msgs__rosidl_typesupport_cpp.dir/rosidl_typesupport_cpp/key_event_msgs/msg/key_event__type_support.cpp.o[0m
[1.311s] [ 38%] [32mBuilding CXX object CMakeFiles/key_event_msgs__rosidl_typesupport_fastrtps_cpp.dir/rosidl_typesupport_fastrtps_cpp/key_event_msgs/msg/detail/dds_fastrtps/key_event__type_support.cpp.o[0m
[1.330s] [ 41%] [32mBuilding CXX object CMakeFiles/key_event_msgs__rosidl_typesupport_introspection_cpp.dir/rosidl_typesupport_introspection_cpp/key_event_msgs/msg/detail/key_event__type_support.cpp.o[0m
[1.371s] [ 45%] [32mBuilding CXX object CMakeFiles/key_event_msgs__rosidl_typesupport_fastrtps_c.dir/rosidl_typesupport_fastrtps_c/key_event_msgs/msg/detail/key_event__type_support_c.cpp.o[0m
[1.393s] [ 48%] [32mBuilding CXX object CMakeFiles/key_event_msgs__rosidl_typesupport_c.dir/rosidl_typesupport_c/key_event_msgs/msg/key_event__type_support.cpp.o[0m
[1.410s] [ 51%] [32m[1mLinking CXX shared library libkey_event_msgs__rosidl_typesupport_c.so[0m
[1.443s] [ 51%] Built target key_event_msgs__rosidl_typesupport_c
[1.447s] [ 54%] [32mBuilding C object CMakeFiles/key_event_msgs__rosidl_typesupport_introspection_c.dir/rosidl_typesupport_introspection_c/key_event_msgs/msg/detail/key_event__type_support.c.o[0m
[1.449s] [ 58%] [32m[1mLinking CXX shared library libkey_event_msgs__rosidl_typesupport_cpp.so[0m
[1.467s] [ 61%] [32m[1mLinking C shared library libkey_event_msgs__rosidl_typesupport_introspection_c.so[0m
[1.475s] [ 61%] Built target key_event_msgs__rosidl_typesupport_cpp
[1.487s] [ 61%] Built target key_event_msgs__rosidl_typesupport_introspection_c
[1.538s] [ 64%] [32m[1mLinking CXX shared library libkey_event_msgs__rosidl_typesupport_fastrtps_cpp.so[0m
[1.556s] [ 67%] [32m[1mLinking CXX shared library libkey_event_msgs__rosidl_typesupport_fastrtps_c.so[0m
[1.584s] [ 67%] Built target key_event_msgs__rosidl_typesupport_fastrtps_cpp
[1.593s] [ 70%] [32m[1mLinking CXX shared library libkey_event_msgs__rosidl_typesupport_introspection_cpp.so[0m
[1.600s] [ 70%] Built target key_event_msgs__rosidl_typesupport_fastrtps_c
[1.616s] [ 70%] Built target key_event_msgs__rosidl_typesupport_introspection_cpp
[1.629s] [ 70%] Built target key_event_msgs
[1.641s] [ 74%] [34m[1mGenerating Python code for ROS interfaces[0m
[1.791s] [ 74%] Built target key_event_msgs__py
[1.803s] [ 77%] [32mBuilding C object CMakeFiles/key_event_msgs__rosidl_generator_py.dir/rosidl_generator_py/key_event_msgs/msg/_key_event_s.c.o[0m
[1.853s] [ 80%] [32m[1mLinking C shared library rosidl_generator_py/key_event_msgs/libkey_event_msgs__rosidl_generator_py.so[0m
[1.877s] [ 80%] Built target key_event_msgs__rosidl_generator_py
[1.890s] [ 90%] [32mBuilding C object CMakeFiles/key_event_msgs__rosidl_typesupport_c__pyext.dir/rosidl_generator_py/key_event_msgs/_key_event_msgs_s.ep.rosidl_typesupport_c.c.o[0m
[1.891s] [ 90%] [32mBuilding C object CMakeFiles/key_event_msgs__rosidl_typesupport_introspection_c__pyext.dir/rosidl_generator_py/key_event_msgs/_key_event_msgs_s.ep.rosidl_typesupport_introspection_c.c.o[0m
[1.891s] [ 90%] [32mBuilding C object CMakeFiles/key_event_msgs__rosidl_typesupport_fastrtps_c__pyext.dir/rosidl_generator_py/key_event_msgs/_key_event_msgs_s.ep.rosidl_typesupport_fastrtps_c.c.o[0m
[1.944s] [ 96%] [32m[1mLinking C shared library rosidl_generator_py/key_event_msgs/key_event_msgs_s__rosidl_typesupport_introspection_c.cpython-310-x86_64-linux-gnu.so[0m
[1.944s] [ 96%] [32m[1mLinking C shared library rosidl_generator_py/key_event_msgs/key_event_msgs_s__rosidl_typesupport_c.cpython-310-x86_64-linux-gnu.so[0m
[1.945s] [100%] [32m[1mLinking C shared library rosidl_generator_py/key_event_msgs/key_event_msgs_s__rosidl_typesupport_fastrtps_c.cpython-310-x86_64-linux-gnu.so[0m
[1.964s] [100%] Built target key_event_msgs__rosidl_typesupport_c__pyext
[1.964s] [100%] Built target key_event_msgs__rosidl_typesupport_introspection_c__pyext
[1.965s] [100%] Built target key_event_msgs__rosidl_typesupport_fastrtps_c__pyext
[1.971s] Invoked command in '/home/kousei/2DRoboPrac_ws/ros2_ws/build/key_event_msgs' returned '0': CMAKE_PREFIX_PATH=${CMAKE_PREFIX_PATH}:/opt/ros/humble /usr/bin/cmake --build /home/kousei/2DRoboPrac_ws/ros2_ws/build/key_event_msgs -- -j16 -l16
[2.006s] Invoking command in '/home/kousei/2DRoboPrac_ws/ros2_ws/build/key_event_msgs': CMAKE_PREFIX_PATH=${CMAKE_PREFIX_PATH}:/opt/ros/humble /usr/bin/cmake --install /home/kousei/2DRoboPrac_ws/ros2_ws/build/key_event_msgs
[2.010s] -- Install configuration: ""
[2.010s] -- Installing: /home/kousei/2DRoboPrac_ws/ros2_ws/install/key_event_msgs/share/ament_index/resource_index/rosidl_interfaces/key_event_msgs
[2.011s] -- Installing: /home/kousei/2DRoboPrac_ws/ros2_ws/install/key_event_msgs/include/key_event_msgs/key_event_msgs
[2.011s] -- Installing: /home/kousei/2DRoboPrac_ws/ros2_ws/install/key_event_msgs/include/key_event_msgs/key_event_msgs/msg
[2.011s] -- Installing: /home/kousei/2DRoboPrac_ws/ros2_ws/install/key_event_msgs/include/key_event_msgs/key_event_msgs/msg/key_event.h
[2.011s] -- Installing: /home/kousei/2DRoboPrac_ws/ros2_ws/install/key_event_msgs/include/key_event_msgs/key_event_msgs/msg/rosidl_generator_c__visibility_control.h
[2.011s] -- Installing: /home/kousei/2DRoboPrac_ws/ros2_ws/install/key_event_msgs/include/key_event_msgs/key_event_msgs/msg/detail
[2.011s] -- Installing: /home/kousei/2DRoboPrac_ws/ros2_ws/install/key_event_msgs/include/key_event_msgs/key_event_msgs/msg/detail/key_event__struct.h
[2.011s] -- Installing: /home/kousei/2DRoboPrac_ws/ros2_ws/install/key_event_msgs/include/key_event_msgs/key_event_msgs/msg/detail/key_event__functions.h
[2.011s] -- Installing: /home/kousei/2DRoboPrac_ws/ros2_ws/install/key_event_msgs/include/key_event_msgs/key_event_msgs/msg/detail/key_event__functions.c
[2.011s] -- Installing: /home/kousei/2DRoboPrac_ws/ros2_ws/install/key_event_msgs/include/key_event_msgs/key_event_msgs/msg/detail/key_event__type_support.h
[2.011s] -- Installing: /home/kousei/2DRoboPrac_ws/ros2_ws/install/key_event_msgs/share/key_event_msgs/environment/library_path.sh
[2.011s] -- Installing: /home/kousei/2DRoboPrac_ws/ros2_ws/install/key_event_msgs/share/key_event_msgs/environment/library_path.dsv
[2.011s] -- Installing: /home/kousei/2DRoboPrac_ws/ros2_ws/install/key_event_msgs/lib/libkey_event_msgs__rosidl_generator_c.so
[2.011s] -- Set runtime path of "/home/kousei/2DRoboPrac_ws/ros2_ws/install/key_event_msgs/lib/libkey_event_msgs__rosidl_generator_c.so" to ""
[2.011s] -- Up-to-date: /home/kousei/2DRoboPrac_ws/ros2_ws/install/key_event_msgs/include/key_event_msgs/key_event_msgs
[2.011s] -- Up-to-date: /home/kousei/2DRoboPrac_ws/ros2_ws/install/key_event_msgs/include/key_event_msgs/key_event_msgs/msg
[2.011s] -- Up-to-date: /home/kousei/2DRoboPrac_ws/ros2_ws/install/key_event_msgs/include/key_event_msgs/key_event_msgs/msg/detail
[2.011s] -- Installing: /home/kousei/2DRoboPrac_ws/ros2_ws/install/key_event_msgs/include/key_event_msgs/key_event_msgs/msg/detail/key_event__rosidl_typesupport_fastrtps_c.h
[2.011s] -- Installing: /home/kousei/2DRoboPrac_ws/ros2_ws/install/key_event_msgs/include/key_event_msgs/key_event_msgs/msg/rosidl_typesupport_fastrtps_c__visibility_control.h
[2.011s] -- Installing: /home/kousei/2DRoboPrac_ws/ros2_ws/install/key_event_msgs/lib/libkey_event_msgs__rosidl_typesupport_fastrtps_c.so
[2.012s] -- Set runtime path of "/home/kousei/2DRoboPrac_ws/ros2_ws/install/key_event_msgs/lib/libkey_event_msgs__rosidl_typesupport_fastrtps_c.so" to ""
[2.012s] -- Up-to-date: /home/kousei/2DRoboPrac_ws/ros2_ws/install/key_event_msgs/include/key_event_msgs/key_event_msgs
[2.012s] -- Up-to-date: /home/kousei/2DRoboPrac_ws/ros2_ws/install/key_event_msgs/include/key_event_msgs/key_event_msgs/msg
[2.012s] -- Up-to-date: /home/kousei/2DRoboPrac_ws/ros2_ws/install/key_event_msgs/include/key_event_msgs/key_event_msgs/msg/detail
[2.012s] -- Installing: /home/kousei/2DRoboPrac_ws/ros2_ws/install/key_event_msgs/include/key_event_msgs/key_event_msgs/msg/detail/key_event__type_support.c
[2.012s] -- Installing: /home/kousei/2DRoboPrac_ws/ros2_ws/install/key_event_msgs/include/key_event_msgs/key_event_msgs/msg/detail/key_event__rosidl_typesupport_introspection_c.h
[2.012s] -- Installing: /home/kousei/2DRoboPrac_ws/ros2_ws/install/key_event_msgs/include/key_event_msgs/key_event_msgs/msg/rosidl_typesupport_introspection_c__visibility_control.h
[2.012s] -- Installing: /home/kousei/2DRoboPrac_ws/ros2_ws/install/key_event_msgs/lib/libkey_event_msgs__rosidl_typesupport_introspection_c.so
[2.012s] -- Set runtime path of "/home/kousei/2DRoboPrac_ws/ros2_ws/install/key_event_msgs/lib/libkey_event_msgs__rosidl_typesupport_introspection_c.so" to ""
[2.012s] -- Installing: /home/kousei/2DRoboPrac_ws/ros2_ws/install/key_event_msgs/lib/libkey_event_msgs__rosidl_typesupport_c.so
[2.013s] -- Set runtime path of "/home/kousei/2DRoboPrac_ws/ros2_ws/install/key_event_msgs/lib/libkey_event_msgs__rosidl_typesupport_c.so" to ""
[2.013s] -- Up-to-date: /home/kousei/2DRoboPrac_ws/ros2_ws/install/key_event_msgs/include/key_event_msgs/key_event_msgs
[2.013s] -- Up-to-date: /home/kousei/2DRoboPrac_ws/ros2_ws/install/key_event_msgs/include/key_event_msgs/key_event_msgs/msg
[2.013s] -- Installing: /home/kousei/2DRoboPrac_ws/ros2_ws/install/key_event_msgs/include/key_event_msgs/key_event_msgs/msg/key_event.hpp
[2.013s] -- Up-to-date: /home/kousei/2DRoboPrac_ws/ros2_ws/install/key_event_msgs/include/key_event_msgs/key_event_msgs/msg/detail
[2.013s] -- Installing: /home/kousei/2DRoboPrac_ws/ros2_ws/install/key_event_msgs/include/key_event_msgs/key_event_msgs/msg/detail/key_event__traits.hpp
[2.013s] -- Installing: /home/kousei/2DRoboPrac_ws/ros2_ws/install/key_event_msgs/include/key_event_msgs/key_event_msgs/msg/detail/key_event__struct.hpp
[2.013s] -- Installing: /home/kousei/2DRoboPrac_ws/ros2_ws/install/key_event_msgs/include/key_event_msgs/key_event_msgs/msg/detail/key_event__builder.hpp
[2.013s] -- Up-to-date: /home/kousei/2DRoboPrac_ws/ros2_ws/install/key_event_msgs/include/key_event_msgs/key_event_msgs
[2.013s] -- Up-to-date: /home/kousei/2DRoboPrac_ws/ros2_ws/install/key_event_msgs/include/key_event_msgs/key_event_msgs/msg
[2.013s] -- Up-to-date: /home/kousei/2DRoboPrac_ws/ros2_ws/install/key_event_msgs/include/key_event_msgs/key_event_msgs/msg/detail
[2.013s] -- Installing: /home/kousei/2DRoboPrac_ws/ros2_ws/install/key_event_msgs/include/key_event_msgs/key_event_msgs/msg/detail/dds_fastrtps
[2.014s] -- Installing: /home/kousei/2DRoboPrac_ws/ros2_ws/install/key_event_msgs/include/key_event_msgs/key_event_msgs/msg/detail/key_event__rosidl_typesupport_fastrtps_cpp.hpp
[2.014s] -- Installing: /home/kousei/2DRoboPrac_ws/ros2_ws/install/key_event_msgs/include/key_event_msgs/key_event_msgs/msg/rosidl_typesupport_fastrtps_cpp__visibility_control.h
[2.014s] -- Installing: /home/kousei/2DRoboPrac_ws/ros2_ws/install/key_event_msgs/lib/libkey_event_msgs__rosidl_typesupport_fastrtps_cpp.so
[2.014s] -- Set runtime path of "/home/kousei/2DRoboPrac_ws/ros2_ws/install/key_event_msgs/lib/libkey_event_msgs__rosidl_typesupport_fastrtps_cpp.so" to ""
[2.014s] -- Up-to-date: /home/kousei/2DRoboPrac_ws/ros2_ws/install/key_event_msgs/include/key_event_msgs/key_event_msgs
[2.014s] -- Up-to-date: /home/kousei/2DRoboPrac_ws/ros2_ws/install/key_event_msgs/include/key_event_msgs/key_event_msgs/msg
[2.014s] -- Up-to-date: /home/kousei/2DRoboPrac_ws/ros2_ws/install/key_event_msgs/include/key_event_msgs/key_event_msgs/msg/detail
[2.014s] -- Installing: /home/kousei/2DRoboPrac_ws/ros2_ws/install/key_event_msgs/include/key_event_msgs/key_event_msgs/msg/detail/key_event__rosidl_typesupport_introspection_cpp.hpp
[2.014s] -- Installing: /home/kousei/2DRoboPrac_ws/ros2_ws/install/key_event_msgs/include/key_event_msgs/key_event_msgs/msg/detail/key_event__type_support.cpp
[2.014s] -- Installing: /home/kousei/2DRoboPrac_ws/ros2_ws/install/key_event_msgs/lib/libkey_event_msgs__rosidl_typesupport_introspection_cpp.so
[2.014s] -- Set runtime path of "/home/kousei/2DRoboPrac_ws/ros2_ws/install/key_event_msgs/lib/libkey_event_msgs__rosidl_typesupport_introspection_cpp.so" to ""
[2.014s] -- Installing: /home/kousei/2DRoboPrac_ws/ros2_ws/install/key_event_msgs/lib/libkey_event_msgs__rosidl_typesupport_cpp.so
[2.014s] -- Set runtime path of "/home/kousei/2DRoboPrac_ws/ros2_ws/install/key_event_msgs/lib/libkey_event_msgs__rosidl_typesupport_cpp.so" to ""
[2.014s] -- Installing: /home/kousei/2DRoboPrac_ws/ros2_ws/install/key_event_msgs/share/key_event_msgs/environment/pythonpath.sh
[2.014s] -- Installing: /home/kousei/2DRoboPrac_ws/ros2_ws/install/key_event_msgs/share/key_event_msgs/environment/pythonpath.dsv
[2.014s] -- Installing: /home/kousei/2DRoboPrac_ws/ros2_ws/install/key_event_msgs/local/lib/python3.10/dist-packages/key_event_msgs-0.0.0-py3.10.egg-info
[2.014s] -- Installing: /home/kousei/2DRoboPrac_ws/ros2_ws/install/key_event_msgs/local/lib/python3.10/dist-packages/key_event_msgs-0.0.0-py3.10.egg-info/dependency_links.txt
[2.014s] -- Installing: /home/kousei/2DRoboPrac_ws/ros2_ws/install/key_event_msgs/local/lib/python3.10/dist-packages/key_event_msgs-0.0.0-py3.10.egg-info/SOURCES.txt
[2.014s] -- Installing: /home/kousei/2DRoboPrac_ws/ros2_ws/install/key_event_msgs/local/lib/python3.10/dist-packages/key_event_msgs-0.0.0-py3.10.egg-info/top_level.txt
[2.015s] -- Installing: /home/kousei/2DRoboPrac_ws/ros2_ws/install/key_event_msgs/local/lib/python3.10/dist-packages/key_event_msgs-0.0.0-py3.10.egg-info/PKG-INFO
[2.015s] -- Installing: /home/kousei/2DRoboPrac_ws/ros2_ws/install/key_event_msgs/local/lib/python3.10/dist-packages/key_event_msgs
[2.015s] -- Installing: /home/kousei/2DRoboPrac_ws/ros2_ws/install/key_event_msgs/local/lib/python3.10/dist-packages/key_event_msgs/_key_event_msgs_s.ep.rosidl_typesupport_introspection_c.c
[2.015s] -- Installing: /home/kousei/2DRoboPrac_ws/ros2_ws/install/key_event_msgs/local/lib/python3.10/dist-packages/key_event_msgs/__init__.py
[2.015s] -- Installing: /home/kousei/2DRoboPrac_ws/ros2_ws/install/key_event_msgs/local/lib/python3.10/dist-packages/key_event_msgs/key_event_msgs_s__rosidl_typesupport_c.cpython-310-x86_64-linux-gnu.so
[2.015s] -- Installing: /home/kousei/2DRoboPrac_ws/ros2_ws/install/key_event_msgs/local/lib/python3.10/dist-packages/key_event_msgs/_key_event_msgs_s.ep.rosidl_typesupport_c.c
[2.015s] -- Installing: /home/kousei/2DRoboPrac_ws/ros2_ws/install/key_event_msgs/local/lib/python3.10/dist-packages/key_event_msgs/key_event_msgs_s__rosidl_typesupport_introspection_c.cpython-310-x86_64-linux-gnu.so
[2.015s] -- Installing: /home/kousei/2DRoboPrac_ws/ros2_ws/install/key_event_msgs/local/lib/python3.10/dist-packages/key_event_msgs/_key_event_msgs_s.ep.rosidl_typesupport_fastrtps_c.c
[2.015s] -- Installing: /home/kousei/2DRoboPrac_ws/ros2_ws/install/key_event_msgs/local/lib/python3.10/dist-packages/key_event_msgs/msg
[2.015s] -- Installing: /home/kousei/2DRoboPrac_ws/ros2_ws/install/key_event_msgs/local/lib/python3.10/dist-packages/key_event_msgs/msg/__init__.py
[2.015s] -- Installing: /home/kousei/2DRoboPrac_ws/ros2_ws/install/key_event_msgs/local/lib/python3.10/dist-packages/key_event_msgs/msg/_key_event_s.c
[2.015s] -- Installing: /home/kousei/2DRoboPrac_ws/ros2_ws/install/key_event_msgs/local/lib/python3.10/dist-packages/key_event_msgs/msg/_key_event.py
[2.015s] -- Installing: /home/kousei/2DRoboPrac_ws/ros2_ws/install/key_event_msgs/local/lib/python3.10/dist-packages/key_event_msgs/key_event_msgs_s__rosidl_typesupport_fastrtps_c.cpython-310-x86_64-linux-gnu.so
[2.015s] -- Installing: /home/kousei/2DRoboPrac_ws/ros2_ws/install/key_event_msgs/local/lib/python3.10/dist-packages/key_event_msgs/libkey_event_msgs__rosidl_generator_py.so
[2.034s] Listing '/home/kousei/2DRoboPrac_ws/ros2_ws/install/key_event_msgs/local/lib/python3.10/dist-packages/key_event_msgs'...
[2.034s] Compiling '/home/kousei/2DRoboPrac_ws/ros2_ws/install/key_event_msgs/local/lib/python3.10/dist-packages/key_event_msgs/__init__.py'...
[2.034s] Listing '/home/kousei/2DRoboPrac_ws/ros2_ws/install/key_event_msgs/local/lib/python3.10/dist-packages/key_event_msgs/msg'...
[2.034s] Compiling '/home/kousei/2DRoboPrac_ws/ros2_ws/install/key_event_msgs/local/lib/python3.10/dist-packages/key_event_msgs/msg/__init__.py'...
[2.034s] Compiling '/home/kousei/2DRoboPrac_ws/ros2_ws/install/key_event_msgs/local/lib/python3.10/dist-packages/key_event_msgs/msg/_key_event.py'...
[2.037s] -- Installing: /home/kousei/2DRoboPrac_ws/ros2_ws/install/key_event_msgs/local/lib/python3.10/dist-packages/key_event_msgs/key_event_msgs_s__rosidl_typesupport_fastrtps_c.cpython-310-x86_64-linux-gnu.so
[2.037s] -- Set runtime path of "/home/kousei/2DRoboPrac_ws/ros2_ws/install/key_event_msgs/local/lib/python3.10/dist-packages/key_event_msgs/key_event_msgs_s__rosidl_typesupport_fastrtps_c.cpython-310-x86_64-linux-gnu.so" to ""
[2.037s] -- Installing: /home/kousei/2DRoboPrac_ws/ros2_ws/install/key_event_msgs/local/lib/python3.10/dist-packages/key_event_msgs/key_event_msgs_s__rosidl_typesupport_introspection_c.cpython-310-x86_64-linux-gnu.so
[2.037s] -- Set runtime path of "/home/kousei/2DRoboPrac_ws/ros2_ws/install/key_event_msgs/local/lib/python3.10/dist-packages/key_event_msgs/key_event_msgs_s__rosidl_typesupport_introspection_c.cpython-310-x86_64-linux-gnu.so" to ""
[2.037s] -- Installing: /home/kousei/2DRoboPrac_ws/ros2_ws/install/key_event_msgs/local/lib/python3.10/dist-packages/key_event_msgs/key_event_msgs_s__rosidl_typesupport_c.cpython-310-x86_64-linux-gnu.so
[2.037s] -- Set runtime path of "/home/kousei/2DRoboPrac_ws/ros2_ws/install/key_event_msgs/local/lib/python3.10/dist-packages/key_event_msgs/key_event_msgs_s__rosidl_typesupport_c.cpython-310-x86_64-linux-gnu.so" to ""
[2.037s] -- Installing: /home/kousei/2DRoboPrac_ws/ros2_ws/install/key_event_msgs/lib/libkey_event_msgs__rosidl_generator_py.so
[2.037s] -- Set runtime path of "/home/kousei/2DRoboPrac_ws/ros2_ws/install/key_event_msgs/lib/libkey_event_msgs__rosidl_generator_py.so" to ""
[2.037s] -- Installing: /home/kousei/2DRoboPrac_ws/ros2_ws/install/key_event_msgs/share/key_event_msgs/msg/KeyEvent.idl
[2.037s] -- Installing: /home/kousei/2DRoboPrac_ws/ros2_ws/install/key_event_msgs/share/key_event_msgs/msg/KeyEvent.msg
[2.037s] -- Installing: /home/kousei/2DRoboPrac_ws/ros2_ws/install/key_event_msgs/share/ament_index/resource_index/package_run_dependencies/key_event_msgs
[2.037s] -- Installing: /home/kousei/2DRoboPrac_ws/ros2_ws/install/key_event_msgs/share/ament_index/resource_index/parent_prefix_path/key_event_msgs
[2.038s] -- Installing: /home/kousei/2DRoboPrac_ws/ros2_ws/install/key_event_msgs/share/key_event_msgs/environment/ament_prefix_path.sh
[2.038s] -- Installing: /home/kousei/2DRoboPrac_ws/ros2_ws/install/key_event_msgs/share/key_event_msgs/environment/ament_prefix_path.dsv
[2.038s] -- Installing: /home/kousei/2DRoboPrac_ws/ros2_ws/install/key_event_msgs/share/key_event_msgs/environment/path.sh
[2.038s] -- Installing: /home/kousei/2DRoboPrac_ws/ros2_ws/install/key_event_msgs/share/key_event_msgs/environment/path.dsv
[2.038s] -- Installing: /home/kousei/2DRoboPrac_ws/ros2_ws/install/key_event_msgs/share/key_event_msgs/local_setup.bash
[2.038s] -- Installing: /home/kousei/2DRoboPrac_ws/ros2_ws/install/key_event_msgs/share/key_event_msgs/local_setup.sh
[2.038s] -- Installing: /home/kousei/2DRoboPrac_ws/ros2_ws/install/key_event_msgs/share/key_event_msgs/local_setup.zsh
[2.038s] -- Installing: /home/kousei/2DRoboPrac_ws/ros2_ws/install/key_event_msgs/share/key_event_msgs/local_setup.dsv
[2.038s] -- Installing: /home/kousei/2DRoboPrac_ws/ros2_ws/install/key_event_msgs/share/key_event_msgs/package.dsv
[2.038s] -- Installing: /home/kousei/2DRoboPrac_ws/ros2_ws/install/key_event_msgs/share/ament_index/resource_index/packages/key_event_msgs
[2.038s] -- Installing: /home/kousei/2DRoboPrac_ws/ros2_ws/install/key_event_msgs/share/key_event_msgs/cmake/export_key_event_msgs__rosidl_generator_cExport.cmake
[2.038s] -- Installing: /home/kousei/2DRoboPrac_ws/ros2_ws/install/key_event_msgs/share/key_event_msgs/cmake/export_key_event_msgs__rosidl_generator_cExport-noconfig.cmake
[2.038s] -- Installing: /home/kousei/2DRoboPrac_ws/ros2_ws/install/key_event_msgs/share/key_event_msgs/cmake/export_key_event_msgs__rosidl_typesupport_fastrtps_cExport.cmake
[2.038s] -- Installing: /home/kousei/2DRoboPrac_ws/ros2_ws/install/key_event_msgs/share/key_event_msgs/cmake/export_key_event_msgs__rosidl_typesupport_fastrtps_cExport-noconfig.cmake
[2.038s] -- Installing: /home/kousei/2DRoboPrac_ws/ros2_ws/install/key_event_msgs/share/key_event_msgs/cmake/key_event_msgs__rosidl_typesupport_introspection_cExport.cmake
[2.038s] -- Installing: /home/kousei/2DRoboPrac_ws/ros2_ws/install/key_event_msgs/share/key_event_msgs/cmake/key_event_msgs__rosidl_typesupport_introspection_cExport-noconfig.cmake
[2.039s] -- Installing: /home/kousei/2DRoboPrac_ws/ros2_ws/install/key_event_msgs/share/key_event_msgs/cmake/key_event_msgs__rosidl_typesupport_cExport.cmake
[2.039s] -- Installing: /home/kousei/2DRoboPrac_ws/ros2_ws/install/key_event_msgs/share/key_event_msgs/cmake/key_event_msgs__rosidl_typesupport_cExport-noconfig.cmake
[2.039s] -- Installing: /home/kousei/2DRoboPrac_ws/ros2_ws/install/key_event_msgs/share/key_event_msgs/cmake/export_key_event_msgs__rosidl_generator_cppExport.cmake
[2.039s] -- Installing: /home/kousei/2DRoboPrac_ws/ros2_ws/install/key_event_msgs/share/key_event_msgs/cmake/export_key_event_msgs__rosidl_typesupport_fastrtps_cppExport.cmake
[2.039s] -- Installing: /home/kousei/2DRoboPrac_ws/ros2_ws/install/key_event_msgs/share/key_event_msgs/cmake/export_key_event_msgs__rosidl_typesupport_fastrtps_cppExport-noconfig.cmake
[2.039s] -- Installing: /home/kousei/2DRoboPrac_ws/ros2_ws/install/key_event_msgs/share/key_event_msgs/cmake/key_event_msgs__rosidl_typesupport_introspection_cppExport.cmake
[2.039s] -- Installing: /home/kousei/2DRoboPrac_ws/ros2_ws/install/key_event_msgs/share/key_event_msgs/cmake/key_event_msgs__rosidl_typesupport_introspection_cppExport-noconfig.cmake
[2.039s] -- Installing: /home/kousei/2DRoboPrac_ws/ros2_ws/install/key_event_msgs/share/key_event_msgs/cmake/key_event_msgs__rosidl_typesupport_cppExport.cmake
[2.039s] -- Installing: /home/kousei/2DRoboPrac_ws/ros2_ws/install/key_event_msgs/share/key_event_msgs/cmake/key_event_msgs__rosidl_typesupport_cppExport-noconfig.cmake
[2.039s] -- Installing: /home/kousei/2DRoboPrac_ws/ros2_ws/install/key_event_msgs/share/key_event_msgs/cmake/export_key_event_msgs__rosidl_generator_pyExport.cmake
[2.039s] -- Installing: /home/kousei/2DRoboPrac_ws/ros2_ws/install/key_event_msgs/share/key_event_msgs/cmake/export_key_event_msgs__rosidl_generator_pyExport-noconfig.cmake
[2.039s] -- Installing: /home/kousei/2DRoboPrac_ws/ros2_ws/install/key_event_msgs/share/key_event_msgs/cmake/rosidl_cmake-extras.cmake
[2.039s] -- Installing: /home/kousei/2DRoboPrac_ws/ros2_ws/install/key_event_msgs/share/key_event_msgs/cmake/ament_cmake_export_include_directories-extras.cmake
[2.039s] -- Installing: /home/kousei/2DRoboPrac_ws/ros2_ws/install/key_event_msgs/share/key_event_msgs/cmake/ament_cmake_export_libraries-extras.cmake
[2.039s] -- Installing: /home/kousei/2DRoboPrac_ws/ros2_ws/install/key_event_msgs/share/key_event_msgs/cmake/ament_cmake_export_targets-extras.cmake
[2.039s] -- Installing: /home/kousei/2DRoboPrac_ws/ros2_ws/install/key_event_msgs/share/key_event_msgs/cmake/rosidl_cmake_export_typesupport_targets-extras.cmake
[2.040s] -- Installing: /home/kousei/2DRoboPrac_ws/ros2_ws/install/key_event_msgs/share/key_event_msgs/cmake/ament_cmake_export_dependencies-extras.cmake
[2.040s] -- Installing: /home/kousei/2DRoboPrac_ws/ros2_ws/install/key_event_msgs/share/key_event_msgs/cmake/rosidl_cmake_export_typesupport_libraries-extras.cmake
[2.040s] -- Installing: /home/kousei/2DRoboPrac_ws/ros2_ws/install/key_event_msgs/share/key_event_msgs/cmake/key_event_msgsConfig.cmake
[2.040s] -- Installing: /home/kousei/2DRoboPrac_ws/ros2_ws/install/key_event_msgs/share/key_event_msgs/cmake/key_event_msgsConfig-version.cmake
[2.040s] -- Installing: /home/kousei/2DRoboPrac_ws/ros2_ws/install/key_event_msgs/share/key_event_msgs/package.xml
[2.041s] Invoked command in '/home/kousei/2DRoboPrac_ws/ros2_ws/build/key_event_msgs' returned '0': CMAKE_PREFIX_PATH=${CMAKE_PREFIX_PATH}:/opt/ros/humble /usr/bin/cmake --install /home/kousei/2DRoboPrac_ws/ros2_ws/build/key_event_msgs
