[0.036s] Invoking command in '/home/kousei/2DRoboPrac_ws/ros2_ws/build/urdf_tutorial': CMAKE_PREFIX_PATH=${CMAKE_PREFIX_PATH}:/opt/ros/humble /usr/bin/cmake /home/kousei/2DRoboPrac_ws/ros2_ws/src/urdf_tutorial -DCMAKE_INSTALL_PREFIX=/home/kousei/2DRoboPrac_ws/ros2_ws/install/urdf_tutorial
[0.069s] -- The C compiler identification is GNU 11.4.0
[0.102s] -- The CXX compiler identification is GNU 11.4.0
[0.107s] -- Detecting C compiler ABI info
[0.147s] -- Detecting C compiler ABI info - done
[0.151s] -- Check for working C compiler: /usr/bin/cc - skipped
[0.151s] -- Detecting C compile features
[0.152s] -- Detecting C compile features - done
[0.154s] -- Detecting CXX compiler ABI info
[0.204s] -- Detecting CXX compiler ABI info - done
[0.208s] -- Check for working CXX compiler: /usr/bin/c++ - skipped
[0.209s] -- Detecting CXX compile features
[0.209s] -- Detecting CXX compile features - done
[0.211s] -- Found ament_cmake: 1.3.6 (/opt/ros/humble/share/ament_cmake/cmake)
[0.326s] -- Found Python3: /usr/bin/python3.10 (found version "3.10.12") found components: Interpreter 
[0.389s] -- Found ament_lint_auto: 0.12.9 (/opt/ros/humble/share/ament_lint_auto/cmake)
[0.430s] -- Configuring done
[0.431s] -- Generating done
[0.431s] -- Build files have been written to: /home/kousei/2DRoboPrac_ws/ros2_ws/build/urdf_tutorial
[0.436s] Invoked command in '/home/kousei/2DRoboPrac_ws/ros2_ws/build/urdf_tutorial' returned '0': CMAKE_PREFIX_PATH=${CMAKE_PREFIX_PATH}:/opt/ros/humble /usr/bin/cmake /home/kousei/2DRoboPrac_ws/ros2_ws/src/urdf_tutorial -DCMAKE_INSTALL_PREFIX=/home/kousei/2DRoboPrac_ws/ros2_ws/install/urdf_tutorial
[0.436s] Invoking command in '/home/kousei/2DRoboPrac_ws/ros2_ws/build/urdf_tutorial': CMAKE_PREFIX_PATH=${CMAKE_PREFIX_PATH}:/opt/ros/humble /usr/bin/cmake --build /home/kousei/2DRoboPrac_ws/ros2_ws/build/urdf_tutorial -- -j16 -l16
[0.459s] Invoked command in '/home/kousei/2DRoboPrac_ws/ros2_ws/build/urdf_tutorial' returned '0': CMAKE_PREFIX_PATH=${CMAKE_PREFIX_PATH}:/opt/ros/humble /usr/bin/cmake --build /home/kousei/2DRoboPrac_ws/ros2_ws/build/urdf_tutorial -- -j16 -l16
[0.478s] Invoking command in '/home/kousei/2DRoboPrac_ws/ros2_ws/build/urdf_tutorial': CMAKE_PREFIX_PATH=${CMAKE_PREFIX_PATH}:/opt/ros/humble /usr/bin/cmake --install /home/kousei/2DRoboPrac_ws/ros2_ws/build/urdf_tutorial
[0.483s] -- Install configuration: ""
[0.483s] -- Installing: /home/kousei/2DRoboPrac_ws/ros2_ws/install/urdf_tutorial/share/urdf_tutorial/images
[0.483s] -- Installing: /home/kousei/2DRoboPrac_ws/ros2_ws/install/urdf_tutorial/share/urdf_tutorial/images/myfirst.png
[0.483s] -- Installing: /home/kousei/2DRoboPrac_ws/ros2_ws/install/urdf_tutorial/share/urdf_tutorial/images/flexible.png
[0.483s] -- Installing: /home/kousei/2DRoboPrac_ws/ros2_ws/install/urdf_tutorial/share/urdf_tutorial/images/origins.png
[0.483s] -- Installing: /home/kousei/2DRoboPrac_ws/ros2_ws/install/urdf_tutorial/share/urdf_tutorial/images/visual.png
[0.483s] -- Installing: /home/kousei/2DRoboPrac_ws/ros2_ws/install/urdf_tutorial/share/urdf_tutorial/images/multipleshapes.png
[0.483s] -- Installing: /home/kousei/2DRoboPrac_ws/ros2_ws/install/urdf_tutorial/share/urdf_tutorial/images/materials.png
[0.483s] -- Installing: /home/kousei/2DRoboPrac_ws/ros2_ws/install/urdf_tutorial/share/urdf_tutorial/launch
[0.484s] -- Installing: /home/kousei/2DRoboPrac_ws/ros2_ws/install/urdf_tutorial/share/urdf_tutorial/launch/display.launch.py
[0.484s] -- Installing: /home/kousei/2DRoboPrac_ws/ros2_ws/install/urdf_tutorial/share/urdf_tutorial/meshes
[0.484s] -- Installing: /home/kousei/2DRoboPrac_ws/ros2_ws/install/urdf_tutorial/share/urdf_tutorial/meshes/l_finger_color.png
[0.484s] -- Installing: /home/kousei/2DRoboPrac_ws/ros2_ws/install/urdf_tutorial/share/urdf_tutorial/meshes/l_finger_tip.dae
[0.484s] -- Installing: /home/kousei/2DRoboPrac_ws/ros2_ws/install/urdf_tutorial/share/urdf_tutorial/meshes/l_finger_tip_color.png
[0.484s] -- Installing: /home/kousei/2DRoboPrac_ws/ros2_ws/install/urdf_tutorial/share/urdf_tutorial/meshes/l_finger.dae
[0.484s] -- Installing: /home/kousei/2DRoboPrac_ws/ros2_ws/install/urdf_tutorial/share/urdf_tutorial/rviz
[0.484s] -- Installing: /home/kousei/2DRoboPrac_ws/ros2_ws/install/urdf_tutorial/share/urdf_tutorial/rviz/urdf.rviz
[0.484s] -- Installing: /home/kousei/2DRoboPrac_ws/ros2_ws/install/urdf_tutorial/share/urdf_tutorial/urdf
[0.484s] -- Installing: /home/kousei/2DRoboPrac_ws/ros2_ws/install/urdf_tutorial/share/urdf_tutorial/urdf/08-macroed.urdf.xacro
[0.484s] -- Installing: /home/kousei/2DRoboPrac_ws/ros2_ws/install/urdf_tutorial/share/urdf_tutorial/urdf/06-flexible.urdf
[0.484s] -- Installing: /home/kousei/2DRoboPrac_ws/ros2_ws/install/urdf_tutorial/share/urdf_tutorial/urdf/07-physics.urdf
[0.484s] -- Installing: /home/kousei/2DRoboPrac_ws/ros2_ws/install/urdf_tutorial/share/urdf_tutorial/urdf/03-origins.urdf
[0.485s] -- Installing: /home/kousei/2DRoboPrac_ws/ros2_ws/install/urdf_tutorial/share/urdf_tutorial/urdf/05-visual.urdf
[0.485s] -- Installing: /home/kousei/2DRoboPrac_ws/ros2_ws/install/urdf_tutorial/share/urdf_tutorial/urdf/02-multipleshapes.urdf
[0.485s] -- Installing: /home/kousei/2DRoboPrac_ws/ros2_ws/install/urdf_tutorial/share/urdf_tutorial/urdf/04-materials.urdf
[0.485s] -- Installing: /home/kousei/2DRoboPrac_ws/ros2_ws/install/urdf_tutorial/share/urdf_tutorial/urdf/01-myfirst.urdf
[0.485s] -- Installing: /home/kousei/2DRoboPrac_ws/ros2_ws/install/urdf_tutorial/share/ament_index/resource_index/package_run_dependencies/urdf_tutorial
[0.485s] -- Installing: /home/kousei/2DRoboPrac_ws/ros2_ws/install/urdf_tutorial/share/ament_index/resource_index/parent_prefix_path/urdf_tutorial
[0.485s] -- Installing: /home/kousei/2DRoboPrac_ws/ros2_ws/install/urdf_tutorial/share/urdf_tutorial/environment/ament_prefix_path.sh
[0.485s] -- Installing: /home/kousei/2DRoboPrac_ws/ros2_ws/install/urdf_tutorial/share/urdf_tutorial/environment/ament_prefix_path.dsv
[0.485s] -- Installing: /home/kousei/2DRoboPrac_ws/ros2_ws/install/urdf_tutorial/share/urdf_tutorial/environment/path.sh
[0.485s] -- Installing: /home/kousei/2DRoboPrac_ws/ros2_ws/install/urdf_tutorial/share/urdf_tutorial/environment/path.dsv
[0.485s] -- Installing: /home/kousei/2DRoboPrac_ws/ros2_ws/install/urdf_tutorial/share/urdf_tutorial/local_setup.bash
[0.485s] -- Installing: /home/kousei/2DRoboPrac_ws/ros2_ws/install/urdf_tutorial/share/urdf_tutorial/local_setup.sh
[0.485s] -- Installing: /home/kousei/2DRoboPrac_ws/ros2_ws/install/urdf_tutorial/share/urdf_tutorial/local_setup.zsh
[0.485s] -- Installing: /home/kousei/2DRoboPrac_ws/ros2_ws/install/urdf_tutorial/share/urdf_tutorial/local_setup.dsv
[0.485s] -- Installing: /home/kousei/2DRoboPrac_ws/ros2_ws/install/urdf_tutorial/share/urdf_tutorial/package.dsv
[0.486s] -- Installing: /home/kousei/2DRoboPrac_ws/ros2_ws/install/urdf_tutorial/share/ament_index/resource_index/packages/urdf_tutorial
[0.486s] -- Installing: /home/kousei/2DRoboPrac_ws/ros2_ws/install/urdf_tutorial/share/urdf_tutorial/cmake/urdf_tutorialConfig.cmake
[0.486s] -- Installing: /home/kousei/2DRoboPrac_ws/ros2_ws/install/urdf_tutorial/share/urdf_tutorial/cmake/urdf_tutorialConfig-version.cmake
[0.486s] -- Installing: /home/kousei/2DRoboPrac_ws/ros2_ws/install/urdf_tutorial/share/urdf_tutorial/package.xml
[0.486s] Invoked command in '/home/kousei/2DRoboPrac_ws/ros2_ws/build/urdf_tutorial' returned '0': CMAKE_PREFIX_PATH=${CMAKE_PREFIX_PATH}:/opt/ros/humble /usr/bin/cmake --install /home/kousei/2DRoboPrac_ws/ros2_ws/build/urdf_tutorial
