[0.039s] Invoking command in '/home/kousei/2DRoboPrac_ws/ros2_ws/build/nav_real': CMAKE_PREFIX_PATH=/home/kousei/2DRoboPrac_ws/ros2_ws/install/key_event_nodes:/home/kousei/2DRoboPrac_ws/ros2_ws/install/key_event_msgs:/home/kousei/2DRoboPrac_ws/ros2_ws/install/drive_msgs:/home/kousei/2DRoboPrac_ws/ros2_ws/install/urg_node2:/home/kousei/2DRoboPrac_ws/ros2_ws/install/nav_real:/home/kousei/2DRoboPrac_ws/ros2_ws/install/nav_dev:/home/kousei/2DRoboPrac_ws/ros2_ws/install/drive_pkg:/home/kousei/2DRoboPrac_ws/ros2_ws/install/cpp_topic_pubsub:/opt/ros/humble LD_LIBRARY_PATH=/home/kousei/2DRoboPrac_ws/ros2_ws/install/key_event_nodes/lib:/home/kousei/2DRoboPrac_ws/ros2_ws/install/key_event_msgs/lib:/home/kousei/2DRoboPrac_ws/ros2_ws/install/drive_msgs/lib:/home/kousei/2DRoboPrac_ws/ros2_ws/install/urg_node2/lib:/home/kousei/2DRoboPrac_ws/ros2_ws/install/drive_pkg/lib:/home/kousei/2DRoboPrac_ws/ros2_ws/install/cpp_topic_pubsub/lib:/usr/lib/x86_64-linux-gnu/gazebo-11/plugins:/opt/ros/humble/opt/rviz_ogre_vendor/lib:/opt/ros/humble/lib/x86_64-linux-gnu:/opt/ros/humble/lib /usr/bin/cmake --build /home/kousei/2DRoboPrac_ws/ros2_ws/build/nav_real -- -j16 -l16
[0.078s] [ 16%] Built target test_pub_node
[0.079s] [ 33%] Built target counter_node
[0.079s] [ 50%] Built target raspi_node
[0.080s] [ 66%] Built target simple_dd_node
[0.082s] [ 83%] Built target joy_transrate_node
[0.082s] [100%] Built target diff_drive_node
[0.090s] Invoked command in '/home/kousei/2DRoboPrac_ws/ros2_ws/build/nav_real' returned '0': CMAKE_PREFIX_PATH=/home/kousei/2DRoboPrac_ws/ros2_ws/install/key_event_nodes:/home/kousei/2DRoboPrac_ws/ros2_ws/install/key_event_msgs:/home/kousei/2DRoboPrac_ws/ros2_ws/install/drive_msgs:/home/kousei/2DRoboPrac_ws/ros2_ws/install/urg_node2:/home/kousei/2DRoboPrac_ws/ros2_ws/install/nav_real:/home/kousei/2DRoboPrac_ws/ros2_ws/install/nav_dev:/home/kousei/2DRoboPrac_ws/ros2_ws/install/drive_pkg:/home/kousei/2DRoboPrac_ws/ros2_ws/install/cpp_topic_pubsub:/opt/ros/humble LD_LIBRARY_PATH=/home/kousei/2DRoboPrac_ws/ros2_ws/install/key_event_nodes/lib:/home/kousei/2DRoboPrac_ws/ros2_ws/install/key_event_msgs/lib:/home/kousei/2DRoboPrac_ws/ros2_ws/install/drive_msgs/lib:/home/kousei/2DRoboPrac_ws/ros2_ws/install/urg_node2/lib:/home/kousei/2DRoboPrac_ws/ros2_ws/install/drive_pkg/lib:/home/kousei/2DRoboPrac_ws/ros2_ws/install/cpp_topic_pubsub/lib:/usr/lib/x86_64-linux-gnu/gazebo-11/plugins:/opt/ros/humble/opt/rviz_ogre_vendor/lib:/opt/ros/humble/lib/x86_64-linux-gnu:/opt/ros/humble/lib /usr/bin/cmake --build /home/kousei/2DRoboPrac_ws/ros2_ws/build/nav_real -- -j16 -l16
[0.139s] Invoking command in '/home/kousei/2DRoboPrac_ws/ros2_ws/build/nav_real': CMAKE_PREFIX_PATH=/home/kousei/2DRoboPrac_ws/ros2_ws/install/key_event_nodes:/home/kousei/2DRoboPrac_ws/ros2_ws/install/key_event_msgs:/home/kousei/2DRoboPrac_ws/ros2_ws/install/drive_msgs:/home/kousei/2DRoboPrac_ws/ros2_ws/install/urg_node2:/home/kousei/2DRoboPrac_ws/ros2_ws/install/nav_real:/home/kousei/2DRoboPrac_ws/ros2_ws/install/nav_dev:/home/kousei/2DRoboPrac_ws/ros2_ws/install/drive_pkg:/home/kousei/2DRoboPrac_ws/ros2_ws/install/cpp_topic_pubsub:/opt/ros/humble LD_LIBRARY_PATH=/home/kousei/2DRoboPrac_ws/ros2_ws/install/key_event_nodes/lib:/home/kousei/2DRoboPrac_ws/ros2_ws/install/key_event_msgs/lib:/home/kousei/2DRoboPrac_ws/ros2_ws/install/drive_msgs/lib:/home/kousei/2DRoboPrac_ws/ros2_ws/install/urg_node2/lib:/home/kousei/2DRoboPrac_ws/ros2_ws/install/drive_pkg/lib:/home/kousei/2DRoboPrac_ws/ros2_ws/install/cpp_topic_pubsub/lib:/usr/lib/x86_64-linux-gnu/gazebo-11/plugins:/opt/ros/humble/opt/rviz_ogre_vendor/lib:/opt/ros/humble/lib/x86_64-linux-gnu:/opt/ros/humble/lib /usr/bin/cmake --install /home/kousei/2DRoboPrac_ws/ros2_ws/build/nav_real
[0.144s] -- Install configuration: ""
[0.144s] -- Up-to-date: /home/kousei/2DRoboPrac_ws/ros2_ws/install/nav_real/include
[0.144s] -- Up-to-date: /home/kousei/2DRoboPrac_ws/ros2_ws/install/nav_real/include/nav_real
[0.144s] -- Up-to-date: /home/kousei/2DRoboPrac_ws/ros2_ws/install/nav_real/lib/nav_real/counter_node
[0.144s] -- Up-to-date: /home/kousei/2DRoboPrac_ws/ros2_ws/install/nav_real/lib/nav_real/test_pub_node
[0.144s] -- Up-to-date: /home/kousei/2DRoboPrac_ws/ros2_ws/install/nav_real/lib/nav_real/raspi_node
[0.144s] -- Up-to-date: /home/kousei/2DRoboPrac_ws/ros2_ws/install/nav_real/lib/nav_real/joy_transrate_node
[0.144s] -- Up-to-date: /home/kousei/2DRoboPrac_ws/ros2_ws/install/nav_real/lib/nav_real/diff_drive_node
[0.144s] -- Up-to-date: /home/kousei/2DRoboPrac_ws/ros2_ws/install/nav_real/lib/nav_real/simple_dd_node
[0.144s] -- Up-to-date: /home/kousei/2DRoboPrac_ws/ros2_ws/install/nav_real/share/nav_real/config
[0.144s] -- Up-to-date: /home/kousei/2DRoboPrac_ws/ros2_ws/install/nav_real/share/nav_real/config/params.yaml
[0.145s] -- Up-to-date: /home/kousei/2DRoboPrac_ws/ros2_ws/install/nav_real/share/nav_real/launch
[0.145s] -- Installing: /home/kousei/2DRoboPrac_ws/ros2_ws/install/nav_real/share/nav_real/launch/diff_drive.launch.py
[0.145s] -- Up-to-date: /home/kousei/2DRoboPrac_ws/ros2_ws/install/nav_real/share/ament_index/resource_index/package_run_dependencies/nav_real
[0.145s] -- Up-to-date: /home/kousei/2DRoboPrac_ws/ros2_ws/install/nav_real/share/ament_index/resource_index/parent_prefix_path/nav_real
[0.145s] -- Up-to-date: /home/kousei/2DRoboPrac_ws/ros2_ws/install/nav_real/share/nav_real/environment/ament_prefix_path.sh
[0.145s] -- Up-to-date: /home/kousei/2DRoboPrac_ws/ros2_ws/install/nav_real/share/nav_real/environment/ament_prefix_path.dsv
[0.145s] -- Up-to-date: /home/kousei/2DRoboPrac_ws/ros2_ws/install/nav_real/share/nav_real/environment/path.sh
[0.145s] -- Up-to-date: /home/kousei/2DRoboPrac_ws/ros2_ws/install/nav_real/share/nav_real/environment/path.dsv
[0.145s] -- Up-to-date: /home/kousei/2DRoboPrac_ws/ros2_ws/install/nav_real/share/nav_real/local_setup.bash
[0.145s] -- Up-to-date: /home/kousei/2DRoboPrac_ws/ros2_ws/install/nav_real/share/nav_real/local_setup.sh
[0.145s] -- Up-to-date: /home/kousei/2DRoboPrac_ws/ros2_ws/install/nav_real/share/nav_real/local_setup.zsh
[0.146s] -- Up-to-date: /home/kousei/2DRoboPrac_ws/ros2_ws/install/nav_real/share/nav_real/local_setup.dsv
[0.146s] -- Up-to-date: /home/kousei/2DRoboPrac_ws/ros2_ws/install/nav_real/share/nav_real/package.dsv
[0.146s] -- Up-to-date: /home/kousei/2DRoboPrac_ws/ros2_ws/install/nav_real/share/ament_index/resource_index/packages/nav_real
[0.146s] -- Up-to-date: /home/kousei/2DRoboPrac_ws/ros2_ws/install/nav_real/share/nav_real/cmake/ament_cmake_export_dependencies-extras.cmake
[0.147s] -- Up-to-date: /home/kousei/2DRoboPrac_ws/ros2_ws/install/nav_real/share/nav_real/cmake/ament_cmake_export_include_directories-extras.cmake
[0.147s] -- Up-to-date: /home/kousei/2DRoboPrac_ws/ros2_ws/install/nav_real/share/nav_real/cmake/nav_realConfig.cmake
[0.147s] -- Up-to-date: /home/kousei/2DRoboPrac_ws/ros2_ws/install/nav_real/share/nav_real/cmake/nav_realConfig-version.cmake
[0.147s] -- Up-to-date: /home/kousei/2DRoboPrac_ws/ros2_ws/install/nav_real/share/nav_real/package.xml
[0.147s] Invoked command in '/home/kousei/2DRoboPrac_ws/ros2_ws/build/nav_real' returned '0': CMAKE_PREFIX_PATH=/home/kousei/2DRoboPrac_ws/ros2_ws/install/key_event_nodes:/home/kousei/2DRoboPrac_ws/ros2_ws/install/key_event_msgs:/home/kousei/2DRoboPrac_ws/ros2_ws/install/drive_msgs:/home/kousei/2DRoboPrac_ws/ros2_ws/install/urg_node2:/home/kousei/2DRoboPrac_ws/ros2_ws/install/nav_real:/home/kousei/2DRoboPrac_ws/ros2_ws/install/nav_dev:/home/kousei/2DRoboPrac_ws/ros2_ws/install/drive_pkg:/home/kousei/2DRoboPrac_ws/ros2_ws/install/cpp_topic_pubsub:/opt/ros/humble LD_LIBRARY_PATH=/home/kousei/2DRoboPrac_ws/ros2_ws/install/key_event_nodes/lib:/home/kousei/2DRoboPrac_ws/ros2_ws/install/key_event_msgs/lib:/home/kousei/2DRoboPrac_ws/ros2_ws/install/drive_msgs/lib:/home/kousei/2DRoboPrac_ws/ros2_ws/install/urg_node2/lib:/home/kousei/2DRoboPrac_ws/ros2_ws/install/drive_pkg/lib:/home/kousei/2DRoboPrac_ws/ros2_ws/install/cpp_topic_pubsub/lib:/usr/lib/x86_64-linux-gnu/gazebo-11/plugins:/opt/ros/humble/opt/rviz_ogre_vendor/lib:/opt/ros/humble/lib/x86_64-linux-gnu:/opt/ros/humble/lib /usr/bin/cmake --install /home/kousei/2DRoboPrac_ws/ros2_ws/build/nav_real
