[0.459s] DEBUG:colcon:Command line arguments: ['/usr/bin/colcon', 'build']
[0.459s] DEBUG:colcon:Parsed command line arguments: Namespace(log_base=None, log_level=None, verb_name='build', build_base='build', install_base='install', merge_install=False, symlink_install=False, test_result_base=None, continue_on_error=False, executor='parallel', parallel_workers=16, event_handlers=None, ignore_user_meta=False, metas=['./colcon.meta'], base_paths=['.'], packages_ignore=None, packages_ignore_regex=None, paths=None, packages_up_to=None, packages_up_to_regex=None, packages_above=None, packages_above_and_dependencies=None, packages_above_depth=None, packages_select_by_dep=None, packages_skip_by_dep=None, packages_skip_up_to=None, packages_select_build_failed=False, packages_skip_build_finished=False, packages_select_test_failures=False, packages_skip_test_passed=False, packages_select=None, packages_skip=None, packages_select_regex=None, packages_skip_regex=None, packages_start=None, packages_end=None, allow_overriding=[], cmake_args=None, cmake_target=None, cmake_target_skip_unavailable=False, cmake_clean_cache=False, cmake_clean_first=False, cmake_force_configure=False, ament_cmake_args=None, catkin_cmake_args=None, catkin_skip_building_tests=False, verb_parser=<colcon_defaults.argument_parser.defaults.DefaultArgumentsDecorator object at 0x7fba2da2a170>, verb_extension=<colcon_core.verb.build.BuildVerb object at 0x7fba2decbb20>, main=<bound method BuildVerb.main of <colcon_core.verb.build.BuildVerb object at 0x7fba2decbb20>>)
[0.481s] Level 1:colcon.colcon_core.package_discovery:discover_packages(colcon_meta) check parameters
[0.482s] Level 1:colcon.colcon_core.package_discovery:discover_packages(recursive) check parameters
[0.482s] Level 1:colcon.colcon_core.package_discovery:discover_packages(ignore) check parameters
[0.482s] Level 1:colcon.colcon_core.package_discovery:discover_packages(path) check parameters
[0.482s] Level 1:colcon.colcon_core.package_discovery:discover_packages(colcon_meta) discover
[0.482s] Level 1:colcon.colcon_core.package_discovery:discover_packages(recursive) discover
[0.482s] INFO:colcon.colcon_core.package_discovery:Crawling recursively for packages in '/home/kousei/2DRoboPrac_ws/ros2_ws'
[0.482s] Level 1:colcon.colcon_core.package_identification:_identify(.) by extensions ['ignore', 'ignore_ament_install']
[0.482s] Level 1:colcon.colcon_core.package_identification:_identify(.) by extension 'ignore'
[0.482s] Level 1:colcon.colcon_core.package_identification:_identify(.) by extension 'ignore_ament_install'
[0.482s] Level 1:colcon.colcon_core.package_identification:_identify(.) by extensions ['colcon_pkg']
[0.482s] Level 1:colcon.colcon_core.package_identification:_identify(.) by extension 'colcon_pkg'
[0.482s] Level 1:colcon.colcon_core.package_identification:_identify(.) by extensions ['colcon_meta']
[0.482s] Level 1:colcon.colcon_core.package_identification:_identify(.) by extension 'colcon_meta'
[0.482s] Level 1:colcon.colcon_core.package_identification:_identify(.) by extensions ['ros']
[0.482s] Level 1:colcon.colcon_core.package_identification:_identify(.) by extension 'ros'
[0.488s] Level 1:colcon.colcon_core.package_identification:_identify(.) by extensions ['cmake', 'python']
[0.488s] Level 1:colcon.colcon_core.package_identification:_identify(.) by extension 'cmake'
[0.489s] Level 1:colcon.colcon_core.package_identification:_identify(.) by extension 'python'
[0.489s] Level 1:colcon.colcon_core.package_identification:_identify(.) by extensions ['python_setup_py']
[0.489s] Level 1:colcon.colcon_core.package_identification:_identify(.) by extension 'python_setup_py'
[0.489s] Level 1:colcon.colcon_core.package_identification:_identify(build) by extensions ['ignore', 'ignore_ament_install']
[0.489s] Level 1:colcon.colcon_core.package_identification:_identify(build) by extension 'ignore'
[0.489s] Level 1:colcon.colcon_core.package_identification:_identify(build) ignored
[0.489s] Level 1:colcon.colcon_core.package_identification:_identify(install) by extensions ['ignore', 'ignore_ament_install']
[0.489s] Level 1:colcon.colcon_core.package_identification:_identify(install) by extension 'ignore'
[0.489s] Level 1:colcon.colcon_core.package_identification:_identify(install) ignored
[0.489s] Level 1:colcon.colcon_core.package_identification:_identify(log) by extensions ['ignore', 'ignore_ament_install']
[0.489s] Level 1:colcon.colcon_core.package_identification:_identify(log) by extension 'ignore'
[0.489s] Level 1:colcon.colcon_core.package_identification:_identify(log) ignored
[0.489s] Level 1:colcon.colcon_core.package_identification:_identify(src) by extensions ['ignore', 'ignore_ament_install']
[0.489s] Level 1:colcon.colcon_core.package_identification:_identify(src) by extension 'ignore'
[0.489s] Level 1:colcon.colcon_core.package_identification:_identify(src) by extension 'ignore_ament_install'
[0.489s] Level 1:colcon.colcon_core.package_identification:_identify(src) by extensions ['colcon_pkg']
[0.489s] Level 1:colcon.colcon_core.package_identification:_identify(src) by extension 'colcon_pkg'
[0.489s] Level 1:colcon.colcon_core.package_identification:_identify(src) by extensions ['colcon_meta']
[0.489s] Level 1:colcon.colcon_core.package_identification:_identify(src) by extension 'colcon_meta'
[0.489s] Level 1:colcon.colcon_core.package_identification:_identify(src) by extensions ['ros']
[0.489s] Level 1:colcon.colcon_core.package_identification:_identify(src) by extension 'ros'
[0.489s] Level 1:colcon.colcon_core.package_identification:_identify(src) by extensions ['cmake', 'python']
[0.489s] Level 1:colcon.colcon_core.package_identification:_identify(src) by extension 'cmake'
[0.489s] Level 1:colcon.colcon_core.package_identification:_identify(src) by extension 'python'
[0.489s] Level 1:colcon.colcon_core.package_identification:_identify(src) by extensions ['python_setup_py']
[0.489s] Level 1:colcon.colcon_core.package_identification:_identify(src) by extension 'python_setup_py'
[0.489s] Level 1:colcon.colcon_core.package_identification:_identify(src/drive_msgs) by extensions ['ignore', 'ignore_ament_install']
[0.489s] Level 1:colcon.colcon_core.package_identification:_identify(src/drive_msgs) by extension 'ignore'
[0.489s] Level 1:colcon.colcon_core.package_identification:_identify(src/drive_msgs) by extension 'ignore_ament_install'
[0.489s] Level 1:colcon.colcon_core.package_identification:_identify(src/drive_msgs) by extensions ['colcon_pkg']
[0.490s] Level 1:colcon.colcon_core.package_identification:_identify(src/drive_msgs) by extension 'colcon_pkg'
[0.490s] Level 1:colcon.colcon_core.package_identification:_identify(src/drive_msgs) by extensions ['colcon_meta']
[0.490s] Level 1:colcon.colcon_core.package_identification:_identify(src/drive_msgs) by extension 'colcon_meta'
[0.490s] Level 1:colcon.colcon_core.package_identification:_identify(src/drive_msgs) by extensions ['ros']
[0.490s] Level 1:colcon.colcon_core.package_identification:_identify(src/drive_msgs) by extension 'ros'
[0.491s] DEBUG:colcon.colcon_core.package_identification:Package 'src/drive_msgs' with type 'ros.ament_cmake' and name 'drive_msgs'
[0.491s] Level 1:colcon.colcon_core.package_identification:_identify(src/key_event_msgs) by extensions ['ignore', 'ignore_ament_install']
[0.491s] Level 1:colcon.colcon_core.package_identification:_identify(src/key_event_msgs) by extension 'ignore'
[0.491s] Level 1:colcon.colcon_core.package_identification:_identify(src/key_event_msgs) by extension 'ignore_ament_install'
[0.491s] Level 1:colcon.colcon_core.package_identification:_identify(src/key_event_msgs) by extensions ['colcon_pkg']
[0.491s] Level 1:colcon.colcon_core.package_identification:_identify(src/key_event_msgs) by extension 'colcon_pkg'
[0.491s] Level 1:colcon.colcon_core.package_identification:_identify(src/key_event_msgs) by extensions ['colcon_meta']
[0.491s] Level 1:colcon.colcon_core.package_identification:_identify(src/key_event_msgs) by extension 'colcon_meta'
[0.491s] Level 1:colcon.colcon_core.package_identification:_identify(src/key_event_msgs) by extensions ['ros']
[0.491s] Level 1:colcon.colcon_core.package_identification:_identify(src/key_event_msgs) by extension 'ros'
[0.492s] DEBUG:colcon.colcon_core.package_identification:Package 'src/key_event_msgs' with type 'ros.ament_cmake' and name 'key_event_msgs'
[0.492s] Level 1:colcon.colcon_core.package_identification:_identify(src/key_event_nodes) by extensions ['ignore', 'ignore_ament_install']
[0.492s] Level 1:colcon.colcon_core.package_identification:_identify(src/key_event_nodes) by extension 'ignore'
[0.492s] Level 1:colcon.colcon_core.package_identification:_identify(src/key_event_nodes) by extension 'ignore_ament_install'
[0.492s] Level 1:colcon.colcon_core.package_identification:_identify(src/key_event_nodes) by extensions ['colcon_pkg']
[0.492s] Level 1:colcon.colcon_core.package_identification:_identify(src/key_event_nodes) by extension 'colcon_pkg'
[0.492s] Level 1:colcon.colcon_core.package_identification:_identify(src/key_event_nodes) by extensions ['colcon_meta']
[0.492s] Level 1:colcon.colcon_core.package_identification:_identify(src/key_event_nodes) by extension 'colcon_meta'
[0.492s] Level 1:colcon.colcon_core.package_identification:_identify(src/key_event_nodes) by extensions ['ros']
[0.492s] Level 1:colcon.colcon_core.package_identification:_identify(src/key_event_nodes) by extension 'ros'
[0.492s] DEBUG:colcon.colcon_core.package_identification:Package 'src/key_event_nodes' with type 'ros.ament_cmake' and name 'key_event_nodes'
[0.492s] Level 1:colcon.colcon_core.package_identification:_identify(src/nav_dev) by extensions ['ignore', 'ignore_ament_install']
[0.492s] Level 1:colcon.colcon_core.package_identification:_identify(src/nav_dev) by extension 'ignore'
[0.492s] Level 1:colcon.colcon_core.package_identification:_identify(src/nav_dev) by extension 'ignore_ament_install'
[0.492s] Level 1:colcon.colcon_core.package_identification:_identify(src/nav_dev) by extensions ['colcon_pkg']
[0.492s] Level 1:colcon.colcon_core.package_identification:_identify(src/nav_dev) by extension 'colcon_pkg'
[0.492s] Level 1:colcon.colcon_core.package_identification:_identify(src/nav_dev) by extensions ['colcon_meta']
[0.492s] Level 1:colcon.colcon_core.package_identification:_identify(src/nav_dev) by extension 'colcon_meta'
[0.492s] Level 1:colcon.colcon_core.package_identification:_identify(src/nav_dev) by extensions ['ros']
[0.492s] Level 1:colcon.colcon_core.package_identification:_identify(src/nav_dev) by extension 'ros'
[0.493s] DEBUG:colcon.colcon_core.package_identification:Package 'src/nav_dev' with type 'ros.ament_cmake' and name 'nav_dev'
[0.493s] Level 1:colcon.colcon_core.package_identification:_identify(src/nav_real) by extensions ['ignore', 'ignore_ament_install']
[0.493s] Level 1:colcon.colcon_core.package_identification:_identify(src/nav_real) by extension 'ignore'
[0.493s] Level 1:colcon.colcon_core.package_identification:_identify(src/nav_real) by extension 'ignore_ament_install'
[0.493s] Level 1:colcon.colcon_core.package_identification:_identify(src/nav_real) by extensions ['colcon_pkg']
[0.493s] Level 1:colcon.colcon_core.package_identification:_identify(src/nav_real) by extension 'colcon_pkg'
[0.493s] Level 1:colcon.colcon_core.package_identification:_identify(src/nav_real) by extensions ['colcon_meta']
[0.493s] Level 1:colcon.colcon_core.package_identification:_identify(src/nav_real) by extension 'colcon_meta'
[0.493s] Level 1:colcon.colcon_core.package_identification:_identify(src/nav_real) by extensions ['ros']
[0.493s] Level 1:colcon.colcon_core.package_identification:_identify(src/nav_real) by extension 'ros'
[0.494s] DEBUG:colcon.colcon_core.package_identification:Package 'src/nav_real' with type 'ros.ament_cmake' and name 'nav_real'
[0.494s] Level 1:colcon.colcon_core.package_identification:_identify(src/urg_node2) by extensions ['ignore', 'ignore_ament_install']
[0.494s] Level 1:colcon.colcon_core.package_identification:_identify(src/urg_node2) by extension 'ignore'
[0.494s] Level 1:colcon.colcon_core.package_identification:_identify(src/urg_node2) by extension 'ignore_ament_install'
[0.494s] Level 1:colcon.colcon_core.package_identification:_identify(src/urg_node2) by extensions ['colcon_pkg']
[0.494s] Level 1:colcon.colcon_core.package_identification:_identify(src/urg_node2) by extension 'colcon_pkg'
[0.494s] Level 1:colcon.colcon_core.package_identification:_identify(src/urg_node2) by extensions ['colcon_meta']
[0.494s] Level 1:colcon.colcon_core.package_identification:_identify(src/urg_node2) by extension 'colcon_meta'
[0.494s] Level 1:colcon.colcon_core.package_identification:_identify(src/urg_node2) by extensions ['ros']
[0.494s] Level 1:colcon.colcon_core.package_identification:_identify(src/urg_node2) by extension 'ros'
[0.495s] DEBUG:colcon.colcon_core.package_identification:Package 'src/urg_node2' with type 'ros.ament_cmake' and name 'urg_node2'
[0.495s] Level 1:colcon.colcon_core.package_discovery:discover_packages(recursive) using defaults
[0.495s] Level 1:colcon.colcon_core.package_discovery:discover_packages(ignore) discover
[0.495s] Level 1:colcon.colcon_core.package_discovery:discover_packages(ignore) using defaults
[0.495s] Level 1:colcon.colcon_core.package_discovery:discover_packages(path) discover
[0.495s] Level 1:colcon.colcon_core.package_discovery:discover_packages(path) using defaults
[0.541s] Level 1:colcon.colcon_core.package_discovery:discover_packages(prefix_path) check parameters
[0.541s] Level 1:colcon.colcon_core.package_discovery:discover_packages(prefix_path) discover
[0.548s] WARNING:colcon.colcon_ros.prefix_path.ament:The path '/home/kousei/2DRoboPrac_ws/ros2_ws/install/urg_node2' in the environment variable AMENT_PREFIX_PATH doesn't exist
[0.548s] WARNING:colcon.colcon_ros.prefix_path.ament:The path '/home/kousei/2DRoboPrac_ws/ros2_ws/install/nav_real' in the environment variable AMENT_PREFIX_PATH doesn't exist
[0.548s] WARNING:colcon.colcon_ros.prefix_path.ament:The path '/home/kousei/2DRoboPrac_ws/ros2_ws/install/nav_dev' in the environment variable AMENT_PREFIX_PATH doesn't exist
[0.548s] WARNING:colcon.colcon_ros.prefix_path.ament:The path '/home/kousei/2DRoboPrac_ws/ros2_ws/install/key_event_nodes' in the environment variable AMENT_PREFIX_PATH doesn't exist
[0.548s] WARNING:colcon.colcon_ros.prefix_path.ament:The path '/home/kousei/2DRoboPrac_ws/ros2_ws/install/key_event_msgs' in the environment variable AMENT_PREFIX_PATH doesn't exist
[0.548s] WARNING:colcon.colcon_ros.prefix_path.ament:The path '/home/kousei/2DRoboPrac_ws/ros2_ws/install/drive_pkg' in the environment variable AMENT_PREFIX_PATH doesn't exist
[0.548s] WARNING:colcon.colcon_ros.prefix_path.ament:The path '/home/kousei/2DRoboPrac_ws/ros2_ws/install/cpp_topic_pubsub' in the environment variable AMENT_PREFIX_PATH doesn't exist
[0.548s] WARNING:colcon.colcon_ros.prefix_path.catkin:The path '/home/kousei/2DRoboPrac_ws/ros2_ws/install/urg_node2' in the environment variable CMAKE_PREFIX_PATH doesn't exist
[0.548s] WARNING:colcon.colcon_ros.prefix_path.catkin:The path '/home/kousei/2DRoboPrac_ws/ros2_ws/install/nav_real' in the environment variable CMAKE_PREFIX_PATH doesn't exist
[0.548s] WARNING:colcon.colcon_ros.prefix_path.catkin:The path '/home/kousei/2DRoboPrac_ws/ros2_ws/install/nav_dev' in the environment variable CMAKE_PREFIX_PATH doesn't exist
[0.548s] WARNING:colcon.colcon_ros.prefix_path.catkin:The path '/home/kousei/2DRoboPrac_ws/ros2_ws/install/key_event_nodes' in the environment variable CMAKE_PREFIX_PATH doesn't exist
[0.548s] WARNING:colcon.colcon_ros.prefix_path.catkin:The path '/home/kousei/2DRoboPrac_ws/ros2_ws/install/key_event_msgs' in the environment variable CMAKE_PREFIX_PATH doesn't exist
[0.548s] WARNING:colcon.colcon_ros.prefix_path.catkin:The path '/home/kousei/2DRoboPrac_ws/ros2_ws/install/drive_pkg' in the environment variable CMAKE_PREFIX_PATH doesn't exist
[0.548s] WARNING:colcon.colcon_ros.prefix_path.catkin:The path '/home/kousei/2DRoboPrac_ws/ros2_ws/install/cpp_topic_pubsub' in the environment variable CMAKE_PREFIX_PATH doesn't exist
[0.554s] DEBUG:colcon.colcon_installed_package_information.package_discovery:Found 0 installed packages in /home/kousei/2DRoboPrac_ws/ros2_ws/install
[0.562s] DEBUG:colcon.colcon_installed_package_information.package_discovery:Found 412 installed packages in /opt/ros/humble
[0.563s] Level 1:colcon.colcon_core.package_discovery:discover_packages(prefix_path) using defaults
[0.630s] Level 5:colcon.colcon_core.verb:set package 'drive_msgs' build argument 'cmake_args' from command line to 'None'
[0.630s] Level 5:colcon.colcon_core.verb:set package 'drive_msgs' build argument 'cmake_target' from command line to 'None'
[0.630s] Level 5:colcon.colcon_core.verb:set package 'drive_msgs' build argument 'cmake_target_skip_unavailable' from command line to 'False'
[0.630s] Level 5:colcon.colcon_core.verb:set package 'drive_msgs' build argument 'cmake_clean_cache' from command line to 'False'
[0.630s] Level 5:colcon.colcon_core.verb:set package 'drive_msgs' build argument 'cmake_clean_first' from command line to 'False'
[0.630s] Level 5:colcon.colcon_core.verb:set package 'drive_msgs' build argument 'cmake_force_configure' from command line to 'False'
[0.630s] Level 5:colcon.colcon_core.verb:set package 'drive_msgs' build argument 'ament_cmake_args' from command line to 'None'
[0.630s] Level 5:colcon.colcon_core.verb:set package 'drive_msgs' build argument 'catkin_cmake_args' from command line to 'None'
[0.630s] Level 5:colcon.colcon_core.verb:set package 'drive_msgs' build argument 'catkin_skip_building_tests' from command line to 'False'
[0.630s] DEBUG:colcon.colcon_core.verb:Building package 'drive_msgs' with the following arguments: {'ament_cmake_args': None, 'build_base': '/home/kousei/2DRoboPrac_ws/ros2_ws/build/drive_msgs', 'catkin_cmake_args': None, 'catkin_skip_building_tests': False, 'cmake_args': None, 'cmake_clean_cache': False, 'cmake_clean_first': False, 'cmake_force_configure': False, 'cmake_target': None, 'cmake_target_skip_unavailable': False, 'install_base': '/home/kousei/2DRoboPrac_ws/ros2_ws/install/drive_msgs', 'merge_install': False, 'path': '/home/kousei/2DRoboPrac_ws/ros2_ws/src/drive_msgs', 'symlink_install': False, 'test_result_base': None}
[0.637s] Level 5:colcon.colcon_core.verb:set package 'key_event_msgs' build argument 'cmake_args' from command line to 'None'
[0.637s] Level 5:colcon.colcon_core.verb:set package 'key_event_msgs' build argument 'cmake_target' from command line to 'None'
[0.637s] Level 5:colcon.colcon_core.verb:set package 'key_event_msgs' build argument 'cmake_target_skip_unavailable' from command line to 'False'
[0.637s] Level 5:colcon.colcon_core.verb:set package 'key_event_msgs' build argument 'cmake_clean_cache' from command line to 'False'
[0.637s] Level 5:colcon.colcon_core.verb:set package 'key_event_msgs' build argument 'cmake_clean_first' from command line to 'False'
[0.637s] Level 5:colcon.colcon_core.verb:set package 'key_event_msgs' build argument 'cmake_force_configure' from command line to 'False'
[0.637s] Level 5:colcon.colcon_core.verb:set package 'key_event_msgs' build argument 'ament_cmake_args' from command line to 'None'
[0.637s] Level 5:colcon.colcon_core.verb:set package 'key_event_msgs' build argument 'catkin_cmake_args' from command line to 'None'
[0.637s] Level 5:colcon.colcon_core.verb:set package 'key_event_msgs' build argument 'catkin_skip_building_tests' from command line to 'False'
[0.637s] DEBUG:colcon.colcon_core.verb:Building package 'key_event_msgs' with the following arguments: {'ament_cmake_args': None, 'build_base': '/home/kousei/2DRoboPrac_ws/ros2_ws/build/key_event_msgs', 'catkin_cmake_args': None, 'catkin_skip_building_tests': False, 'cmake_args': None, 'cmake_clean_cache': False, 'cmake_clean_first': False, 'cmake_force_configure': False, 'cmake_target': None, 'cmake_target_skip_unavailable': False, 'install_base': '/home/kousei/2DRoboPrac_ws/ros2_ws/install/key_event_msgs', 'merge_install': False, 'path': '/home/kousei/2DRoboPrac_ws/ros2_ws/src/key_event_msgs', 'symlink_install': False, 'test_result_base': None}
[0.644s] Level 5:colcon.colcon_core.verb:set package 'urg_node2' build argument 'cmake_args' from command line to 'None'
[0.644s] Level 5:colcon.colcon_core.verb:set package 'urg_node2' build argument 'cmake_target' from command line to 'None'
[0.644s] Level 5:colcon.colcon_core.verb:set package 'urg_node2' build argument 'cmake_target_skip_unavailable' from command line to 'False'
[0.644s] Level 5:colcon.colcon_core.verb:set package 'urg_node2' build argument 'cmake_clean_cache' from command line to 'False'
[0.644s] Level 5:colcon.colcon_core.verb:set package 'urg_node2' build argument 'cmake_clean_first' from command line to 'False'
[0.644s] Level 5:colcon.colcon_core.verb:set package 'urg_node2' build argument 'cmake_force_configure' from command line to 'False'
[0.644s] Level 5:colcon.colcon_core.verb:set package 'urg_node2' build argument 'ament_cmake_args' from command line to 'None'
[0.644s] Level 5:colcon.colcon_core.verb:set package 'urg_node2' build argument 'catkin_cmake_args' from command line to 'None'
[0.644s] Level 5:colcon.colcon_core.verb:set package 'urg_node2' build argument 'catkin_skip_building_tests' from command line to 'False'
[0.644s] DEBUG:colcon.colcon_core.verb:Building package 'urg_node2' with the following arguments: {'ament_cmake_args': None, 'build_base': '/home/kousei/2DRoboPrac_ws/ros2_ws/build/urg_node2', 'catkin_cmake_args': None, 'catkin_skip_building_tests': False, 'cmake_args': None, 'cmake_clean_cache': False, 'cmake_clean_first': False, 'cmake_force_configure': False, 'cmake_target': None, 'cmake_target_skip_unavailable': False, 'install_base': '/home/kousei/2DRoboPrac_ws/ros2_ws/install/urg_node2', 'merge_install': False, 'path': '/home/kousei/2DRoboPrac_ws/ros2_ws/src/urg_node2', 'symlink_install': False, 'test_result_base': None}
[0.650s] Level 5:colcon.colcon_core.verb:set package 'key_event_nodes' build argument 'cmake_args' from command line to 'None'
[0.650s] Level 5:colcon.colcon_core.verb:set package 'key_event_nodes' build argument 'cmake_target' from command line to 'None'
[0.650s] Level 5:colcon.colcon_core.verb:set package 'key_event_nodes' build argument 'cmake_target_skip_unavailable' from command line to 'False'
[0.650s] Level 5:colcon.colcon_core.verb:set package 'key_event_nodes' build argument 'cmake_clean_cache' from command line to 'False'
[0.650s] Level 5:colcon.colcon_core.verb:set package 'key_event_nodes' build argument 'cmake_clean_first' from command line to 'False'
[0.650s] Level 5:colcon.colcon_core.verb:set package 'key_event_nodes' build argument 'cmake_force_configure' from command line to 'False'
[0.650s] Level 5:colcon.colcon_core.verb:set package 'key_event_nodes' build argument 'ament_cmake_args' from command line to 'None'
[0.650s] Level 5:colcon.colcon_core.verb:set package 'key_event_nodes' build argument 'catkin_cmake_args' from command line to 'None'
[0.650s] Level 5:colcon.colcon_core.verb:set package 'key_event_nodes' build argument 'catkin_skip_building_tests' from command line to 'False'
[0.650s] DEBUG:colcon.colcon_core.verb:Building package 'key_event_nodes' with the following arguments: {'ament_cmake_args': None, 'build_base': '/home/kousei/2DRoboPrac_ws/ros2_ws/build/key_event_nodes', 'catkin_cmake_args': None, 'catkin_skip_building_tests': False, 'cmake_args': None, 'cmake_clean_cache': False, 'cmake_clean_first': False, 'cmake_force_configure': False, 'cmake_target': None, 'cmake_target_skip_unavailable': False, 'install_base': '/home/kousei/2DRoboPrac_ws/ros2_ws/install/key_event_nodes', 'merge_install': False, 'path': '/home/kousei/2DRoboPrac_ws/ros2_ws/src/key_event_nodes', 'symlink_install': False, 'test_result_base': None}
[0.658s] Level 5:colcon.colcon_core.verb:set package 'nav_dev' build argument 'cmake_args' from command line to 'None'
[0.658s] Level 5:colcon.colcon_core.verb:set package 'nav_dev' build argument 'cmake_target' from command line to 'None'
[0.658s] Level 5:colcon.colcon_core.verb:set package 'nav_dev' build argument 'cmake_target_skip_unavailable' from command line to 'False'
[0.658s] Level 5:colcon.colcon_core.verb:set package 'nav_dev' build argument 'cmake_clean_cache' from command line to 'False'
[0.658s] Level 5:colcon.colcon_core.verb:set package 'nav_dev' build argument 'cmake_clean_first' from command line to 'False'
[0.658s] Level 5:colcon.colcon_core.verb:set package 'nav_dev' build argument 'cmake_force_configure' from command line to 'False'
[0.658s] Level 5:colcon.colcon_core.verb:set package 'nav_dev' build argument 'ament_cmake_args' from command line to 'None'
[0.658s] Level 5:colcon.colcon_core.verb:set package 'nav_dev' build argument 'catkin_cmake_args' from command line to 'None'
[0.658s] Level 5:colcon.colcon_core.verb:set package 'nav_dev' build argument 'catkin_skip_building_tests' from command line to 'False'
[0.658s] DEBUG:colcon.colcon_core.verb:Building package 'nav_dev' with the following arguments: {'ament_cmake_args': None, 'build_base': '/home/kousei/2DRoboPrac_ws/ros2_ws/build/nav_dev', 'catkin_cmake_args': None, 'catkin_skip_building_tests': False, 'cmake_args': None, 'cmake_clean_cache': False, 'cmake_clean_first': False, 'cmake_force_configure': False, 'cmake_target': None, 'cmake_target_skip_unavailable': False, 'install_base': '/home/kousei/2DRoboPrac_ws/ros2_ws/install/nav_dev', 'merge_install': False, 'path': '/home/kousei/2DRoboPrac_ws/ros2_ws/src/nav_dev', 'symlink_install': False, 'test_result_base': None}
[0.665s] Level 5:colcon.colcon_core.verb:set package 'nav_real' build argument 'cmake_args' from command line to 'None'
[0.665s] Level 5:colcon.colcon_core.verb:set package 'nav_real' build argument 'cmake_target' from command line to 'None'
[0.665s] Level 5:colcon.colcon_core.verb:set package 'nav_real' build argument 'cmake_target_skip_unavailable' from command line to 'False'
[0.665s] Level 5:colcon.colcon_core.verb:set package 'nav_real' build argument 'cmake_clean_cache' from command line to 'False'
[0.665s] Level 5:colcon.colcon_core.verb:set package 'nav_real' build argument 'cmake_clean_first' from command line to 'False'
[0.665s] Level 5:colcon.colcon_core.verb:set package 'nav_real' build argument 'cmake_force_configure' from command line to 'False'
[0.665s] Level 5:colcon.colcon_core.verb:set package 'nav_real' build argument 'ament_cmake_args' from command line to 'None'
[0.665s] Level 5:colcon.colcon_core.verb:set package 'nav_real' build argument 'catkin_cmake_args' from command line to 'None'
[0.665s] Level 5:colcon.colcon_core.verb:set package 'nav_real' build argument 'catkin_skip_building_tests' from command line to 'False'
[0.665s] DEBUG:colcon.colcon_core.verb:Building package 'nav_real' with the following arguments: {'ament_cmake_args': None, 'build_base': '/home/kousei/2DRoboPrac_ws/ros2_ws/build/nav_real', 'catkin_cmake_args': None, 'catkin_skip_building_tests': False, 'cmake_args': None, 'cmake_clean_cache': False, 'cmake_clean_first': False, 'cmake_force_configure': False, 'cmake_target': None, 'cmake_target_skip_unavailable': False, 'install_base': '/home/kousei/2DRoboPrac_ws/ros2_ws/install/nav_real', 'merge_install': False, 'path': '/home/kousei/2DRoboPrac_ws/ros2_ws/src/nav_real', 'symlink_install': False, 'test_result_base': None}
[0.672s] INFO:colcon.colcon_core.executor:Executing jobs using 'parallel' executor
[0.680s] DEBUG:colcon.colcon_parallel_executor.executor.parallel:run_until_complete
[0.680s] INFO:colcon.colcon_ros.task.ament_cmake.build:Building ROS package in '/home/kousei/2DRoboPrac_ws/ros2_ws/src/key_event_msgs' with build type 'ament_cmake'
[0.680s] INFO:colcon.colcon_cmake.task.cmake.build:Building CMake package in '/home/kousei/2DRoboPrac_ws/ros2_ws/src/key_event_msgs'
[0.688s] INFO:colcon.colcon_core.plugin_system:Skipping extension 'colcon_core.shell.bat': Not used on non-Windows systems
[0.688s] INFO:colcon.colcon_core.shell:Skip shell extension 'powershell' for command environment: Not usable outside of PowerShell
[0.688s] DEBUG:colcon.colcon_core.shell:Skip shell extension 'dsv' for command environment
[0.710s] INFO:colcon.colcon_ros.task.ament_cmake.build:Building ROS package in '/home/kousei/2DRoboPrac_ws/ros2_ws/src/drive_msgs' with build type 'ament_cmake'
[0.711s] INFO:colcon.colcon_cmake.task.cmake.build:Building CMake package in '/home/kousei/2DRoboPrac_ws/ros2_ws/src/drive_msgs'
[0.718s] INFO:colcon.colcon_core.shell:Skip shell extension 'powershell' for command environment: Not usable outside of PowerShell
[0.718s] DEBUG:colcon.colcon_core.shell:Skip shell extension 'dsv' for command environment
[0.741s] INFO:colcon.colcon_ros.task.ament_cmake.build:Building ROS package in '/home/kousei/2DRoboPrac_ws/ros2_ws/src/urg_node2' with build type 'ament_cmake'
[0.741s] INFO:colcon.colcon_cmake.task.cmake.build:Building CMake package in '/home/kousei/2DRoboPrac_ws/ros2_ws/src/urg_node2'
[0.748s] INFO:colcon.colcon_core.shell:Skip shell extension 'powershell' for command environment: Not usable outside of PowerShell
[0.748s] DEBUG:colcon.colcon_core.shell:Skip shell extension 'dsv' for command environment
[0.781s] DEBUG:colcon.colcon_core.event_handler.log_command:Invoking command in '/home/kousei/2DRoboPrac_ws/ros2_ws/build/key_event_msgs': CMAKE_PREFIX_PATH=${CMAKE_PREFIX_PATH}:/opt/ros/humble /usr/bin/cmake /home/kousei/2DRoboPrac_ws/ros2_ws/src/key_event_msgs -DCMAKE_INSTALL_PREFIX=/home/kousei/2DRoboPrac_ws/ros2_ws/install/key_event_msgs
[0.783s] DEBUG:colcon.colcon_core.event_handler.log_command:Invoking command in '/home/kousei/2DRoboPrac_ws/ros2_ws/build/drive_msgs': CMAKE_PREFIX_PATH=${CMAKE_PREFIX_PATH}:/opt/ros/humble /usr/bin/cmake /home/kousei/2DRoboPrac_ws/ros2_ws/src/drive_msgs -DCMAKE_INSTALL_PREFIX=/home/kousei/2DRoboPrac_ws/ros2_ws/install/drive_msgs
[0.789s] DEBUG:colcon.colcon_core.event_handler.log_command:Invoking command in '/home/kousei/2DRoboPrac_ws/ros2_ws/build/urg_node2': CMAKE_PREFIX_PATH=${CMAKE_PREFIX_PATH}:/opt/ros/humble /usr/bin/cmake /home/kousei/2DRoboPrac_ws/ros2_ws/src/urg_node2 -DCMAKE_INSTALL_PREFIX=/home/kousei/2DRoboPrac_ws/ros2_ws/install/urg_node2
[1.788s] DEBUG:colcon.colcon_core.event_handler.log_command:Invoked command in '/home/kousei/2DRoboPrac_ws/ros2_ws/build/key_event_msgs' returned '0': CMAKE_PREFIX_PATH=${CMAKE_PREFIX_PATH}:/opt/ros/humble /usr/bin/cmake /home/kousei/2DRoboPrac_ws/ros2_ws/src/key_event_msgs -DCMAKE_INSTALL_PREFIX=/home/kousei/2DRoboPrac_ws/ros2_ws/install/key_event_msgs
[1.790s] DEBUG:colcon.colcon_core.event_handler.log_command:Invoking command in '/home/kousei/2DRoboPrac_ws/ros2_ws/build/key_event_msgs': CMAKE_PREFIX_PATH=${CMAKE_PREFIX_PATH}:/opt/ros/humble /usr/bin/cmake --build /home/kousei/2DRoboPrac_ws/ros2_ws/build/key_event_msgs -- -j16 -l16
[1.938s] DEBUG:colcon.colcon_core.event_handler.log_command:Invoked command in '/home/kousei/2DRoboPrac_ws/ros2_ws/build/urg_node2' returned '0': CMAKE_PREFIX_PATH=${CMAKE_PREFIX_PATH}:/opt/ros/humble /usr/bin/cmake /home/kousei/2DRoboPrac_ws/ros2_ws/src/urg_node2 -DCMAKE_INSTALL_PREFIX=/home/kousei/2DRoboPrac_ws/ros2_ws/install/urg_node2
[1.939s] DEBUG:colcon.colcon_core.event_handler.log_command:Invoking command in '/home/kousei/2DRoboPrac_ws/ros2_ws/build/urg_node2': CMAKE_PREFIX_PATH=${CMAKE_PREFIX_PATH}:/opt/ros/humble /usr/bin/cmake --build /home/kousei/2DRoboPrac_ws/ros2_ws/build/urg_node2 -- -j16 -l16
[3.177s] DEBUG:colcon.colcon_core.event_handler.log_command:Invoked command in '/home/kousei/2DRoboPrac_ws/ros2_ws/build/drive_msgs' returned '0': CMAKE_PREFIX_PATH=${CMAKE_PREFIX_PATH}:/opt/ros/humble /usr/bin/cmake /home/kousei/2DRoboPrac_ws/ros2_ws/src/drive_msgs -DCMAKE_INSTALL_PREFIX=/home/kousei/2DRoboPrac_ws/ros2_ws/install/drive_msgs
[3.179s] DEBUG:colcon.colcon_core.event_handler.log_command:Invoking command in '/home/kousei/2DRoboPrac_ws/ros2_ws/build/drive_msgs': CMAKE_PREFIX_PATH=${CMAKE_PREFIX_PATH}:/opt/ros/humble /usr/bin/cmake --build /home/kousei/2DRoboPrac_ws/ros2_ws/build/drive_msgs -- -j16 -l16
[3.420s] DEBUG:colcon.colcon_core.event_handler.log_command:Invoked command in '/home/kousei/2DRoboPrac_ws/ros2_ws/build/key_event_msgs' returned '0': CMAKE_PREFIX_PATH=${CMAKE_PREFIX_PATH}:/opt/ros/humble /usr/bin/cmake --build /home/kousei/2DRoboPrac_ws/ros2_ws/build/key_event_msgs -- -j16 -l16
[3.474s] DEBUG:colcon.colcon_core.event_handler.log_command:Invoking command in '/home/kousei/2DRoboPrac_ws/ros2_ws/build/key_event_msgs': CMAKE_PREFIX_PATH=${CMAKE_PREFIX_PATH}:/opt/ros/humble /usr/bin/cmake --install /home/kousei/2DRoboPrac_ws/ros2_ws/build/key_event_msgs
[3.558s] Level 1:colcon.colcon_core.environment:create_environment_scripts_only(key_event_msgs)
[3.559s] DEBUG:colcon.colcon_core.event_handler.log_command:Invoked command in '/home/kousei/2DRoboPrac_ws/ros2_ws/build/key_event_msgs' returned '0': CMAKE_PREFIX_PATH=${CMAKE_PREFIX_PATH}:/opt/ros/humble /usr/bin/cmake --install /home/kousei/2DRoboPrac_ws/ros2_ws/build/key_event_msgs
[3.583s] Level 1:colcon.colcon_core.environment:checking '/home/kousei/2DRoboPrac_ws/ros2_ws/install/key_event_msgs' for CMake module files
[3.584s] Level 1:colcon.colcon_core.environment:checking '/home/kousei/2DRoboPrac_ws/ros2_ws/install/key_event_msgs' for CMake config files
[3.585s] Level 1:colcon.colcon_core.shell:create_environment_hook('key_event_msgs', 'cmake_prefix_path')
[3.609s] INFO:colcon.colcon_core.shell:Creating environment hook '/home/kousei/2DRoboPrac_ws/ros2_ws/install/key_event_msgs/share/key_event_msgs/hook/cmake_prefix_path.ps1'
[3.610s] INFO:colcon.colcon_core.shell:Creating environment descriptor '/home/kousei/2DRoboPrac_ws/ros2_ws/install/key_event_msgs/share/key_event_msgs/hook/cmake_prefix_path.dsv'
[3.610s] INFO:colcon.colcon_core.shell:Creating environment hook '/home/kousei/2DRoboPrac_ws/ros2_ws/install/key_event_msgs/share/key_event_msgs/hook/cmake_prefix_path.sh'
[3.612s] Level 1:colcon.colcon_core.environment:checking '/home/kousei/2DRoboPrac_ws/ros2_ws/install/key_event_msgs/lib'
[3.612s] Level 1:colcon.colcon_core.shell:create_environment_hook('key_event_msgs', 'ld_library_path_lib')
[3.633s] INFO:colcon.colcon_core.shell:Creating environment hook '/home/kousei/2DRoboPrac_ws/ros2_ws/install/key_event_msgs/share/key_event_msgs/hook/ld_library_path_lib.ps1'
[3.634s] INFO:colcon.colcon_core.shell:Creating environment descriptor '/home/kousei/2DRoboPrac_ws/ros2_ws/install/key_event_msgs/share/key_event_msgs/hook/ld_library_path_lib.dsv'
[3.634s] INFO:colcon.colcon_core.shell:Creating environment hook '/home/kousei/2DRoboPrac_ws/ros2_ws/install/key_event_msgs/share/key_event_msgs/hook/ld_library_path_lib.sh'
[3.635s] Level 1:colcon.colcon_core.environment:checking '/home/kousei/2DRoboPrac_ws/ros2_ws/install/key_event_msgs/bin'
[3.635s] Level 1:colcon.colcon_core.environment:checking '/home/kousei/2DRoboPrac_ws/ros2_ws/install/key_event_msgs/lib/pkgconfig/key_event_msgs.pc'
[3.636s] Level 1:colcon.colcon_core.environment:checking '/home/kousei/2DRoboPrac_ws/ros2_ws/install/key_event_msgs/lib/python3.10/site-packages'
[3.636s] Level 1:colcon.colcon_core.environment:checking '/home/kousei/2DRoboPrac_ws/ros2_ws/install/key_event_msgs/bin'
[3.659s] INFO:colcon.colcon_core.shell:Creating package script '/home/kousei/2DRoboPrac_ws/ros2_ws/install/key_event_msgs/share/key_event_msgs/package.ps1'
[3.660s] INFO:colcon.colcon_core.shell:Creating package descriptor '/home/kousei/2DRoboPrac_ws/ros2_ws/install/key_event_msgs/share/key_event_msgs/package.dsv'
[3.661s] INFO:colcon.colcon_core.shell:Creating package script '/home/kousei/2DRoboPrac_ws/ros2_ws/install/key_event_msgs/share/key_event_msgs/package.sh'
[3.662s] INFO:colcon.colcon_core.shell:Creating package script '/home/kousei/2DRoboPrac_ws/ros2_ws/install/key_event_msgs/share/key_event_msgs/package.bash'
[3.663s] INFO:colcon.colcon_core.shell:Creating package script '/home/kousei/2DRoboPrac_ws/ros2_ws/install/key_event_msgs/share/key_event_msgs/package.zsh'
[3.664s] Level 1:colcon.colcon_core.environment:create_file_with_runtime_dependencies(/home/kousei/2DRoboPrac_ws/ros2_ws/install/key_event_msgs/share/colcon-core/packages/key_event_msgs)
[3.756s] Level 1:colcon.colcon_core.environment:create_environment_scripts_only(key_event_msgs)
[3.780s] Level 1:colcon.colcon_core.environment:checking '/home/kousei/2DRoboPrac_ws/ros2_ws/install/key_event_msgs' for CMake module files
[3.781s] Level 1:colcon.colcon_core.environment:checking '/home/kousei/2DRoboPrac_ws/ros2_ws/install/key_event_msgs' for CMake config files
[3.782s] Level 1:colcon.colcon_core.shell:create_environment_hook('key_event_msgs', 'cmake_prefix_path')
[3.805s] INFO:colcon.colcon_core.shell:Creating environment hook '/home/kousei/2DRoboPrac_ws/ros2_ws/install/key_event_msgs/share/key_event_msgs/hook/cmake_prefix_path.ps1'
[3.805s] INFO:colcon.colcon_core.shell:Creating environment descriptor '/home/kousei/2DRoboPrac_ws/ros2_ws/install/key_event_msgs/share/key_event_msgs/hook/cmake_prefix_path.dsv'
[3.806s] INFO:colcon.colcon_core.shell:Creating environment hook '/home/kousei/2DRoboPrac_ws/ros2_ws/install/key_event_msgs/share/key_event_msgs/hook/cmake_prefix_path.sh'
[3.807s] Level 1:colcon.colcon_core.environment:checking '/home/kousei/2DRoboPrac_ws/ros2_ws/install/key_event_msgs/lib'
[3.807s] Level 1:colcon.colcon_core.shell:create_environment_hook('key_event_msgs', 'ld_library_path_lib')
[3.829s] INFO:colcon.colcon_core.shell:Creating environment hook '/home/kousei/2DRoboPrac_ws/ros2_ws/install/key_event_msgs/share/key_event_msgs/hook/ld_library_path_lib.ps1'
[3.830s] INFO:colcon.colcon_core.shell:Creating environment descriptor '/home/kousei/2DRoboPrac_ws/ros2_ws/install/key_event_msgs/share/key_event_msgs/hook/ld_library_path_lib.dsv'
[3.830s] INFO:colcon.colcon_core.shell:Creating environment hook '/home/kousei/2DRoboPrac_ws/ros2_ws/install/key_event_msgs/share/key_event_msgs/hook/ld_library_path_lib.sh'
[3.831s] Level 1:colcon.colcon_core.environment:checking '/home/kousei/2DRoboPrac_ws/ros2_ws/install/key_event_msgs/bin'
[3.831s] Level 1:colcon.colcon_core.environment:checking '/home/kousei/2DRoboPrac_ws/ros2_ws/install/key_event_msgs/lib/pkgconfig/key_event_msgs.pc'
[3.831s] Level 1:colcon.colcon_core.environment:checking '/home/kousei/2DRoboPrac_ws/ros2_ws/install/key_event_msgs/lib/python3.10/site-packages'
[3.831s] Level 1:colcon.colcon_core.environment:checking '/home/kousei/2DRoboPrac_ws/ros2_ws/install/key_event_msgs/bin'
[3.854s] INFO:colcon.colcon_core.shell:Creating package script '/home/kousei/2DRoboPrac_ws/ros2_ws/install/key_event_msgs/share/key_event_msgs/package.ps1'
[3.855s] INFO:colcon.colcon_core.shell:Creating package descriptor '/home/kousei/2DRoboPrac_ws/ros2_ws/install/key_event_msgs/share/key_event_msgs/package.dsv'
[3.855s] INFO:colcon.colcon_core.shell:Creating package script '/home/kousei/2DRoboPrac_ws/ros2_ws/install/key_event_msgs/share/key_event_msgs/package.sh'
[3.856s] INFO:colcon.colcon_core.shell:Creating package script '/home/kousei/2DRoboPrac_ws/ros2_ws/install/key_event_msgs/share/key_event_msgs/package.bash'
[3.856s] INFO:colcon.colcon_core.shell:Creating package script '/home/kousei/2DRoboPrac_ws/ros2_ws/install/key_event_msgs/share/key_event_msgs/package.zsh'
[3.857s] Level 1:colcon.colcon_core.environment:create_file_with_runtime_dependencies(/home/kousei/2DRoboPrac_ws/ros2_ws/install/key_event_msgs/share/colcon-core/packages/key_event_msgs)
[3.857s] INFO:colcon.colcon_ros.task.ament_cmake.build:Building ROS package in '/home/kousei/2DRoboPrac_ws/ros2_ws/src/key_event_nodes' with build type 'ament_cmake'
[3.858s] INFO:colcon.colcon_cmake.task.cmake.build:Building CMake package in '/home/kousei/2DRoboPrac_ws/ros2_ws/src/key_event_nodes'
[3.881s] INFO:colcon.colcon_core.shell:Skip shell extension 'powershell' for command environment: Not usable outside of PowerShell
[3.881s] DEBUG:colcon.colcon_core.shell:Skip shell extension 'dsv' for command environment
[3.950s] DEBUG:colcon.colcon_core.event_handler.log_command:Invoking command in '/home/kousei/2DRoboPrac_ws/ros2_ws/build/key_event_nodes': CMAKE_PREFIX_PATH=/home/kousei/2DRoboPrac_ws/ros2_ws/install/key_event_msgs:/home/kousei/2DRoboPrac_ws/ros2_ws/install/urg_node2:/home/kousei/2DRoboPrac_ws/ros2_ws/install/nav_real:/home/kousei/2DRoboPrac_ws/ros2_ws/install/nav_dev:/home/kousei/2DRoboPrac_ws/ros2_ws/install/key_event_nodes:/home/kousei/2DRoboPrac_ws/ros2_ws/install/drive_pkg:/home/kousei/2DRoboPrac_ws/ros2_ws/install/cpp_topic_pubsub:/opt/ros/humble LD_LIBRARY_PATH=/home/kousei/2DRoboPrac_ws/ros2_ws/install/key_event_msgs/lib:/home/kousei/2DRoboPrac_ws/ros2_ws/install/urg_node2/lib:/home/kousei/2DRoboPrac_ws/ros2_ws/install/key_event_nodes/lib:/home/kousei/2DRoboPrac_ws/ros2_ws/install/drive_pkg/lib:/home/kousei/2DRoboPrac_ws/ros2_ws/install/cpp_topic_pubsub/lib:/usr/lib/x86_64-linux-gnu/gazebo-11/plugins:/opt/ros/humble/opt/rviz_ogre_vendor/lib:/opt/ros/humble/lib/x86_64-linux-gnu:/opt/ros/humble/lib /usr/bin/cmake /home/kousei/2DRoboPrac_ws/ros2_ws/src/key_event_nodes -DCMAKE_INSTALL_PREFIX=/home/kousei/2DRoboPrac_ws/ros2_ws/install/key_event_nodes
[4.944s] DEBUG:colcon.colcon_core.event_handler.log_command:Invoked command in '/home/kousei/2DRoboPrac_ws/ros2_ws/build/drive_msgs' returned '0': CMAKE_PREFIX_PATH=${CMAKE_PREFIX_PATH}:/opt/ros/humble /usr/bin/cmake --build /home/kousei/2DRoboPrac_ws/ros2_ws/build/drive_msgs -- -j16 -l16
[4.983s] DEBUG:colcon.colcon_core.event_handler.log_command:Invoking command in '/home/kousei/2DRoboPrac_ws/ros2_ws/build/drive_msgs': CMAKE_PREFIX_PATH=${CMAKE_PREFIX_PATH}:/opt/ros/humble /usr/bin/cmake --install /home/kousei/2DRoboPrac_ws/ros2_ws/build/drive_msgs
[5.035s] Level 1:colcon.colcon_core.environment:create_environment_scripts_only(drive_msgs)
[5.035s] DEBUG:colcon.colcon_core.event_handler.log_command:Invoked command in '/home/kousei/2DRoboPrac_ws/ros2_ws/build/drive_msgs' returned '0': CMAKE_PREFIX_PATH=${CMAKE_PREFIX_PATH}:/opt/ros/humble /usr/bin/cmake --install /home/kousei/2DRoboPrac_ws/ros2_ws/build/drive_msgs
[5.054s] Level 1:colcon.colcon_core.environment:checking '/home/kousei/2DRoboPrac_ws/ros2_ws/install/drive_msgs' for CMake module files
[5.055s] Level 1:colcon.colcon_core.environment:checking '/home/kousei/2DRoboPrac_ws/ros2_ws/install/drive_msgs' for CMake config files
[5.055s] Level 1:colcon.colcon_core.shell:create_environment_hook('drive_msgs', 'cmake_prefix_path')
[5.074s] INFO:colcon.colcon_core.shell:Creating environment hook '/home/kousei/2DRoboPrac_ws/ros2_ws/install/drive_msgs/share/drive_msgs/hook/cmake_prefix_path.ps1'
[5.074s] INFO:colcon.colcon_core.shell:Creating environment descriptor '/home/kousei/2DRoboPrac_ws/ros2_ws/install/drive_msgs/share/drive_msgs/hook/cmake_prefix_path.dsv'
[5.075s] INFO:colcon.colcon_core.shell:Creating environment hook '/home/kousei/2DRoboPrac_ws/ros2_ws/install/drive_msgs/share/drive_msgs/hook/cmake_prefix_path.sh'
[5.075s] Level 1:colcon.colcon_core.environment:checking '/home/kousei/2DRoboPrac_ws/ros2_ws/install/drive_msgs/lib'
[5.075s] Level 1:colcon.colcon_core.shell:create_environment_hook('drive_msgs', 'ld_library_path_lib')
[5.087s] INFO:colcon.colcon_core.shell:Creating environment hook '/home/kousei/2DRoboPrac_ws/ros2_ws/install/drive_msgs/share/drive_msgs/hook/ld_library_path_lib.ps1'
[5.088s] INFO:colcon.colcon_core.shell:Creating environment descriptor '/home/kousei/2DRoboPrac_ws/ros2_ws/install/drive_msgs/share/drive_msgs/hook/ld_library_path_lib.dsv'
[5.088s] INFO:colcon.colcon_core.shell:Creating environment hook '/home/kousei/2DRoboPrac_ws/ros2_ws/install/drive_msgs/share/drive_msgs/hook/ld_library_path_lib.sh'
[5.088s] Level 1:colcon.colcon_core.environment:checking '/home/kousei/2DRoboPrac_ws/ros2_ws/install/drive_msgs/bin'
[5.088s] Level 1:colcon.colcon_core.environment:checking '/home/kousei/2DRoboPrac_ws/ros2_ws/install/drive_msgs/lib/pkgconfig/drive_msgs.pc'
[5.088s] Level 1:colcon.colcon_core.environment:checking '/home/kousei/2DRoboPrac_ws/ros2_ws/install/drive_msgs/lib/python3.10/site-packages'
[5.088s] Level 1:colcon.colcon_core.environment:checking '/home/kousei/2DRoboPrac_ws/ros2_ws/install/drive_msgs/bin'
[5.098s] INFO:colcon.colcon_core.shell:Creating package script '/home/kousei/2DRoboPrac_ws/ros2_ws/install/drive_msgs/share/drive_msgs/package.ps1'
[5.099s] INFO:colcon.colcon_core.shell:Creating package descriptor '/home/kousei/2DRoboPrac_ws/ros2_ws/install/drive_msgs/share/drive_msgs/package.dsv'
[5.099s] INFO:colcon.colcon_core.shell:Creating package script '/home/kousei/2DRoboPrac_ws/ros2_ws/install/drive_msgs/share/drive_msgs/package.sh'
[5.099s] INFO:colcon.colcon_core.shell:Creating package script '/home/kousei/2DRoboPrac_ws/ros2_ws/install/drive_msgs/share/drive_msgs/package.bash'
[5.099s] INFO:colcon.colcon_core.shell:Creating package script '/home/kousei/2DRoboPrac_ws/ros2_ws/install/drive_msgs/share/drive_msgs/package.zsh'
[5.100s] Level 1:colcon.colcon_core.environment:create_file_with_runtime_dependencies(/home/kousei/2DRoboPrac_ws/ros2_ws/install/drive_msgs/share/colcon-core/packages/drive_msgs)
[5.150s] Level 1:colcon.colcon_core.environment:create_environment_scripts_only(drive_msgs)
[5.159s] Level 1:colcon.colcon_core.environment:checking '/home/kousei/2DRoboPrac_ws/ros2_ws/install/drive_msgs' for CMake module files
[5.160s] Level 1:colcon.colcon_core.environment:checking '/home/kousei/2DRoboPrac_ws/ros2_ws/install/drive_msgs' for CMake config files
[5.160s] Level 1:colcon.colcon_core.shell:create_environment_hook('drive_msgs', 'cmake_prefix_path')
[5.170s] INFO:colcon.colcon_core.shell:Creating environment hook '/home/kousei/2DRoboPrac_ws/ros2_ws/install/drive_msgs/share/drive_msgs/hook/cmake_prefix_path.ps1'
[5.170s] INFO:colcon.colcon_core.shell:Creating environment descriptor '/home/kousei/2DRoboPrac_ws/ros2_ws/install/drive_msgs/share/drive_msgs/hook/cmake_prefix_path.dsv'
[5.170s] INFO:colcon.colcon_core.shell:Creating environment hook '/home/kousei/2DRoboPrac_ws/ros2_ws/install/drive_msgs/share/drive_msgs/hook/cmake_prefix_path.sh'
[5.171s] Level 1:colcon.colcon_core.environment:checking '/home/kousei/2DRoboPrac_ws/ros2_ws/install/drive_msgs/lib'
[5.171s] Level 1:colcon.colcon_core.shell:create_environment_hook('drive_msgs', 'ld_library_path_lib')
[5.180s] INFO:colcon.colcon_core.shell:Creating environment hook '/home/kousei/2DRoboPrac_ws/ros2_ws/install/drive_msgs/share/drive_msgs/hook/ld_library_path_lib.ps1'
[5.180s] INFO:colcon.colcon_core.shell:Creating environment descriptor '/home/kousei/2DRoboPrac_ws/ros2_ws/install/drive_msgs/share/drive_msgs/hook/ld_library_path_lib.dsv'
[5.181s] INFO:colcon.colcon_core.shell:Creating environment hook '/home/kousei/2DRoboPrac_ws/ros2_ws/install/drive_msgs/share/drive_msgs/hook/ld_library_path_lib.sh'
[5.181s] Level 1:colcon.colcon_core.environment:checking '/home/kousei/2DRoboPrac_ws/ros2_ws/install/drive_msgs/bin'
[5.181s] Level 1:colcon.colcon_core.environment:checking '/home/kousei/2DRoboPrac_ws/ros2_ws/install/drive_msgs/lib/pkgconfig/drive_msgs.pc'
[5.181s] Level 1:colcon.colcon_core.environment:checking '/home/kousei/2DRoboPrac_ws/ros2_ws/install/drive_msgs/lib/python3.10/site-packages'
[5.181s] Level 1:colcon.colcon_core.environment:checking '/home/kousei/2DRoboPrac_ws/ros2_ws/install/drive_msgs/bin'
[5.191s] INFO:colcon.colcon_core.shell:Creating package script '/home/kousei/2DRoboPrac_ws/ros2_ws/install/drive_msgs/share/drive_msgs/package.ps1'
[5.192s] INFO:colcon.colcon_core.shell:Creating package descriptor '/home/kousei/2DRoboPrac_ws/ros2_ws/install/drive_msgs/share/drive_msgs/package.dsv'
[5.192s] INFO:colcon.colcon_core.shell:Creating package script '/home/kousei/2DRoboPrac_ws/ros2_ws/install/drive_msgs/share/drive_msgs/package.sh'
[5.192s] INFO:colcon.colcon_core.shell:Creating package script '/home/kousei/2DRoboPrac_ws/ros2_ws/install/drive_msgs/share/drive_msgs/package.bash'
[5.192s] INFO:colcon.colcon_core.shell:Creating package script '/home/kousei/2DRoboPrac_ws/ros2_ws/install/drive_msgs/share/drive_msgs/package.zsh'
[5.193s] Level 1:colcon.colcon_core.environment:create_file_with_runtime_dependencies(/home/kousei/2DRoboPrac_ws/ros2_ws/install/drive_msgs/share/colcon-core/packages/drive_msgs)
[5.236s] DEBUG:colcon.colcon_core.event_handler.log_command:Invoked command in '/home/kousei/2DRoboPrac_ws/ros2_ws/build/key_event_nodes' returned '0': CMAKE_PREFIX_PATH=/home/kousei/2DRoboPrac_ws/ros2_ws/install/key_event_msgs:/home/kousei/2DRoboPrac_ws/ros2_ws/install/urg_node2:/home/kousei/2DRoboPrac_ws/ros2_ws/install/nav_real:/home/kousei/2DRoboPrac_ws/ros2_ws/install/nav_dev:/home/kousei/2DRoboPrac_ws/ros2_ws/install/key_event_nodes:/home/kousei/2DRoboPrac_ws/ros2_ws/install/drive_pkg:/home/kousei/2DRoboPrac_ws/ros2_ws/install/cpp_topic_pubsub:/opt/ros/humble LD_LIBRARY_PATH=/home/kousei/2DRoboPrac_ws/ros2_ws/install/key_event_msgs/lib:/home/kousei/2DRoboPrac_ws/ros2_ws/install/urg_node2/lib:/home/kousei/2DRoboPrac_ws/ros2_ws/install/key_event_nodes/lib:/home/kousei/2DRoboPrac_ws/ros2_ws/install/drive_pkg/lib:/home/kousei/2DRoboPrac_ws/ros2_ws/install/cpp_topic_pubsub/lib:/usr/lib/x86_64-linux-gnu/gazebo-11/plugins:/opt/ros/humble/opt/rviz_ogre_vendor/lib:/opt/ros/humble/lib/x86_64-linux-gnu:/opt/ros/humble/lib /usr/bin/cmake /home/kousei/2DRoboPrac_ws/ros2_ws/src/key_event_nodes -DCMAKE_INSTALL_PREFIX=/home/kousei/2DRoboPrac_ws/ros2_ws/install/key_event_nodes
[5.238s] DEBUG:colcon.colcon_core.event_handler.log_command:Invoking command in '/home/kousei/2DRoboPrac_ws/ros2_ws/build/key_event_nodes': CMAKE_PREFIX_PATH=/home/kousei/2DRoboPrac_ws/ros2_ws/install/key_event_msgs:/home/kousei/2DRoboPrac_ws/ros2_ws/install/urg_node2:/home/kousei/2DRoboPrac_ws/ros2_ws/install/nav_real:/home/kousei/2DRoboPrac_ws/ros2_ws/install/nav_dev:/home/kousei/2DRoboPrac_ws/ros2_ws/install/key_event_nodes:/home/kousei/2DRoboPrac_ws/ros2_ws/install/drive_pkg:/home/kousei/2DRoboPrac_ws/ros2_ws/install/cpp_topic_pubsub:/opt/ros/humble LD_LIBRARY_PATH=/home/kousei/2DRoboPrac_ws/ros2_ws/install/key_event_msgs/lib:/home/kousei/2DRoboPrac_ws/ros2_ws/install/urg_node2/lib:/home/kousei/2DRoboPrac_ws/ros2_ws/install/key_event_nodes/lib:/home/kousei/2DRoboPrac_ws/ros2_ws/install/drive_pkg/lib:/home/kousei/2DRoboPrac_ws/ros2_ws/install/cpp_topic_pubsub/lib:/usr/lib/x86_64-linux-gnu/gazebo-11/plugins:/opt/ros/humble/opt/rviz_ogre_vendor/lib:/opt/ros/humble/lib/x86_64-linux-gnu:/opt/ros/humble/lib /usr/bin/cmake --build /home/kousei/2DRoboPrac_ws/ros2_ws/build/key_event_nodes -- -j16 -l16
[8.236s] DEBUG:colcon.colcon_core.event_handler.log_command:Invoked command in '/home/kousei/2DRoboPrac_ws/ros2_ws/build/key_event_nodes' returned '0': CMAKE_PREFIX_PATH=/home/kousei/2DRoboPrac_ws/ros2_ws/install/key_event_msgs:/home/kousei/2DRoboPrac_ws/ros2_ws/install/urg_node2:/home/kousei/2DRoboPrac_ws/ros2_ws/install/nav_real:/home/kousei/2DRoboPrac_ws/ros2_ws/install/nav_dev:/home/kousei/2DRoboPrac_ws/ros2_ws/install/key_event_nodes:/home/kousei/2DRoboPrac_ws/ros2_ws/install/drive_pkg:/home/kousei/2DRoboPrac_ws/ros2_ws/install/cpp_topic_pubsub:/opt/ros/humble LD_LIBRARY_PATH=/home/kousei/2DRoboPrac_ws/ros2_ws/install/key_event_msgs/lib:/home/kousei/2DRoboPrac_ws/ros2_ws/install/urg_node2/lib:/home/kousei/2DRoboPrac_ws/ros2_ws/install/key_event_nodes/lib:/home/kousei/2DRoboPrac_ws/ros2_ws/install/drive_pkg/lib:/home/kousei/2DRoboPrac_ws/ros2_ws/install/cpp_topic_pubsub/lib:/usr/lib/x86_64-linux-gnu/gazebo-11/plugins:/opt/ros/humble/opt/rviz_ogre_vendor/lib:/opt/ros/humble/lib/x86_64-linux-gnu:/opt/ros/humble/lib /usr/bin/cmake --build /home/kousei/2DRoboPrac_ws/ros2_ws/build/key_event_nodes -- -j16 -l16
[8.253s] DEBUG:colcon.colcon_core.event_handler.log_command:Invoking command in '/home/kousei/2DRoboPrac_ws/ros2_ws/build/key_event_nodes': CMAKE_PREFIX_PATH=/home/kousei/2DRoboPrac_ws/ros2_ws/install/key_event_msgs:/home/kousei/2DRoboPrac_ws/ros2_ws/install/urg_node2:/home/kousei/2DRoboPrac_ws/ros2_ws/install/nav_real:/home/kousei/2DRoboPrac_ws/ros2_ws/install/nav_dev:/home/kousei/2DRoboPrac_ws/ros2_ws/install/key_event_nodes:/home/kousei/2DRoboPrac_ws/ros2_ws/install/drive_pkg:/home/kousei/2DRoboPrac_ws/ros2_ws/install/cpp_topic_pubsub:/opt/ros/humble LD_LIBRARY_PATH=/home/kousei/2DRoboPrac_ws/ros2_ws/install/key_event_msgs/lib:/home/kousei/2DRoboPrac_ws/ros2_ws/install/urg_node2/lib:/home/kousei/2DRoboPrac_ws/ros2_ws/install/key_event_nodes/lib:/home/kousei/2DRoboPrac_ws/ros2_ws/install/drive_pkg/lib:/home/kousei/2DRoboPrac_ws/ros2_ws/install/cpp_topic_pubsub/lib:/usr/lib/x86_64-linux-gnu/gazebo-11/plugins:/opt/ros/humble/opt/rviz_ogre_vendor/lib:/opt/ros/humble/lib/x86_64-linux-gnu:/opt/ros/humble/lib /usr/bin/cmake --install /home/kousei/2DRoboPrac_ws/ros2_ws/build/key_event_nodes
[8.262s] Level 1:colcon.colcon_core.environment:create_environment_scripts_only(key_event_nodes)
[8.263s] DEBUG:colcon.colcon_core.event_handler.log_command:Invoked command in '/home/kousei/2DRoboPrac_ws/ros2_ws/build/key_event_nodes' returned '0': CMAKE_PREFIX_PATH=/home/kousei/2DRoboPrac_ws/ros2_ws/install/key_event_msgs:/home/kousei/2DRoboPrac_ws/ros2_ws/install/urg_node2:/home/kousei/2DRoboPrac_ws/ros2_ws/install/nav_real:/home/kousei/2DRoboPrac_ws/ros2_ws/install/nav_dev:/home/kousei/2DRoboPrac_ws/ros2_ws/install/key_event_nodes:/home/kousei/2DRoboPrac_ws/ros2_ws/install/drive_pkg:/home/kousei/2DRoboPrac_ws/ros2_ws/install/cpp_topic_pubsub:/opt/ros/humble LD_LIBRARY_PATH=/home/kousei/2DRoboPrac_ws/ros2_ws/install/key_event_msgs/lib:/home/kousei/2DRoboPrac_ws/ros2_ws/install/urg_node2/lib:/home/kousei/2DRoboPrac_ws/ros2_ws/install/key_event_nodes/lib:/home/kousei/2DRoboPrac_ws/ros2_ws/install/drive_pkg/lib:/home/kousei/2DRoboPrac_ws/ros2_ws/install/cpp_topic_pubsub/lib:/usr/lib/x86_64-linux-gnu/gazebo-11/plugins:/opt/ros/humble/opt/rviz_ogre_vendor/lib:/opt/ros/humble/lib/x86_64-linux-gnu:/opt/ros/humble/lib /usr/bin/cmake --install /home/kousei/2DRoboPrac_ws/ros2_ws/build/key_event_nodes
[8.274s] Level 1:colcon.colcon_core.environment:checking '/home/kousei/2DRoboPrac_ws/ros2_ws/install/key_event_nodes' for CMake module files
[8.274s] Level 1:colcon.colcon_core.environment:checking '/home/kousei/2DRoboPrac_ws/ros2_ws/install/key_event_nodes' for CMake config files
[8.274s] Level 1:colcon.colcon_core.shell:create_environment_hook('key_event_nodes', 'cmake_prefix_path')
[8.282s] INFO:colcon.colcon_core.shell:Creating environment hook '/home/kousei/2DRoboPrac_ws/ros2_ws/install/key_event_nodes/share/key_event_nodes/hook/cmake_prefix_path.ps1'
[8.282s] INFO:colcon.colcon_core.shell:Creating environment descriptor '/home/kousei/2DRoboPrac_ws/ros2_ws/install/key_event_nodes/share/key_event_nodes/hook/cmake_prefix_path.dsv'
[8.282s] INFO:colcon.colcon_core.shell:Creating environment hook '/home/kousei/2DRoboPrac_ws/ros2_ws/install/key_event_nodes/share/key_event_nodes/hook/cmake_prefix_path.sh'
[8.282s] Level 1:colcon.colcon_core.environment:checking '/home/kousei/2DRoboPrac_ws/ros2_ws/install/key_event_nodes/lib'
[8.282s] Level 1:colcon.colcon_core.shell:create_environment_hook('key_event_nodes', 'ld_library_path_lib')
[8.290s] INFO:colcon.colcon_core.shell:Creating environment hook '/home/kousei/2DRoboPrac_ws/ros2_ws/install/key_event_nodes/share/key_event_nodes/hook/ld_library_path_lib.ps1'
[8.290s] INFO:colcon.colcon_core.shell:Creating environment descriptor '/home/kousei/2DRoboPrac_ws/ros2_ws/install/key_event_nodes/share/key_event_nodes/hook/ld_library_path_lib.dsv'
[8.290s] INFO:colcon.colcon_core.shell:Creating environment hook '/home/kousei/2DRoboPrac_ws/ros2_ws/install/key_event_nodes/share/key_event_nodes/hook/ld_library_path_lib.sh'
[8.291s] Level 1:colcon.colcon_core.environment:checking '/home/kousei/2DRoboPrac_ws/ros2_ws/install/key_event_nodes/bin'
[8.291s] Level 1:colcon.colcon_core.environment:checking '/home/kousei/2DRoboPrac_ws/ros2_ws/install/key_event_nodes/lib/pkgconfig/key_event_nodes.pc'
[8.291s] Level 1:colcon.colcon_core.environment:checking '/home/kousei/2DRoboPrac_ws/ros2_ws/install/key_event_nodes/lib/python3.10/site-packages'
[8.291s] Level 1:colcon.colcon_core.environment:checking '/home/kousei/2DRoboPrac_ws/ros2_ws/install/key_event_nodes/bin'
[8.298s] INFO:colcon.colcon_core.shell:Creating package script '/home/kousei/2DRoboPrac_ws/ros2_ws/install/key_event_nodes/share/key_event_nodes/package.ps1'
[8.299s] INFO:colcon.colcon_core.shell:Creating package descriptor '/home/kousei/2DRoboPrac_ws/ros2_ws/install/key_event_nodes/share/key_event_nodes/package.dsv'
[8.299s] INFO:colcon.colcon_core.shell:Creating package script '/home/kousei/2DRoboPrac_ws/ros2_ws/install/key_event_nodes/share/key_event_nodes/package.sh'
[8.300s] INFO:colcon.colcon_core.shell:Creating package script '/home/kousei/2DRoboPrac_ws/ros2_ws/install/key_event_nodes/share/key_event_nodes/package.bash'
[8.300s] INFO:colcon.colcon_core.shell:Creating package script '/home/kousei/2DRoboPrac_ws/ros2_ws/install/key_event_nodes/share/key_event_nodes/package.zsh'
[8.300s] Level 1:colcon.colcon_core.environment:create_file_with_runtime_dependencies(/home/kousei/2DRoboPrac_ws/ros2_ws/install/key_event_nodes/share/colcon-core/packages/key_event_nodes)
[8.328s] Level 1:colcon.colcon_core.environment:create_environment_scripts_only(key_event_nodes)
[8.336s] Level 1:colcon.colcon_core.environment:checking '/home/kousei/2DRoboPrac_ws/ros2_ws/install/key_event_nodes' for CMake module files
[8.336s] Level 1:colcon.colcon_core.environment:checking '/home/kousei/2DRoboPrac_ws/ros2_ws/install/key_event_nodes' for CMake config files
[8.336s] Level 1:colcon.colcon_core.shell:create_environment_hook('key_event_nodes', 'cmake_prefix_path')
[8.344s] INFO:colcon.colcon_core.shell:Creating environment hook '/home/kousei/2DRoboPrac_ws/ros2_ws/install/key_event_nodes/share/key_event_nodes/hook/cmake_prefix_path.ps1'
[8.345s] INFO:colcon.colcon_core.shell:Creating environment descriptor '/home/kousei/2DRoboPrac_ws/ros2_ws/install/key_event_nodes/share/key_event_nodes/hook/cmake_prefix_path.dsv'
[8.345s] INFO:colcon.colcon_core.shell:Creating environment hook '/home/kousei/2DRoboPrac_ws/ros2_ws/install/key_event_nodes/share/key_event_nodes/hook/cmake_prefix_path.sh'
[8.345s] Level 1:colcon.colcon_core.environment:checking '/home/kousei/2DRoboPrac_ws/ros2_ws/install/key_event_nodes/lib'
[8.345s] Level 1:colcon.colcon_core.shell:create_environment_hook('key_event_nodes', 'ld_library_path_lib')
[8.361s] INFO:colcon.colcon_core.shell:Creating environment hook '/home/kousei/2DRoboPrac_ws/ros2_ws/install/key_event_nodes/share/key_event_nodes/hook/ld_library_path_lib.ps1'
[8.361s] INFO:colcon.colcon_core.shell:Creating environment descriptor '/home/kousei/2DRoboPrac_ws/ros2_ws/install/key_event_nodes/share/key_event_nodes/hook/ld_library_path_lib.dsv'
[8.361s] INFO:colcon.colcon_core.shell:Creating environment hook '/home/kousei/2DRoboPrac_ws/ros2_ws/install/key_event_nodes/share/key_event_nodes/hook/ld_library_path_lib.sh'
[8.361s] Level 1:colcon.colcon_core.environment:checking '/home/kousei/2DRoboPrac_ws/ros2_ws/install/key_event_nodes/bin'
[8.361s] Level 1:colcon.colcon_core.environment:checking '/home/kousei/2DRoboPrac_ws/ros2_ws/install/key_event_nodes/lib/pkgconfig/key_event_nodes.pc'
[8.361s] Level 1:colcon.colcon_core.environment:checking '/home/kousei/2DRoboPrac_ws/ros2_ws/install/key_event_nodes/lib/python3.10/site-packages'
[8.362s] Level 1:colcon.colcon_core.environment:checking '/home/kousei/2DRoboPrac_ws/ros2_ws/install/key_event_nodes/bin'
[8.369s] INFO:colcon.colcon_core.shell:Creating package script '/home/kousei/2DRoboPrac_ws/ros2_ws/install/key_event_nodes/share/key_event_nodes/package.ps1'
[8.370s] INFO:colcon.colcon_core.shell:Creating package descriptor '/home/kousei/2DRoboPrac_ws/ros2_ws/install/key_event_nodes/share/key_event_nodes/package.dsv'
[8.370s] INFO:colcon.colcon_core.shell:Creating package script '/home/kousei/2DRoboPrac_ws/ros2_ws/install/key_event_nodes/share/key_event_nodes/package.sh'
[8.370s] INFO:colcon.colcon_core.shell:Creating package script '/home/kousei/2DRoboPrac_ws/ros2_ws/install/key_event_nodes/share/key_event_nodes/package.bash'
[8.371s] INFO:colcon.colcon_core.shell:Creating package script '/home/kousei/2DRoboPrac_ws/ros2_ws/install/key_event_nodes/share/key_event_nodes/package.zsh'
[8.371s] Level 1:colcon.colcon_core.environment:create_file_with_runtime_dependencies(/home/kousei/2DRoboPrac_ws/ros2_ws/install/key_event_nodes/share/colcon-core/packages/key_event_nodes)
[8.371s] INFO:colcon.colcon_ros.task.ament_cmake.build:Building ROS package in '/home/kousei/2DRoboPrac_ws/ros2_ws/src/nav_dev' with build type 'ament_cmake'
[8.371s] INFO:colcon.colcon_cmake.task.cmake.build:Building CMake package in '/home/kousei/2DRoboPrac_ws/ros2_ws/src/nav_dev'
[8.380s] INFO:colcon.colcon_core.shell:Skip shell extension 'powershell' for command environment: Not usable outside of PowerShell
[8.380s] DEBUG:colcon.colcon_core.shell:Skip shell extension 'dsv' for command environment
[8.407s] INFO:colcon.colcon_ros.task.ament_cmake.build:Building ROS package in '/home/kousei/2DRoboPrac_ws/ros2_ws/src/nav_real' with build type 'ament_cmake'
[8.407s] INFO:colcon.colcon_cmake.task.cmake.build:Building CMake package in '/home/kousei/2DRoboPrac_ws/ros2_ws/src/nav_real'
[8.417s] INFO:colcon.colcon_core.shell:Skip shell extension 'powershell' for command environment: Not usable outside of PowerShell
[8.417s] DEBUG:colcon.colcon_core.shell:Skip shell extension 'dsv' for command environment
[8.446s] DEBUG:colcon.colcon_core.event_handler.log_command:Invoking command in '/home/kousei/2DRoboPrac_ws/ros2_ws/build/nav_dev': CMAKE_PREFIX_PATH=/home/kousei/2DRoboPrac_ws/ros2_ws/install/key_event_nodes:/home/kousei/2DRoboPrac_ws/ros2_ws/install/key_event_msgs:/home/kousei/2DRoboPrac_ws/ros2_ws/install/urg_node2:/home/kousei/2DRoboPrac_ws/ros2_ws/install/nav_real:/home/kousei/2DRoboPrac_ws/ros2_ws/install/nav_dev:/home/kousei/2DRoboPrac_ws/ros2_ws/install/drive_pkg:/home/kousei/2DRoboPrac_ws/ros2_ws/install/cpp_topic_pubsub:/opt/ros/humble LD_LIBRARY_PATH=/home/kousei/2DRoboPrac_ws/ros2_ws/install/key_event_nodes/lib:/home/kousei/2DRoboPrac_ws/ros2_ws/install/key_event_msgs/lib:/home/kousei/2DRoboPrac_ws/ros2_ws/install/urg_node2/lib:/home/kousei/2DRoboPrac_ws/ros2_ws/install/drive_pkg/lib:/home/kousei/2DRoboPrac_ws/ros2_ws/install/cpp_topic_pubsub/lib:/usr/lib/x86_64-linux-gnu/gazebo-11/plugins:/opt/ros/humble/opt/rviz_ogre_vendor/lib:/opt/ros/humble/lib/x86_64-linux-gnu:/opt/ros/humble/lib /usr/bin/cmake /home/kousei/2DRoboPrac_ws/ros2_ws/src/nav_dev -DCMAKE_INSTALL_PREFIX=/home/kousei/2DRoboPrac_ws/ros2_ws/install/nav_dev
[8.453s] DEBUG:colcon.colcon_core.event_handler.log_command:Invoking command in '/home/kousei/2DRoboPrac_ws/ros2_ws/build/nav_real': AMENT_PREFIX_PATH=/home/kousei/2DRoboPrac_ws/ros2_ws/install/drive_msgs:${AMENT_PREFIX_PATH} CMAKE_PREFIX_PATH=/home/kousei/2DRoboPrac_ws/ros2_ws/install/key_event_nodes:/home/kousei/2DRoboPrac_ws/ros2_ws/install/key_event_msgs:/home/kousei/2DRoboPrac_ws/ros2_ws/install/drive_msgs:/home/kousei/2DRoboPrac_ws/ros2_ws/install/urg_node2:/home/kousei/2DRoboPrac_ws/ros2_ws/install/nav_real:/home/kousei/2DRoboPrac_ws/ros2_ws/install/nav_dev:/home/kousei/2DRoboPrac_ws/ros2_ws/install/drive_pkg:/home/kousei/2DRoboPrac_ws/ros2_ws/install/cpp_topic_pubsub:/opt/ros/humble LD_LIBRARY_PATH=/home/kousei/2DRoboPrac_ws/ros2_ws/install/key_event_nodes/lib:/home/kousei/2DRoboPrac_ws/ros2_ws/install/key_event_msgs/lib:/home/kousei/2DRoboPrac_ws/ros2_ws/install/drive_msgs/lib:/home/kousei/2DRoboPrac_ws/ros2_ws/install/urg_node2/lib:/home/kousei/2DRoboPrac_ws/ros2_ws/install/drive_pkg/lib:/home/kousei/2DRoboPrac_ws/ros2_ws/install/cpp_topic_pubsub/lib:/usr/lib/x86_64-linux-gnu/gazebo-11/plugins:/opt/ros/humble/opt/rviz_ogre_vendor/lib:/opt/ros/humble/lib/x86_64-linux-gnu:/opt/ros/humble/lib PYTHONPATH=/home/kousei/2DRoboPrac_ws/ros2_ws/install/drive_msgs/local/lib/python3.10/dist-packages:${PYTHONPATH} /usr/bin/cmake /home/kousei/2DRoboPrac_ws/ros2_ws/src/nav_real -DCMAKE_INSTALL_PREFIX=/home/kousei/2DRoboPrac_ws/ros2_ws/install/nav_real
[9.590s] DEBUG:colcon.colcon_core.event_handler.log_command:Invoked command in '/home/kousei/2DRoboPrac_ws/ros2_ws/build/nav_dev' returned '0': CMAKE_PREFIX_PATH=/home/kousei/2DRoboPrac_ws/ros2_ws/install/key_event_nodes:/home/kousei/2DRoboPrac_ws/ros2_ws/install/key_event_msgs:/home/kousei/2DRoboPrac_ws/ros2_ws/install/urg_node2:/home/kousei/2DRoboPrac_ws/ros2_ws/install/nav_real:/home/kousei/2DRoboPrac_ws/ros2_ws/install/nav_dev:/home/kousei/2DRoboPrac_ws/ros2_ws/install/drive_pkg:/home/kousei/2DRoboPrac_ws/ros2_ws/install/cpp_topic_pubsub:/opt/ros/humble LD_LIBRARY_PATH=/home/kousei/2DRoboPrac_ws/ros2_ws/install/key_event_nodes/lib:/home/kousei/2DRoboPrac_ws/ros2_ws/install/key_event_msgs/lib:/home/kousei/2DRoboPrac_ws/ros2_ws/install/urg_node2/lib:/home/kousei/2DRoboPrac_ws/ros2_ws/install/drive_pkg/lib:/home/kousei/2DRoboPrac_ws/ros2_ws/install/cpp_topic_pubsub/lib:/usr/lib/x86_64-linux-gnu/gazebo-11/plugins:/opt/ros/humble/opt/rviz_ogre_vendor/lib:/opt/ros/humble/lib/x86_64-linux-gnu:/opt/ros/humble/lib /usr/bin/cmake /home/kousei/2DRoboPrac_ws/ros2_ws/src/nav_dev -DCMAKE_INSTALL_PREFIX=/home/kousei/2DRoboPrac_ws/ros2_ws/install/nav_dev
[9.591s] DEBUG:colcon.colcon_core.event_handler.log_command:Invoking command in '/home/kousei/2DRoboPrac_ws/ros2_ws/build/nav_dev': CMAKE_PREFIX_PATH=/home/kousei/2DRoboPrac_ws/ros2_ws/install/key_event_nodes:/home/kousei/2DRoboPrac_ws/ros2_ws/install/key_event_msgs:/home/kousei/2DRoboPrac_ws/ros2_ws/install/urg_node2:/home/kousei/2DRoboPrac_ws/ros2_ws/install/nav_real:/home/kousei/2DRoboPrac_ws/ros2_ws/install/nav_dev:/home/kousei/2DRoboPrac_ws/ros2_ws/install/drive_pkg:/home/kousei/2DRoboPrac_ws/ros2_ws/install/cpp_topic_pubsub:/opt/ros/humble LD_LIBRARY_PATH=/home/kousei/2DRoboPrac_ws/ros2_ws/install/key_event_nodes/lib:/home/kousei/2DRoboPrac_ws/ros2_ws/install/key_event_msgs/lib:/home/kousei/2DRoboPrac_ws/ros2_ws/install/urg_node2/lib:/home/kousei/2DRoboPrac_ws/ros2_ws/install/drive_pkg/lib:/home/kousei/2DRoboPrac_ws/ros2_ws/install/cpp_topic_pubsub/lib:/usr/lib/x86_64-linux-gnu/gazebo-11/plugins:/opt/ros/humble/opt/rviz_ogre_vendor/lib:/opt/ros/humble/lib/x86_64-linux-gnu:/opt/ros/humble/lib /usr/bin/cmake --build /home/kousei/2DRoboPrac_ws/ros2_ws/build/nav_dev -- -j16 -l16
[9.842s] DEBUG:colcon.colcon_core.event_handler.log_command:Invoked command in '/home/kousei/2DRoboPrac_ws/ros2_ws/build/nav_real' returned '0': AMENT_PREFIX_PATH=/home/kousei/2DRoboPrac_ws/ros2_ws/install/drive_msgs:${AMENT_PREFIX_PATH} CMAKE_PREFIX_PATH=/home/kousei/2DRoboPrac_ws/ros2_ws/install/key_event_nodes:/home/kousei/2DRoboPrac_ws/ros2_ws/install/key_event_msgs:/home/kousei/2DRoboPrac_ws/ros2_ws/install/drive_msgs:/home/kousei/2DRoboPrac_ws/ros2_ws/install/urg_node2:/home/kousei/2DRoboPrac_ws/ros2_ws/install/nav_real:/home/kousei/2DRoboPrac_ws/ros2_ws/install/nav_dev:/home/kousei/2DRoboPrac_ws/ros2_ws/install/drive_pkg:/home/kousei/2DRoboPrac_ws/ros2_ws/install/cpp_topic_pubsub:/opt/ros/humble LD_LIBRARY_PATH=/home/kousei/2DRoboPrac_ws/ros2_ws/install/key_event_nodes/lib:/home/kousei/2DRoboPrac_ws/ros2_ws/install/key_event_msgs/lib:/home/kousei/2DRoboPrac_ws/ros2_ws/install/drive_msgs/lib:/home/kousei/2DRoboPrac_ws/ros2_ws/install/urg_node2/lib:/home/kousei/2DRoboPrac_ws/ros2_ws/install/drive_pkg/lib:/home/kousei/2DRoboPrac_ws/ros2_ws/install/cpp_topic_pubsub/lib:/usr/lib/x86_64-linux-gnu/gazebo-11/plugins:/opt/ros/humble/opt/rviz_ogre_vendor/lib:/opt/ros/humble/lib/x86_64-linux-gnu:/opt/ros/humble/lib PYTHONPATH=/home/kousei/2DRoboPrac_ws/ros2_ws/install/drive_msgs/local/lib/python3.10/dist-packages:${PYTHONPATH} /usr/bin/cmake /home/kousei/2DRoboPrac_ws/ros2_ws/src/nav_real -DCMAKE_INSTALL_PREFIX=/home/kousei/2DRoboPrac_ws/ros2_ws/install/nav_real
[9.845s] DEBUG:colcon.colcon_core.event_handler.log_command:Invoking command in '/home/kousei/2DRoboPrac_ws/ros2_ws/build/nav_real': AMENT_PREFIX_PATH=/home/kousei/2DRoboPrac_ws/ros2_ws/install/drive_msgs:${AMENT_PREFIX_PATH} CMAKE_PREFIX_PATH=/home/kousei/2DRoboPrac_ws/ros2_ws/install/key_event_nodes:/home/kousei/2DRoboPrac_ws/ros2_ws/install/key_event_msgs:/home/kousei/2DRoboPrac_ws/ros2_ws/install/drive_msgs:/home/kousei/2DRoboPrac_ws/ros2_ws/install/urg_node2:/home/kousei/2DRoboPrac_ws/ros2_ws/install/nav_real:/home/kousei/2DRoboPrac_ws/ros2_ws/install/nav_dev:/home/kousei/2DRoboPrac_ws/ros2_ws/install/drive_pkg:/home/kousei/2DRoboPrac_ws/ros2_ws/install/cpp_topic_pubsub:/opt/ros/humble LD_LIBRARY_PATH=/home/kousei/2DRoboPrac_ws/ros2_ws/install/key_event_nodes/lib:/home/kousei/2DRoboPrac_ws/ros2_ws/install/key_event_msgs/lib:/home/kousei/2DRoboPrac_ws/ros2_ws/install/drive_msgs/lib:/home/kousei/2DRoboPrac_ws/ros2_ws/install/urg_node2/lib:/home/kousei/2DRoboPrac_ws/ros2_ws/install/drive_pkg/lib:/home/kousei/2DRoboPrac_ws/ros2_ws/install/cpp_topic_pubsub/lib:/usr/lib/x86_64-linux-gnu/gazebo-11/plugins:/opt/ros/humble/opt/rviz_ogre_vendor/lib:/opt/ros/humble/lib/x86_64-linux-gnu:/opt/ros/humble/lib PYTHONPATH=/home/kousei/2DRoboPrac_ws/ros2_ws/install/drive_msgs/local/lib/python3.10/dist-packages:${PYTHONPATH} /usr/bin/cmake --build /home/kousei/2DRoboPrac_ws/ros2_ws/build/nav_real -- -j16 -l16
[14.982s] DEBUG:colcon.colcon_core.event_handler.log_command:Invoked command in '/home/kousei/2DRoboPrac_ws/ros2_ws/build/urg_node2' returned '0': CMAKE_PREFIX_PATH=${CMAKE_PREFIX_PATH}:/opt/ros/humble /usr/bin/cmake --build /home/kousei/2DRoboPrac_ws/ros2_ws/build/urg_node2 -- -j16 -l16
[15.022s] DEBUG:colcon.colcon_core.event_handler.log_command:Invoking command in '/home/kousei/2DRoboPrac_ws/ros2_ws/build/urg_node2': CMAKE_PREFIX_PATH=${CMAKE_PREFIX_PATH}:/opt/ros/humble /usr/bin/cmake --install /home/kousei/2DRoboPrac_ws/ros2_ws/build/urg_node2
[15.036s] Level 1:colcon.colcon_core.environment:create_environment_scripts_only(urg_node2)
[15.036s] DEBUG:colcon.colcon_core.event_handler.log_command:Invoked command in '/home/kousei/2DRoboPrac_ws/ros2_ws/build/urg_node2' returned '0': CMAKE_PREFIX_PATH=${CMAKE_PREFIX_PATH}:/opt/ros/humble /usr/bin/cmake --install /home/kousei/2DRoboPrac_ws/ros2_ws/build/urg_node2
[15.047s] Level 1:colcon.colcon_core.environment:checking '/home/kousei/2DRoboPrac_ws/ros2_ws/install/urg_node2' for CMake module files
[15.047s] Level 1:colcon.colcon_core.environment:checking '/home/kousei/2DRoboPrac_ws/ros2_ws/install/urg_node2' for CMake config files
[15.048s] Level 1:colcon.colcon_core.shell:create_environment_hook('urg_node2', 'cmake_prefix_path')
[15.058s] INFO:colcon.colcon_core.shell:Creating environment hook '/home/kousei/2DRoboPrac_ws/ros2_ws/install/urg_node2/share/urg_node2/hook/cmake_prefix_path.ps1'
[15.059s] INFO:colcon.colcon_core.shell:Creating environment descriptor '/home/kousei/2DRoboPrac_ws/ros2_ws/install/urg_node2/share/urg_node2/hook/cmake_prefix_path.dsv'
[15.059s] INFO:colcon.colcon_core.shell:Creating environment hook '/home/kousei/2DRoboPrac_ws/ros2_ws/install/urg_node2/share/urg_node2/hook/cmake_prefix_path.sh'
[15.060s] Level 1:colcon.colcon_core.environment:checking '/home/kousei/2DRoboPrac_ws/ros2_ws/install/urg_node2/lib'
[15.060s] Level 1:colcon.colcon_core.shell:create_environment_hook('urg_node2', 'ld_library_path_lib')
[15.070s] INFO:colcon.colcon_core.shell:Creating environment hook '/home/kousei/2DRoboPrac_ws/ros2_ws/install/urg_node2/share/urg_node2/hook/ld_library_path_lib.ps1'
[15.071s] INFO:colcon.colcon_core.shell:Creating environment descriptor '/home/kousei/2DRoboPrac_ws/ros2_ws/install/urg_node2/share/urg_node2/hook/ld_library_path_lib.dsv'
[15.071s] INFO:colcon.colcon_core.shell:Creating environment hook '/home/kousei/2DRoboPrac_ws/ros2_ws/install/urg_node2/share/urg_node2/hook/ld_library_path_lib.sh'
[15.071s] Level 1:colcon.colcon_core.environment:checking '/home/kousei/2DRoboPrac_ws/ros2_ws/install/urg_node2/bin'
[15.071s] Level 1:colcon.colcon_core.environment:checking '/home/kousei/2DRoboPrac_ws/ros2_ws/install/urg_node2/lib/pkgconfig/urg_node2.pc'
[15.071s] Level 1:colcon.colcon_core.environment:checking '/home/kousei/2DRoboPrac_ws/ros2_ws/install/urg_node2/lib/python3.10/site-packages'
[15.071s] Level 1:colcon.colcon_core.environment:checking '/home/kousei/2DRoboPrac_ws/ros2_ws/install/urg_node2/bin'
[15.082s] INFO:colcon.colcon_core.shell:Creating package script '/home/kousei/2DRoboPrac_ws/ros2_ws/install/urg_node2/share/urg_node2/package.ps1'
[15.083s] INFO:colcon.colcon_core.shell:Creating package descriptor '/home/kousei/2DRoboPrac_ws/ros2_ws/install/urg_node2/share/urg_node2/package.dsv'
[15.083s] INFO:colcon.colcon_core.shell:Creating package script '/home/kousei/2DRoboPrac_ws/ros2_ws/install/urg_node2/share/urg_node2/package.sh'
[15.083s] INFO:colcon.colcon_core.shell:Creating package script '/home/kousei/2DRoboPrac_ws/ros2_ws/install/urg_node2/share/urg_node2/package.bash'
[15.083s] INFO:colcon.colcon_core.shell:Creating package script '/home/kousei/2DRoboPrac_ws/ros2_ws/install/urg_node2/share/urg_node2/package.zsh'
[15.084s] Level 1:colcon.colcon_core.environment:create_file_with_runtime_dependencies(/home/kousei/2DRoboPrac_ws/ros2_ws/install/urg_node2/share/colcon-core/packages/urg_node2)
[15.144s] Level 1:colcon.colcon_core.environment:create_environment_scripts_only(urg_node2)
[15.159s] Level 1:colcon.colcon_core.environment:checking '/home/kousei/2DRoboPrac_ws/ros2_ws/install/urg_node2' for CMake module files
[15.159s] Level 1:colcon.colcon_core.environment:checking '/home/kousei/2DRoboPrac_ws/ros2_ws/install/urg_node2' for CMake config files
[15.159s] Level 1:colcon.colcon_core.shell:create_environment_hook('urg_node2', 'cmake_prefix_path')
[15.169s] INFO:colcon.colcon_core.shell:Creating environment hook '/home/kousei/2DRoboPrac_ws/ros2_ws/install/urg_node2/share/urg_node2/hook/cmake_prefix_path.ps1'
[15.170s] INFO:colcon.colcon_core.shell:Creating environment descriptor '/home/kousei/2DRoboPrac_ws/ros2_ws/install/urg_node2/share/urg_node2/hook/cmake_prefix_path.dsv'
[15.170s] INFO:colcon.colcon_core.shell:Creating environment hook '/home/kousei/2DRoboPrac_ws/ros2_ws/install/urg_node2/share/urg_node2/hook/cmake_prefix_path.sh'
[15.170s] Level 1:colcon.colcon_core.environment:checking '/home/kousei/2DRoboPrac_ws/ros2_ws/install/urg_node2/lib'
[15.170s] Level 1:colcon.colcon_core.shell:create_environment_hook('urg_node2', 'ld_library_path_lib')
[15.180s] INFO:colcon.colcon_core.shell:Creating environment hook '/home/kousei/2DRoboPrac_ws/ros2_ws/install/urg_node2/share/urg_node2/hook/ld_library_path_lib.ps1'
[15.181s] INFO:colcon.colcon_core.shell:Creating environment descriptor '/home/kousei/2DRoboPrac_ws/ros2_ws/install/urg_node2/share/urg_node2/hook/ld_library_path_lib.dsv'
[15.181s] INFO:colcon.colcon_core.shell:Creating environment hook '/home/kousei/2DRoboPrac_ws/ros2_ws/install/urg_node2/share/urg_node2/hook/ld_library_path_lib.sh'
[15.181s] Level 1:colcon.colcon_core.environment:checking '/home/kousei/2DRoboPrac_ws/ros2_ws/install/urg_node2/bin'
[15.181s] Level 1:colcon.colcon_core.environment:checking '/home/kousei/2DRoboPrac_ws/ros2_ws/install/urg_node2/lib/pkgconfig/urg_node2.pc'
[15.182s] Level 1:colcon.colcon_core.environment:checking '/home/kousei/2DRoboPrac_ws/ros2_ws/install/urg_node2/lib/python3.10/site-packages'
[15.182s] Level 1:colcon.colcon_core.environment:checking '/home/kousei/2DRoboPrac_ws/ros2_ws/install/urg_node2/bin'
[15.191s] INFO:colcon.colcon_core.shell:Creating package script '/home/kousei/2DRoboPrac_ws/ros2_ws/install/urg_node2/share/urg_node2/package.ps1'
[15.192s] INFO:colcon.colcon_core.shell:Creating package descriptor '/home/kousei/2DRoboPrac_ws/ros2_ws/install/urg_node2/share/urg_node2/package.dsv'
[15.192s] INFO:colcon.colcon_core.shell:Creating package script '/home/kousei/2DRoboPrac_ws/ros2_ws/install/urg_node2/share/urg_node2/package.sh'
[15.193s] INFO:colcon.colcon_core.shell:Creating package script '/home/kousei/2DRoboPrac_ws/ros2_ws/install/urg_node2/share/urg_node2/package.bash'
[15.193s] INFO:colcon.colcon_core.shell:Creating package script '/home/kousei/2DRoboPrac_ws/ros2_ws/install/urg_node2/share/urg_node2/package.zsh'
[15.193s] Level 1:colcon.colcon_core.environment:create_file_with_runtime_dependencies(/home/kousei/2DRoboPrac_ws/ros2_ws/install/urg_node2/share/colcon-core/packages/urg_node2)
[17.205s] DEBUG:colcon.colcon_core.event_handler.log_command:Invoked command in '/home/kousei/2DRoboPrac_ws/ros2_ws/build/nav_dev' returned '0': CMAKE_PREFIX_PATH=/home/kousei/2DRoboPrac_ws/ros2_ws/install/key_event_nodes:/home/kousei/2DRoboPrac_ws/ros2_ws/install/key_event_msgs:/home/kousei/2DRoboPrac_ws/ros2_ws/install/urg_node2:/home/kousei/2DRoboPrac_ws/ros2_ws/install/nav_real:/home/kousei/2DRoboPrac_ws/ros2_ws/install/nav_dev:/home/kousei/2DRoboPrac_ws/ros2_ws/install/drive_pkg:/home/kousei/2DRoboPrac_ws/ros2_ws/install/cpp_topic_pubsub:/opt/ros/humble LD_LIBRARY_PATH=/home/kousei/2DRoboPrac_ws/ros2_ws/install/key_event_nodes/lib:/home/kousei/2DRoboPrac_ws/ros2_ws/install/key_event_msgs/lib:/home/kousei/2DRoboPrac_ws/ros2_ws/install/urg_node2/lib:/home/kousei/2DRoboPrac_ws/ros2_ws/install/drive_pkg/lib:/home/kousei/2DRoboPrac_ws/ros2_ws/install/cpp_topic_pubsub/lib:/usr/lib/x86_64-linux-gnu/gazebo-11/plugins:/opt/ros/humble/opt/rviz_ogre_vendor/lib:/opt/ros/humble/lib/x86_64-linux-gnu:/opt/ros/humble/lib /usr/bin/cmake --build /home/kousei/2DRoboPrac_ws/ros2_ws/build/nav_dev -- -j16 -l16
[17.225s] DEBUG:colcon.colcon_core.event_handler.log_command:Invoking command in '/home/kousei/2DRoboPrac_ws/ros2_ws/build/nav_dev': CMAKE_PREFIX_PATH=/home/kousei/2DRoboPrac_ws/ros2_ws/install/key_event_nodes:/home/kousei/2DRoboPrac_ws/ros2_ws/install/key_event_msgs:/home/kousei/2DRoboPrac_ws/ros2_ws/install/urg_node2:/home/kousei/2DRoboPrac_ws/ros2_ws/install/nav_real:/home/kousei/2DRoboPrac_ws/ros2_ws/install/nav_dev:/home/kousei/2DRoboPrac_ws/ros2_ws/install/drive_pkg:/home/kousei/2DRoboPrac_ws/ros2_ws/install/cpp_topic_pubsub:/opt/ros/humble LD_LIBRARY_PATH=/home/kousei/2DRoboPrac_ws/ros2_ws/install/key_event_nodes/lib:/home/kousei/2DRoboPrac_ws/ros2_ws/install/key_event_msgs/lib:/home/kousei/2DRoboPrac_ws/ros2_ws/install/urg_node2/lib:/home/kousei/2DRoboPrac_ws/ros2_ws/install/drive_pkg/lib:/home/kousei/2DRoboPrac_ws/ros2_ws/install/cpp_topic_pubsub/lib:/usr/lib/x86_64-linux-gnu/gazebo-11/plugins:/opt/ros/humble/opt/rviz_ogre_vendor/lib:/opt/ros/humble/lib/x86_64-linux-gnu:/opt/ros/humble/lib /usr/bin/cmake --install /home/kousei/2DRoboPrac_ws/ros2_ws/build/nav_dev
[17.298s] Level 1:colcon.colcon_core.environment:create_environment_scripts_only(nav_dev)
[17.298s] DEBUG:colcon.colcon_core.event_handler.log_command:Invoked command in '/home/kousei/2DRoboPrac_ws/ros2_ws/build/nav_dev' returned '0': CMAKE_PREFIX_PATH=/home/kousei/2DRoboPrac_ws/ros2_ws/install/key_event_nodes:/home/kousei/2DRoboPrac_ws/ros2_ws/install/key_event_msgs:/home/kousei/2DRoboPrac_ws/ros2_ws/install/urg_node2:/home/kousei/2DRoboPrac_ws/ros2_ws/install/nav_real:/home/kousei/2DRoboPrac_ws/ros2_ws/install/nav_dev:/home/kousei/2DRoboPrac_ws/ros2_ws/install/drive_pkg:/home/kousei/2DRoboPrac_ws/ros2_ws/install/cpp_topic_pubsub:/opt/ros/humble LD_LIBRARY_PATH=/home/kousei/2DRoboPrac_ws/ros2_ws/install/key_event_nodes/lib:/home/kousei/2DRoboPrac_ws/ros2_ws/install/key_event_msgs/lib:/home/kousei/2DRoboPrac_ws/ros2_ws/install/urg_node2/lib:/home/kousei/2DRoboPrac_ws/ros2_ws/install/drive_pkg/lib:/home/kousei/2DRoboPrac_ws/ros2_ws/install/cpp_topic_pubsub/lib:/usr/lib/x86_64-linux-gnu/gazebo-11/plugins:/opt/ros/humble/opt/rviz_ogre_vendor/lib:/opt/ros/humble/lib/x86_64-linux-gnu:/opt/ros/humble/lib /usr/bin/cmake --install /home/kousei/2DRoboPrac_ws/ros2_ws/build/nav_dev
[17.309s] Level 1:colcon.colcon_core.environment:checking '/home/kousei/2DRoboPrac_ws/ros2_ws/install/nav_dev' for CMake module files
[17.309s] Level 1:colcon.colcon_core.environment:checking '/home/kousei/2DRoboPrac_ws/ros2_ws/install/nav_dev' for CMake config files
[17.310s] Level 1:colcon.colcon_core.shell:create_environment_hook('nav_dev', 'cmake_prefix_path')
[17.319s] INFO:colcon.colcon_core.shell:Creating environment hook '/home/kousei/2DRoboPrac_ws/ros2_ws/install/nav_dev/share/nav_dev/hook/cmake_prefix_path.ps1'
[17.319s] INFO:colcon.colcon_core.shell:Creating environment descriptor '/home/kousei/2DRoboPrac_ws/ros2_ws/install/nav_dev/share/nav_dev/hook/cmake_prefix_path.dsv'
[17.319s] INFO:colcon.colcon_core.shell:Creating environment hook '/home/kousei/2DRoboPrac_ws/ros2_ws/install/nav_dev/share/nav_dev/hook/cmake_prefix_path.sh'
[17.320s] Level 1:colcon.colcon_core.environment:checking '/home/kousei/2DRoboPrac_ws/ros2_ws/install/nav_dev/lib'
[17.320s] Level 1:colcon.colcon_core.environment:checking '/home/kousei/2DRoboPrac_ws/ros2_ws/install/nav_dev/bin'
[17.320s] Level 1:colcon.colcon_core.environment:checking '/home/kousei/2DRoboPrac_ws/ros2_ws/install/nav_dev/lib/pkgconfig/nav_dev.pc'
[17.320s] Level 1:colcon.colcon_core.environment:checking '/home/kousei/2DRoboPrac_ws/ros2_ws/install/nav_dev/lib/python3.10/site-packages'
[17.320s] Level 1:colcon.colcon_core.environment:checking '/home/kousei/2DRoboPrac_ws/ros2_ws/install/nav_dev/bin'
[17.329s] INFO:colcon.colcon_core.shell:Creating package script '/home/kousei/2DRoboPrac_ws/ros2_ws/install/nav_dev/share/nav_dev/package.ps1'
[17.330s] INFO:colcon.colcon_core.shell:Creating package descriptor '/home/kousei/2DRoboPrac_ws/ros2_ws/install/nav_dev/share/nav_dev/package.dsv'
[17.330s] INFO:colcon.colcon_core.shell:Creating package script '/home/kousei/2DRoboPrac_ws/ros2_ws/install/nav_dev/share/nav_dev/package.sh'
[17.330s] INFO:colcon.colcon_core.shell:Creating package script '/home/kousei/2DRoboPrac_ws/ros2_ws/install/nav_dev/share/nav_dev/package.bash'
[17.330s] INFO:colcon.colcon_core.shell:Creating package script '/home/kousei/2DRoboPrac_ws/ros2_ws/install/nav_dev/share/nav_dev/package.zsh'
[17.331s] Level 1:colcon.colcon_core.environment:create_file_with_runtime_dependencies(/home/kousei/2DRoboPrac_ws/ros2_ws/install/nav_dev/share/colcon-core/packages/nav_dev)
[17.368s] Level 1:colcon.colcon_core.environment:create_environment_scripts_only(nav_dev)
[17.377s] Level 1:colcon.colcon_core.environment:checking '/home/kousei/2DRoboPrac_ws/ros2_ws/install/nav_dev' for CMake module files
[17.378s] Level 1:colcon.colcon_core.environment:checking '/home/kousei/2DRoboPrac_ws/ros2_ws/install/nav_dev' for CMake config files
[17.378s] Level 1:colcon.colcon_core.shell:create_environment_hook('nav_dev', 'cmake_prefix_path')
[17.387s] INFO:colcon.colcon_core.shell:Creating environment hook '/home/kousei/2DRoboPrac_ws/ros2_ws/install/nav_dev/share/nav_dev/hook/cmake_prefix_path.ps1'
[17.387s] INFO:colcon.colcon_core.shell:Creating environment descriptor '/home/kousei/2DRoboPrac_ws/ros2_ws/install/nav_dev/share/nav_dev/hook/cmake_prefix_path.dsv'
[17.387s] INFO:colcon.colcon_core.shell:Creating environment hook '/home/kousei/2DRoboPrac_ws/ros2_ws/install/nav_dev/share/nav_dev/hook/cmake_prefix_path.sh'
[17.388s] Level 1:colcon.colcon_core.environment:checking '/home/kousei/2DRoboPrac_ws/ros2_ws/install/nav_dev/lib'
[17.388s] Level 1:colcon.colcon_core.environment:checking '/home/kousei/2DRoboPrac_ws/ros2_ws/install/nav_dev/bin'
[17.388s] Level 1:colcon.colcon_core.environment:checking '/home/kousei/2DRoboPrac_ws/ros2_ws/install/nav_dev/lib/pkgconfig/nav_dev.pc'
[17.388s] Level 1:colcon.colcon_core.environment:checking '/home/kousei/2DRoboPrac_ws/ros2_ws/install/nav_dev/lib/python3.10/site-packages'
[17.388s] Level 1:colcon.colcon_core.environment:checking '/home/kousei/2DRoboPrac_ws/ros2_ws/install/nav_dev/bin'
[17.397s] INFO:colcon.colcon_core.shell:Creating package script '/home/kousei/2DRoboPrac_ws/ros2_ws/install/nav_dev/share/nav_dev/package.ps1'
[17.398s] INFO:colcon.colcon_core.shell:Creating package descriptor '/home/kousei/2DRoboPrac_ws/ros2_ws/install/nav_dev/share/nav_dev/package.dsv'
[17.398s] INFO:colcon.colcon_core.shell:Creating package script '/home/kousei/2DRoboPrac_ws/ros2_ws/install/nav_dev/share/nav_dev/package.sh'
[17.398s] INFO:colcon.colcon_core.shell:Creating package script '/home/kousei/2DRoboPrac_ws/ros2_ws/install/nav_dev/share/nav_dev/package.bash'
[17.399s] INFO:colcon.colcon_core.shell:Creating package script '/home/kousei/2DRoboPrac_ws/ros2_ws/install/nav_dev/share/nav_dev/package.zsh'
[17.399s] Level 1:colcon.colcon_core.environment:create_file_with_runtime_dependencies(/home/kousei/2DRoboPrac_ws/ros2_ws/install/nav_dev/share/colcon-core/packages/nav_dev)
[22.156s] DEBUG:colcon.colcon_core.event_handler.log_command:Invoked command in '/home/kousei/2DRoboPrac_ws/ros2_ws/build/nav_real' returned '0': AMENT_PREFIX_PATH=/home/kousei/2DRoboPrac_ws/ros2_ws/install/drive_msgs:${AMENT_PREFIX_PATH} CMAKE_PREFIX_PATH=/home/kousei/2DRoboPrac_ws/ros2_ws/install/key_event_nodes:/home/kousei/2DRoboPrac_ws/ros2_ws/install/key_event_msgs:/home/kousei/2DRoboPrac_ws/ros2_ws/install/drive_msgs:/home/kousei/2DRoboPrac_ws/ros2_ws/install/urg_node2:/home/kousei/2DRoboPrac_ws/ros2_ws/install/nav_real:/home/kousei/2DRoboPrac_ws/ros2_ws/install/nav_dev:/home/kousei/2DRoboPrac_ws/ros2_ws/install/drive_pkg:/home/kousei/2DRoboPrac_ws/ros2_ws/install/cpp_topic_pubsub:/opt/ros/humble LD_LIBRARY_PATH=/home/kousei/2DRoboPrac_ws/ros2_ws/install/key_event_nodes/lib:/home/kousei/2DRoboPrac_ws/ros2_ws/install/key_event_msgs/lib:/home/kousei/2DRoboPrac_ws/ros2_ws/install/drive_msgs/lib:/home/kousei/2DRoboPrac_ws/ros2_ws/install/urg_node2/lib:/home/kousei/2DRoboPrac_ws/ros2_ws/install/drive_pkg/lib:/home/kousei/2DRoboPrac_ws/ros2_ws/install/cpp_topic_pubsub/lib:/usr/lib/x86_64-linux-gnu/gazebo-11/plugins:/opt/ros/humble/opt/rviz_ogre_vendor/lib:/opt/ros/humble/lib/x86_64-linux-gnu:/opt/ros/humble/lib PYTHONPATH=/home/kousei/2DRoboPrac_ws/ros2_ws/install/drive_msgs/local/lib/python3.10/dist-packages:${PYTHONPATH} /usr/bin/cmake --build /home/kousei/2DRoboPrac_ws/ros2_ws/build/nav_real -- -j16 -l16
[22.179s] DEBUG:colcon.colcon_core.event_handler.log_command:Invoking command in '/home/kousei/2DRoboPrac_ws/ros2_ws/build/nav_real': AMENT_PREFIX_PATH=/home/kousei/2DRoboPrac_ws/ros2_ws/install/drive_msgs:${AMENT_PREFIX_PATH} CMAKE_PREFIX_PATH=/home/kousei/2DRoboPrac_ws/ros2_ws/install/key_event_nodes:/home/kousei/2DRoboPrac_ws/ros2_ws/install/key_event_msgs:/home/kousei/2DRoboPrac_ws/ros2_ws/install/drive_msgs:/home/kousei/2DRoboPrac_ws/ros2_ws/install/urg_node2:/home/kousei/2DRoboPrac_ws/ros2_ws/install/nav_real:/home/kousei/2DRoboPrac_ws/ros2_ws/install/nav_dev:/home/kousei/2DRoboPrac_ws/ros2_ws/install/drive_pkg:/home/kousei/2DRoboPrac_ws/ros2_ws/install/cpp_topic_pubsub:/opt/ros/humble LD_LIBRARY_PATH=/home/kousei/2DRoboPrac_ws/ros2_ws/install/key_event_nodes/lib:/home/kousei/2DRoboPrac_ws/ros2_ws/install/key_event_msgs/lib:/home/kousei/2DRoboPrac_ws/ros2_ws/install/drive_msgs/lib:/home/kousei/2DRoboPrac_ws/ros2_ws/install/urg_node2/lib:/home/kousei/2DRoboPrac_ws/ros2_ws/install/drive_pkg/lib:/home/kousei/2DRoboPrac_ws/ros2_ws/install/cpp_topic_pubsub/lib:/usr/lib/x86_64-linux-gnu/gazebo-11/plugins:/opt/ros/humble/opt/rviz_ogre_vendor/lib:/opt/ros/humble/lib/x86_64-linux-gnu:/opt/ros/humble/lib PYTHONPATH=/home/kousei/2DRoboPrac_ws/ros2_ws/install/drive_msgs/local/lib/python3.10/dist-packages:${PYTHONPATH} /usr/bin/cmake --install /home/kousei/2DRoboPrac_ws/ros2_ws/build/nav_real
[22.201s] Level 1:colcon.colcon_core.environment:create_environment_scripts_only(nav_real)
[22.202s] DEBUG:colcon.colcon_core.event_handler.log_command:Invoked command in '/home/kousei/2DRoboPrac_ws/ros2_ws/build/nav_real' returned '0': AMENT_PREFIX_PATH=/home/kousei/2DRoboPrac_ws/ros2_ws/install/drive_msgs:${AMENT_PREFIX_PATH} CMAKE_PREFIX_PATH=/home/kousei/2DRoboPrac_ws/ros2_ws/install/key_event_nodes:/home/kousei/2DRoboPrac_ws/ros2_ws/install/key_event_msgs:/home/kousei/2DRoboPrac_ws/ros2_ws/install/drive_msgs:/home/kousei/2DRoboPrac_ws/ros2_ws/install/urg_node2:/home/kousei/2DRoboPrac_ws/ros2_ws/install/nav_real:/home/kousei/2DRoboPrac_ws/ros2_ws/install/nav_dev:/home/kousei/2DRoboPrac_ws/ros2_ws/install/drive_pkg:/home/kousei/2DRoboPrac_ws/ros2_ws/install/cpp_topic_pubsub:/opt/ros/humble LD_LIBRARY_PATH=/home/kousei/2DRoboPrac_ws/ros2_ws/install/key_event_nodes/lib:/home/kousei/2DRoboPrac_ws/ros2_ws/install/key_event_msgs/lib:/home/kousei/2DRoboPrac_ws/ros2_ws/install/drive_msgs/lib:/home/kousei/2DRoboPrac_ws/ros2_ws/install/urg_node2/lib:/home/kousei/2DRoboPrac_ws/ros2_ws/install/drive_pkg/lib:/home/kousei/2DRoboPrac_ws/ros2_ws/install/cpp_topic_pubsub/lib:/usr/lib/x86_64-linux-gnu/gazebo-11/plugins:/opt/ros/humble/opt/rviz_ogre_vendor/lib:/opt/ros/humble/lib/x86_64-linux-gnu:/opt/ros/humble/lib PYTHONPATH=/home/kousei/2DRoboPrac_ws/ros2_ws/install/drive_msgs/local/lib/python3.10/dist-packages:${PYTHONPATH} /usr/bin/cmake --install /home/kousei/2DRoboPrac_ws/ros2_ws/build/nav_real
[22.210s] Level 1:colcon.colcon_core.environment:checking '/home/kousei/2DRoboPrac_ws/ros2_ws/install/nav_real' for CMake module files
[22.211s] Level 1:colcon.colcon_core.environment:checking '/home/kousei/2DRoboPrac_ws/ros2_ws/install/nav_real' for CMake config files
[22.211s] Level 1:colcon.colcon_core.shell:create_environment_hook('nav_real', 'cmake_prefix_path')
[22.217s] INFO:colcon.colcon_core.shell:Creating environment hook '/home/kousei/2DRoboPrac_ws/ros2_ws/install/nav_real/share/nav_real/hook/cmake_prefix_path.ps1'
[22.218s] INFO:colcon.colcon_core.shell:Creating environment descriptor '/home/kousei/2DRoboPrac_ws/ros2_ws/install/nav_real/share/nav_real/hook/cmake_prefix_path.dsv'
[22.218s] INFO:colcon.colcon_core.shell:Creating environment hook '/home/kousei/2DRoboPrac_ws/ros2_ws/install/nav_real/share/nav_real/hook/cmake_prefix_path.sh'
[22.218s] Level 1:colcon.colcon_core.environment:checking '/home/kousei/2DRoboPrac_ws/ros2_ws/install/nav_real/lib'
[22.218s] Level 1:colcon.colcon_core.environment:checking '/home/kousei/2DRoboPrac_ws/ros2_ws/install/nav_real/bin'
[22.218s] Level 1:colcon.colcon_core.environment:checking '/home/kousei/2DRoboPrac_ws/ros2_ws/install/nav_real/lib/pkgconfig/nav_real.pc'
[22.218s] Level 1:colcon.colcon_core.environment:checking '/home/kousei/2DRoboPrac_ws/ros2_ws/install/nav_real/lib/python3.10/site-packages'
[22.218s] Level 1:colcon.colcon_core.environment:checking '/home/kousei/2DRoboPrac_ws/ros2_ws/install/nav_real/bin'
[22.225s] INFO:colcon.colcon_core.shell:Creating package script '/home/kousei/2DRoboPrac_ws/ros2_ws/install/nav_real/share/nav_real/package.ps1'
[22.225s] INFO:colcon.colcon_core.shell:Creating package descriptor '/home/kousei/2DRoboPrac_ws/ros2_ws/install/nav_real/share/nav_real/package.dsv'
[22.226s] INFO:colcon.colcon_core.shell:Creating package script '/home/kousei/2DRoboPrac_ws/ros2_ws/install/nav_real/share/nav_real/package.sh'
[22.226s] INFO:colcon.colcon_core.shell:Creating package script '/home/kousei/2DRoboPrac_ws/ros2_ws/install/nav_real/share/nav_real/package.bash'
[22.226s] INFO:colcon.colcon_core.shell:Creating package script '/home/kousei/2DRoboPrac_ws/ros2_ws/install/nav_real/share/nav_real/package.zsh'
[22.226s] Level 1:colcon.colcon_core.environment:create_file_with_runtime_dependencies(/home/kousei/2DRoboPrac_ws/ros2_ws/install/nav_real/share/colcon-core/packages/nav_real)
[22.257s] Level 1:colcon.colcon_core.environment:create_environment_scripts_only(nav_real)
[22.264s] Level 1:colcon.colcon_core.environment:checking '/home/kousei/2DRoboPrac_ws/ros2_ws/install/nav_real' for CMake module files
[22.264s] Level 1:colcon.colcon_core.environment:checking '/home/kousei/2DRoboPrac_ws/ros2_ws/install/nav_real' for CMake config files
[22.265s] Level 1:colcon.colcon_core.shell:create_environment_hook('nav_real', 'cmake_prefix_path')
[22.272s] INFO:colcon.colcon_core.shell:Creating environment hook '/home/kousei/2DRoboPrac_ws/ros2_ws/install/nav_real/share/nav_real/hook/cmake_prefix_path.ps1'
[22.272s] INFO:colcon.colcon_core.shell:Creating environment descriptor '/home/kousei/2DRoboPrac_ws/ros2_ws/install/nav_real/share/nav_real/hook/cmake_prefix_path.dsv'
[22.273s] INFO:colcon.colcon_core.shell:Creating environment hook '/home/kousei/2DRoboPrac_ws/ros2_ws/install/nav_real/share/nav_real/hook/cmake_prefix_path.sh'
[22.273s] Level 1:colcon.colcon_core.environment:checking '/home/kousei/2DRoboPrac_ws/ros2_ws/install/nav_real/lib'
[22.273s] Level 1:colcon.colcon_core.environment:checking '/home/kousei/2DRoboPrac_ws/ros2_ws/install/nav_real/bin'
[22.273s] Level 1:colcon.colcon_core.environment:checking '/home/kousei/2DRoboPrac_ws/ros2_ws/install/nav_real/lib/pkgconfig/nav_real.pc'
[22.273s] Level 1:colcon.colcon_core.environment:checking '/home/kousei/2DRoboPrac_ws/ros2_ws/install/nav_real/lib/python3.10/site-packages'
[22.273s] Level 1:colcon.colcon_core.environment:checking '/home/kousei/2DRoboPrac_ws/ros2_ws/install/nav_real/bin'
[22.280s] INFO:colcon.colcon_core.shell:Creating package script '/home/kousei/2DRoboPrac_ws/ros2_ws/install/nav_real/share/nav_real/package.ps1'
[22.281s] INFO:colcon.colcon_core.shell:Creating package descriptor '/home/kousei/2DRoboPrac_ws/ros2_ws/install/nav_real/share/nav_real/package.dsv'
[22.281s] INFO:colcon.colcon_core.shell:Creating package script '/home/kousei/2DRoboPrac_ws/ros2_ws/install/nav_real/share/nav_real/package.sh'
[22.281s] INFO:colcon.colcon_core.shell:Creating package script '/home/kousei/2DRoboPrac_ws/ros2_ws/install/nav_real/share/nav_real/package.bash'
[22.282s] INFO:colcon.colcon_core.shell:Creating package script '/home/kousei/2DRoboPrac_ws/ros2_ws/install/nav_real/share/nav_real/package.zsh'
[22.282s] Level 1:colcon.colcon_core.environment:create_file_with_runtime_dependencies(/home/kousei/2DRoboPrac_ws/ros2_ws/install/nav_real/share/colcon-core/packages/nav_real)
[22.282s] DEBUG:colcon.colcon_parallel_executor.executor.parallel:closing loop
[22.282s] DEBUG:colcon.colcon_parallel_executor.executor.parallel:loop closed
[22.282s] DEBUG:colcon.colcon_parallel_executor.executor.parallel:run_until_complete finished with '0'
[22.282s] DEBUG:colcon.colcon_core.event_reactor:joining thread
[22.294s] INFO:colcon.colcon_core.plugin_system:Skipping extension 'colcon_notification.desktop_notification.terminal_notifier': Not used on non-Darwin systems
[22.294s] INFO:colcon.colcon_core.plugin_system:Skipping extension 'colcon_notification.desktop_notification.win32': Not used on non-Windows systems
[22.294s] INFO:colcon.colcon_notification.desktop_notification:Sending desktop notification using 'notify2'
[22.305s] DEBUG:colcon.colcon_core.event_reactor:joined thread
[22.312s] INFO:colcon.colcon_core.shell:Creating prefix script '/home/kousei/2DRoboPrac_ws/ros2_ws/install/local_setup.ps1'
[22.313s] INFO:colcon.colcon_core.shell:Creating prefix util module '/home/kousei/2DRoboPrac_ws/ros2_ws/install/_local_setup_util_ps1.py'
[22.313s] INFO:colcon.colcon_core.shell:Creating prefix chain script '/home/kousei/2DRoboPrac_ws/ros2_ws/install/setup.ps1'
[22.321s] INFO:colcon.colcon_core.shell:Creating prefix script '/home/kousei/2DRoboPrac_ws/ros2_ws/install/local_setup.sh'
[22.321s] INFO:colcon.colcon_core.shell:Creating prefix util module '/home/kousei/2DRoboPrac_ws/ros2_ws/install/_local_setup_util_sh.py'
[22.321s] INFO:colcon.colcon_core.shell:Creating prefix chain script '/home/kousei/2DRoboPrac_ws/ros2_ws/install/setup.sh'
[22.329s] INFO:colcon.colcon_core.shell:Creating prefix script '/home/kousei/2DRoboPrac_ws/ros2_ws/install/local_setup.bash'
[22.329s] INFO:colcon.colcon_core.shell:Creating prefix chain script '/home/kousei/2DRoboPrac_ws/ros2_ws/install/setup.bash'
[22.337s] INFO:colcon.colcon_core.shell:Creating prefix script '/home/kousei/2DRoboPrac_ws/ros2_ws/install/local_setup.zsh'
[22.337s] INFO:colcon.colcon_core.shell:Creating prefix chain script '/home/kousei/2DRoboPrac_ws/ros2_ws/install/setup.zsh'
