[  3%] Built target key_event_msgs__cpp
[ 12%] Built target key_event_msgs__rosidl_generator_c
[ 12%] Built target ament_cmake_python_copy_key_event_msgs
[ 22%] Built target key_event_msgs__rosidl_typesupport_cpp
[ 32%] Built target key_event_msgs__rosidl_typesupport_introspection_cpp
[ 41%] Built target key_event_msgs__rosidl_typesupport_c
[ 51%] Built target key_event_msgs__rosidl_typesupport_fastrtps_c
[ 61%] Built target key_event_msgs__rosidl_typesupport_fastrtps_cpp
[ 70%] Built target key_event_msgs__rosidl_typesupport_introspection_c
[ 70%] Built target key_event_msgs
[ 74%] Built target key_event_msgs__py
[ 80%] Built target key_event_msgs__rosidl_generator_py
[ 87%] Built target key_event_msgs__rosidl_typesupport_fastrtps_c__pyext
[ 93%] Built target key_event_msgs__rosidl_typesupport_introspection_c__pyext
[100%] Built target key_event_msgs__rosidl_typesupport_c__pyext
running egg_info
writing key_event_msgs.egg-info/PKG-INFO
writing dependency_links to key_event_msgs.egg-info/dependency_links.txt
writing top-level names to key_event_msgs.egg-info/top_level.txt
reading manifest file 'key_event_msgs.egg-info/SOURCES.txt'
writing manifest file 'key_event_msgs.egg-info/SOURCES.txt'
[100%] Built target ament_cmake_python_build_key_event_msgs_egg
-- Install configuration: ""
-- Up-to-date: /home/kousei/2DRoboPrac_ws/ros2_ws/install/key_event_msgs/share/ament_index/resource_index/rosidl_interfaces/key_event_msgs
-- Up-to-date: /home/kousei/2DRoboPrac_ws/ros2_ws/install/key_event_msgs/include/key_event_msgs/key_event_msgs
-- Up-to-date: /home/kousei/2DRoboPrac_ws/ros2_ws/install/key_event_msgs/include/key_event_msgs/key_event_msgs/msg
-- Up-to-date: /home/kousei/2DRoboPrac_ws/ros2_ws/install/key_event_msgs/include/key_event_msgs/key_event_msgs/msg/key_event.h
-- Up-to-date: /home/kousei/2DRoboPrac_ws/ros2_ws/install/key_event_msgs/include/key_event_msgs/key_event_msgs/msg/rosidl_generator_c__visibility_control.h
-- Up-to-date: /home/kousei/2DRoboPrac_ws/ros2_ws/install/key_event_msgs/include/key_event_msgs/key_event_msgs/msg/detail
-- Up-to-date: /home/kousei/2DRoboPrac_ws/ros2_ws/install/key_event_msgs/include/key_event_msgs/key_event_msgs/msg/detail/key_event__struct.h
-- Up-to-date: /home/kousei/2DRoboPrac_ws/ros2_ws/install/key_event_msgs/include/key_event_msgs/key_event_msgs/msg/detail/key_event__functions.h
-- Up-to-date: /home/kousei/2DRoboPrac_ws/ros2_ws/install/key_event_msgs/include/key_event_msgs/key_event_msgs/msg/detail/key_event__functions.c
-- Up-to-date: /home/kousei/2DRoboPrac_ws/ros2_ws/install/key_event_msgs/include/key_event_msgs/key_event_msgs/msg/detail/key_event__type_support.h
-- Up-to-date: /home/kousei/2DRoboPrac_ws/ros2_ws/install/key_event_msgs/share/key_event_msgs/environment/library_path.sh
-- Up-to-date: /home/kousei/2DRoboPrac_ws/ros2_ws/install/key_event_msgs/share/key_event_msgs/environment/library_path.dsv
-- Up-to-date: /home/kousei/2DRoboPrac_ws/ros2_ws/install/key_event_msgs/lib/libkey_event_msgs__rosidl_generator_c.so
-- Up-to-date: /home/kousei/2DRoboPrac_ws/ros2_ws/install/key_event_msgs/include/key_event_msgs/key_event_msgs
-- Up-to-date: /home/kousei/2DRoboPrac_ws/ros2_ws/install/key_event_msgs/include/key_event_msgs/key_event_msgs/msg
-- Up-to-date: /home/kousei/2DRoboPrac_ws/ros2_ws/install/key_event_msgs/include/key_event_msgs/key_event_msgs/msg/detail
-- Up-to-date: /home/kousei/2DRoboPrac_ws/ros2_ws/install/key_event_msgs/include/key_event_msgs/key_event_msgs/msg/detail/key_event__rosidl_typesupport_fastrtps_c.h
-- Up-to-date: /home/kousei/2DRoboPrac_ws/ros2_ws/install/key_event_msgs/include/key_event_msgs/key_event_msgs/msg/rosidl_typesupport_fastrtps_c__visibility_control.h
-- Up-to-date: /home/kousei/2DRoboPrac_ws/ros2_ws/install/key_event_msgs/lib/libkey_event_msgs__rosidl_typesupport_fastrtps_c.so
-- Up-to-date: /home/kousei/2DRoboPrac_ws/ros2_ws/install/key_event_msgs/include/key_event_msgs/key_event_msgs
-- Up-to-date: /home/kousei/2DRoboPrac_ws/ros2_ws/install/key_event_msgs/include/key_event_msgs/key_event_msgs/msg
-- Up-to-date: /home/kousei/2DRoboPrac_ws/ros2_ws/install/key_event_msgs/include/key_event_msgs/key_event_msgs/msg/detail
-- Up-to-date: /home/kousei/2DRoboPrac_ws/ros2_ws/install/key_event_msgs/include/key_event_msgs/key_event_msgs/msg/detail/key_event__type_support.c
-- Up-to-date: /home/kousei/2DRoboPrac_ws/ros2_ws/install/key_event_msgs/include/key_event_msgs/key_event_msgs/msg/detail/key_event__rosidl_typesupport_introspection_c.h
-- Up-to-date: /home/kousei/2DRoboPrac_ws/ros2_ws/install/key_event_msgs/include/key_event_msgs/key_event_msgs/msg/rosidl_typesupport_introspection_c__visibility_control.h
-- Up-to-date: /home/kousei/2DRoboPrac_ws/ros2_ws/install/key_event_msgs/lib/libkey_event_msgs__rosidl_typesupport_introspection_c.so
-- Up-to-date: /home/kousei/2DRoboPrac_ws/ros2_ws/install/key_event_msgs/lib/libkey_event_msgs__rosidl_typesupport_c.so
-- Up-to-date: /home/kousei/2DRoboPrac_ws/ros2_ws/install/key_event_msgs/include/key_event_msgs/key_event_msgs
-- Up-to-date: /home/kousei/2DRoboPrac_ws/ros2_ws/install/key_event_msgs/include/key_event_msgs/key_event_msgs/msg
-- Up-to-date: /home/kousei/2DRoboPrac_ws/ros2_ws/install/key_event_msgs/include/key_event_msgs/key_event_msgs/msg/key_event.hpp
-- Up-to-date: /home/kousei/2DRoboPrac_ws/ros2_ws/install/key_event_msgs/include/key_event_msgs/key_event_msgs/msg/detail
-- Up-to-date: /home/kousei/2DRoboPrac_ws/ros2_ws/install/key_event_msgs/include/key_event_msgs/key_event_msgs/msg/detail/key_event__traits.hpp
-- Up-to-date: /home/kousei/2DRoboPrac_ws/ros2_ws/install/key_event_msgs/include/key_event_msgs/key_event_msgs/msg/detail/key_event__struct.hpp
-- Up-to-date: /home/kousei/2DRoboPrac_ws/ros2_ws/install/key_event_msgs/include/key_event_msgs/key_event_msgs/msg/detail/key_event__builder.hpp
-- Up-to-date: /home/kousei/2DRoboPrac_ws/ros2_ws/install/key_event_msgs/include/key_event_msgs/key_event_msgs
-- Up-to-date: /home/kousei/2DRoboPrac_ws/ros2_ws/install/key_event_msgs/include/key_event_msgs/key_event_msgs/msg
-- Up-to-date: /home/kousei/2DRoboPrac_ws/ros2_ws/install/key_event_msgs/include/key_event_msgs/key_event_msgs/msg/detail
-- Up-to-date: /home/kousei/2DRoboPrac_ws/ros2_ws/install/key_event_msgs/include/key_event_msgs/key_event_msgs/msg/detail/dds_fastrtps
-- Up-to-date: /home/kousei/2DRoboPrac_ws/ros2_ws/install/key_event_msgs/include/key_event_msgs/key_event_msgs/msg/detail/key_event__rosidl_typesupport_fastrtps_cpp.hpp
-- Up-to-date: /home/kousei/2DRoboPrac_ws/ros2_ws/install/key_event_msgs/include/key_event_msgs/key_event_msgs/msg/rosidl_typesupport_fastrtps_cpp__visibility_control.h
-- Up-to-date: /home/kousei/2DRoboPrac_ws/ros2_ws/install/key_event_msgs/lib/libkey_event_msgs__rosidl_typesupport_fastrtps_cpp.so
-- Up-to-date: /home/kousei/2DRoboPrac_ws/ros2_ws/install/key_event_msgs/include/key_event_msgs/key_event_msgs
-- Up-to-date: /home/kousei/2DRoboPrac_ws/ros2_ws/install/key_event_msgs/include/key_event_msgs/key_event_msgs/msg
-- Up-to-date: /home/kousei/2DRoboPrac_ws/ros2_ws/install/key_event_msgs/include/key_event_msgs/key_event_msgs/msg/detail
-- Up-to-date: /home/kousei/2DRoboPrac_ws/ros2_ws/install/key_event_msgs/include/key_event_msgs/key_event_msgs/msg/detail/key_event__rosidl_typesupport_introspection_cpp.hpp
-- Up-to-date: /home/kousei/2DRoboPrac_ws/ros2_ws/install/key_event_msgs/include/key_event_msgs/key_event_msgs/msg/detail/key_event__type_support.cpp
-- Up-to-date: /home/kousei/2DRoboPrac_ws/ros2_ws/install/key_event_msgs/lib/libkey_event_msgs__rosidl_typesupport_introspection_cpp.so
-- Up-to-date: /home/kousei/2DRoboPrac_ws/ros2_ws/install/key_event_msgs/lib/libkey_event_msgs__rosidl_typesupport_cpp.so
-- Up-to-date: /home/kousei/2DRoboPrac_ws/ros2_ws/install/key_event_msgs/share/key_event_msgs/environment/pythonpath.sh
-- Up-to-date: /home/kousei/2DRoboPrac_ws/ros2_ws/install/key_event_msgs/share/key_event_msgs/environment/pythonpath.dsv
-- Up-to-date: /home/kousei/2DRoboPrac_ws/ros2_ws/install/key_event_msgs/local/lib/python3.10/dist-packages/key_event_msgs-0.0.0-py3.10.egg-info
-- Installing: /home/kousei/2DRoboPrac_ws/ros2_ws/install/key_event_msgs/local/lib/python3.10/dist-packages/key_event_msgs-0.0.0-py3.10.egg-info/dependency_links.txt
-- Installing: /home/kousei/2DRoboPrac_ws/ros2_ws/install/key_event_msgs/local/lib/python3.10/dist-packages/key_event_msgs-0.0.0-py3.10.egg-info/SOURCES.txt
-- Installing: /home/kousei/2DRoboPrac_ws/ros2_ws/install/key_event_msgs/local/lib/python3.10/dist-packages/key_event_msgs-0.0.0-py3.10.egg-info/top_level.txt
-- Installing: /home/kousei/2DRoboPrac_ws/ros2_ws/install/key_event_msgs/local/lib/python3.10/dist-packages/key_event_msgs-0.0.0-py3.10.egg-info/PKG-INFO
-- Up-to-date: /home/kousei/2DRoboPrac_ws/ros2_ws/install/key_event_msgs/local/lib/python3.10/dist-packages/key_event_msgs
-- Up-to-date: /home/kousei/2DRoboPrac_ws/ros2_ws/install/key_event_msgs/local/lib/python3.10/dist-packages/key_event_msgs/_key_event_msgs_s.ep.rosidl_typesupport_introspection_c.c
-- Up-to-date: /home/kousei/2DRoboPrac_ws/ros2_ws/install/key_event_msgs/local/lib/python3.10/dist-packages/key_event_msgs/__init__.py
-- Up-to-date: /home/kousei/2DRoboPrac_ws/ros2_ws/install/key_event_msgs/local/lib/python3.10/dist-packages/key_event_msgs/key_event_msgs_s__rosidl_typesupport_c.cpython-310-x86_64-linux-gnu.so
-- Up-to-date: /home/kousei/2DRoboPrac_ws/ros2_ws/install/key_event_msgs/local/lib/python3.10/dist-packages/key_event_msgs/_key_event_msgs_s.ep.rosidl_typesupport_c.c
-- Up-to-date: /home/kousei/2DRoboPrac_ws/ros2_ws/install/key_event_msgs/local/lib/python3.10/dist-packages/key_event_msgs/key_event_msgs_s__rosidl_typesupport_introspection_c.cpython-310-x86_64-linux-gnu.so
-- Up-to-date: /home/kousei/2DRoboPrac_ws/ros2_ws/install/key_event_msgs/local/lib/python3.10/dist-packages/key_event_msgs/_key_event_msgs_s.ep.rosidl_typesupport_fastrtps_c.c
-- Up-to-date: /home/kousei/2DRoboPrac_ws/ros2_ws/install/key_event_msgs/local/lib/python3.10/dist-packages/key_event_msgs/msg
-- Up-to-date: /home/kousei/2DRoboPrac_ws/ros2_ws/install/key_event_msgs/local/lib/python3.10/dist-packages/key_event_msgs/msg/__init__.py
-- Up-to-date: /home/kousei/2DRoboPrac_ws/ros2_ws/install/key_event_msgs/local/lib/python3.10/dist-packages/key_event_msgs/msg/_key_event_s.c
-- Up-to-date: /home/kousei/2DRoboPrac_ws/ros2_ws/install/key_event_msgs/local/lib/python3.10/dist-packages/key_event_msgs/msg/_key_event.py
-- Up-to-date: /home/kousei/2DRoboPrac_ws/ros2_ws/install/key_event_msgs/local/lib/python3.10/dist-packages/key_event_msgs/key_event_msgs_s__rosidl_typesupport_fastrtps_c.cpython-310-x86_64-linux-gnu.so
-- Up-to-date: /home/kousei/2DRoboPrac_ws/ros2_ws/install/key_event_msgs/local/lib/python3.10/dist-packages/key_event_msgs/libkey_event_msgs__rosidl_generator_py.so
Listing '/home/kousei/2DRoboPrac_ws/ros2_ws/install/key_event_msgs/local/lib/python3.10/dist-packages/key_event_msgs'...
Listing '/home/kousei/2DRoboPrac_ws/ros2_ws/install/key_event_msgs/local/lib/python3.10/dist-packages/key_event_msgs/msg'...
-- Up-to-date: /home/kousei/2DRoboPrac_ws/ros2_ws/install/key_event_msgs/local/lib/python3.10/dist-packages/key_event_msgs/key_event_msgs_s__rosidl_typesupport_fastrtps_c.cpython-310-x86_64-linux-gnu.so
-- Up-to-date: /home/kousei/2DRoboPrac_ws/ros2_ws/install/key_event_msgs/local/lib/python3.10/dist-packages/key_event_msgs/key_event_msgs_s__rosidl_typesupport_introspection_c.cpython-310-x86_64-linux-gnu.so
-- Up-to-date: /home/kousei/2DRoboPrac_ws/ros2_ws/install/key_event_msgs/local/lib/python3.10/dist-packages/key_event_msgs/key_event_msgs_s__rosidl_typesupport_c.cpython-310-x86_64-linux-gnu.so
-- Up-to-date: /home/kousei/2DRoboPrac_ws/ros2_ws/install/key_event_msgs/lib/libkey_event_msgs__rosidl_generator_py.so
-- Up-to-date: /home/kousei/2DRoboPrac_ws/ros2_ws/install/key_event_msgs/share/key_event_msgs/msg/KeyEvent.idl
-- Up-to-date: /home/kousei/2DRoboPrac_ws/ros2_ws/install/key_event_msgs/share/key_event_msgs/msg/KeyEvent.msg
-- Up-to-date: /home/kousei/2DRoboPrac_ws/ros2_ws/install/key_event_msgs/share/ament_index/resource_index/package_run_dependencies/key_event_msgs
-- Up-to-date: /home/kousei/2DRoboPrac_ws/ros2_ws/install/key_event_msgs/share/ament_index/resource_index/parent_prefix_path/key_event_msgs
-- Up-to-date: /home/kousei/2DRoboPrac_ws/ros2_ws/install/key_event_msgs/share/key_event_msgs/environment/ament_prefix_path.sh
-- Up-to-date: /home/kousei/2DRoboPrac_ws/ros2_ws/install/key_event_msgs/share/key_event_msgs/environment/ament_prefix_path.dsv
-- Up-to-date: /home/kousei/2DRoboPrac_ws/ros2_ws/install/key_event_msgs/share/key_event_msgs/environment/path.sh
-- Up-to-date: /home/kousei/2DRoboPrac_ws/ros2_ws/install/key_event_msgs/share/key_event_msgs/environment/path.dsv
-- Up-to-date: /home/kousei/2DRoboPrac_ws/ros2_ws/install/key_event_msgs/share/key_event_msgs/local_setup.bash
-- Up-to-date: /home/kousei/2DRoboPrac_ws/ros2_ws/install/key_event_msgs/share/key_event_msgs/local_setup.sh
-- Up-to-date: /home/kousei/2DRoboPrac_ws/ros2_ws/install/key_event_msgs/share/key_event_msgs/local_setup.zsh
-- Up-to-date: /home/kousei/2DRoboPrac_ws/ros2_ws/install/key_event_msgs/share/key_event_msgs/local_setup.dsv
-- Installing: /home/kousei/2DRoboPrac_ws/ros2_ws/install/key_event_msgs/share/key_event_msgs/package.dsv
-- Up-to-date: /home/kousei/2DRoboPrac_ws/ros2_ws/install/key_event_msgs/share/ament_index/resource_index/packages/key_event_msgs
-- Up-to-date: /home/kousei/2DRoboPrac_ws/ros2_ws/install/key_event_msgs/share/key_event_msgs/cmake/export_key_event_msgs__rosidl_generator_cExport.cmake
-- Up-to-date: /home/kousei/2DRoboPrac_ws/ros2_ws/install/key_event_msgs/share/key_event_msgs/cmake/export_key_event_msgs__rosidl_generator_cExport-noconfig.cmake
-- Up-to-date: /home/kousei/2DRoboPrac_ws/ros2_ws/install/key_event_msgs/share/key_event_msgs/cmake/export_key_event_msgs__rosidl_typesupport_fastrtps_cExport.cmake
-- Up-to-date: /home/kousei/2DRoboPrac_ws/ros2_ws/install/key_event_msgs/share/key_event_msgs/cmake/export_key_event_msgs__rosidl_typesupport_fastrtps_cExport-noconfig.cmake
-- Up-to-date: /home/kousei/2DRoboPrac_ws/ros2_ws/install/key_event_msgs/share/key_event_msgs/cmake/key_event_msgs__rosidl_typesupport_introspection_cExport.cmake
-- Up-to-date: /home/kousei/2DRoboPrac_ws/ros2_ws/install/key_event_msgs/share/key_event_msgs/cmake/key_event_msgs__rosidl_typesupport_introspection_cExport-noconfig.cmake
-- Up-to-date: /home/kousei/2DRoboPrac_ws/ros2_ws/install/key_event_msgs/share/key_event_msgs/cmake/key_event_msgs__rosidl_typesupport_cExport.cmake
-- Up-to-date: /home/kousei/2DRoboPrac_ws/ros2_ws/install/key_event_msgs/share/key_event_msgs/cmake/key_event_msgs__rosidl_typesupport_cExport-noconfig.cmake
-- Up-to-date: /home/kousei/2DRoboPrac_ws/ros2_ws/install/key_event_msgs/share/key_event_msgs/cmake/export_key_event_msgs__rosidl_generator_cppExport.cmake
-- Up-to-date: /home/kousei/2DRoboPrac_ws/ros2_ws/install/key_event_msgs/share/key_event_msgs/cmake/export_key_event_msgs__rosidl_typesupport_fastrtps_cppExport.cmake
-- Up-to-date: /home/kousei/2DRoboPrac_ws/ros2_ws/install/key_event_msgs/share/key_event_msgs/cmake/export_key_event_msgs__rosidl_typesupport_fastrtps_cppExport-noconfig.cmake
-- Up-to-date: /home/kousei/2DRoboPrac_ws/ros2_ws/install/key_event_msgs/share/key_event_msgs/cmake/key_event_msgs__rosidl_typesupport_introspection_cppExport.cmake
-- Up-to-date: /home/kousei/2DRoboPrac_ws/ros2_ws/install/key_event_msgs/share/key_event_msgs/cmake/key_event_msgs__rosidl_typesupport_introspection_cppExport-noconfig.cmake
-- Up-to-date: /home/kousei/2DRoboPrac_ws/ros2_ws/install/key_event_msgs/share/key_event_msgs/cmake/key_event_msgs__rosidl_typesupport_cppExport.cmake
-- Up-to-date: /home/kousei/2DRoboPrac_ws/ros2_ws/install/key_event_msgs/share/key_event_msgs/cmake/key_event_msgs__rosidl_typesupport_cppExport-noconfig.cmake
-- Up-to-date: /home/kousei/2DRoboPrac_ws/ros2_ws/install/key_event_msgs/share/key_event_msgs/cmake/export_key_event_msgs__rosidl_generator_pyExport.cmake
-- Up-to-date: /home/kousei/2DRoboPrac_ws/ros2_ws/install/key_event_msgs/share/key_event_msgs/cmake/export_key_event_msgs__rosidl_generator_pyExport-noconfig.cmake
-- Up-to-date: /home/kousei/2DRoboPrac_ws/ros2_ws/install/key_event_msgs/share/key_event_msgs/cmake/rosidl_cmake-extras.cmake
-- Up-to-date: /home/kousei/2DRoboPrac_ws/ros2_ws/install/key_event_msgs/share/key_event_msgs/cmake/ament_cmake_export_include_directories-extras.cmake
-- Up-to-date: /home/kousei/2DRoboPrac_ws/ros2_ws/install/key_event_msgs/share/key_event_msgs/cmake/ament_cmake_export_libraries-extras.cmake
-- Up-to-date: /home/kousei/2DRoboPrac_ws/ros2_ws/install/key_event_msgs/share/key_event_msgs/cmake/ament_cmake_export_targets-extras.cmake
-- Up-to-date: /home/kousei/2DRoboPrac_ws/ros2_ws/install/key_event_msgs/share/key_event_msgs/cmake/rosidl_cmake_export_typesupport_targets-extras.cmake
-- Up-to-date: /home/kousei/2DRoboPrac_ws/ros2_ws/install/key_event_msgs/share/key_event_msgs/cmake/ament_cmake_export_dependencies-extras.cmake
-- Up-to-date: /home/kousei/2DRoboPrac_ws/ros2_ws/install/key_event_msgs/share/key_event_msgs/cmake/rosidl_cmake_export_typesupport_libraries-extras.cmake
-- Up-to-date: /home/kousei/2DRoboPrac_ws/ros2_ws/install/key_event_msgs/share/key_event_msgs/cmake/key_event_msgsConfig.cmake
-- Up-to-date: /home/kousei/2DRoboPrac_ws/ros2_ws/install/key_event_msgs/share/key_event_msgs/cmake/key_event_msgsConfig-version.cmake
-- Up-to-date: /home/kousei/2DRoboPrac_ws/ros2_ws/install/key_event_msgs/share/key_event_msgs/package.xml
