[0.040s] Invoking command in '/home/kousei/2DRoboPrac_ws/uros_ws/build/micro_ros_msgs': CMAKE_PREFIX_PATH=${CMAKE_PREFIX_PATH}:/opt/ros/humble /usr/bin/cmake /home/kousei/2DRoboPrac_ws/uros_ws/src/uros/micro_ros_msgs -DUAGENT_BUILD_EXECUTABLE=OFF -DUAGENT_P2P_PROFILE=OFF --no-warn-unused-cli -DCMAKE_INSTALL_PREFIX=/home/kousei/2DRoboPrac_ws/uros_ws/install/micro_ros_msgs
[0.046s] Not searching for unused variables given on the command line.
[0.049s] -- Found ament_cmake: 1.3.6 (/opt/ros/humble/share/ament_cmake/cmake)
[0.134s] -- Found rosidl_default_generators: 1.2.0 (/opt/ros/humble/share/rosidl_default_generators/cmake)
[0.135s] -- Using all available rosidl_typesupport_c: rosidl_typesupport_fastrtps_c;rosidl_typesupport_introspection_c
[0.136s] -- Found rosidl_adapter: 3.1.5 (/opt/ros/humble/share/rosidl_adapter/cmake)
[0.153s] -- Using all available rosidl_typesupport_cpp: rosidl_typesupport_fastrtps_cpp;rosidl_typesupport_introspection_cpp
[0.168s] -- Found ament_lint_auto: 0.12.9 (/opt/ros/humble/share/ament_lint_auto/cmake)
[0.314s] -- Found ament_cmake_ros: 0.10.0 (/opt/ros/humble/share/ament_cmake_ros/cmake)
[0.420s] -- Using all available rosidl_typesupport_c: rosidl_typesupport_fastrtps_c;rosidl_typesupport_introspection_c
[0.558s] -- Using all available rosidl_typesupport_cpp: rosidl_typesupport_fastrtps_cpp;rosidl_typesupport_introspection_cpp
[0.571s] -- Found python_cmake_module: 0.10.0 (/opt/ros/humble/share/python_cmake_module/cmake)
[0.584s] -- Using PYTHON_EXECUTABLE: /usr/bin/python3
[0.584s] -- Using PYTHON_INCLUDE_DIRS: /usr/include/python3.10
[0.584s] -- Using PYTHON_LIBRARIES: /usr/lib/x86_64-linux-gnu/libpython3.10.so
[0.593s] -- Added test 'copyright' to check source files copyright and LICENSE
[0.594s] -- Added test 'lint_cmake' to check CMake code style
[0.594s] -- Added test 'xmllint' to check XML markup files
[0.596s] -- Configuring done
[0.612s] -- Generating done
[0.614s] -- Build files have been written to: /home/kousei/2DRoboPrac_ws/uros_ws/build/micro_ros_msgs
[0.619s] Invoked command in '/home/kousei/2DRoboPrac_ws/uros_ws/build/micro_ros_msgs' returned '0': CMAKE_PREFIX_PATH=${CMAKE_PREFIX_PATH}:/opt/ros/humble /usr/bin/cmake /home/kousei/2DRoboPrac_ws/uros_ws/src/uros/micro_ros_msgs -DUAGENT_BUILD_EXECUTABLE=OFF -DUAGENT_P2P_PROFILE=OFF --no-warn-unused-cli -DCMAKE_INSTALL_PREFIX=/home/kousei/2DRoboPrac_ws/uros_ws/install/micro_ros_msgs
[0.621s] Invoking command in '/home/kousei/2DRoboPrac_ws/uros_ws/build/micro_ros_msgs': CMAKE_PREFIX_PATH=${CMAKE_PREFIX_PATH}:/opt/ros/humble /usr/bin/cmake --build /home/kousei/2DRoboPrac_ws/uros_ws/build/micro_ros_msgs -- -j16 -l16
[0.647s] [35m[1mConsolidate compiler generated dependencies of target micro_ros_msgs__rosidl_generator_c[0m
[0.653s] [  2%] Built target micro_ros_msgs__cpp
[0.654s] [ 12%] Built target micro_ros_msgs__rosidl_generator_c
[0.660s] [35m[1mConsolidate compiler generated dependencies of target micro_ros_msgs__rosidl_typesupport_cpp[0m
[0.661s] [35m[1mConsolidate compiler generated dependencies of target micro_ros_msgs__rosidl_typesupport_fastrtps_cpp[0m
[0.661s] [35m[1mConsolidate compiler generated dependencies of target micro_ros_msgs__rosidl_typesupport_fastrtps_c[0m
[0.661s] [35m[1mConsolidate compiler generated dependencies of target micro_ros_msgs__rosidl_typesupport_introspection_cpp[0m
[0.664s] [35m[1mConsolidate compiler generated dependencies of target micro_ros_msgs__rosidl_typesupport_c[0m
[0.664s] [35m[1mConsolidate compiler generated dependencies of target micro_ros_msgs__rosidl_typesupport_introspection_c[0m
[0.665s] [ 12%] Built target ament_cmake_python_copy_micro_ros_msgs
[0.671s] [ 34%] Built target micro_ros_msgs__rosidl_typesupport_fastrtps_cpp
[0.671s] [ 34%] Built target micro_ros_msgs__rosidl_typesupport_fastrtps_c
[0.671s] [ 44%] Built target micro_ros_msgs__rosidl_typesupport_introspection_cpp
[0.672s] [ 55%] Built target micro_ros_msgs__rosidl_typesupport_cpp
[0.675s] [ 65%] Built target micro_ros_msgs__rosidl_typesupport_c
[0.675s] [ 76%] Built target micro_ros_msgs__rosidl_typesupport_introspection_c
[0.689s] [ 76%] Built target micro_ros_msgs
[0.704s] [ 78%] Built target micro_ros_msgs__py
[0.710s] [35m[1mConsolidate compiler generated dependencies of target micro_ros_msgs__rosidl_generator_py[0m
[0.721s] [ 87%] Built target micro_ros_msgs__rosidl_generator_py
[0.729s] [35m[1mConsolidate compiler generated dependencies of target micro_ros_msgs__rosidl_typesupport_fastrtps_c__pyext[0m
[0.729s] [35m[1mConsolidate compiler generated dependencies of target micro_ros_msgs__rosidl_typesupport_introspection_c__pyext[0m
[0.731s] [35m[1mConsolidate compiler generated dependencies of target micro_ros_msgs__rosidl_typesupport_c__pyext[0m
[0.738s] [ 95%] Built target micro_ros_msgs__rosidl_typesupport_introspection_c__pyext
[0.738s] [ 95%] Built target micro_ros_msgs__rosidl_typesupport_fastrtps_c__pyext
[0.742s] [100%] Built target micro_ros_msgs__rosidl_typesupport_c__pyext
[0.808s] running egg_info
[0.808s] writing micro_ros_msgs.egg-info/PKG-INFO
[0.809s] writing dependency_links to micro_ros_msgs.egg-info/dependency_links.txt
[0.809s] writing top-level names to micro_ros_msgs.egg-info/top_level.txt
[0.810s] reading manifest file 'micro_ros_msgs.egg-info/SOURCES.txt'
[0.810s] writing manifest file 'micro_ros_msgs.egg-info/SOURCES.txt'
[0.828s] [100%] Built target ament_cmake_python_build_micro_ros_msgs_egg
[0.836s] Invoked command in '/home/kousei/2DRoboPrac_ws/uros_ws/build/micro_ros_msgs' returned '0': CMAKE_PREFIX_PATH=${CMAKE_PREFIX_PATH}:/opt/ros/humble /usr/bin/cmake --build /home/kousei/2DRoboPrac_ws/uros_ws/build/micro_ros_msgs -- -j16 -l16
[0.904s] Invoking command in '/home/kousei/2DRoboPrac_ws/uros_ws/build/micro_ros_msgs': CMAKE_PREFIX_PATH=${CMAKE_PREFIX_PATH}:/opt/ros/humble /usr/bin/cmake --install /home/kousei/2DRoboPrac_ws/uros_ws/build/micro_ros_msgs
[0.909s] -- Install configuration: ""
[0.909s] -- Up-to-date: /home/kousei/2DRoboPrac_ws/uros_ws/install/micro_ros_msgs/share/ament_index/resource_index/rosidl_interfaces/micro_ros_msgs
[0.909s] -- Up-to-date: /home/kousei/2DRoboPrac_ws/uros_ws/install/micro_ros_msgs/include/micro_ros_msgs/micro_ros_msgs
[0.909s] -- Up-to-date: /home/kousei/2DRoboPrac_ws/uros_ws/install/micro_ros_msgs/include/micro_ros_msgs/micro_ros_msgs/msg
[0.909s] -- Up-to-date: /home/kousei/2DRoboPrac_ws/uros_ws/install/micro_ros_msgs/include/micro_ros_msgs/micro_ros_msgs/msg/rosidl_generator_c__visibility_control.h
[0.909s] -- Up-to-date: /home/kousei/2DRoboPrac_ws/uros_ws/install/micro_ros_msgs/include/micro_ros_msgs/micro_ros_msgs/msg/entity.h
[0.909s] -- Up-to-date: /home/kousei/2DRoboPrac_ws/uros_ws/install/micro_ros_msgs/include/micro_ros_msgs/micro_ros_msgs/msg/graph.h
[0.909s] -- Up-to-date: /home/kousei/2DRoboPrac_ws/uros_ws/install/micro_ros_msgs/include/micro_ros_msgs/micro_ros_msgs/msg/detail
[0.910s] -- Up-to-date: /home/kousei/2DRoboPrac_ws/uros_ws/install/micro_ros_msgs/include/micro_ros_msgs/micro_ros_msgs/msg/detail/node__type_support.h
[0.910s] -- Up-to-date: /home/kousei/2DRoboPrac_ws/uros_ws/install/micro_ros_msgs/include/micro_ros_msgs/micro_ros_msgs/msg/detail/graph__functions.h
[0.910s] -- Up-to-date: /home/kousei/2DRoboPrac_ws/uros_ws/install/micro_ros_msgs/include/micro_ros_msgs/micro_ros_msgs/msg/detail/entity__struct.h
[0.910s] -- Up-to-date: /home/kousei/2DRoboPrac_ws/uros_ws/install/micro_ros_msgs/include/micro_ros_msgs/micro_ros_msgs/msg/detail/node__functions.c
[0.910s] -- Up-to-date: /home/kousei/2DRoboPrac_ws/uros_ws/install/micro_ros_msgs/include/micro_ros_msgs/micro_ros_msgs/msg/detail/entity__functions.c
[0.910s] -- Up-to-date: /home/kousei/2DRoboPrac_ws/uros_ws/install/micro_ros_msgs/include/micro_ros_msgs/micro_ros_msgs/msg/detail/entity__functions.h
[0.910s] -- Up-to-date: /home/kousei/2DRoboPrac_ws/uros_ws/install/micro_ros_msgs/include/micro_ros_msgs/micro_ros_msgs/msg/detail/node__functions.h
[0.910s] -- Up-to-date: /home/kousei/2DRoboPrac_ws/uros_ws/install/micro_ros_msgs/include/micro_ros_msgs/micro_ros_msgs/msg/detail/graph__functions.c
[0.910s] -- Up-to-date: /home/kousei/2DRoboPrac_ws/uros_ws/install/micro_ros_msgs/include/micro_ros_msgs/micro_ros_msgs/msg/detail/entity__type_support.h
[0.910s] -- Up-to-date: /home/kousei/2DRoboPrac_ws/uros_ws/install/micro_ros_msgs/include/micro_ros_msgs/micro_ros_msgs/msg/detail/node__struct.h
[0.910s] -- Up-to-date: /home/kousei/2DRoboPrac_ws/uros_ws/install/micro_ros_msgs/include/micro_ros_msgs/micro_ros_msgs/msg/detail/graph__type_support.h
[0.910s] -- Up-to-date: /home/kousei/2DRoboPrac_ws/uros_ws/install/micro_ros_msgs/include/micro_ros_msgs/micro_ros_msgs/msg/detail/graph__struct.h
[0.910s] -- Up-to-date: /home/kousei/2DRoboPrac_ws/uros_ws/install/micro_ros_msgs/include/micro_ros_msgs/micro_ros_msgs/msg/node.h
[0.910s] -- Up-to-date: /home/kousei/2DRoboPrac_ws/uros_ws/install/micro_ros_msgs/share/micro_ros_msgs/environment/library_path.sh
[0.910s] -- Installing: /home/kousei/2DRoboPrac_ws/uros_ws/install/micro_ros_msgs/share/micro_ros_msgs/environment/library_path.dsv
[0.910s] -- Up-to-date: /home/kousei/2DRoboPrac_ws/uros_ws/install/micro_ros_msgs/lib/libmicro_ros_msgs__rosidl_generator_c.so
[0.910s] -- Up-to-date: /home/kousei/2DRoboPrac_ws/uros_ws/install/micro_ros_msgs/include/micro_ros_msgs/micro_ros_msgs
[0.910s] -- Up-to-date: /home/kousei/2DRoboPrac_ws/uros_ws/install/micro_ros_msgs/include/micro_ros_msgs/micro_ros_msgs/msg
[0.910s] -- Up-to-date: /home/kousei/2DRoboPrac_ws/uros_ws/install/micro_ros_msgs/include/micro_ros_msgs/micro_ros_msgs/msg/detail
[0.910s] -- Up-to-date: /home/kousei/2DRoboPrac_ws/uros_ws/install/micro_ros_msgs/include/micro_ros_msgs/micro_ros_msgs/msg/detail/graph__rosidl_typesupport_fastrtps_c.h
[0.910s] -- Up-to-date: /home/kousei/2DRoboPrac_ws/uros_ws/install/micro_ros_msgs/include/micro_ros_msgs/micro_ros_msgs/msg/detail/entity__rosidl_typesupport_fastrtps_c.h
[0.910s] -- Up-to-date: /home/kousei/2DRoboPrac_ws/uros_ws/install/micro_ros_msgs/include/micro_ros_msgs/micro_ros_msgs/msg/detail/node__rosidl_typesupport_fastrtps_c.h
[0.910s] -- Up-to-date: /home/kousei/2DRoboPrac_ws/uros_ws/install/micro_ros_msgs/include/micro_ros_msgs/micro_ros_msgs/msg/rosidl_typesupport_fastrtps_c__visibility_control.h
[0.910s] -- Up-to-date: /home/kousei/2DRoboPrac_ws/uros_ws/install/micro_ros_msgs/lib/libmicro_ros_msgs__rosidl_typesupport_fastrtps_c.so
[0.910s] -- Up-to-date: /home/kousei/2DRoboPrac_ws/uros_ws/install/micro_ros_msgs/include/micro_ros_msgs/micro_ros_msgs
[0.910s] -- Up-to-date: /home/kousei/2DRoboPrac_ws/uros_ws/install/micro_ros_msgs/include/micro_ros_msgs/micro_ros_msgs/msg
[0.911s] -- Up-to-date: /home/kousei/2DRoboPrac_ws/uros_ws/install/micro_ros_msgs/include/micro_ros_msgs/micro_ros_msgs/msg/detail
[0.911s] -- Up-to-date: /home/kousei/2DRoboPrac_ws/uros_ws/install/micro_ros_msgs/include/micro_ros_msgs/micro_ros_msgs/msg/detail/node__rosidl_typesupport_introspection_c.h
[0.911s] -- Up-to-date: /home/kousei/2DRoboPrac_ws/uros_ws/install/micro_ros_msgs/include/micro_ros_msgs/micro_ros_msgs/msg/detail/node__type_support.c
[0.911s] -- Up-to-date: /home/kousei/2DRoboPrac_ws/uros_ws/install/micro_ros_msgs/include/micro_ros_msgs/micro_ros_msgs/msg/detail/entity__type_support.c
[0.911s] -- Up-to-date: /home/kousei/2DRoboPrac_ws/uros_ws/install/micro_ros_msgs/include/micro_ros_msgs/micro_ros_msgs/msg/detail/graph__type_support.c
[0.911s] -- Up-to-date: /home/kousei/2DRoboPrac_ws/uros_ws/install/micro_ros_msgs/include/micro_ros_msgs/micro_ros_msgs/msg/detail/entity__rosidl_typesupport_introspection_c.h
[0.911s] -- Up-to-date: /home/kousei/2DRoboPrac_ws/uros_ws/install/micro_ros_msgs/include/micro_ros_msgs/micro_ros_msgs/msg/detail/graph__rosidl_typesupport_introspection_c.h
[0.911s] -- Up-to-date: /home/kousei/2DRoboPrac_ws/uros_ws/install/micro_ros_msgs/include/micro_ros_msgs/micro_ros_msgs/msg/rosidl_typesupport_introspection_c__visibility_control.h
[0.911s] -- Up-to-date: /home/kousei/2DRoboPrac_ws/uros_ws/install/micro_ros_msgs/lib/libmicro_ros_msgs__rosidl_typesupport_introspection_c.so
[0.911s] -- Up-to-date: /home/kousei/2DRoboPrac_ws/uros_ws/install/micro_ros_msgs/lib/libmicro_ros_msgs__rosidl_typesupport_c.so
[0.911s] -- Up-to-date: /home/kousei/2DRoboPrac_ws/uros_ws/install/micro_ros_msgs/include/micro_ros_msgs/micro_ros_msgs
[0.911s] -- Up-to-date: /home/kousei/2DRoboPrac_ws/uros_ws/install/micro_ros_msgs/include/micro_ros_msgs/micro_ros_msgs/msg
[0.911s] -- Up-to-date: /home/kousei/2DRoboPrac_ws/uros_ws/install/micro_ros_msgs/include/micro_ros_msgs/micro_ros_msgs/msg/graph.hpp
[0.911s] -- Up-to-date: /home/kousei/2DRoboPrac_ws/uros_ws/install/micro_ros_msgs/include/micro_ros_msgs/micro_ros_msgs/msg/node.hpp
[0.911s] -- Up-to-date: /home/kousei/2DRoboPrac_ws/uros_ws/install/micro_ros_msgs/include/micro_ros_msgs/micro_ros_msgs/msg/detail
[0.911s] -- Up-to-date: /home/kousei/2DRoboPrac_ws/uros_ws/install/micro_ros_msgs/include/micro_ros_msgs/micro_ros_msgs/msg/detail/node__builder.hpp
[0.911s] -- Up-to-date: /home/kousei/2DRoboPrac_ws/uros_ws/install/micro_ros_msgs/include/micro_ros_msgs/micro_ros_msgs/msg/detail/graph__traits.hpp
[0.911s] -- Up-to-date: /home/kousei/2DRoboPrac_ws/uros_ws/install/micro_ros_msgs/include/micro_ros_msgs/micro_ros_msgs/msg/detail/entity__builder.hpp
[0.911s] -- Up-to-date: /home/kousei/2DRoboPrac_ws/uros_ws/install/micro_ros_msgs/include/micro_ros_msgs/micro_ros_msgs/msg/detail/graph__struct.hpp
[0.911s] -- Up-to-date: /home/kousei/2DRoboPrac_ws/uros_ws/install/micro_ros_msgs/include/micro_ros_msgs/micro_ros_msgs/msg/detail/entity__traits.hpp
[0.911s] -- Up-to-date: /home/kousei/2DRoboPrac_ws/uros_ws/install/micro_ros_msgs/include/micro_ros_msgs/micro_ros_msgs/msg/detail/node__struct.hpp
[0.911s] -- Up-to-date: /home/kousei/2DRoboPrac_ws/uros_ws/install/micro_ros_msgs/include/micro_ros_msgs/micro_ros_msgs/msg/detail/entity__struct.hpp
[0.911s] -- Up-to-date: /home/kousei/2DRoboPrac_ws/uros_ws/install/micro_ros_msgs/include/micro_ros_msgs/micro_ros_msgs/msg/detail/graph__builder.hpp
[0.911s] -- Up-to-date: /home/kousei/2DRoboPrac_ws/uros_ws/install/micro_ros_msgs/include/micro_ros_msgs/micro_ros_msgs/msg/detail/node__traits.hpp
[0.911s] -- Up-to-date: /home/kousei/2DRoboPrac_ws/uros_ws/install/micro_ros_msgs/include/micro_ros_msgs/micro_ros_msgs/msg/entity.hpp
[0.911s] -- Up-to-date: /home/kousei/2DRoboPrac_ws/uros_ws/install/micro_ros_msgs/include/micro_ros_msgs/micro_ros_msgs
[0.912s] -- Up-to-date: /home/kousei/2DRoboPrac_ws/uros_ws/install/micro_ros_msgs/include/micro_ros_msgs/micro_ros_msgs/msg
[0.912s] -- Up-to-date: /home/kousei/2DRoboPrac_ws/uros_ws/install/micro_ros_msgs/include/micro_ros_msgs/micro_ros_msgs/msg/detail
[0.912s] -- Up-to-date: /home/kousei/2DRoboPrac_ws/uros_ws/install/micro_ros_msgs/include/micro_ros_msgs/micro_ros_msgs/msg/detail/node__rosidl_typesupport_fastrtps_cpp.hpp
[0.912s] -- Up-to-date: /home/kousei/2DRoboPrac_ws/uros_ws/install/micro_ros_msgs/include/micro_ros_msgs/micro_ros_msgs/msg/detail/entity__rosidl_typesupport_fastrtps_cpp.hpp
[0.912s] -- Up-to-date: /home/kousei/2DRoboPrac_ws/uros_ws/install/micro_ros_msgs/include/micro_ros_msgs/micro_ros_msgs/msg/detail/dds_fastrtps
[0.912s] -- Up-to-date: /home/kousei/2DRoboPrac_ws/uros_ws/install/micro_ros_msgs/include/micro_ros_msgs/micro_ros_msgs/msg/detail/graph__rosidl_typesupport_fastrtps_cpp.hpp
[0.912s] -- Up-to-date: /home/kousei/2DRoboPrac_ws/uros_ws/install/micro_ros_msgs/include/micro_ros_msgs/micro_ros_msgs/msg/rosidl_typesupport_fastrtps_cpp__visibility_control.h
[0.912s] -- Up-to-date: /home/kousei/2DRoboPrac_ws/uros_ws/install/micro_ros_msgs/lib/libmicro_ros_msgs__rosidl_typesupport_fastrtps_cpp.so
[0.912s] -- Up-to-date: /home/kousei/2DRoboPrac_ws/uros_ws/install/micro_ros_msgs/include/micro_ros_msgs/micro_ros_msgs
[0.912s] -- Up-to-date: /home/kousei/2DRoboPrac_ws/uros_ws/install/micro_ros_msgs/include/micro_ros_msgs/micro_ros_msgs/msg
[0.912s] -- Up-to-date: /home/kousei/2DRoboPrac_ws/uros_ws/install/micro_ros_msgs/include/micro_ros_msgs/micro_ros_msgs/msg/detail
[0.912s] -- Up-to-date: /home/kousei/2DRoboPrac_ws/uros_ws/install/micro_ros_msgs/include/micro_ros_msgs/micro_ros_msgs/msg/detail/node__rosidl_typesupport_introspection_cpp.hpp
[0.912s] -- Up-to-date: /home/kousei/2DRoboPrac_ws/uros_ws/install/micro_ros_msgs/include/micro_ros_msgs/micro_ros_msgs/msg/detail/node__type_support.cpp
[0.912s] -- Up-to-date: /home/kousei/2DRoboPrac_ws/uros_ws/install/micro_ros_msgs/include/micro_ros_msgs/micro_ros_msgs/msg/detail/graph__type_support.cpp
[0.912s] -- Up-to-date: /home/kousei/2DRoboPrac_ws/uros_ws/install/micro_ros_msgs/include/micro_ros_msgs/micro_ros_msgs/msg/detail/entity__rosidl_typesupport_introspection_cpp.hpp
[0.912s] -- Up-to-date: /home/kousei/2DRoboPrac_ws/uros_ws/install/micro_ros_msgs/include/micro_ros_msgs/micro_ros_msgs/msg/detail/entity__type_support.cpp
[0.912s] -- Up-to-date: /home/kousei/2DRoboPrac_ws/uros_ws/install/micro_ros_msgs/include/micro_ros_msgs/micro_ros_msgs/msg/detail/graph__rosidl_typesupport_introspection_cpp.hpp
[0.912s] -- Up-to-date: /home/kousei/2DRoboPrac_ws/uros_ws/install/micro_ros_msgs/lib/libmicro_ros_msgs__rosidl_typesupport_introspection_cpp.so
[0.912s] -- Up-to-date: /home/kousei/2DRoboPrac_ws/uros_ws/install/micro_ros_msgs/lib/libmicro_ros_msgs__rosidl_typesupport_cpp.so
[0.912s] -- Up-to-date: /home/kousei/2DRoboPrac_ws/uros_ws/install/micro_ros_msgs/share/micro_ros_msgs/environment/pythonpath.sh
[0.912s] -- Installing: /home/kousei/2DRoboPrac_ws/uros_ws/install/micro_ros_msgs/share/micro_ros_msgs/environment/pythonpath.dsv
[0.912s] -- Up-to-date: /home/kousei/2DRoboPrac_ws/uros_ws/install/micro_ros_msgs/local/lib/python3.10/dist-packages/micro_ros_msgs-3.0.0-py3.10.egg-info
[0.912s] -- Installing: /home/kousei/2DRoboPrac_ws/uros_ws/install/micro_ros_msgs/local/lib/python3.10/dist-packages/micro_ros_msgs-3.0.0-py3.10.egg-info/dependency_links.txt
[0.912s] -- Installing: /home/kousei/2DRoboPrac_ws/uros_ws/install/micro_ros_msgs/local/lib/python3.10/dist-packages/micro_ros_msgs-3.0.0-py3.10.egg-info/SOURCES.txt
[0.912s] -- Installing: /home/kousei/2DRoboPrac_ws/uros_ws/install/micro_ros_msgs/local/lib/python3.10/dist-packages/micro_ros_msgs-3.0.0-py3.10.egg-info/top_level.txt
[0.912s] -- Installing: /home/kousei/2DRoboPrac_ws/uros_ws/install/micro_ros_msgs/local/lib/python3.10/dist-packages/micro_ros_msgs-3.0.0-py3.10.egg-info/PKG-INFO
[0.912s] -- Up-to-date: /home/kousei/2DRoboPrac_ws/uros_ws/install/micro_ros_msgs/local/lib/python3.10/dist-packages/micro_ros_msgs
[0.912s] -- Installing: /home/kousei/2DRoboPrac_ws/uros_ws/install/micro_ros_msgs/local/lib/python3.10/dist-packages/micro_ros_msgs/__init__.py
[0.912s] -- Up-to-date: /home/kousei/2DRoboPrac_ws/uros_ws/install/micro_ros_msgs/local/lib/python3.10/dist-packages/micro_ros_msgs/micro_ros_msgs_s__rosidl_typesupport_introspection_c.cpython-310-x86_64-linux-gnu.so
[0.913s] -- Up-to-date: /home/kousei/2DRoboPrac_ws/uros_ws/install/micro_ros_msgs/local/lib/python3.10/dist-packages/micro_ros_msgs/_micro_ros_msgs_s.ep.rosidl_typesupport_fastrtps_c.c
[0.913s] -- Up-to-date: /home/kousei/2DRoboPrac_ws/uros_ws/install/micro_ros_msgs/local/lib/python3.10/dist-packages/micro_ros_msgs/msg
[0.913s] -- Up-to-date: /home/kousei/2DRoboPrac_ws/uros_ws/install/micro_ros_msgs/local/lib/python3.10/dist-packages/micro_ros_msgs/msg/__init__.py
[0.913s] -- Up-to-date: /home/kousei/2DRoboPrac_ws/uros_ws/install/micro_ros_msgs/local/lib/python3.10/dist-packages/micro_ros_msgs/msg/_graph.py
[0.913s] -- Up-to-date: /home/kousei/2DRoboPrac_ws/uros_ws/install/micro_ros_msgs/local/lib/python3.10/dist-packages/micro_ros_msgs/msg/_entity_s.c
[0.913s] -- Up-to-date: /home/kousei/2DRoboPrac_ws/uros_ws/install/micro_ros_msgs/local/lib/python3.10/dist-packages/micro_ros_msgs/msg/_node.py
[0.913s] -- Up-to-date: /home/kousei/2DRoboPrac_ws/uros_ws/install/micro_ros_msgs/local/lib/python3.10/dist-packages/micro_ros_msgs/msg/_graph_s.c
[0.913s] -- Up-to-date: /home/kousei/2DRoboPrac_ws/uros_ws/install/micro_ros_msgs/local/lib/python3.10/dist-packages/micro_ros_msgs/msg/_entity.py
[0.913s] -- Up-to-date: /home/kousei/2DRoboPrac_ws/uros_ws/install/micro_ros_msgs/local/lib/python3.10/dist-packages/micro_ros_msgs/msg/_node_s.c
[0.913s] -- Up-to-date: /home/kousei/2DRoboPrac_ws/uros_ws/install/micro_ros_msgs/local/lib/python3.10/dist-packages/micro_ros_msgs/_micro_ros_msgs_s.ep.rosidl_typesupport_c.c
[0.913s] -- Up-to-date: /home/kousei/2DRoboPrac_ws/uros_ws/install/micro_ros_msgs/local/lib/python3.10/dist-packages/micro_ros_msgs/_micro_ros_msgs_s.ep.rosidl_typesupport_introspection_c.c
[0.913s] -- Up-to-date: /home/kousei/2DRoboPrac_ws/uros_ws/install/micro_ros_msgs/local/lib/python3.10/dist-packages/micro_ros_msgs/micro_ros_msgs_s__rosidl_typesupport_fastrtps_c.cpython-310-x86_64-linux-gnu.so
[0.913s] -- Up-to-date: /home/kousei/2DRoboPrac_ws/uros_ws/install/micro_ros_msgs/local/lib/python3.10/dist-packages/micro_ros_msgs/micro_ros_msgs_s__rosidl_typesupport_c.cpython-310-x86_64-linux-gnu.so
[0.913s] -- Up-to-date: /home/kousei/2DRoboPrac_ws/uros_ws/install/micro_ros_msgs/local/lib/python3.10/dist-packages/micro_ros_msgs/libmicro_ros_msgs__rosidl_generator_py.so
[0.934s] Listing '/home/kousei/2DRoboPrac_ws/uros_ws/install/micro_ros_msgs/local/lib/python3.10/dist-packages/micro_ros_msgs'...
[0.934s] Compiling '/home/kousei/2DRoboPrac_ws/uros_ws/install/micro_ros_msgs/local/lib/python3.10/dist-packages/micro_ros_msgs/__init__.py'...
[0.934s] Listing '/home/kousei/2DRoboPrac_ws/uros_ws/install/micro_ros_msgs/local/lib/python3.10/dist-packages/micro_ros_msgs/msg'...
[0.937s] -- Up-to-date: /home/kousei/2DRoboPrac_ws/uros_ws/install/micro_ros_msgs/local/lib/python3.10/dist-packages/micro_ros_msgs/micro_ros_msgs_s__rosidl_typesupport_fastrtps_c.cpython-310-x86_64-linux-gnu.so
[0.937s] -- Up-to-date: /home/kousei/2DRoboPrac_ws/uros_ws/install/micro_ros_msgs/local/lib/python3.10/dist-packages/micro_ros_msgs/micro_ros_msgs_s__rosidl_typesupport_introspection_c.cpython-310-x86_64-linux-gnu.so
[0.937s] -- Up-to-date: /home/kousei/2DRoboPrac_ws/uros_ws/install/micro_ros_msgs/local/lib/python3.10/dist-packages/micro_ros_msgs/micro_ros_msgs_s__rosidl_typesupport_c.cpython-310-x86_64-linux-gnu.so
[0.937s] -- Up-to-date: /home/kousei/2DRoboPrac_ws/uros_ws/install/micro_ros_msgs/lib/libmicro_ros_msgs__rosidl_generator_py.so
[0.937s] -- Up-to-date: /home/kousei/2DRoboPrac_ws/uros_ws/install/micro_ros_msgs/share/micro_ros_msgs/msg/Graph.idl
[0.937s] -- Up-to-date: /home/kousei/2DRoboPrac_ws/uros_ws/install/micro_ros_msgs/share/micro_ros_msgs/msg/Node.idl
[0.937s] -- Up-to-date: /home/kousei/2DRoboPrac_ws/uros_ws/install/micro_ros_msgs/share/micro_ros_msgs/msg/Entity.idl
[0.937s] -- Up-to-date: /home/kousei/2DRoboPrac_ws/uros_ws/install/micro_ros_msgs/share/micro_ros_msgs/msg/Graph.msg
[0.938s] -- Up-to-date: /home/kousei/2DRoboPrac_ws/uros_ws/install/micro_ros_msgs/share/micro_ros_msgs/msg/Node.msg
[0.938s] -- Up-to-date: /home/kousei/2DRoboPrac_ws/uros_ws/install/micro_ros_msgs/share/micro_ros_msgs/msg/Entity.msg
[0.938s] -- Up-to-date: /home/kousei/2DRoboPrac_ws/uros_ws/install/micro_ros_msgs/share/ament_index/resource_index/package_run_dependencies/micro_ros_msgs
[0.938s] -- Installing: /home/kousei/2DRoboPrac_ws/uros_ws/install/micro_ros_msgs/share/ament_index/resource_index/parent_prefix_path/micro_ros_msgs
[0.938s] -- Up-to-date: /home/kousei/2DRoboPrac_ws/uros_ws/install/micro_ros_msgs/share/micro_ros_msgs/environment/ament_prefix_path.sh
[0.938s] -- Installing: /home/kousei/2DRoboPrac_ws/uros_ws/install/micro_ros_msgs/share/micro_ros_msgs/environment/ament_prefix_path.dsv
[0.938s] -- Up-to-date: /home/kousei/2DRoboPrac_ws/uros_ws/install/micro_ros_msgs/share/micro_ros_msgs/environment/path.sh
[0.938s] -- Installing: /home/kousei/2DRoboPrac_ws/uros_ws/install/micro_ros_msgs/share/micro_ros_msgs/environment/path.dsv
[0.938s] -- Up-to-date: /home/kousei/2DRoboPrac_ws/uros_ws/install/micro_ros_msgs/share/micro_ros_msgs/local_setup.bash
[0.938s] -- Up-to-date: /home/kousei/2DRoboPrac_ws/uros_ws/install/micro_ros_msgs/share/micro_ros_msgs/local_setup.sh
[0.938s] -- Up-to-date: /home/kousei/2DRoboPrac_ws/uros_ws/install/micro_ros_msgs/share/micro_ros_msgs/local_setup.zsh
[0.938s] -- Installing: /home/kousei/2DRoboPrac_ws/uros_ws/install/micro_ros_msgs/share/micro_ros_msgs/local_setup.dsv
[0.938s] -- Installing: /home/kousei/2DRoboPrac_ws/uros_ws/install/micro_ros_msgs/share/micro_ros_msgs/package.dsv
[0.938s] -- Up-to-date: /home/kousei/2DRoboPrac_ws/uros_ws/install/micro_ros_msgs/share/ament_index/resource_index/packages/micro_ros_msgs
[0.938s] -- Up-to-date: /home/kousei/2DRoboPrac_ws/uros_ws/install/micro_ros_msgs/share/micro_ros_msgs/cmake/export_micro_ros_msgs__rosidl_generator_cExport.cmake
[0.938s] -- Up-to-date: /home/kousei/2DRoboPrac_ws/uros_ws/install/micro_ros_msgs/share/micro_ros_msgs/cmake/export_micro_ros_msgs__rosidl_generator_cExport-noconfig.cmake
[0.938s] -- Up-to-date: /home/kousei/2DRoboPrac_ws/uros_ws/install/micro_ros_msgs/share/micro_ros_msgs/cmake/export_micro_ros_msgs__rosidl_typesupport_fastrtps_cExport.cmake
[0.938s] -- Up-to-date: /home/kousei/2DRoboPrac_ws/uros_ws/install/micro_ros_msgs/share/micro_ros_msgs/cmake/export_micro_ros_msgs__rosidl_typesupport_fastrtps_cExport-noconfig.cmake
[0.938s] -- Up-to-date: /home/kousei/2DRoboPrac_ws/uros_ws/install/micro_ros_msgs/share/micro_ros_msgs/cmake/micro_ros_msgs__rosidl_typesupport_introspection_cExport.cmake
[0.938s] -- Up-to-date: /home/kousei/2DRoboPrac_ws/uros_ws/install/micro_ros_msgs/share/micro_ros_msgs/cmake/micro_ros_msgs__rosidl_typesupport_introspection_cExport-noconfig.cmake
[0.939s] -- Up-to-date: /home/kousei/2DRoboPrac_ws/uros_ws/install/micro_ros_msgs/share/micro_ros_msgs/cmake/micro_ros_msgs__rosidl_typesupport_cExport.cmake
[0.939s] -- Up-to-date: /home/kousei/2DRoboPrac_ws/uros_ws/install/micro_ros_msgs/share/micro_ros_msgs/cmake/micro_ros_msgs__rosidl_typesupport_cExport-noconfig.cmake
[0.939s] -- Up-to-date: /home/kousei/2DRoboPrac_ws/uros_ws/install/micro_ros_msgs/share/micro_ros_msgs/cmake/export_micro_ros_msgs__rosidl_generator_cppExport.cmake
[0.939s] -- Up-to-date: /home/kousei/2DRoboPrac_ws/uros_ws/install/micro_ros_msgs/share/micro_ros_msgs/cmake/export_micro_ros_msgs__rosidl_typesupport_fastrtps_cppExport.cmake
[0.939s] -- Up-to-date: /home/kousei/2DRoboPrac_ws/uros_ws/install/micro_ros_msgs/share/micro_ros_msgs/cmake/export_micro_ros_msgs__rosidl_typesupport_fastrtps_cppExport-noconfig.cmake
[0.939s] -- Up-to-date: /home/kousei/2DRoboPrac_ws/uros_ws/install/micro_ros_msgs/share/micro_ros_msgs/cmake/micro_ros_msgs__rosidl_typesupport_introspection_cppExport.cmake
[0.939s] -- Up-to-date: /home/kousei/2DRoboPrac_ws/uros_ws/install/micro_ros_msgs/share/micro_ros_msgs/cmake/micro_ros_msgs__rosidl_typesupport_introspection_cppExport-noconfig.cmake
[0.939s] -- Up-to-date: /home/kousei/2DRoboPrac_ws/uros_ws/install/micro_ros_msgs/share/micro_ros_msgs/cmake/micro_ros_msgs__rosidl_typesupport_cppExport.cmake
[0.939s] -- Up-to-date: /home/kousei/2DRoboPrac_ws/uros_ws/install/micro_ros_msgs/share/micro_ros_msgs/cmake/micro_ros_msgs__rosidl_typesupport_cppExport-noconfig.cmake
[0.939s] -- Up-to-date: /home/kousei/2DRoboPrac_ws/uros_ws/install/micro_ros_msgs/share/micro_ros_msgs/cmake/export_micro_ros_msgs__rosidl_generator_pyExport.cmake
[0.939s] -- Up-to-date: /home/kousei/2DRoboPrac_ws/uros_ws/install/micro_ros_msgs/share/micro_ros_msgs/cmake/export_micro_ros_msgs__rosidl_generator_pyExport-noconfig.cmake
[0.939s] -- Up-to-date: /home/kousei/2DRoboPrac_ws/uros_ws/install/micro_ros_msgs/share/micro_ros_msgs/cmake/rosidl_cmake-extras.cmake
[0.939s] -- Up-to-date: /home/kousei/2DRoboPrac_ws/uros_ws/install/micro_ros_msgs/share/micro_ros_msgs/cmake/ament_cmake_export_include_directories-extras.cmake
[0.940s] -- Up-to-date: /home/kousei/2DRoboPrac_ws/uros_ws/install/micro_ros_msgs/share/micro_ros_msgs/cmake/ament_cmake_export_libraries-extras.cmake
[0.940s] -- Up-to-date: /home/kousei/2DRoboPrac_ws/uros_ws/install/micro_ros_msgs/share/micro_ros_msgs/cmake/ament_cmake_export_targets-extras.cmake
[0.940s] -- Up-to-date: /home/kousei/2DRoboPrac_ws/uros_ws/install/micro_ros_msgs/share/micro_ros_msgs/cmake/rosidl_cmake_export_typesupport_targets-extras.cmake
[0.940s] -- Up-to-date: /home/kousei/2DRoboPrac_ws/uros_ws/install/micro_ros_msgs/share/micro_ros_msgs/cmake/ament_cmake_export_dependencies-extras.cmake
[0.940s] -- Up-to-date: /home/kousei/2DRoboPrac_ws/uros_ws/install/micro_ros_msgs/share/micro_ros_msgs/cmake/rosidl_cmake_export_typesupport_libraries-extras.cmake
[0.940s] -- Up-to-date: /home/kousei/2DRoboPrac_ws/uros_ws/install/micro_ros_msgs/share/micro_ros_msgs/cmake/micro_ros_msgsConfig.cmake
[0.940s] -- Up-to-date: /home/kousei/2DRoboPrac_ws/uros_ws/install/micro_ros_msgs/share/micro_ros_msgs/cmake/micro_ros_msgsConfig-version.cmake
[0.940s] -- Up-to-date: /home/kousei/2DRoboPrac_ws/uros_ws/install/micro_ros_msgs/share/micro_ros_msgs/package.xml
[0.941s] Invoked command in '/home/kousei/2DRoboPrac_ws/uros_ws/build/micro_ros_msgs' returned '0': CMAKE_PREFIX_PATH=${CMAKE_PREFIX_PATH}:/opt/ros/humble /usr/bin/cmake --install /home/kousei/2DRoboPrac_ws/uros_ws/build/micro_ros_msgs
