[0.063s] Invoking command in '/home/kousei/2DRoboPrac_ws/uros_ws/build/micro_ros_msgs': CMAKE_PREFIX_PATH=${CMAKE_PREFIX_PATH}:/opt/ros/humble /usr/bin/cmake /home/kousei/2DRoboPrac_ws/uros_ws/src/uros/micro_ros_msgs -DCMAKE_INSTALL_PREFIX=/home/kousei/2DRoboPrac_ws/uros_ws/install/micro_ros_msgs
[0.096s] -- The C compiler identification is GNU 11.4.0
[0.132s] -- The CXX compiler identification is GNU 11.4.0
[0.136s] -- Detecting C compiler ABI info
[0.175s] -- Detecting C compiler ABI info - done
[0.179s] -- Check for working C compiler: /usr/bin/cc - skipped
[0.179s] -- Detecting C compile features
[0.179s] -- Detecting C compile features - done
[0.181s] -- Detecting CXX compiler ABI info
[0.228s] -- Detecting CXX compiler ABI info - done
[0.233s] -- Check for working CXX compiler: /usr/bin/c++ - skipped
[0.234s] -- Detecting CXX compile features
[0.234s] -- Detecting CXX compile features - done
[0.236s] -- Found ament_cmake: 1.3.6 (/opt/ros/humble/share/ament_cmake/cmake)
[0.340s] -- Found Python3: /usr/bin/python3.10 (found version "3.10.12") found components: Interpreter 
[0.402s] -- Found rosidl_default_generators: 1.2.0 (/opt/ros/humble/share/rosidl_default_generators/cmake)
[0.405s] -- Using all available rosidl_typesupport_c: rosidl_typesupport_fastrtps_c;rosidl_typesupport_introspection_c
[0.410s] -- Found rosidl_adapter: 3.1.5 (/opt/ros/humble/share/rosidl_adapter/cmake)
[0.437s] -- Using all available rosidl_typesupport_cpp: rosidl_typesupport_fastrtps_cpp;rosidl_typesupport_introspection_cpp
[0.458s] -- Found ament_lint_auto: 0.12.9 (/opt/ros/humble/share/ament_lint_auto/cmake)
[0.622s] -- Found ament_cmake_ros: 0.10.0 (/opt/ros/humble/share/ament_cmake_ros/cmake)
[0.727s] -- Using all available rosidl_typesupport_c: rosidl_typesupport_fastrtps_c;rosidl_typesupport_introspection_c
[0.868s] -- Using all available rosidl_typesupport_cpp: rosidl_typesupport_fastrtps_cpp;rosidl_typesupport_introspection_cpp
[0.884s] -- Found PythonInterp: /usr/bin/python3 (found suitable version "3.10.12", minimum required is "3.6") 
[0.886s] -- Found python_cmake_module: 0.10.0 (/opt/ros/humble/share/python_cmake_module/cmake)
[0.904s] -- Found PythonLibs: /usr/lib/x86_64-linux-gnu/libpython3.10.so (found suitable version "3.10.12", minimum required is "3.5") 
[0.904s] -- Using PYTHON_EXECUTABLE: /usr/bin/python3
[0.904s] -- Using PYTHON_INCLUDE_DIRS: /usr/include/python3.10
[0.904s] -- Using PYTHON_LIBRARIES: /usr/lib/x86_64-linux-gnu/libpython3.10.so
[0.920s] -- Found PythonExtra: .so  
[0.941s] -- Added test 'copyright' to check source files copyright and LICENSE
[0.942s] -- Added test 'lint_cmake' to check CMake code style
[0.943s] -- Added test 'xmllint' to check XML markup files
[0.945s] -- Configuring done
[0.960s] -- Generating done
[0.961s] -- Build files have been written to: /home/kousei/2DRoboPrac_ws/uros_ws/build/micro_ros_msgs
[0.966s] Invoked command in '/home/kousei/2DRoboPrac_ws/uros_ws/build/micro_ros_msgs' returned '0': CMAKE_PREFIX_PATH=${CMAKE_PREFIX_PATH}:/opt/ros/humble /usr/bin/cmake /home/kousei/2DRoboPrac_ws/uros_ws/src/uros/micro_ros_msgs -DCMAKE_INSTALL_PREFIX=/home/kousei/2DRoboPrac_ws/uros_ws/install/micro_ros_msgs
[0.966s] Invoking command in '/home/kousei/2DRoboPrac_ws/uros_ws/build/micro_ros_msgs': CMAKE_PREFIX_PATH=${CMAKE_PREFIX_PATH}:/opt/ros/humble /usr/bin/cmake --build /home/kousei/2DRoboPrac_ws/uros_ws/build/micro_ros_msgs -- -j16 -l16
[0.992s] [  2%] [34m[1mGenerating C code for ROS interfaces[0m
[0.999s] [  4%] [34m[1mGenerating C++ code for ROS interfaces[0m
[1.004s] [  4%] Built target ament_cmake_python_copy_micro_ros_msgs
[1.148s] running egg_info
[1.149s] creating micro_ros_msgs.egg-info
[1.149s] writing micro_ros_msgs.egg-info/PKG-INFO
[1.149s] writing dependency_links to micro_ros_msgs.egg-info/dependency_links.txt
[1.149s] writing top-level names to micro_ros_msgs.egg-info/top_level.txt
[1.149s] writing manifest file 'micro_ros_msgs.egg-info/SOURCES.txt'
[1.151s] reading manifest file 'micro_ros_msgs.egg-info/SOURCES.txt'
[1.151s] writing manifest file 'micro_ros_msgs.egg-info/SOURCES.txt'
[1.169s] [  4%] Built target ament_cmake_python_build_micro_ros_msgs_egg
[1.216s] [  4%] Built target micro_ros_msgs__cpp
[1.222s] [ 12%] [34m[1mGenerating C++ introspection for ROS interfaces[0m
[1.222s] [ 12%] [34m[1mGenerating C++ type support dispatch for ROS interfaces[0m
[1.223s] [ 12%] [32mBuilding C object CMakeFiles/micro_ros_msgs__rosidl_generator_c.dir/rosidl_generator_c/micro_ros_msgs/msg/detail/graph__functions.c.o[0m
[1.223s] [ 12%] [34m[1mGenerating C++ type support for eProsima Fast-RTPS[0m
[1.224s] [ 17%] [32mBuilding C object CMakeFiles/micro_ros_msgs__rosidl_generator_c.dir/rosidl_generator_c/micro_ros_msgs/msg/detail/node__functions.c.o[0m
[1.224s] [ 17%] [32mBuilding C object CMakeFiles/micro_ros_msgs__rosidl_generator_c.dir/rosidl_generator_c/micro_ros_msgs/msg/detail/entity__functions.c.o[0m
[1.264s] [ 19%] [32m[1mLinking C shared library libmicro_ros_msgs__rosidl_generator_c.so[0m
[1.289s] [ 19%] Built target micro_ros_msgs__rosidl_generator_c
[1.296s] [ 21%] [34m[1mGenerating C type support for eProsima Fast-RTPS[0m
[1.299s] [ 25%] [34m[1mGenerating C type support dispatch for ROS interfaces[0m
[1.299s] [ 25%] [34m[1mGenerating C introspection for ROS interfaces[0m
[1.420s] [ 27%] [32mBuilding CXX object CMakeFiles/micro_ros_msgs__rosidl_typesupport_cpp.dir/rosidl_typesupport_cpp/micro_ros_msgs/msg/node__type_support.cpp.o[0m
[1.422s] [ 29%] [32mBuilding CXX object CMakeFiles/micro_ros_msgs__rosidl_typesupport_cpp.dir/rosidl_typesupport_cpp/micro_ros_msgs/msg/graph__type_support.cpp.o[0m
[1.422s] [ 31%] [32mBuilding CXX object CMakeFiles/micro_ros_msgs__rosidl_typesupport_cpp.dir/rosidl_typesupport_cpp/micro_ros_msgs/msg/entity__type_support.cpp.o[0m
[1.445s] [ 34%] [32mBuilding CXX object CMakeFiles/micro_ros_msgs__rosidl_typesupport_introspection_cpp.dir/rosidl_typesupport_introspection_cpp/micro_ros_msgs/msg/detail/graph__type_support.cpp.o[0m
[1.448s] [ 38%] [32mBuilding CXX object CMakeFiles/micro_ros_msgs__rosidl_typesupport_introspection_cpp.dir/rosidl_typesupport_introspection_cpp/micro_ros_msgs/msg/detail/node__type_support.cpp.o[0m
[1.448s] [ 38%] [32mBuilding CXX object CMakeFiles/micro_ros_msgs__rosidl_typesupport_introspection_cpp.dir/rosidl_typesupport_introspection_cpp/micro_ros_msgs/msg/detail/entity__type_support.cpp.o[0m
[1.453s] [ 40%] [32mBuilding CXX object CMakeFiles/micro_ros_msgs__rosidl_typesupport_fastrtps_cpp.dir/rosidl_typesupport_fastrtps_cpp/micro_ros_msgs/msg/detail/dds_fastrtps/node__type_support.cpp.o[0m
[1.453s] [ 42%] [32mBuilding CXX object CMakeFiles/micro_ros_msgs__rosidl_typesupport_fastrtps_cpp.dir/rosidl_typesupport_fastrtps_cpp/micro_ros_msgs/msg/detail/dds_fastrtps/graph__type_support.cpp.o[0m
[1.454s] [ 44%] [32mBuilding CXX object CMakeFiles/micro_ros_msgs__rosidl_typesupport_fastrtps_cpp.dir/rosidl_typesupport_fastrtps_cpp/micro_ros_msgs/msg/detail/dds_fastrtps/entity__type_support.cpp.o[0m
[1.555s] [ 48%] [32mBuilding CXX object CMakeFiles/micro_ros_msgs__rosidl_typesupport_fastrtps_c.dir/rosidl_typesupport_fastrtps_c/micro_ros_msgs/msg/detail/entity__type_support_c.cpp.o[0m
[1.555s] [ 48%] [32mBuilding CXX object CMakeFiles/micro_ros_msgs__rosidl_typesupport_fastrtps_c.dir/rosidl_typesupport_fastrtps_c/micro_ros_msgs/msg/detail/graph__type_support_c.cpp.o[0m
[1.560s] [ 51%] [32mBuilding CXX object CMakeFiles/micro_ros_msgs__rosidl_typesupport_fastrtps_c.dir/rosidl_typesupport_fastrtps_c/micro_ros_msgs/msg/detail/node__type_support_c.cpp.o[0m
[1.639s] [ 55%] [32mBuilding CXX object CMakeFiles/micro_ros_msgs__rosidl_typesupport_c.dir/rosidl_typesupport_c/micro_ros_msgs/msg/graph__type_support.cpp.o[0m
[1.639s] [ 55%] [32mBuilding CXX object CMakeFiles/micro_ros_msgs__rosidl_typesupport_c.dir/rosidl_typesupport_c/micro_ros_msgs/msg/node__type_support.cpp.o[0m
[1.648s] [ 57%] [32mBuilding CXX object CMakeFiles/micro_ros_msgs__rosidl_typesupport_c.dir/rosidl_typesupport_c/micro_ros_msgs/msg/entity__type_support.cpp.o[0m
[1.683s] [ 59%] [32m[1mLinking CXX shared library libmicro_ros_msgs__rosidl_typesupport_c.so[0m
[1.695s] [ 65%] [32mBuilding C object CMakeFiles/micro_ros_msgs__rosidl_typesupport_introspection_c.dir/rosidl_typesupport_introspection_c/micro_ros_msgs/msg/detail/node__type_support.c.o[0m
[1.695s] [ 65%] [32mBuilding C object CMakeFiles/micro_ros_msgs__rosidl_typesupport_introspection_c.dir/rosidl_typesupport_introspection_c/micro_ros_msgs/msg/detail/graph__type_support.c.o[0m
[1.696s] [ 65%] [32mBuilding C object CMakeFiles/micro_ros_msgs__rosidl_typesupport_introspection_c.dir/rosidl_typesupport_introspection_c/micro_ros_msgs/msg/detail/entity__type_support.c.o[0m
[1.733s] [ 68%] [32m[1mLinking CXX shared library libmicro_ros_msgs__rosidl_typesupport_cpp.so[0m
[1.733s] [ 68%] Built target micro_ros_msgs__rosidl_typesupport_c
[1.736s] [ 70%] [32m[1mLinking C shared library libmicro_ros_msgs__rosidl_typesupport_introspection_c.so[0m
[1.766s] [ 70%] Built target micro_ros_msgs__rosidl_typesupport_introspection_c
[1.774s] [ 70%] Built target micro_ros_msgs__rosidl_typesupport_cpp
[1.890s] [ 72%] [32m[1mLinking CXX shared library libmicro_ros_msgs__rosidl_typesupport_fastrtps_c.so[0m
[1.925s] [ 74%] [32m[1mLinking CXX shared library libmicro_ros_msgs__rosidl_typesupport_introspection_cpp.so[0m
[1.927s] [ 76%] [32m[1mLinking CXX shared library libmicro_ros_msgs__rosidl_typesupport_fastrtps_cpp.so[0m
[1.941s] [ 76%] Built target micro_ros_msgs__rosidl_typesupport_fastrtps_c
[1.979s] [ 76%] Built target micro_ros_msgs__rosidl_typesupport_introspection_cpp
[1.979s] [ 76%] Built target micro_ros_msgs__rosidl_typesupport_fastrtps_cpp
[1.992s] [ 76%] Built target micro_ros_msgs
[2.006s] [ 78%] [34m[1mGenerating Python code for ROS interfaces[0m
[2.300s] [ 78%] Built target micro_ros_msgs__py
[2.313s] [ 85%] [32mBuilding C object CMakeFiles/micro_ros_msgs__rosidl_generator_py.dir/rosidl_generator_py/micro_ros_msgs/msg/_graph_s.c.o[0m
[2.313s] [ 85%] [32mBuilding C object CMakeFiles/micro_ros_msgs__rosidl_generator_py.dir/rosidl_generator_py/micro_ros_msgs/msg/_node_s.c.o[0m
[2.313s] [ 85%] [32mBuilding C object CMakeFiles/micro_ros_msgs__rosidl_generator_py.dir/rosidl_generator_py/micro_ros_msgs/msg/_entity_s.c.o[0m
[2.377s] [ 87%] [32m[1mLinking C shared library rosidl_generator_py/micro_ros_msgs/libmicro_ros_msgs__rosidl_generator_py.so[0m
[2.400s] [ 87%] Built target micro_ros_msgs__rosidl_generator_py
[2.415s] [ 93%] [32mBuilding C object CMakeFiles/micro_ros_msgs__rosidl_typesupport_fastrtps_c__pyext.dir/rosidl_generator_py/micro_ros_msgs/_micro_ros_msgs_s.ep.rosidl_typesupport_fastrtps_c.c.o[0m
[2.415s] [ 93%] [32mBuilding C object CMakeFiles/micro_ros_msgs__rosidl_typesupport_c__pyext.dir/rosidl_generator_py/micro_ros_msgs/_micro_ros_msgs_s.ep.rosidl_typesupport_c.c.o[0m
[2.415s] [ 93%] [32mBuilding C object CMakeFiles/micro_ros_msgs__rosidl_typesupport_introspection_c__pyext.dir/rosidl_generator_py/micro_ros_msgs/_micro_ros_msgs_s.ep.rosidl_typesupport_introspection_c.c.o[0m
[2.474s] [ 97%] [32m[1mLinking C shared library rosidl_generator_py/micro_ros_msgs/micro_ros_msgs_s__rosidl_typesupport_c.cpython-310-x86_64-linux-gnu.so[0m
[2.474s] [ 97%] [32m[1mLinking C shared library rosidl_generator_py/micro_ros_msgs/micro_ros_msgs_s__rosidl_typesupport_introspection_c.cpython-310-x86_64-linux-gnu.so[0m
[2.474s] [100%] [32m[1mLinking C shared library rosidl_generator_py/micro_ros_msgs/micro_ros_msgs_s__rosidl_typesupport_fastrtps_c.cpython-310-x86_64-linux-gnu.so[0m
[2.495s] [100%] Built target micro_ros_msgs__rosidl_typesupport_c__pyext
[2.495s] [100%] Built target micro_ros_msgs__rosidl_typesupport_introspection_c__pyext
[2.495s] [100%] Built target micro_ros_msgs__rosidl_typesupport_fastrtps_c__pyext
[2.503s] Invoked command in '/home/kousei/2DRoboPrac_ws/uros_ws/build/micro_ros_msgs' returned '0': CMAKE_PREFIX_PATH=${CMAKE_PREFIX_PATH}:/opt/ros/humble /usr/bin/cmake --build /home/kousei/2DRoboPrac_ws/uros_ws/build/micro_ros_msgs -- -j16 -l16
[2.562s] Invoking command in '/home/kousei/2DRoboPrac_ws/uros_ws/build/micro_ros_msgs': CMAKE_PREFIX_PATH=${CMAKE_PREFIX_PATH}:/opt/ros/humble /usr/bin/cmake --install /home/kousei/2DRoboPrac_ws/uros_ws/build/micro_ros_msgs
[2.568s] -- Install configuration: ""
[2.568s] -- Installing: /home/kousei/2DRoboPrac_ws/uros_ws/install/micro_ros_msgs/share/ament_index/resource_index/rosidl_interfaces/micro_ros_msgs
[2.568s] -- Installing: /home/kousei/2DRoboPrac_ws/uros_ws/install/micro_ros_msgs/include/micro_ros_msgs/micro_ros_msgs
[2.568s] -- Installing: /home/kousei/2DRoboPrac_ws/uros_ws/install/micro_ros_msgs/include/micro_ros_msgs/micro_ros_msgs/msg
[2.568s] -- Installing: /home/kousei/2DRoboPrac_ws/uros_ws/install/micro_ros_msgs/include/micro_ros_msgs/micro_ros_msgs/msg/rosidl_generator_c__visibility_control.h
[2.568s] -- Installing: /home/kousei/2DRoboPrac_ws/uros_ws/install/micro_ros_msgs/include/micro_ros_msgs/micro_ros_msgs/msg/entity.h
[2.568s] -- Installing: /home/kousei/2DRoboPrac_ws/uros_ws/install/micro_ros_msgs/include/micro_ros_msgs/micro_ros_msgs/msg/graph.h
[2.568s] -- Installing: /home/kousei/2DRoboPrac_ws/uros_ws/install/micro_ros_msgs/include/micro_ros_msgs/micro_ros_msgs/msg/detail
[2.568s] -- Installing: /home/kousei/2DRoboPrac_ws/uros_ws/install/micro_ros_msgs/include/micro_ros_msgs/micro_ros_msgs/msg/detail/node__type_support.h
[2.568s] -- Installing: /home/kousei/2DRoboPrac_ws/uros_ws/install/micro_ros_msgs/include/micro_ros_msgs/micro_ros_msgs/msg/detail/graph__functions.h
[2.568s] -- Installing: /home/kousei/2DRoboPrac_ws/uros_ws/install/micro_ros_msgs/include/micro_ros_msgs/micro_ros_msgs/msg/detail/entity__struct.h
[2.569s] -- Installing: /home/kousei/2DRoboPrac_ws/uros_ws/install/micro_ros_msgs/include/micro_ros_msgs/micro_ros_msgs/msg/detail/node__functions.c
[2.569s] -- Installing: /home/kousei/2DRoboPrac_ws/uros_ws/install/micro_ros_msgs/include/micro_ros_msgs/micro_ros_msgs/msg/detail/entity__functions.c
[2.569s] -- Installing: /home/kousei/2DRoboPrac_ws/uros_ws/install/micro_ros_msgs/include/micro_ros_msgs/micro_ros_msgs/msg/detail/entity__functions.h
[2.569s] -- Installing: /home/kousei/2DRoboPrac_ws/uros_ws/install/micro_ros_msgs/include/micro_ros_msgs/micro_ros_msgs/msg/detail/node__functions.h
[2.569s] -- Installing: /home/kousei/2DRoboPrac_ws/uros_ws/install/micro_ros_msgs/include/micro_ros_msgs/micro_ros_msgs/msg/detail/graph__functions.c
[2.569s] -- Installing: /home/kousei/2DRoboPrac_ws/uros_ws/install/micro_ros_msgs/include/micro_ros_msgs/micro_ros_msgs/msg/detail/entity__type_support.h
[2.569s] -- Installing: /home/kousei/2DRoboPrac_ws/uros_ws/install/micro_ros_msgs/include/micro_ros_msgs/micro_ros_msgs/msg/detail/node__struct.h
[2.569s] -- Installing: /home/kousei/2DRoboPrac_ws/uros_ws/install/micro_ros_msgs/include/micro_ros_msgs/micro_ros_msgs/msg/detail/graph__type_support.h
[2.569s] -- Installing: /home/kousei/2DRoboPrac_ws/uros_ws/install/micro_ros_msgs/include/micro_ros_msgs/micro_ros_msgs/msg/detail/graph__struct.h
[2.569s] -- Installing: /home/kousei/2DRoboPrac_ws/uros_ws/install/micro_ros_msgs/include/micro_ros_msgs/micro_ros_msgs/msg/node.h
[2.569s] -- Installing: /home/kousei/2DRoboPrac_ws/uros_ws/install/micro_ros_msgs/share/micro_ros_msgs/environment/library_path.sh
[2.569s] -- Installing: /home/kousei/2DRoboPrac_ws/uros_ws/install/micro_ros_msgs/share/micro_ros_msgs/environment/library_path.dsv
[2.569s] -- Installing: /home/kousei/2DRoboPrac_ws/uros_ws/install/micro_ros_msgs/lib/libmicro_ros_msgs__rosidl_generator_c.so
[2.569s] -- Set runtime path of "/home/kousei/2DRoboPrac_ws/uros_ws/install/micro_ros_msgs/lib/libmicro_ros_msgs__rosidl_generator_c.so" to ""
[2.569s] -- Up-to-date: /home/kousei/2DRoboPrac_ws/uros_ws/install/micro_ros_msgs/include/micro_ros_msgs/micro_ros_msgs
[2.570s] -- Up-to-date: /home/kousei/2DRoboPrac_ws/uros_ws/install/micro_ros_msgs/include/micro_ros_msgs/micro_ros_msgs/msg
[2.570s] -- Up-to-date: /home/kousei/2DRoboPrac_ws/uros_ws/install/micro_ros_msgs/include/micro_ros_msgs/micro_ros_msgs/msg/detail
[2.570s] -- Installing: /home/kousei/2DRoboPrac_ws/uros_ws/install/micro_ros_msgs/include/micro_ros_msgs/micro_ros_msgs/msg/detail/graph__rosidl_typesupport_fastrtps_c.h
[2.570s] -- Installing: /home/kousei/2DRoboPrac_ws/uros_ws/install/micro_ros_msgs/include/micro_ros_msgs/micro_ros_msgs/msg/detail/entity__rosidl_typesupport_fastrtps_c.h
[2.570s] -- Installing: /home/kousei/2DRoboPrac_ws/uros_ws/install/micro_ros_msgs/include/micro_ros_msgs/micro_ros_msgs/msg/detail/node__rosidl_typesupport_fastrtps_c.h
[2.570s] -- Installing: /home/kousei/2DRoboPrac_ws/uros_ws/install/micro_ros_msgs/include/micro_ros_msgs/micro_ros_msgs/msg/rosidl_typesupport_fastrtps_c__visibility_control.h
[2.570s] -- Installing: /home/kousei/2DRoboPrac_ws/uros_ws/install/micro_ros_msgs/lib/libmicro_ros_msgs__rosidl_typesupport_fastrtps_c.so
[2.570s] -- Set runtime path of "/home/kousei/2DRoboPrac_ws/uros_ws/install/micro_ros_msgs/lib/libmicro_ros_msgs__rosidl_typesupport_fastrtps_c.so" to ""
[2.570s] -- Up-to-date: /home/kousei/2DRoboPrac_ws/uros_ws/install/micro_ros_msgs/include/micro_ros_msgs/micro_ros_msgs
[2.570s] -- Up-to-date: /home/kousei/2DRoboPrac_ws/uros_ws/install/micro_ros_msgs/include/micro_ros_msgs/micro_ros_msgs/msg
[2.570s] -- Up-to-date: /home/kousei/2DRoboPrac_ws/uros_ws/install/micro_ros_msgs/include/micro_ros_msgs/micro_ros_msgs/msg/detail
[2.570s] -- Installing: /home/kousei/2DRoboPrac_ws/uros_ws/install/micro_ros_msgs/include/micro_ros_msgs/micro_ros_msgs/msg/detail/node__rosidl_typesupport_introspection_c.h
[2.570s] -- Installing: /home/kousei/2DRoboPrac_ws/uros_ws/install/micro_ros_msgs/include/micro_ros_msgs/micro_ros_msgs/msg/detail/node__type_support.c
[2.570s] -- Installing: /home/kousei/2DRoboPrac_ws/uros_ws/install/micro_ros_msgs/include/micro_ros_msgs/micro_ros_msgs/msg/detail/entity__type_support.c
[2.570s] -- Installing: /home/kousei/2DRoboPrac_ws/uros_ws/install/micro_ros_msgs/include/micro_ros_msgs/micro_ros_msgs/msg/detail/graph__type_support.c
[2.571s] -- Installing: /home/kousei/2DRoboPrac_ws/uros_ws/install/micro_ros_msgs/include/micro_ros_msgs/micro_ros_msgs/msg/detail/entity__rosidl_typesupport_introspection_c.h
[2.571s] -- Installing: /home/kousei/2DRoboPrac_ws/uros_ws/install/micro_ros_msgs/include/micro_ros_msgs/micro_ros_msgs/msg/detail/graph__rosidl_typesupport_introspection_c.h
[2.571s] -- Installing: /home/kousei/2DRoboPrac_ws/uros_ws/install/micro_ros_msgs/include/micro_ros_msgs/micro_ros_msgs/msg/rosidl_typesupport_introspection_c__visibility_control.h
[2.571s] -- Installing: /home/kousei/2DRoboPrac_ws/uros_ws/install/micro_ros_msgs/lib/libmicro_ros_msgs__rosidl_typesupport_introspection_c.so
[2.571s] -- Set runtime path of "/home/kousei/2DRoboPrac_ws/uros_ws/install/micro_ros_msgs/lib/libmicro_ros_msgs__rosidl_typesupport_introspection_c.so" to ""
[2.571s] -- Installing: /home/kousei/2DRoboPrac_ws/uros_ws/install/micro_ros_msgs/lib/libmicro_ros_msgs__rosidl_typesupport_c.so
[2.571s] -- Set runtime path of "/home/kousei/2DRoboPrac_ws/uros_ws/install/micro_ros_msgs/lib/libmicro_ros_msgs__rosidl_typesupport_c.so" to ""
[2.571s] -- Up-to-date: /home/kousei/2DRoboPrac_ws/uros_ws/install/micro_ros_msgs/include/micro_ros_msgs/micro_ros_msgs
[2.571s] -- Up-to-date: /home/kousei/2DRoboPrac_ws/uros_ws/install/micro_ros_msgs/include/micro_ros_msgs/micro_ros_msgs/msg
[2.571s] -- Installing: /home/kousei/2DRoboPrac_ws/uros_ws/install/micro_ros_msgs/include/micro_ros_msgs/micro_ros_msgs/msg/graph.hpp
[2.571s] -- Installing: /home/kousei/2DRoboPrac_ws/uros_ws/install/micro_ros_msgs/include/micro_ros_msgs/micro_ros_msgs/msg/node.hpp
[2.571s] -- Up-to-date: /home/kousei/2DRoboPrac_ws/uros_ws/install/micro_ros_msgs/include/micro_ros_msgs/micro_ros_msgs/msg/detail
[2.571s] -- Installing: /home/kousei/2DRoboPrac_ws/uros_ws/install/micro_ros_msgs/include/micro_ros_msgs/micro_ros_msgs/msg/detail/node__builder.hpp
[2.571s] -- Installing: /home/kousei/2DRoboPrac_ws/uros_ws/install/micro_ros_msgs/include/micro_ros_msgs/micro_ros_msgs/msg/detail/graph__traits.hpp
[2.572s] -- Installing: /home/kousei/2DRoboPrac_ws/uros_ws/install/micro_ros_msgs/include/micro_ros_msgs/micro_ros_msgs/msg/detail/entity__builder.hpp
[2.572s] -- Installing: /home/kousei/2DRoboPrac_ws/uros_ws/install/micro_ros_msgs/include/micro_ros_msgs/micro_ros_msgs/msg/detail/graph__struct.hpp
[2.572s] -- Installing: /home/kousei/2DRoboPrac_ws/uros_ws/install/micro_ros_msgs/include/micro_ros_msgs/micro_ros_msgs/msg/detail/entity__traits.hpp
[2.572s] -- Installing: /home/kousei/2DRoboPrac_ws/uros_ws/install/micro_ros_msgs/include/micro_ros_msgs/micro_ros_msgs/msg/detail/node__struct.hpp
[2.572s] -- Installing: /home/kousei/2DRoboPrac_ws/uros_ws/install/micro_ros_msgs/include/micro_ros_msgs/micro_ros_msgs/msg/detail/entity__struct.hpp
[2.572s] -- Installing: /home/kousei/2DRoboPrac_ws/uros_ws/install/micro_ros_msgs/include/micro_ros_msgs/micro_ros_msgs/msg/detail/graph__builder.hpp
[2.572s] -- Installing: /home/kousei/2DRoboPrac_ws/uros_ws/install/micro_ros_msgs/include/micro_ros_msgs/micro_ros_msgs/msg/detail/node__traits.hpp
[2.572s] -- Installing: /home/kousei/2DRoboPrac_ws/uros_ws/install/micro_ros_msgs/include/micro_ros_msgs/micro_ros_msgs/msg/entity.hpp
[2.572s] -- Up-to-date: /home/kousei/2DRoboPrac_ws/uros_ws/install/micro_ros_msgs/include/micro_ros_msgs/micro_ros_msgs
[2.572s] -- Up-to-date: /home/kousei/2DRoboPrac_ws/uros_ws/install/micro_ros_msgs/include/micro_ros_msgs/micro_ros_msgs/msg
[2.572s] -- Up-to-date: /home/kousei/2DRoboPrac_ws/uros_ws/install/micro_ros_msgs/include/micro_ros_msgs/micro_ros_msgs/msg/detail
[2.572s] -- Installing: /home/kousei/2DRoboPrac_ws/uros_ws/install/micro_ros_msgs/include/micro_ros_msgs/micro_ros_msgs/msg/detail/node__rosidl_typesupport_fastrtps_cpp.hpp
[2.572s] -- Installing: /home/kousei/2DRoboPrac_ws/uros_ws/install/micro_ros_msgs/include/micro_ros_msgs/micro_ros_msgs/msg/detail/entity__rosidl_typesupport_fastrtps_cpp.hpp
[2.572s] -- Installing: /home/kousei/2DRoboPrac_ws/uros_ws/install/micro_ros_msgs/include/micro_ros_msgs/micro_ros_msgs/msg/detail/dds_fastrtps
[2.572s] -- Installing: /home/kousei/2DRoboPrac_ws/uros_ws/install/micro_ros_msgs/include/micro_ros_msgs/micro_ros_msgs/msg/detail/graph__rosidl_typesupport_fastrtps_cpp.hpp
[2.572s] -- Installing: /home/kousei/2DRoboPrac_ws/uros_ws/install/micro_ros_msgs/include/micro_ros_msgs/micro_ros_msgs/msg/rosidl_typesupport_fastrtps_cpp__visibility_control.h
[2.573s] -- Installing: /home/kousei/2DRoboPrac_ws/uros_ws/install/micro_ros_msgs/lib/libmicro_ros_msgs__rosidl_typesupport_fastrtps_cpp.so
[2.573s] -- Set runtime path of "/home/kousei/2DRoboPrac_ws/uros_ws/install/micro_ros_msgs/lib/libmicro_ros_msgs__rosidl_typesupport_fastrtps_cpp.so" to ""
[2.573s] -- Up-to-date: /home/kousei/2DRoboPrac_ws/uros_ws/install/micro_ros_msgs/include/micro_ros_msgs/micro_ros_msgs
[2.573s] -- Up-to-date: /home/kousei/2DRoboPrac_ws/uros_ws/install/micro_ros_msgs/include/micro_ros_msgs/micro_ros_msgs/msg
[2.573s] -- Up-to-date: /home/kousei/2DRoboPrac_ws/uros_ws/install/micro_ros_msgs/include/micro_ros_msgs/micro_ros_msgs/msg/detail
[2.573s] -- Installing: /home/kousei/2DRoboPrac_ws/uros_ws/install/micro_ros_msgs/include/micro_ros_msgs/micro_ros_msgs/msg/detail/node__rosidl_typesupport_introspection_cpp.hpp
[2.573s] -- Installing: /home/kousei/2DRoboPrac_ws/uros_ws/install/micro_ros_msgs/include/micro_ros_msgs/micro_ros_msgs/msg/detail/node__type_support.cpp
[2.573s] -- Installing: /home/kousei/2DRoboPrac_ws/uros_ws/install/micro_ros_msgs/include/micro_ros_msgs/micro_ros_msgs/msg/detail/graph__type_support.cpp
[2.573s] -- Installing: /home/kousei/2DRoboPrac_ws/uros_ws/install/micro_ros_msgs/include/micro_ros_msgs/micro_ros_msgs/msg/detail/entity__rosidl_typesupport_introspection_cpp.hpp
[2.573s] -- Installing: /home/kousei/2DRoboPrac_ws/uros_ws/install/micro_ros_msgs/include/micro_ros_msgs/micro_ros_msgs/msg/detail/entity__type_support.cpp
[2.573s] -- Installing: /home/kousei/2DRoboPrac_ws/uros_ws/install/micro_ros_msgs/include/micro_ros_msgs/micro_ros_msgs/msg/detail/graph__rosidl_typesupport_introspection_cpp.hpp
[2.573s] -- Installing: /home/kousei/2DRoboPrac_ws/uros_ws/install/micro_ros_msgs/lib/libmicro_ros_msgs__rosidl_typesupport_introspection_cpp.so
[2.573s] -- Set runtime path of "/home/kousei/2DRoboPrac_ws/uros_ws/install/micro_ros_msgs/lib/libmicro_ros_msgs__rosidl_typesupport_introspection_cpp.so" to ""
[2.573s] -- Installing: /home/kousei/2DRoboPrac_ws/uros_ws/install/micro_ros_msgs/lib/libmicro_ros_msgs__rosidl_typesupport_cpp.so
[2.574s] -- Set runtime path of "/home/kousei/2DRoboPrac_ws/uros_ws/install/micro_ros_msgs/lib/libmicro_ros_msgs__rosidl_typesupport_cpp.so" to ""
[2.574s] -- Installing: /home/kousei/2DRoboPrac_ws/uros_ws/install/micro_ros_msgs/share/micro_ros_msgs/environment/pythonpath.sh
[2.574s] -- Installing: /home/kousei/2DRoboPrac_ws/uros_ws/install/micro_ros_msgs/share/micro_ros_msgs/environment/pythonpath.dsv
[2.574s] -- Installing: /home/kousei/2DRoboPrac_ws/uros_ws/install/micro_ros_msgs/local/lib/python3.10/dist-packages/micro_ros_msgs-3.0.0-py3.10.egg-info
[2.574s] -- Installing: /home/kousei/2DRoboPrac_ws/uros_ws/install/micro_ros_msgs/local/lib/python3.10/dist-packages/micro_ros_msgs-3.0.0-py3.10.egg-info/dependency_links.txt
[2.574s] -- Installing: /home/kousei/2DRoboPrac_ws/uros_ws/install/micro_ros_msgs/local/lib/python3.10/dist-packages/micro_ros_msgs-3.0.0-py3.10.egg-info/SOURCES.txt
[2.574s] -- Installing: /home/kousei/2DRoboPrac_ws/uros_ws/install/micro_ros_msgs/local/lib/python3.10/dist-packages/micro_ros_msgs-3.0.0-py3.10.egg-info/top_level.txt
[2.574s] -- Installing: /home/kousei/2DRoboPrac_ws/uros_ws/install/micro_ros_msgs/local/lib/python3.10/dist-packages/micro_ros_msgs-3.0.0-py3.10.egg-info/PKG-INFO
[2.574s] -- Installing: /home/kousei/2DRoboPrac_ws/uros_ws/install/micro_ros_msgs/local/lib/python3.10/dist-packages/micro_ros_msgs
[2.574s] -- Installing: /home/kousei/2DRoboPrac_ws/uros_ws/install/micro_ros_msgs/local/lib/python3.10/dist-packages/micro_ros_msgs/__init__.py
[2.574s] -- Installing: /home/kousei/2DRoboPrac_ws/uros_ws/install/micro_ros_msgs/local/lib/python3.10/dist-packages/micro_ros_msgs/micro_ros_msgs_s__rosidl_typesupport_introspection_c.cpython-310-x86_64-linux-gnu.so
[2.574s] -- Installing: /home/kousei/2DRoboPrac_ws/uros_ws/install/micro_ros_msgs/local/lib/python3.10/dist-packages/micro_ros_msgs/_micro_ros_msgs_s.ep.rosidl_typesupport_fastrtps_c.c
[2.574s] -- Installing: /home/kousei/2DRoboPrac_ws/uros_ws/install/micro_ros_msgs/local/lib/python3.10/dist-packages/micro_ros_msgs/msg
[2.574s] -- Installing: /home/kousei/2DRoboPrac_ws/uros_ws/install/micro_ros_msgs/local/lib/python3.10/dist-packages/micro_ros_msgs/msg/__init__.py
[2.574s] -- Installing: /home/kousei/2DRoboPrac_ws/uros_ws/install/micro_ros_msgs/local/lib/python3.10/dist-packages/micro_ros_msgs/msg/_graph.py
[2.574s] -- Installing: /home/kousei/2DRoboPrac_ws/uros_ws/install/micro_ros_msgs/local/lib/python3.10/dist-packages/micro_ros_msgs/msg/_entity_s.c
[2.574s] -- Installing: /home/kousei/2DRoboPrac_ws/uros_ws/install/micro_ros_msgs/local/lib/python3.10/dist-packages/micro_ros_msgs/msg/_node.py
[2.574s] -- Installing: /home/kousei/2DRoboPrac_ws/uros_ws/install/micro_ros_msgs/local/lib/python3.10/dist-packages/micro_ros_msgs/msg/_graph_s.c
[2.574s] -- Installing: /home/kousei/2DRoboPrac_ws/uros_ws/install/micro_ros_msgs/local/lib/python3.10/dist-packages/micro_ros_msgs/msg/_entity.py
[2.574s] -- Installing: /home/kousei/2DRoboPrac_ws/uros_ws/install/micro_ros_msgs/local/lib/python3.10/dist-packages/micro_ros_msgs/msg/_node_s.c
[2.574s] -- Installing: /home/kousei/2DRoboPrac_ws/uros_ws/install/micro_ros_msgs/local/lib/python3.10/dist-packages/micro_ros_msgs/_micro_ros_msgs_s.ep.rosidl_typesupport_c.c
[2.574s] -- Installing: /home/kousei/2DRoboPrac_ws/uros_ws/install/micro_ros_msgs/local/lib/python3.10/dist-packages/micro_ros_msgs/_micro_ros_msgs_s.ep.rosidl_typesupport_introspection_c.c
[2.574s] -- Installing: /home/kousei/2DRoboPrac_ws/uros_ws/install/micro_ros_msgs/local/lib/python3.10/dist-packages/micro_ros_msgs/micro_ros_msgs_s__rosidl_typesupport_fastrtps_c.cpython-310-x86_64-linux-gnu.so
[2.574s] -- Installing: /home/kousei/2DRoboPrac_ws/uros_ws/install/micro_ros_msgs/local/lib/python3.10/dist-packages/micro_ros_msgs/micro_ros_msgs_s__rosidl_typesupport_c.cpython-310-x86_64-linux-gnu.so
[2.574s] -- Installing: /home/kousei/2DRoboPrac_ws/uros_ws/install/micro_ros_msgs/local/lib/python3.10/dist-packages/micro_ros_msgs/libmicro_ros_msgs__rosidl_generator_py.so
[2.597s] Listing '/home/kousei/2DRoboPrac_ws/uros_ws/install/micro_ros_msgs/local/lib/python3.10/dist-packages/micro_ros_msgs'...
[2.597s] Compiling '/home/kousei/2DRoboPrac_ws/uros_ws/install/micro_ros_msgs/local/lib/python3.10/dist-packages/micro_ros_msgs/__init__.py'...
[2.598s] Listing '/home/kousei/2DRoboPrac_ws/uros_ws/install/micro_ros_msgs/local/lib/python3.10/dist-packages/micro_ros_msgs/msg'...
[2.598s] Compiling '/home/kousei/2DRoboPrac_ws/uros_ws/install/micro_ros_msgs/local/lib/python3.10/dist-packages/micro_ros_msgs/msg/__init__.py'...
[2.598s] Compiling '/home/kousei/2DRoboPrac_ws/uros_ws/install/micro_ros_msgs/local/lib/python3.10/dist-packages/micro_ros_msgs/msg/_entity.py'...
[2.598s] Compiling '/home/kousei/2DRoboPrac_ws/uros_ws/install/micro_ros_msgs/local/lib/python3.10/dist-packages/micro_ros_msgs/msg/_graph.py'...
[2.598s] Compiling '/home/kousei/2DRoboPrac_ws/uros_ws/install/micro_ros_msgs/local/lib/python3.10/dist-packages/micro_ros_msgs/msg/_node.py'...
[2.600s] -- Installing: /home/kousei/2DRoboPrac_ws/uros_ws/install/micro_ros_msgs/local/lib/python3.10/dist-packages/micro_ros_msgs/micro_ros_msgs_s__rosidl_typesupport_fastrtps_c.cpython-310-x86_64-linux-gnu.so
[2.600s] -- Set runtime path of "/home/kousei/2DRoboPrac_ws/uros_ws/install/micro_ros_msgs/local/lib/python3.10/dist-packages/micro_ros_msgs/micro_ros_msgs_s__rosidl_typesupport_fastrtps_c.cpython-310-x86_64-linux-gnu.so" to ""
[2.601s] -- Installing: /home/kousei/2DRoboPrac_ws/uros_ws/install/micro_ros_msgs/local/lib/python3.10/dist-packages/micro_ros_msgs/micro_ros_msgs_s__rosidl_typesupport_introspection_c.cpython-310-x86_64-linux-gnu.so
[2.601s] -- Set runtime path of "/home/kousei/2DRoboPrac_ws/uros_ws/install/micro_ros_msgs/local/lib/python3.10/dist-packages/micro_ros_msgs/micro_ros_msgs_s__rosidl_typesupport_introspection_c.cpython-310-x86_64-linux-gnu.so" to ""
[2.601s] -- Installing: /home/kousei/2DRoboPrac_ws/uros_ws/install/micro_ros_msgs/local/lib/python3.10/dist-packages/micro_ros_msgs/micro_ros_msgs_s__rosidl_typesupport_c.cpython-310-x86_64-linux-gnu.so
[2.601s] -- Set runtime path of "/home/kousei/2DRoboPrac_ws/uros_ws/install/micro_ros_msgs/local/lib/python3.10/dist-packages/micro_ros_msgs/micro_ros_msgs_s__rosidl_typesupport_c.cpython-310-x86_64-linux-gnu.so" to ""
[2.601s] -- Installing: /home/kousei/2DRoboPrac_ws/uros_ws/install/micro_ros_msgs/lib/libmicro_ros_msgs__rosidl_generator_py.so
[2.601s] -- Set runtime path of "/home/kousei/2DRoboPrac_ws/uros_ws/install/micro_ros_msgs/lib/libmicro_ros_msgs__rosidl_generator_py.so" to ""
[2.601s] -- Installing: /home/kousei/2DRoboPrac_ws/uros_ws/install/micro_ros_msgs/share/micro_ros_msgs/msg/Graph.idl
[2.601s] -- Installing: /home/kousei/2DRoboPrac_ws/uros_ws/install/micro_ros_msgs/share/micro_ros_msgs/msg/Node.idl
[2.601s] -- Installing: /home/kousei/2DRoboPrac_ws/uros_ws/install/micro_ros_msgs/share/micro_ros_msgs/msg/Entity.idl
[2.601s] -- Installing: /home/kousei/2DRoboPrac_ws/uros_ws/install/micro_ros_msgs/share/micro_ros_msgs/msg/Graph.msg
[2.601s] -- Installing: /home/kousei/2DRoboPrac_ws/uros_ws/install/micro_ros_msgs/share/micro_ros_msgs/msg/Node.msg
[2.601s] -- Installing: /home/kousei/2DRoboPrac_ws/uros_ws/install/micro_ros_msgs/share/micro_ros_msgs/msg/Entity.msg
[2.601s] -- Installing: /home/kousei/2DRoboPrac_ws/uros_ws/install/micro_ros_msgs/share/ament_index/resource_index/package_run_dependencies/micro_ros_msgs
[2.601s] -- Installing: /home/kousei/2DRoboPrac_ws/uros_ws/install/micro_ros_msgs/share/ament_index/resource_index/parent_prefix_path/micro_ros_msgs
[2.602s] -- Installing: /home/kousei/2DRoboPrac_ws/uros_ws/install/micro_ros_msgs/share/micro_ros_msgs/environment/ament_prefix_path.sh
[2.602s] -- Installing: /home/kousei/2DRoboPrac_ws/uros_ws/install/micro_ros_msgs/share/micro_ros_msgs/environment/ament_prefix_path.dsv
[2.602s] -- Installing: /home/kousei/2DRoboPrac_ws/uros_ws/install/micro_ros_msgs/share/micro_ros_msgs/environment/path.sh
[2.602s] -- Installing: /home/kousei/2DRoboPrac_ws/uros_ws/install/micro_ros_msgs/share/micro_ros_msgs/environment/path.dsv
[2.602s] -- Installing: /home/kousei/2DRoboPrac_ws/uros_ws/install/micro_ros_msgs/share/micro_ros_msgs/local_setup.bash
[2.602s] -- Installing: /home/kousei/2DRoboPrac_ws/uros_ws/install/micro_ros_msgs/share/micro_ros_msgs/local_setup.sh
[2.602s] -- Installing: /home/kousei/2DRoboPrac_ws/uros_ws/install/micro_ros_msgs/share/micro_ros_msgs/local_setup.zsh
[2.602s] -- Installing: /home/kousei/2DRoboPrac_ws/uros_ws/install/micro_ros_msgs/share/micro_ros_msgs/local_setup.dsv
[2.602s] -- Installing: /home/kousei/2DRoboPrac_ws/uros_ws/install/micro_ros_msgs/share/micro_ros_msgs/package.dsv
[2.602s] -- Installing: /home/kousei/2DRoboPrac_ws/uros_ws/install/micro_ros_msgs/share/ament_index/resource_index/packages/micro_ros_msgs
[2.602s] -- Installing: /home/kousei/2DRoboPrac_ws/uros_ws/install/micro_ros_msgs/share/micro_ros_msgs/cmake/export_micro_ros_msgs__rosidl_generator_cExport.cmake
[2.602s] -- Installing: /home/kousei/2DRoboPrac_ws/uros_ws/install/micro_ros_msgs/share/micro_ros_msgs/cmake/export_micro_ros_msgs__rosidl_generator_cExport-noconfig.cmake
[2.602s] -- Installing: /home/kousei/2DRoboPrac_ws/uros_ws/install/micro_ros_msgs/share/micro_ros_msgs/cmake/export_micro_ros_msgs__rosidl_typesupport_fastrtps_cExport.cmake
[2.602s] -- Installing: /home/kousei/2DRoboPrac_ws/uros_ws/install/micro_ros_msgs/share/micro_ros_msgs/cmake/export_micro_ros_msgs__rosidl_typesupport_fastrtps_cExport-noconfig.cmake
[2.602s] -- Installing: /home/kousei/2DRoboPrac_ws/uros_ws/install/micro_ros_msgs/share/micro_ros_msgs/cmake/micro_ros_msgs__rosidl_typesupport_introspection_cExport.cmake
[2.602s] -- Installing: /home/kousei/2DRoboPrac_ws/uros_ws/install/micro_ros_msgs/share/micro_ros_msgs/cmake/micro_ros_msgs__rosidl_typesupport_introspection_cExport-noconfig.cmake
[2.602s] -- Installing: /home/kousei/2DRoboPrac_ws/uros_ws/install/micro_ros_msgs/share/micro_ros_msgs/cmake/micro_ros_msgs__rosidl_typesupport_cExport.cmake
[2.602s] -- Installing: /home/kousei/2DRoboPrac_ws/uros_ws/install/micro_ros_msgs/share/micro_ros_msgs/cmake/micro_ros_msgs__rosidl_typesupport_cExport-noconfig.cmake
[2.603s] -- Installing: /home/kousei/2DRoboPrac_ws/uros_ws/install/micro_ros_msgs/share/micro_ros_msgs/cmake/export_micro_ros_msgs__rosidl_generator_cppExport.cmake
[2.603s] -- Installing: /home/kousei/2DRoboPrac_ws/uros_ws/install/micro_ros_msgs/share/micro_ros_msgs/cmake/export_micro_ros_msgs__rosidl_typesupport_fastrtps_cppExport.cmake
[2.603s] -- Installing: /home/kousei/2DRoboPrac_ws/uros_ws/install/micro_ros_msgs/share/micro_ros_msgs/cmake/export_micro_ros_msgs__rosidl_typesupport_fastrtps_cppExport-noconfig.cmake
[2.603s] -- Installing: /home/kousei/2DRoboPrac_ws/uros_ws/install/micro_ros_msgs/share/micro_ros_msgs/cmake/micro_ros_msgs__rosidl_typesupport_introspection_cppExport.cmake
[2.603s] -- Installing: /home/kousei/2DRoboPrac_ws/uros_ws/install/micro_ros_msgs/share/micro_ros_msgs/cmake/micro_ros_msgs__rosidl_typesupport_introspection_cppExport-noconfig.cmake
[2.603s] -- Installing: /home/kousei/2DRoboPrac_ws/uros_ws/install/micro_ros_msgs/share/micro_ros_msgs/cmake/micro_ros_msgs__rosidl_typesupport_cppExport.cmake
[2.603s] -- Installing: /home/kousei/2DRoboPrac_ws/uros_ws/install/micro_ros_msgs/share/micro_ros_msgs/cmake/micro_ros_msgs__rosidl_typesupport_cppExport-noconfig.cmake
[2.603s] -- Installing: /home/kousei/2DRoboPrac_ws/uros_ws/install/micro_ros_msgs/share/micro_ros_msgs/cmake/export_micro_ros_msgs__rosidl_generator_pyExport.cmake
[2.603s] -- Installing: /home/kousei/2DRoboPrac_ws/uros_ws/install/micro_ros_msgs/share/micro_ros_msgs/cmake/export_micro_ros_msgs__rosidl_generator_pyExport-noconfig.cmake
[2.603s] -- Installing: /home/kousei/2DRoboPrac_ws/uros_ws/install/micro_ros_msgs/share/micro_ros_msgs/cmake/rosidl_cmake-extras.cmake
[2.603s] -- Installing: /home/kousei/2DRoboPrac_ws/uros_ws/install/micro_ros_msgs/share/micro_ros_msgs/cmake/ament_cmake_export_include_directories-extras.cmake
[2.603s] -- Installing: /home/kousei/2DRoboPrac_ws/uros_ws/install/micro_ros_msgs/share/micro_ros_msgs/cmake/ament_cmake_export_libraries-extras.cmake
[2.603s] -- Installing: /home/kousei/2DRoboPrac_ws/uros_ws/install/micro_ros_msgs/share/micro_ros_msgs/cmake/ament_cmake_export_targets-extras.cmake
[2.603s] -- Installing: /home/kousei/2DRoboPrac_ws/uros_ws/install/micro_ros_msgs/share/micro_ros_msgs/cmake/rosidl_cmake_export_typesupport_targets-extras.cmake
[2.603s] -- Installing: /home/kousei/2DRoboPrac_ws/uros_ws/install/micro_ros_msgs/share/micro_ros_msgs/cmake/ament_cmake_export_dependencies-extras.cmake
[2.603s] -- Installing: /home/kousei/2DRoboPrac_ws/uros_ws/install/micro_ros_msgs/share/micro_ros_msgs/cmake/rosidl_cmake_export_typesupport_libraries-extras.cmake
[2.604s] -- Installing: /home/kousei/2DRoboPrac_ws/uros_ws/install/micro_ros_msgs/share/micro_ros_msgs/cmake/micro_ros_msgsConfig.cmake
[2.604s] -- Installing: /home/kousei/2DRoboPrac_ws/uros_ws/install/micro_ros_msgs/share/micro_ros_msgs/cmake/micro_ros_msgsConfig-version.cmake
[2.604s] -- Installing: /home/kousei/2DRoboPrac_ws/uros_ws/install/micro_ros_msgs/share/micro_ros_msgs/package.xml
[2.605s] Invoked command in '/home/kousei/2DRoboPrac_ws/uros_ws/build/micro_ros_msgs' returned '0': CMAKE_PREFIX_PATH=${CMAKE_PREFIX_PATH}:/opt/ros/humble /usr/bin/cmake --install /home/kousei/2DRoboPrac_ws/uros_ws/build/micro_ros_msgs
