[0.042s] Invoking command in '/home/kousei/2DRoboPrac_ws/ros2_ws/build/nav_real': CMAKE_PREFIX_PATH=/home/kousei/2DRoboPrac_ws/ros2_ws/install/key_event_nodes:/home/kousei/2DRoboPrac_ws/ros2_ws/install/key_event_msgs:/home/kousei/2DRoboPrac_ws/ros2_ws/install/drive_msgs:/home/kousei/2DRoboPrac_ws/ros2_ws/install/urg_node2:/home/kousei/2DRoboPrac_ws/ros2_ws/install/nav_real:/home/kousei/2DRoboPrac_ws/ros2_ws/install/nav_dev:/opt/ros/humble LD_LIBRARY_PATH=/home/kousei/2DRoboPrac_ws/ros2_ws/install/key_event_nodes/lib:/home/kousei/2DRoboPrac_ws/ros2_ws/install/key_event_msgs/lib:/home/kousei/2DRoboPrac_ws/ros2_ws/install/drive_msgs/lib:/home/kousei/2DRoboPrac_ws/ros2_ws/install/urg_node2/lib:/usr/lib/x86_64-linux-gnu/gazebo-11/plugins:/opt/ros/humble/opt/rviz_ogre_vendor/lib:/opt/ros/humble/lib/x86_64-linux-gnu:/opt/ros/humble/lib /usr/bin/cmake --build /home/kousei/2DRoboPrac_ws/ros2_ws/build/nav_real -- -j16 -l16
[0.070s] [35m[1mConsolidate compiler generated dependencies of target diff_drive_node[0m
[0.079s] [ 16%] Built target counter_node
[0.081s] [ 33%] Built target joy_transrate_node
[0.082s] [ 50%] Built target test_pub_node
[0.082s] [ 58%] [32mBuilding CXX object CMakeFiles/diff_drive_node.dir/src/diff_drive_node.cpp.o[0m
[0.084s] [ 75%] Built target raspi_node
[0.085s] [ 91%] Built target simple_dd_node
[1.580s] In file included from [01m[K/opt/ros/humble/include/rclcpp/rclcpp/logging.hpp:24[m[K,
[1.580s]                  from [01m[K/opt/ros/humble/include/rclcpp/rclcpp/client.hpp:40[m[K,
[1.580s]                  from [01m[K/opt/ros/humble/include/rclcpp/rclcpp/callback_group.hpp:24[m[K,
[1.580s]                  from [01m[K/opt/ros/humble/include/rclcpp/rclcpp/any_executable.hpp:20[m[K,
[1.580s]                  from [01m[K/opt/ros/humble/include/rclcpp/rclcpp/memory_strategy.hpp:25[m[K,
[1.580s]                  from [01m[K/opt/ros/humble/include/rclcpp/rclcpp/memory_strategies.hpp:18[m[K,
[1.580s]                  from [01m[K/opt/ros/humble/include/rclcpp/rclcpp/executor_options.hpp:20[m[K,
[1.580s]                  from [01m[K/opt/ros/humble/include/rclcpp/rclcpp/executor.hpp:37[m[K,
[1.580s]                  from [01m[K/opt/ros/humble/include/rclcpp/rclcpp/executors/multi_threaded_executor.hpp:25[m[K,
[1.580s]                  from [01m[K/opt/ros/humble/include/rclcpp/rclcpp/executors.hpp:21[m[K,
[1.580s]                  from [01m[K/opt/ros/humble/include/rclcpp/rclcpp/rclcpp.hpp:155[m[K,
[1.580s]                  from [01m[K/home/kousei/2DRoboPrac_ws/ros2_ws/src/nav_real/src/diff_drive_node.cpp:3[m[K:
[1.580s] [01m[K/home/kousei/2DRoboPrac_ws/ros2_ws/src/nav_real/src/diff_drive_node.cpp:[m[K In member function ‘[01m[Kvoid DiffDriveNode::diffDrive(float*, float, float)[m[K’:
[1.580s] [01m[K/home/kousei/2DRoboPrac_ws/ros2_ws/src/nav_real/src/diff_drive_node.cpp:29:41:[m[K [01;35m[Kwarning: [m[Kformat ‘[01m[K%f[m[K’ expects argument of type ‘[01m[Kdouble[m[K’, but argument 5 has type ‘[01m[Kint[m[K’ [[01;35m[K]8;;https://gcc.gnu.org/onlinedocs/gcc/Warning-Options.html#index-Wformat=-Wformat=]8;;[m[K]
[1.580s]    29 |         RCLCPP_INFO(this->get_logger(), [01;35m[K"az:%f\r\n"[m[K,[32m[K(1/2)[m[K);
[1.580s]       |                                         [01;35m[K^~~~~~~~~~~[m[K [32m[K~~~~~[m[K
[1.580s]       |                                                       [32m[K|[m[K
[1.580s]       |                                                       [32m[Kint[m[K
[1.580s] [01m[K/home/kousei/2DRoboPrac_ws/ros2_ws/src/nav_real/src/diff_drive_node.cpp:29:46:[m[K [01;36m[Knote: [m[Kformat string is defined here
[1.581s]    29 |         RCLCPP_INFO(this->get_logger(), "az:[01;36m[K%f[m[K\r\n",(1/2));
[1.581s]       |                                             [01;36m[K~^[m[K
[1.581s]       |                                              [01;36m[K|[m[K
[1.581s]       |                                              [01;36m[Kdouble[m[K
[1.581s]       |                                             [32m[K%d[m[K
[5.164s] [100%] [32m[1mLinking CXX executable diff_drive_node[0m
[5.419s] [100%] Built target diff_drive_node
[5.427s] Invoked command in '/home/kousei/2DRoboPrac_ws/ros2_ws/build/nav_real' returned '0': CMAKE_PREFIX_PATH=/home/kousei/2DRoboPrac_ws/ros2_ws/install/key_event_nodes:/home/kousei/2DRoboPrac_ws/ros2_ws/install/key_event_msgs:/home/kousei/2DRoboPrac_ws/ros2_ws/install/drive_msgs:/home/kousei/2DRoboPrac_ws/ros2_ws/install/urg_node2:/home/kousei/2DRoboPrac_ws/ros2_ws/install/nav_real:/home/kousei/2DRoboPrac_ws/ros2_ws/install/nav_dev:/opt/ros/humble LD_LIBRARY_PATH=/home/kousei/2DRoboPrac_ws/ros2_ws/install/key_event_nodes/lib:/home/kousei/2DRoboPrac_ws/ros2_ws/install/key_event_msgs/lib:/home/kousei/2DRoboPrac_ws/ros2_ws/install/drive_msgs/lib:/home/kousei/2DRoboPrac_ws/ros2_ws/install/urg_node2/lib:/usr/lib/x86_64-linux-gnu/gazebo-11/plugins:/opt/ros/humble/opt/rviz_ogre_vendor/lib:/opt/ros/humble/lib/x86_64-linux-gnu:/opt/ros/humble/lib /usr/bin/cmake --build /home/kousei/2DRoboPrac_ws/ros2_ws/build/nav_real -- -j16 -l16
[5.453s] Invoking command in '/home/kousei/2DRoboPrac_ws/ros2_ws/build/nav_real': CMAKE_PREFIX_PATH=/home/kousei/2DRoboPrac_ws/ros2_ws/install/key_event_nodes:/home/kousei/2DRoboPrac_ws/ros2_ws/install/key_event_msgs:/home/kousei/2DRoboPrac_ws/ros2_ws/install/drive_msgs:/home/kousei/2DRoboPrac_ws/ros2_ws/install/urg_node2:/home/kousei/2DRoboPrac_ws/ros2_ws/install/nav_real:/home/kousei/2DRoboPrac_ws/ros2_ws/install/nav_dev:/opt/ros/humble LD_LIBRARY_PATH=/home/kousei/2DRoboPrac_ws/ros2_ws/install/key_event_nodes/lib:/home/kousei/2DRoboPrac_ws/ros2_ws/install/key_event_msgs/lib:/home/kousei/2DRoboPrac_ws/ros2_ws/install/drive_msgs/lib:/home/kousei/2DRoboPrac_ws/ros2_ws/install/urg_node2/lib:/usr/lib/x86_64-linux-gnu/gazebo-11/plugins:/opt/ros/humble/opt/rviz_ogre_vendor/lib:/opt/ros/humble/lib/x86_64-linux-gnu:/opt/ros/humble/lib /usr/bin/cmake --install /home/kousei/2DRoboPrac_ws/ros2_ws/build/nav_real
[5.458s] -- Install configuration: ""
[5.458s] -- Up-to-date: /home/kousei/2DRoboPrac_ws/ros2_ws/install/nav_real/include
[5.458s] -- Up-to-date: /home/kousei/2DRoboPrac_ws/ros2_ws/install/nav_real/include/nav_real
[5.458s] -- Up-to-date: /home/kousei/2DRoboPrac_ws/ros2_ws/install/nav_real/lib/nav_real/counter_node
[5.458s] -- Up-to-date: /home/kousei/2DRoboPrac_ws/ros2_ws/install/nav_real/lib/nav_real/test_pub_node
[5.458s] -- Up-to-date: /home/kousei/2DRoboPrac_ws/ros2_ws/install/nav_real/lib/nav_real/raspi_node
[5.458s] -- Up-to-date: /home/kousei/2DRoboPrac_ws/ros2_ws/install/nav_real/lib/nav_real/joy_transrate_node
[5.458s] -- Installing: /home/kousei/2DRoboPrac_ws/ros2_ws/install/nav_real/lib/nav_real/diff_drive_node
[5.461s] -- Set runtime path of "/home/kousei/2DRoboPrac_ws/ros2_ws/install/nav_real/lib/nav_real/diff_drive_node" to ""
[5.461s] -- Up-to-date: /home/kousei/2DRoboPrac_ws/ros2_ws/install/nav_real/lib/nav_real/simple_dd_node
[5.461s] -- Up-to-date: /home/kousei/2DRoboPrac_ws/ros2_ws/install/nav_real/share/nav_real/config
[5.461s] -- Up-to-date: /home/kousei/2DRoboPrac_ws/ros2_ws/install/nav_real/share/nav_real/config/params.yaml
[5.461s] -- Up-to-date: /home/kousei/2DRoboPrac_ws/ros2_ws/install/nav_real/share/nav_real/launch
[5.461s] -- Up-to-date: /home/kousei/2DRoboPrac_ws/ros2_ws/install/nav_real/share/nav_real/launch/diff_drive.launch.py
[5.461s] -- Up-to-date: /home/kousei/2DRoboPrac_ws/ros2_ws/install/nav_real/share/ament_index/resource_index/package_run_dependencies/nav_real
[5.461s] -- Up-to-date: /home/kousei/2DRoboPrac_ws/ros2_ws/install/nav_real/share/ament_index/resource_index/parent_prefix_path/nav_real
[5.461s] -- Up-to-date: /home/kousei/2DRoboPrac_ws/ros2_ws/install/nav_real/share/nav_real/environment/ament_prefix_path.sh
[5.461s] -- Up-to-date: /home/kousei/2DRoboPrac_ws/ros2_ws/install/nav_real/share/nav_real/environment/ament_prefix_path.dsv
[5.461s] -- Up-to-date: /home/kousei/2DRoboPrac_ws/ros2_ws/install/nav_real/share/nav_real/environment/path.sh
[5.461s] -- Up-to-date: /home/kousei/2DRoboPrac_ws/ros2_ws/install/nav_real/share/nav_real/environment/path.dsv
[5.461s] -- Up-to-date: /home/kousei/2DRoboPrac_ws/ros2_ws/install/nav_real/share/nav_real/local_setup.bash
[5.462s] -- Up-to-date: /home/kousei/2DRoboPrac_ws/ros2_ws/install/nav_real/share/nav_real/local_setup.sh
[5.462s] -- Up-to-date: /home/kousei/2DRoboPrac_ws/ros2_ws/install/nav_real/share/nav_real/local_setup.zsh
[5.462s] -- Up-to-date: /home/kousei/2DRoboPrac_ws/ros2_ws/install/nav_real/share/nav_real/local_setup.dsv
[5.462s] -- Installing: /home/kousei/2DRoboPrac_ws/ros2_ws/install/nav_real/share/nav_real/package.dsv
[5.462s] -- Up-to-date: /home/kousei/2DRoboPrac_ws/ros2_ws/install/nav_real/share/ament_index/resource_index/packages/nav_real
[5.462s] -- Up-to-date: /home/kousei/2DRoboPrac_ws/ros2_ws/install/nav_real/share/nav_real/cmake/ament_cmake_export_dependencies-extras.cmake
[5.462s] -- Up-to-date: /home/kousei/2DRoboPrac_ws/ros2_ws/install/nav_real/share/nav_real/cmake/ament_cmake_export_include_directories-extras.cmake
[5.462s] -- Up-to-date: /home/kousei/2DRoboPrac_ws/ros2_ws/install/nav_real/share/nav_real/cmake/nav_realConfig.cmake
[5.462s] -- Up-to-date: /home/kousei/2DRoboPrac_ws/ros2_ws/install/nav_real/share/nav_real/cmake/nav_realConfig-version.cmake
[5.463s] -- Up-to-date: /home/kousei/2DRoboPrac_ws/ros2_ws/install/nav_real/share/nav_real/package.xml
[5.463s] Invoked command in '/home/kousei/2DRoboPrac_ws/ros2_ws/build/nav_real' returned '0': CMAKE_PREFIX_PATH=/home/kousei/2DRoboPrac_ws/ros2_ws/install/key_event_nodes:/home/kousei/2DRoboPrac_ws/ros2_ws/install/key_event_msgs:/home/kousei/2DRoboPrac_ws/ros2_ws/install/drive_msgs:/home/kousei/2DRoboPrac_ws/ros2_ws/install/urg_node2:/home/kousei/2DRoboPrac_ws/ros2_ws/install/nav_real:/home/kousei/2DRoboPrac_ws/ros2_ws/install/nav_dev:/opt/ros/humble LD_LIBRARY_PATH=/home/kousei/2DRoboPrac_ws/ros2_ws/install/key_event_nodes/lib:/home/kousei/2DRoboPrac_ws/ros2_ws/install/key_event_msgs/lib:/home/kousei/2DRoboPrac_ws/ros2_ws/install/drive_msgs/lib:/home/kousei/2DRoboPrac_ws/ros2_ws/install/urg_node2/lib:/usr/lib/x86_64-linux-gnu/gazebo-11/plugins:/opt/ros/humble/opt/rviz_ogre_vendor/lib:/opt/ros/humble/lib/x86_64-linux-gnu:/opt/ros/humble/lib /usr/bin/cmake --install /home/kousei/2DRoboPrac_ws/ros2_ws/build/nav_real
